"../../../../../../Users/brixo/OneDrive/Documents/GitHub/Heart-Felt/OurProject/Content/Actors/Textures/2DCharacter_IdleAnimAtlas.uasset" 0
"../../../../../../Users/brixo/OneDrive/Documents/GitHub/Heart-Felt/OurProject/Content/Actors/SuperClass/Animations/IdleFrames/IdleCycle1.uasset" 1
"../../../../../../Users/brixo/OneDrive/Documents/GitHub/Heart-Felt/OurProject/Content/Actors/SuperClass/Animations/IdleFrames/IdleCycle2.uasset" 2
"../../../../../../Users/brixo/OneDrive/Documents/GitHub/Heart-Felt/OurProject/Content/Actors/SuperClass/Animations/IdleFrames/IdleCycle3.uasset" 3
"../../../../../../Users/brixo/OneDrive/Documents/GitHub/Heart-Felt/OurProject/Content/Actors/SuperClass/Animations/IdleFrames/IdleCycle4.uasset" 4
"../../../../../../Users/brixo/OneDrive/Documents/GitHub/Heart-Felt/OurProject/Content/Actors/SuperClass/Animations/IdleFrames/IdleCycle5.uasset" 5
"../../../../../../Users/brixo/OneDrive/Documents/GitHub/Heart-Felt/OurProject/Content/Actors/SuperClass/Animations/IdleFrames/IdleCycle6.uasset" 6
"../../../../../../Users/brixo/OneDrive/Documents/GitHub/Heart-Felt/OurProject/Content/Actors/SuperClass/Animations/IdleFrames/IdleCycle7.uasset" 7
"../../../../../../Users/brixo/OneDrive/Documents/GitHub/Heart-Felt/OurProject/Content/Actors/SuperClass/Animations/IdleFrames/IdleCycle8.uasset" 8
"../../../../../../Users/brixo/OneDrive/Documents/GitHub/Heart-Felt/OurProject/Content/Actors/SuperClass/Animations/IdleAnimation.uasset" 9
"../../../../../../Users/brixo/OneDrive/Documents/GitHub/Heart-Felt/OurProject/Content/Actors/Textures/2DCharacter_RunAnimAtlas.uasset" 10
"../../../../../../Users/brixo/OneDrive/Documents/GitHub/Heart-Felt/OurProject/Content/Actors/SuperClass/Animations/RunFrames/RunCycle_1.uasset" 11
"../../../../../../Users/brixo/OneDrive/Documents/GitHub/Heart-Felt/OurProject/Content/Actors/SuperClass/Animations/RunFrames/RunCycle_10.uasset" 12
"../../../../../../Users/brixo/OneDrive/Documents/GitHub/Heart-Felt/OurProject/Content/Actors/SuperClass/Animations/RunFrames/RunCycle_11.uasset" 13
"../../../../../../Users/brixo/OneDrive/Documents/GitHub/Heart-Felt/OurProject/Content/Actors/SuperClass/Animations/RunFrames/RunCycle_12.uasset" 14
"../../../../../../Users/brixo/OneDrive/Documents/GitHub/Heart-Felt/OurProject/Content/Actors/SuperClass/Animations/RunFrames/RunCycle_13.uasset" 15
"../../../../../../Users/brixo/OneDrive/Documents/GitHub/Heart-Felt/OurProject/Content/Actors/SuperClass/Animations/RunFrames/RunCycle_14.uasset" 16
"../../../../../../Users/brixo/OneDrive/Documents/GitHub/Heart-Felt/OurProject/Content/Actors/SuperClass/Animations/RunFrames/RunCycle_15.uasset" 17
"../../../../../../Users/brixo/OneDrive/Documents/GitHub/Heart-Felt/OurProject/Content/Actors/SuperClass/Animations/RunFrames/RunCycle_16.uasset" 18
"../../../../../../Users/brixo/OneDrive/Documents/GitHub/Heart-Felt/OurProject/Content/Actors/SuperClass/Animations/RunFrames/RunCycle_2.uasset" 19
"../../../../../../Users/brixo/OneDrive/Documents/GitHub/Heart-Felt/OurProject/Content/Actors/SuperClass/Animations/RunFrames/RunCycle_3.uasset" 20
"../../../../../../Users/brixo/OneDrive/Documents/GitHub/Heart-Felt/OurProject/Content/Actors/SuperClass/Animations/RunFrames/RunCycle_4.uasset" 21
"../../../../../../Users/brixo/OneDrive/Documents/GitHub/Heart-Felt/OurProject/Content/Actors/SuperClass/Animations/RunFrames/RunCycle_5.uasset" 22
"../../../../../../Users/brixo/OneDrive/Documents/GitHub/Heart-Felt/OurProject/Content/Actors/SuperClass/Animations/RunFrames/RunCycle_6.uasset" 23
"../../../../../../Users/brixo/OneDrive/Documents/GitHub/Heart-Felt/OurProject/Content/Actors/SuperClass/Animations/RunFrames/RunCycle_7.uasset" 24
"../../../../../../Users/brixo/OneDrive/Documents/GitHub/Heart-Felt/OurProject/Content/Actors/SuperClass/Animations/RunFrames/RunCycle_8.uasset" 25
"../../../../../../Users/brixo/OneDrive/Documents/GitHub/Heart-Felt/OurProject/Content/Actors/SuperClass/Animations/RunFrames/RunCycle_9.uasset" 26
"../../../../../../Users/brixo/OneDrive/Documents/GitHub/Heart-Felt/OurProject/Content/Actors/SuperClass/Animations/RunningAnimation.uasset" 27
"../../../../../../Users/brixo/OneDrive/Documents/GitHub/Heart-Felt/OurProject/Content/Actors/SuperClass/CharacterSuperClass.uasset" 28
"../../../../../../Users/brixo/OneDrive/Documents/GitHub/Heart-Felt/OurProject/Content/GameStates/MultiplayerMatch/GameplayGM.uasset" 29
"../../../../../../Users/brixo/OneDrive/Documents/GitHub/Heart-Felt/OurProject/Content/Actors/Textures/2DBackgroundTile.uasset" 30
"../../../../../../Users/brixo/OneDrive/Documents/GitHub/Heart-Felt/OurProject/Content/Materials/PrototypingSpriteMaterial.uasset" 31
"../../../../../../Users/brixo/OneDrive/Documents/GitHub/Heart-Felt/OurProject/Content/UI/AllLevels/ChatText.uasset" 32
"../../../../../../Users/brixo/OneDrive/Documents/GitHub/Heart-Felt/OurProject/Content/UI/AllLevels/ChatWindow.uasset" 33
"../../../../../../Users/brixo/OneDrive/Documents/GitHub/Heart-Felt/OurProject/Content/UI/AllLevels/GameplayChat.uasset" 34
"../../../../../../Users/brixo/OneDrive/Documents/GitHub/Heart-Felt/OurProject/Content/UI/Lobby/ConnectedPlayer.uasset" 35
"../../../../../../Users/brixo/OneDrive/Documents/GitHub/Heart-Felt/OurProject/Content/UI/Lobby/GameSettings.uasset" 36
"../../../../../../Users/brixo/OneDrive/Documents/GitHub/Heart-Felt/OurProject/Content/InformationStructures/AllLevels/PlayerInfo.uasset" 37
"../../../../../../Users/brixo/OneDrive/Documents/GitHub/Heart-Felt/OurProject/Content/UI/Lobby/LobbyMenu.uasset" 38
"../../../../../../Users/brixo/OneDrive/Documents/GitHub/Heart-Felt/OurProject/Content/UI/Lobby/PlayerButton.uasset" 39
"../../../../../../Users/brixo/OneDrive/Documents/GitHub/Heart-Felt/OurProject/Content/UI/MainMenu/ErrorDialog.uasset" 40
"../../../Engine/Content/Functions/Engine_MaterialFunctions01/Opacity/CameraDepthFade.uasset" 41
"../../../Engine/Content/EngineMaterials/T_Default_Material_Grid_M.uasset" 42
"../../../Engine/Content/EngineMaterials/T_Default_Material_Grid_N.uasset" 43
"../../../Engine/Content/EngineMaterials/WorldGridMaterial.uasset" 44
"../../../Engine/Content/ArtTools/RenderToTexture/Meshes/S_1_Unit_Plane.uasset" 45
"../../../Engine/Content/EngineMaterials/DefaultMaterial.uasset" 46
"../../../Engine/Content/BasicShapes/Cylinder.uasset" 47
"../../../Engine/Content/BasicShapes/Plane.uasset" 48
"../../../Engine/Content/BasicShapes/Sphere.uasset" 49
"../../../Engine/Content/EditorLandscapeResources/DataLayer.uasset" 50
"../../../Engine/Content/EditorMaterials/GizmoMaterial.uasset" 51
"../../../Engine/Content/EditorMaterials/MAT_Groups_Toggle.uasset" 52
"../../../Engine/Content/EditorMaterials/MAT_Groups_Visibility.uasset" 53
"../../../Engine/Content/EditorMaterials/PreviewShadowIndicator.uasset" 54
"../../../Engine/Content/EditorMaterials/PreviewShadowIndicatorMaterial.uasset" 55
"../../../Engine/Content/EditorMaterials/MatineeGroups/MAT_ColorTrack.uasset" 56
"../../../Engine/Content/EditorMaterials/MatineeGroups/MAT_Groups_Anim.uasset" 57
"../../../Engine/Content/EditorMaterials/MatineeGroups/MAT_Groups_AudioMaster.uasset" 58
"../../../Engine/Content/EditorMaterials/MatineeGroups/MAT_Groups_Director.uasset" 59
"../../../Engine/Content/EditorMaterials/MatineeGroups/MAT_Groups_Event.uasset" 60
"../../../Engine/Content/EditorMaterials/MatineeGroups/MAT_Groups_Fade.uasset" 61
"../../../Engine/Content/EditorMaterials/MatineeGroups/MAT_Groups_Float.uasset" 62
"../../../Engine/Content/EditorMaterials/MatineeGroups/MAT_Groups_Move.uasset" 63
"../../../Engine/Content/EditorMaterials/MatineeGroups/MAT_Groups_Slomo.uasset" 64
"../../../Engine/Content/EditorMaterials/MatineeGroups/MAT_Groups_Sound.uasset" 65
"../../../Engine/Content/EditorMaterials/MatineeGroups/MAT_Groups_Vector.uasset" 66
"../../../Engine/Content/EditorMaterials/ParticleSystems/PSysThumbnail_NoImage.uasset" 67
"../../../Engine/Content/EditorMaterials/ParticleSystems/PSysThumbnail_OOD.uasset" 68
"../../../Engine/Content/EditorMaterials/Camera/CineMat.uasset" 69
"../../../Engine/Content/EditorMaterials/Camera/MI_CineMat_Rig.uasset" 70
"../../../Engine/Content/EditorMeshes/Camera/SM_CraneRig_Arm.uasset" 71
"../../../Engine/Content/EditorMeshes/Camera/SM_CraneRig_Base.uasset" 72
"../../../Engine/Content/EditorMeshes/Camera/SM_CraneRig_Body.uasset" 73
"../../../Engine/Content/EditorMeshes/Camera/SM_CraneRig_Mount.uasset" 74
"../../../Engine/Content/EditorMeshes/Camera/SM_RailRig_Mount.uasset" 75
"../../../Engine/Content/EditorMeshes/Camera/SM_RailRig_Track.uasset" 76
"../../../Engine/Content/EditorResources/BSPVertex.uasset" 77
"../../../Engine/Content/EditorResources/EmptyActor.uasset" 78
"../../../Engine/Content/EditorResources/S_Actor.uasset" 79
"../../../Engine/Content/EditorResources/S_Trigger.uasset" 80
"../../../Engine/Content/EditorResources/SequenceRecorder/Countdown.uasset" 81
"../../../Engine/Content/EditorResources/SequenceRecorder/RecordingIndicator.uasset" 82
"../../../Engine/Content/EditorSounds/Notifications/CompileFailed.uasset" 83
"../../../Engine/Content/EditorSounds/Notifications/CompileFailed_Cue.uasset" 84
"../../../Engine/Content/EditorSounds/Notifications/CompileSuccess.uasset" 85
"../../../Engine/Content/EditorSounds/Notifications/CompileStart_Cue.uasset" 86
"../../../Engine/Content/EditorSounds/Notifications/CompileSuccess_Cue.uasset" 87
"../../../Engine/Content/EngineDamageTypes/DmgTypeBP_Environmental.uasset" 88
"../../../Engine/Content/EngineDebugMaterials/HeatmapGradient.uasset" 89
"../../../Engine/Content/EngineDebugMaterials/BoneWeightMaterial.uasset" 90
"../../../Engine/Content/EngineDebugMaterials/ClothMaterial.uasset" 91
"../../../Engine/Content/EngineDebugMaterials/ClothMaterial_WF.uasset" 92
"../../../Engine/Content/EngineDebugMaterials/DebugEditorMaterial.uasset" 93
"../../../Engine/Content/EngineDebugMaterials/DebugMeshMaterial.uasset" 94
"../../../Engine/Content/EngineDebugMaterials/GeomMaterial.uasset" 95
"../../../Engine/Content/EngineDebugMaterials/M_SimpleTranslucent.uasset" 96
"../../../Engine/Content/EngineFonts/Faces/RobotoBold.uasset" 97
"../../../Engine/Content/EngineFonts/Faces/RobotoBoldItalic.uasset" 98
"../../../Engine/Content/EngineFonts/Faces/RobotoItalic.uasset" 99
"../../../Engine/Content/EngineFonts/Faces/RobotoLight.uasset" 100
"../../../Engine/Content/EngineFonts/Faces/RobotoRegular.uasset" 101
"../../../Engine/Content/EngineFonts/Roboto.uasset" 102
"../../../Engine/Content/EngineFonts/Faces/RobotoTiny.uasset" 103
"../../../Engine/Content/EngineFonts/RobotoTiny.uasset" 104
"../../../Engine/Content/EngineMaterials/BaseFlattenDiffuseMap.uasset" 105
"../../../Engine/Content/EngineMaterials/BaseFlattenEmissiveMap.uasset" 106
"../../../Engine/Content/EngineMaterials/BaseFlattenGrayscaleMap.uasset" 107
"../../../Engine/Content/EngineMaterials/BaseFlattenNormalMap.uasset" 108
"../../../Engine/Content/EngineMaterials/BaseFlattenMaterial.uasset" 109
"../../../Engine/Content/EngineMaterials/DefaultBloomKernel.uasset" 110
"../../../Engine/Content/EngineMaterials/DefaultBokeh.uasset" 111
"../../../Engine/Content/EngineMaterials/DefaultDiffuse.uasset" 112
"../../../Engine/Content/EngineMaterials/DefaultDeferredDecalMaterial.uasset" 113
"../../../Engine/Content/EngineMaterials/DefaultLightFunctionMaterial.uasset" 114
"../../../Engine/Content/EngineMaterials/DefaultPhysicalMaterial.uasset" 115
"../../../Engine/Content/Functions/Engine_MaterialFunctions02/Utility/BreakOutFloat2Components.uasset" 116
"../../../Engine/Content/EngineMaterials/DefaultPostProcessMaterial.uasset" 117
"../../../Engine/Content/EngineFonts/RobotoDistanceField.uasset" 118
"../../../Engine/Content/EngineMaterials/DefaultTextMaterialOpaque.uasset" 119
"../../../Engine/Content/EngineMaterials/DefaultWhiteGrid.uasset" 120
"../../../Engine/Content/EngineMaterials/EditorBrushMaterial.uasset" 121
"../../../Engine/Content/EngineMaterials/Good64x64TilingNoiseHighFreq.uasset" 122
"../../../Engine/Content/EngineMaterials/MiniFont.uasset" 123
"../../../Engine/Content/EngineMaterials/InvalidLightmapSettings.uasset" 124
"../../../Engine/Content/EngineMaterials/M_InvalidLightmapSettings.uasset" 125
"../../../Engine/Content/Functions/Engine_MaterialFunctions02/WorldPositionOffset/CameraOffset.uasset" 126
"../../../Engine/Content/EngineMaterials/PhAT_JointLimitMaterial.uasset" 127
"../../../Engine/Content/EngineMaterials/PreintegratedSkinBRDF.uasset" 128
"../../../Engine/Content/EngineMaterials/RemoveSurfaceMaterial.uasset" 129
"../../../Engine/Content/EngineMaterials/WeightMapPlaceholderTexture.uasset" 130
"../../../Engine/Content/EngineResources/WhiteSquareTexture.uasset" 131
"../../../Engine/Content/EngineMaterials/Widget3DPassThrough.uasset" 132
"../../../Engine/Content/EngineMaterials/Widget3DPassThrough_Masked.uasset" 133
"../../../Engine/Content/EngineMaterials/Widget3DPassThrough_Opaque.uasset" 134
"../../../Engine/Content/EngineMaterials/Widget3DPassThrough_Masked_OneSided.uasset" 135
"../../../Engine/Content/EngineMaterials/Widget3DPassThrough_Opaque_OneSided.uasset" 136
"../../../Engine/Content/EngineMaterials/Widget3DPassThrough_Translucent.uasset" 137
"../../../Engine/Content/EngineMaterials/Widget3DPassThrough_Translucent_OneSided.uasset" 138
"../../../Engine/Content/EngineMeshes/Cylinder.uasset" 139
"../../../Engine/Content/EngineMeshes/Sphere.uasset" 140
"../../../Engine/Content/EngineResources/Black.uasset" 141
"../../../Engine/Content/EngineResources/DefaultTexture.uasset" 142
"../../../Engine/Content/EngineResources/DefaultTextureCube.uasset" 143
"../../../Engine/Content/EngineResources/DefaultVolumeTexture2D.uasset" 144
"../../../Engine/Content/EngineResources/DefaultVolumeTexture.uasset" 145
"../../../Engine/Content/EngineResources/GradientTexture0.uasset" 146
"../../../Engine/Content/EngineSounds/Master.uasset" 147
"../../../Engine/Content/Functions/Engine_MaterialFunctions01/Shading/ConvertFromDiffSpec.uasset" 148
"../../../Engine/Content/Functions/Engine_MaterialFunctions01/Shading/PowerToRoughness.uasset" 149
"../../../Engine/Content/Maps/Templates/Thumbnails/Default.uasset" 150
"../../../Engine/Content/Maps/Templates/Thumbnails/VR-Basic.uasset" 151
"../../../Engine/Content/MobileResources/T_MobileControls_texture.uasset" 152
"../../../Engine/Content/MobileResources/T_MobileMenu2.uasset" 153
"../../../Engine/Content/MobileResources/HUD/AnalogHat.uasset" 154
"../../../Engine/Content/MobileResources/HUD/VirtualJoystick_Background.uasset" 155
"../../../Engine/Content/MobileResources/HUD/VirtualJoystick_Thumb.uasset" 156
"../../../Engine/Content/MobileResources/HUD/DefaultVirtualJoysticks.uasset" 157
"../../../Engine/Content/MobileResources/HUD/LeftVirtualJoystickOnly.uasset" 158
"../../../Engine/Content/MobileResources/HUD/MobileHUDButton1_off.uasset" 159
"../../../Engine/Content/MobileResources/HUD/MobileHUDButton1_on.uasset" 160
"../../../Engine/Content/MobileResources/HUD/MobileHUDButton2_off.uasset" 161
"../../../Engine/Content/MobileResources/HUD/MobileHUDButton2_on.uasset" 162
"../../../Engine/Content/MobileResources/HUD/MobileHUDButton3.uasset" 163
"../../../Engine/Content/MobileResources/HUD/MobileHUDButtonFire.uasset" 164
"../../../Engine/Content/MobileResources/HUD/MobileHUDDirectionPad.uasset" 165
"../../../Engine/Content/MobileResources/HUD/MobileHUDDirectionPad2.uasset" 166
"../../../Engine/Content/MobileResources/HUD/MobileHUDDirectionPad3.uasset" 167
"../../../Engine/Content/MobileResources/HUD/MobileHUDDirectionStick.uasset" 168
"../../../Engine/Content/MobileResources/HUD/T_Castle_ThumbstickInner.uasset" 169
"../../../Engine/Content/MobileResources/HUD/T_Castle_ThumbstickOutter.uasset" 170
"../../../Engine/Content/Tutorial/ContentIntroCurve.uasset" 171
"../../../Engine/Content/VREditor/LaserPointer/VR_LaserPower_01.uasset" 172
"../../../Engine/Content/VREditor/TransformGizmo/TransformGizmoMaterial.uasset" 173
"../../../Engine/Content/VREditor/TransformGizmo/TranslucentTransformGizmoMaterial.uasset" 174
"../../../Engine/Content/VREditor/TransformGizmo/BoundingBoxCorner.uasset" 175
"../../../Engine/Content/VREditor/TransformGizmo/BoundingBoxEdge.uasset" 176
"../../../Engine/Content/VREditor/TransformGizmo/PlaneTranslationHandle.uasset" 177
"../../../Engine/Content/VREditor/TransformGizmo/Main.uasset" 178
"../../../Engine/Content/VREditor/TransformGizmo/Xray.uasset" 179
"../../../Engine/Content/VREditor/TransformGizmo/SM_Sequencer_Key.uasset" 180
"../../../Engine/Content/VREditor/TransformGizmo/SM_Sequencer_Node.uasset" 181
"../../Plugins/2D/Paper2D/Content/PlaceholderTextures/DummySpriteTexture.uasset" 182
"../../Plugins/2D/Paper2D/Content/DummySprite.uasset" 183
"../../Plugins/2D/Paper2D/Content/DefaultPaperTerrainMaterial.uasset" 184
"../../Plugins/2D/Paper2D/Content/DefaultSpriteMaterial.uasset" 185
"../../Plugins/2D/Paper2D/Content/MaskedUnlitSpriteMaterial.uasset" 186
"../../Plugins/Runtime/Oculus/OculusVR/Content/Materials/PokeAHoleMaterial.uasset" 187
"../../Plugins/Runtime/Oculus/OculusVR/Content/Textures/GearVRController_AO.uasset" 188
"../../Plugins/Runtime/Oculus/OculusVR/Content/Textures/GearVRController_Color.uasset" 189
"../../Plugins/Runtime/Oculus/OculusVR/Content/Textures/GearVRController_Normal.uasset" 190
"../../Plugins/Runtime/Oculus/OculusVR/Content/Materials/GearVRControllerMaterial.uasset" 191
"../../Plugins/Runtime/Oculus/OculusVR/Content/Meshes/GearVrController.uasset" 192
"../../Plugins/Runtime/Oculus/OculusVR/Content/Textures/touchController_albedo.uasset" 193
"../../Plugins/Runtime/Oculus/OculusVR/Content/Textures/touchController_controlmap.uasset" 194
"../../Plugins/Runtime/Oculus/OculusVR/Content/Materials/touchController_mat.uasset" 195
"../../Plugins/Runtime/Oculus/OculusVR/Content/Meshes/LeftTouchController.uasset" 196
"../../Plugins/Runtime/Oculus/OculusVR/Content/Meshes/RiftHMD.uasset" 197
"../../Plugins/Runtime/Oculus/OculusVR/Content/Meshes/RightTouchController.uasset" 198
"../../../Engine/Content/EditorBlueprintResources/StandardMacros.uasset" 199
"../../../Engine/Content/EngineSky/C_Sky_Cloud_Color.uasset" 200
"../../../Engine/Content/EngineSky/C_Sky_Horizon_Color.uasset" 201
"../../../Engine/Content/EngineSky/C_Sky_Zenith_Color.uasset" 202
"../../../Engine/Content/EngineSky/T_Sky_Blue.uasset" 203
"../../../Engine/Content/EngineSky/T_Sky_Clouds_M.uasset" 204
"../../../Engine/Content/EngineSky/T_Sky_Stars.uasset" 205
"../../../Engine/Content/EngineSky/M_Sky_Panning_Clouds2.uasset" 206
"../../../Engine/Content/EngineSky/SM_SkySphere.uasset" 207
"../../../Engine/Content/EngineSky/BP_Sky_Sphere.uasset" 208
"../../../../../../Users/brixo/OneDrive/Documents/GitHub/Heart-Felt/OurProject/Content/Environment/Background/Scripts/RotateHandToCurrentSecond.uasset" 209
"../../../../../../Users/brixo/OneDrive/Documents/GitHub/Heart-Felt/OurProject/Content/Environment/Background/Scripts/RotateToCurrentMinute.uasset" 210
"../../../Engine/Content/EditorBlueprintResources/ActorMacros.uasset" 211
"../../../../../../Users/brixo/OneDrive/Documents/GitHub/Heart-Felt/OurProject/Content/Actors/TestingActor1/TestingActor1.uasset" 212
"../../../../../../Users/brixo/OneDrive/Documents/GitHub/Heart-Felt/OurProject/Content/UI/AllLevels/LoadingScreen.uasset" 213
"../../../../../../Users/brixo/OneDrive/Documents/GitHub/Heart-Felt/OurProject/Content/Actors/TestingActor2/TestingActor2.uasset" 214
"../../../../../../Users/brixo/OneDrive/Documents/GitHub/Heart-Felt/OurProject/Content/Actors/TestingActor3/TestingActor3.uasset" 215
"../../../../../../Users/brixo/OneDrive/Documents/GitHub/Heart-Felt/OurProject/Content/Actors/TestingActor4/TestingActor4.uasset" 216
"../../../../../../Users/brixo/OneDrive/Documents/GitHub/Heart-Felt/OurProject/Content/UI/Lobby/CharacterSelect.uasset" 217
"../../../../../../Users/brixo/OneDrive/Documents/GitHub/Heart-Felt/OurProject/Content/UI/MainMenu/HostMenu.uasset" 218
"../../../../../../Users/brixo/OneDrive/Documents/GitHub/Heart-Felt/OurProject/Content/UI/MainMenu/MainMenu.uasset" 219
"../../../../../../Users/brixo/OneDrive/Documents/GitHub/Heart-Felt/OurProject/Content/UI/MainMenu/OptionsMenu.uasset" 220
"../../../../../../Users/brixo/OneDrive/Documents/GitHub/Heart-Felt/OurProject/Content/UI/MainMenu/ServerMenu.uasset" 221
"../../../../../../Users/brixo/OneDrive/Documents/GitHub/Heart-Felt/OurProject/Content/InformationStructures/AllLevels/GameInfoInstance.uasset" 222
"../../../../../../Users/brixo/OneDrive/Documents/GitHub/Heart-Felt/OurProject/Content/GameStates/MultiplayerMatch/InGameCharacterController.uasset" 223
"../../../../../../Users/brixo/OneDrive/Documents/GitHub/Heart-Felt/OurProject/Content/GameStates/SuperClasses/GameModeSuperClass.uasset" 224
"../../../../../../Users/brixo/OneDrive/Documents/GitHub/Heart-Felt/OurProject/Content/GameStates/MultiplayerMatch/MultiplayerGameMode1.uasset" 225
"../../../../../../Users/brixo/OneDrive/Documents/GitHub/Heart-Felt/OurProject/Content/GameStates/SuperClasses/CharacterControllerSuperClass.uasset" 226
"../../../../../../Users/brixo/OneDrive/Documents/GitHub/Heart-Felt/OurProject/Content/GameStates/Lobby/LobbyCharacterController.uasset" 227
"../../../../../../Users/brixo/OneDrive/Documents/GitHub/Heart-Felt/OurProject/Content/GameStates/Lobby/LobbyGameMode.uasset" 228
"../../../../../../Users/brixo/OneDrive/Documents/GitHub/Heart-Felt/OurProject/Content/GameStates/Lobby/LobbbyMap_BuiltData.uasset" 229
"../../../Engine/Content/BasicShapes/BasicShapeMaterial.uasset" 230
"../../../Engine/Content/BasicShapes/Cone.uasset" 231
"../../../Engine/Content/BasicShapes/Cube.uasset" 232
"../../../Engine/Content/MapTemplates/Bokeh_5Sides.uasset" 233
"../../../Engine/Content/MapTemplates/T_ScreenDirt02_w.uasset" 234
"../../../../../../Users/brixo/OneDrive/Documents/GitHub/Heart-Felt/OurProject/Content/Environment/Background/Material.uasset" 235
"../../../../../../Users/brixo/OneDrive/Documents/GitHub/Heart-Felt/OurProject/Content/Environment/Background/ClockFace.uasset" 236
"../../../../../../Users/brixo/OneDrive/Documents/GitHub/Heart-Felt/OurProject/Content/Environment/Background/ClockGear.uasset" 237
"../../../../../../Users/brixo/OneDrive/Documents/GitHub/Heart-Felt/OurProject/Content/Environment/Background/Material_001.uasset" 238
"../../../../../../Users/brixo/OneDrive/Documents/GitHub/Heart-Felt/OurProject/Content/Environment/Background/LargeClockHand.uasset" 239
"../../../../../../Users/brixo/OneDrive/Documents/GitHub/Heart-Felt/OurProject/Content/Environment/Background/Material_002.uasset" 240
"../../../../../../Users/brixo/OneDrive/Documents/GitHub/Heart-Felt/OurProject/Content/Environment/Background/SmallClockHand.uasset" 241
"../../../../../../Users/brixo/OneDrive/Documents/GitHub/Heart-Felt/OurProject/Content/Environment/Background/Tunnel.uasset" 242
"../../../../../../Users/brixo/OneDrive/Documents/GitHub/Heart-Felt/OurProject/Content/Actors/Textures/2DBackgroundBlockAtlas.uasset" 243
"../../../../../../Users/brixo/OneDrive/Documents/GitHub/Heart-Felt/OurProject/Content/Environment/Foreground/Ledge.uasset" 244
"../../../../../../Users/brixo/OneDrive/Documents/GitHub/Heart-Felt/OurProject/Content/GameStates/Lobby/LobbbyMap.umap" 245
"../../../../../../Users/brixo/OneDrive/Documents/GitHub/Heart-Felt/OurProject/Content/GameStates/MainMenu/MenuPlayerController.uasset" 246
"../../../../../../Users/brixo/OneDrive/Documents/GitHub/Heart-Felt/OurProject/Content/GameStates/MainMenu/MenuGameMode.uasset" 247
"../../../../../../Users/brixo/OneDrive/Documents/GitHub/Heart-Felt/OurProject/Content/GameStates/MainMenu/MainMenuMap_BuiltData.uasset" 248
"../../../../../../Users/brixo/OneDrive/Documents/GitHub/Heart-Felt/OurProject/Content/GameStates/MainMenu/MainMenuMap.umap" 249
"../../../../../../Users/brixo/OneDrive/Documents/GitHub/Heart-Felt/OurProject/Content/GameStates/MultiplayerMatch/MultiplayerMap1_BuiltData.uasset" 250
"../../Plugins/2D/Paper2D/Content/OpaqueUnlitSpriteMaterial.uasset" 251
"../../../../../../Users/brixo/OneDrive/Documents/GitHub/Heart-Felt/OurProject/Content/Actors/Textures/2DBackground.uasset" 252
"../../../../../../Users/brixo/OneDrive/Documents/GitHub/Heart-Felt/OurProject/Content/Environment/Background/Background_Sprite.uasset" 253
"../../../../../../Users/brixo/OneDrive/Documents/GitHub/Heart-Felt/OurProject/Content/Environment/Background/BackgroundTunnel.uasset" 254
"../../../../../../Users/brixo/OneDrive/Documents/GitHub/Heart-Felt/OurProject/Content/GameStates/MultiplayerMatch/MultiplayerMap1.umap" 255
"../../../../../../Users/brixo/OneDrive/Documents/GitHub/Heart-Felt/OurProject/Content/GameStates/Transition/TransitMap.umap" 256
