Log file open, 08/26/18 22:14:39
LogWindows: Failed to load 'aqProf.dll' (GetLastError=126)
LogWindows: File 'aqProf.dll' does not exist
LogWindows: Failed to load 'VtuneApi.dll' (GetLastError=126)
LogWindows: File 'VtuneApi.dll' does not exist
LogWindows: Failed to load 'VtuneApi32e.dll' (GetLastError=126)
LogWindows: File 'VtuneApi32e.dll' does not exist
LogPakFile: Display: Found Pak file ../../../OurProject/Content/Paks/OurProject-WindowsNoEditor.pak attempting to mount.
LogPakFile: Display: Mounting pak file ../../../OurProject/Content/Paks/OurProject-WindowsNoEditor.pak.
LogPlatformFile: Not using cached read wrapper
LogTaskGraph: Started task graph with 5 named threads and 14 total threads with 3 sets of task threads.
LogStats: Stats thread started at 0.259475
LogD3D11RHI: Loaded GFSDK_Aftermath_Lib.x64.dll
LogICUInternationalization: Display: ICU TimeZone Detection - Raw Offset: -6:00, Platform Override: ''
LogPluginManager: Mounting plugin OnlineSubsystemSteam
LogPluginManager: Mounting plugin OnlineSubsystem
LogPluginManager: Mounting plugin OnlineSubsystemUtils
LogPluginManager: Mounting plugin Paper2D
LogPluginManager: Mounting plugin AISupport
LogPluginManager: Mounting plugin LightPropagationVolume
LogPluginManager: Mounting plugin AssetManagerEditor
LogPluginManager: Mounting plugin CryptoKeys
LogPluginManager: Mounting plugin FacialAnimation
LogPluginManager: Mounting plugin MeshEditor
LogPluginManager: Mounting plugin EditableMesh
LogPluginManager: Mounting plugin DatasmithContent
LogPluginManager: Mounting plugin AlembicImporter
LogPluginManager: Mounting plugin GeometryCache
LogPluginManager: Mounting plugin AppleImageUtils
LogPluginManager: Mounting plugin AppleVision
LogPluginManager: Mounting plugin BackChannel
LogPluginManager: Mounting plugin CharacterAI
LogPluginManager: Mounting plugin HTML5Networking
LogPluginManager: Mounting plugin AvfMedia
LogPluginManager: Mounting plugin ImgMedia
LogPluginManager: Mounting plugin LinearTimecode
LogPluginManager: Mounting plugin MediaCompositing
LogPluginManager: Mounting plugin WmfMedia
LogPluginManager: Mounting plugin TcpMessaging
LogPluginManager: Mounting plugin UdpMessaging
LogPluginManager: Mounting plugin ActorSequence
LogPluginManager: Mounting plugin NetcodeUnitTest
LogPluginManager: Mounting plugin OnlineSubsystemNull
LogPluginManager: Mounting plugin LauncherChunkInstaller
LogPluginManager: Mounting plugin AndroidPermission
LogPluginManager: Mounting plugin ArchVisCharacter
LogPluginManager: Mounting plugin AudioCapture
LogPluginManager: Mounting plugin CableComponent
LogPluginManager: Mounting plugin CustomMeshComponent
LogPluginManager: Mounting plugin ExampleDeviceProfileSelector
LogPluginManager: Mounting plugin ImmediatePhysics
LogPluginManager: Mounting plugin LocationServicesBPLibrary
LogPluginManager: Mounting plugin MobilePatchingUtils
LogPluginManager: Mounting plugin OculusVR
LogPluginManager: Mounting plugin ProceduralMeshComponent
LogPluginManager: Mounting plugin PhysXVehicles
LogPluginManager: Mounting plugin RuntimePhysXCooking
LogPluginManager: Mounting plugin SteamVR
LogPluginManager: Mounting plugin WindowsMoviePlayer
LogStreaming: Display: Took  0.084s to configure plugins.
LogInit: Using libcurl 7.55.1-DEV
LogInit:  - built for x86_64-pc-win32
LogInit:  - supports SSL with OpenSSL/1.0.2h
LogInit:  - supports HTTP deflate (compression) using libz 1.2.8
LogInit:  - other features:
LogInit:      CURL_VERSION_SSL
LogInit:      CURL_VERSION_LIBZ
LogInit:      CURL_VERSION_IPV6
LogInit:      CURL_VERSION_ASYNCHDNS
LogInit:      CURL_VERSION_LARGEFILE
LogInit:      CURL_VERSION_IDN
LogInit:  CurlRequestOptions (configurable via config and command line):
LogInit:  - bVerifyPeer = false  - Libcurl will NOT verify peer certificate
LogInit:  - bUseHttpProxy = false  - Libcurl will NOT use HTTP proxy
LogInit:  - bDontReuseConnections = false  - Libcurl will reuse connections
LogInit:  - CertBundlePath = nullptr  - Libcurl will use whatever was configured at build time.
LogInit:  - MaxHostConnections = 16  - Libcurl will limit the number of connections to a host
LogInit:  - LocalHostAddr = Default
LogInit:  - BufferSize = 65536
LogOnline: Display: STEAM: Loading Steam SDK 1.39
LogInit: WinSock: version 1.1 (2.2), MaxSocks=32767, MaxUdp=65467
LogInit: Build: ++UE4+Release-4.20-CL-4233996
LogInit: Engine Version: 4.20.1-4233996+++UE4+Release-4.20
LogInit: Compatible Engine Version: 4.20.0-4212847+++UE4+Release-4.20
LogInit: Net CL: 4212847
LogInit: OS: Windows 10 (), CPU: AMD FX-8800P Radeon R7, 12 Compute Cores 4C+8G , GPU: AMD Radeon (TM) R9 360
LogInit: Compiled (64-bit): Jul 26 2018 10:15:19
LogInit: Compiled with Visual C++: 19.00.24215.01
LogInit: Build Configuration: Development
LogInit: Branch Name: ++UE4+Release-4.20
LogInit: Command Line:  
LogInit: Base Directory: C:/Users/brixo/OneDrive/Documents/GitHub/Heart-Felt/OurProject/WindowsNoEditor/OurProject/Binaries/Win64/
LogInit: Installed Engine Build: 0
LogDevObjectVersion: Number of dev versions registered: 20
LogDevObjectVersion:   Dev-Blueprints (B0D832E4-1F89-4F0D-ACCF-7EB736FD4AA2): 10
LogDevObjectVersion:   Dev-Build (E1C64328-A22C-4D53-A36C-8E866417BD8C): 0
LogDevObjectVersion:   Dev-Core (375EC13C-06E4-48FB-B500-84F0262A717E): 2
LogDevObjectVersion:   Dev-Editor (E4B068ED-F494-42E9-A231-DA0B2E46BB41): 24
LogDevObjectVersion:   Dev-Framework (CFFC743F-43B0-4480-9391-14DF171D2073): 34
LogDevObjectVersion:   Dev-Mobile (B02B49B5-BB20-44E9-A304-32B752E40360): 2
LogDevObjectVersion:   Dev-Networking (A4E4105C-59A1-49B5-A7C5-40C4547EDFEE): 0
LogDevObjectVersion:   Dev-Online (39C831C9-5AE6-47DC-9A44-9C173E1C8E7C): 0
LogDevObjectVersion:   Dev-Physics (78F01B33-EBEA-4F98-B9B4-84EACCB95AA2): 0
LogDevObjectVersion:   Dev-Platform (6631380F-2D4D-43E0-8009-CF276956A95A): 0
LogDevObjectVersion:   Dev-Rendering (12F88B9F-8875-4AFC-A67C-D90C383ABD29): 26
LogDevObjectVersion:   Dev-Sequencer (7B5AE74C-D270-4C10-A958-57980B212A5A): 9
LogDevObjectVersion:   Dev-VR (D7296918-1DD6-4BDD-9DE2-64A83CC13884): 2
LogDevObjectVersion:   Dev-LoadTimes (C2A15278-BFE7-4AFE-6C17-90FF531DF755): 1
LogDevObjectVersion:   Private-Geometry (6EACA3D4-40EC-4CC1-B786-8BED09428FC5): 3
LogDevObjectVersion:   Dev-AnimPhys (29E575DD-E0A3-4627-9D10-D276232CDCEA): 17
LogDevObjectVersion:   Dev-ReflectionCapture (6B266CEC-1EC7-4B8F-A30B-E4D90942FC07): 1
LogDevObjectVersion:   Dev-Automation (0DF73D61-A23F-47EA-B727-89E90C41499A): 1
LogDevObjectVersion:   FortniteMain (601D1886-AC64-4F84-AA16-D3DE0DEAC7D6): 12
LogDevObjectVersion:   Dev-Enterprise (9DFFBCD6-494F-0158-E221-12823C92A888): 1
LogStreaming: Display: Took  0.001s to delete old logs.
LogInit: Presizing for max 2097152 objects, including 0 objects not considered by GC, pre-allocating 0 bytes for permanent pool.
LogStreaming: Display: Async Loading initialized: Event Driven Loader: true, Async Loading Thread: false, Async Post Load: true
LogInit: Object subsystem initialized
[2018.08.27-04.14.41:038][  0]LogInit: Selected Device Profile: [WindowsNoEditor]
[2018.08.27-04.14.41:038][  0]LogInit: Applying CVar settings loaded from the selected device profile: [WindowsNoEditor]
[2018.08.27-04.14.41:049][  0]LogHAL: Display: Platform has ~ 16 GB [17113329664 / 17179869184 / 16], which maps to Larger [LargestMinGB=32, LargerMinGB=12, DefaultMinGB=8, SmallerMinGB=6, SmallestMinGB=0)
[2018.08.27-04.14.41:049][  0]LogInit: Going up to parent DeviceProfile [Windows]
[2018.08.27-04.14.41:049][  0]LogInit: Setting Device Profile CVar: [[r.Vulkan.UseRealUBs:1]]
[2018.08.27-04.14.41:049][  0]LogInit: Going up to parent DeviceProfile []
[2018.08.27-04.14.41:050][  0]LogInit: Computer: LINK
[2018.08.27-04.14.41:050][  0]LogInit: User: brixo
[2018.08.27-04.14.41:050][  0]LogInit: CPU Page size=4096, Cores=4
[2018.08.27-04.14.41:050][  0]LogInit: High frequency timer resolution =2.046941 MHz
[2018.08.27-04.14.41:051][  0]LogMemory: Memory total: Physical=15.9GB (16GB approx)
[2018.08.27-04.14.41:051][  0]LogMemory: Platform Memory Stats for WindowsNoEditor
[2018.08.27-04.14.41:051][  0]LogMemory: Process Physical Memory: 85.14 MB used, 85.14 MB peak
[2018.08.27-04.14.41:051][  0]LogMemory: Process Virtual Memory: 75.23 MB used, 75.23 MB peak
[2018.08.27-04.14.41:051][  0]LogMemory: Physical Memory: 8431.06 MB used,  7889.48 MB free, 16320.54 MB total
[2018.08.27-04.14.41:051][  0]LogMemory: Virtual Memory: 4543.63 MB used,  7889.48 MB free, 134217728.00 MB total
[2018.08.27-04.14.41:117][  0]LogInit: Using OS detected language (en-US).
[2018.08.27-04.14.41:117][  0]LogInit: Using OS detected locale (en-US).
[2018.08.27-04.14.41:118][  0]LogTextLocalizationManager: No specific localization for 'en-US' exists, so the 'en' localization will be used.
[2018.08.27-04.14.41:161][  0]LogStreaming: Display: Took  0.045s to InitEngineTextLocalization.
[2018.08.27-04.14.41:223][  0]LogSlate: New Slate User Created.  User Index 0, Is Virtual User: 0
[2018.08.27-04.14.41:223][  0]LogSlate: Slate User Registered.  User Index 0, Is Virtual User: 0
[2018.08.27-04.14.41:252][  0]LogHMD: Failed to initialize OpenVR with code 110
[2018.08.27-04.14.41:252][  0]LogD3D11RHI: D3D11 adapters:
[2018.08.27-04.14.41:416][  0]LogD3D11RHI:    0. 'AMD Radeon (TM) R9 360' (Feature Level 11_0)
[2018.08.27-04.14.41:416][  0]LogD3D11RHI:       2025/0/8160 MB DedicatedVideo/DedicatedSystem/SharedSystem, Outputs:2, VendorId:0x1002
[2018.08.27-04.14.41:426][  0]LogD3D11RHI:    1. 'Microsoft Basic Render Driver' (Feature Level 11_0)
[2018.08.27-04.14.41:426][  0]LogD3D11RHI:       0/0/8160 MB DedicatedVideo/DedicatedSystem/SharedSystem, Outputs:0, VendorId:0x1414
[2018.08.27-04.14.41:426][  0]LogD3D11RHI: Chosen D3D11 Adapter: 0
[2018.08.27-04.14.41:456][  0]LogD3D11RHI: Creating new Direct3DDevice
[2018.08.27-04.14.41:458][  0]LogD3D11RHI:     GPU DeviceId: 0x665f (for the marketing name, search the web for "GPU Device Id")
[2018.08.27-04.14.41:458][  0]LogWindows: EnumDisplayDevices:
[2018.08.27-04.14.41:459][  0]LogWindows:    0. 'AMD Radeon (TM) R9 360' (P:1 D:1)
[2018.08.27-04.14.41:459][  0]LogWindows:    1. 'AMD Radeon (TM) R9 360' (P:0 D:1)
[2018.08.27-04.14.41:460][  0]LogWindows:    2. 'AMD Radeon (TM) R9 360' (P:0 D:0)
[2018.08.27-04.14.41:460][  0]LogWindows:    3. 'AMD Radeon (TM) R9 360' (P:0 D:0)
[2018.08.27-04.14.41:461][  0]LogWindows:    4. 'AMD Radeon (TM) R9 360' (P:0 D:0)
[2018.08.27-04.14.41:461][  0]LogWindows:    5. 'AMD Radeon (TM) R9 360' (P:0 D:0)
[2018.08.27-04.14.41:462][  0]LogWindows: DebugString: FoundDriverCount:6 
[2018.08.27-04.14.41:462][  0]LogD3D11RHI:     Adapter Name: AMD Radeon (TM) R9 360
[2018.08.27-04.14.41:462][  0]LogD3D11RHI:   Driver Version: Crimson ReLive 17.7 (internal:22.19.172.769, unified:22.19.172.769)
[2018.08.27-04.14.41:462][  0]LogD3D11RHI:      Driver Date: 6-27-2017
[2018.08.27-04.14.41:462][  0]LogRHI: Texture pool is 1417 MB (70% of 2025 MB)
[2018.08.27-04.14.41:969][  0]LogD3D11RHI: Async texture creation enabled
[2018.08.27-04.14.41:991][  0]LogD3D11RHI: GPU Timing Frequency: 27.000000 (Debug: 2 1)
[2018.08.27-04.14.41:994][  0]LogShaderLibrary: Display: Failed to load Shared Shader Library: Global and no native library supported.
[2018.08.27-04.14.41:994][  0]LogShaderLibrary: Display: Failed to load Shared Shader Library: Global_SC and no native library supported.
[2018.08.27-04.14.41:994][  0]LogShaderLibrary: Display: Failed to load Shared Shader Library: Paper2D and no native library supported.
[2018.08.27-04.14.41:994][  0]LogShaderLibrary: Display: Failed to load Shared Shader Library: Paper2D_SC and no native library supported.
[2018.08.27-04.14.41:994][  0]LogShaderLibrary: Display: Failed to load Shared Shader Library: Paper2D and no native library supported.
[2018.08.27-04.14.41:994][  0]LogShaderLibrary: Display: Failed to load Shared Shader Library: Paper2D_SC and no native library supported.
[2018.08.27-04.14.41:994][  0]LogShaderLibrary: Display: Failed to load Shared Shader Library: CryptoKeys and no native library supported.
[2018.08.27-04.14.41:994][  0]LogShaderLibrary: Display: Failed to load Shared Shader Library: CryptoKeys_SC and no native library supported.
[2018.08.27-04.14.41:995][  0]LogShaderLibrary: Display: Failed to load Shared Shader Library: CryptoKeys and no native library supported.
[2018.08.27-04.14.41:995][  0]LogShaderLibrary: Display: Failed to load Shared Shader Library: CryptoKeys_SC and no native library supported.
[2018.08.27-04.14.41:995][  0]LogShaderLibrary: Display: Failed to load Shared Shader Library: MeshEditor and no native library supported.
[2018.08.27-04.14.41:995][  0]LogShaderLibrary: Display: Failed to load Shared Shader Library: MeshEditor_SC and no native library supported.
[2018.08.27-04.14.41:995][  0]LogShaderLibrary: Display: Failed to load Shared Shader Library: MeshEditor and no native library supported.
[2018.08.27-04.14.41:995][  0]LogShaderLibrary: Display: Failed to load Shared Shader Library: MeshEditor_SC and no native library supported.
[2018.08.27-04.14.41:995][  0]LogShaderLibrary: Display: Failed to load Shared Shader Library: DatasmithContent and no native library supported.
[2018.08.27-04.14.41:995][  0]LogShaderLibrary: Display: Failed to load Shared Shader Library: DatasmithContent_SC and no native library supported.
[2018.08.27-04.14.41:995][  0]LogShaderLibrary: Display: Failed to load Shared Shader Library: DatasmithContent and no native library supported.
[2018.08.27-04.14.41:995][  0]LogShaderLibrary: Display: Failed to load Shared Shader Library: DatasmithContent_SC and no native library supported.
[2018.08.27-04.14.41:995][  0]LogShaderLibrary: Display: Failed to load Shared Shader Library: MediaCompositing and no native library supported.
[2018.08.27-04.14.41:995][  0]LogShaderLibrary: Display: Failed to load Shared Shader Library: MediaCompositing_SC and no native library supported.
[2018.08.27-04.14.41:995][  0]LogShaderLibrary: Display: Failed to load Shared Shader Library: MediaCompositing and no native library supported.
[2018.08.27-04.14.41:996][  0]LogShaderLibrary: Display: Failed to load Shared Shader Library: MediaCompositing_SC and no native library supported.
[2018.08.27-04.14.41:996][  0]LogShaderLibrary: Display: Failed to load Shared Shader Library: OculusVR and no native library supported.
[2018.08.27-04.14.41:996][  0]LogShaderLibrary: Display: Failed to load Shared Shader Library: OculusVR_SC and no native library supported.
[2018.08.27-04.14.41:996][  0]LogShaderLibrary: Display: Failed to load Shared Shader Library: OculusVR and no native library supported.
[2018.08.27-04.14.41:996][  0]LogShaderLibrary: Display: Failed to load Shared Shader Library: OculusVR_SC and no native library supported.
[2018.08.27-04.14.41:996][  0]LogShaderLibrary: Display: Failed to load Shared Shader Library: SteamVR and no native library supported.
[2018.08.27-04.14.41:996][  0]LogShaderLibrary: Display: Failed to load Shared Shader Library: SteamVR_SC and no native library supported.
[2018.08.27-04.14.41:996][  0]LogShaderLibrary: Display: Failed to load Shared Shader Library: SteamVR and no native library supported.
[2018.08.27-04.14.41:996][  0]LogShaderLibrary: Display: Failed to load Shared Shader Library: SteamVR_SC and no native library supported.
[2018.08.27-04.14.41:996][  0]LogRHI: Display: Failed to open default shader pipeline cache for OurProject using shader platform 0.
[2018.08.27-04.14.41:996][  0]LogRHI: Display: Failed to open default shader pipeline cache for OurProject using shader platform 0.
[2018.08.27-04.14.42:036][  0]LogMaterial: Verifying Global Shaders for PCD3D_SM5
[2018.08.27-04.14.42:063][  0]LogSlate: Using FreeType 2.6.0
[2018.08.27-04.14.42:065][  0]LogSlate: SlateFontServices - WITH_FREETYPE: 1, WITH_HARFBUZZ: 1
[2018.08.27-04.14.42:150][  0]LogShaderLibrary: Display: Failed to load Shared Shader Library: OurProject and no native library supported.
[2018.08.27-04.14.42:150][  0]LogShaderLibrary: Display: Failed to load Shared Shader Library: OurProject_SC and no native library supported.
[2018.08.27-04.14.42:150][  0]LogRHI: Display: Failed to open default shader pipeline cache for OurProject using shader platform 0.
[2018.08.27-04.14.42:150][  0]LogShaderLibrary: Display: Failed to load Shared Shader Library: OurProject and no native library supported.
[2018.08.27-04.14.42:150][  0]LogShaderLibrary: Display: Failed to load Shared Shader Library: OurProject_SC and no native library supported.
[2018.08.27-04.14.42:150][  0]LogRHI: Display: Failed to open default shader pipeline cache for OurProject using shader platform 0.
[2018.08.27-04.14.42:151][  0]LogInit: Using OS detected language (en-US).
[2018.08.27-04.14.42:151][  0]LogInit: Using OS detected locale (en-US).
[2018.08.27-04.14.42:151][  0]LogTextLocalizationManager: No localization for 'en-US' exists, so 'en' will be used for the language.
[2018.08.27-04.14.42:151][  0]LogTextLocalizationManager: No localization for 'en-US' exists, so 'en' will be used for the locale.
[2018.08.27-04.14.42:189][  0]LogStreaming: Display: Took  0.039s to InitGameTextLocalization.
[2018.08.27-04.14.42:210][  0]LogAssetRegistry: FAssetRegistry took 0.0198 seconds to start up
[2018.08.27-04.14.42:450][  0]LogStreaming: Display: Flushing async loaders.
[2018.08.27-04.14.42:473][  0]LogPackageLocalizationCache: Processed 9 localized package path(s) for 1 prioritized culture(s) in 0.021209 seconds
[2018.08.27-04.14.42:474][  0]LogPakFile: New pak file ../../../OurProject/Content/Paks/OurProject-WindowsNoEditor.pak added to pak precacher.
[2018.08.27-04.14.42:479][  0]LogInit: Selected Device Profile: [WindowsNoEditor]
[2018.08.27-04.14.42:523][  0]LogNetVersion: OurProject 1.0.0, NetCL: 4212847, EngineNetVer: 5, GameNetVer: 0 (Checksum: 3951183775)
[2018.08.27-04.14.42:959][  0]LogMoviePlayer: Initializing movie player
[2018.08.27-04.14.43:239][  0]LogSlate: Slate font cache was flushed
[2018.08.27-04.14.43:333][  0]LogAndroidPermission: UAndroidPermissionCallbackProxy::GetInstance
[2018.08.27-04.14.43:334][  0]LogOcInput: OculusInput pre-init called
[2018.08.27-04.14.43:345][  0]LogUObjectArray: 33883 objects as part of root set at end of initial load.
[2018.08.27-04.14.43:345][  0]LogUObjectAllocator: 5093584 out of 0 bytes used by permanent object pool.
[2018.08.27-04.14.43:345][  0]LogUObjectArray: CloseDisregardForGC: 0/0 objects in disregard for GC pool
[2018.08.27-04.14.43:357][  0]LogEngine: Initializing Engine...
[2018.08.27-04.14.43:358][  0]LogHMD: Failed to initialize OpenVR with code 110
[2018.08.27-04.14.43:371][  0]LogStats: UGameplayTagsManager::ConstructGameplayTagTree: ImportINI prefixes -  0.000 s
[2018.08.27-04.14.43:372][  0]LogStats: UGameplayTagsManager::ConstructGameplayTagTree: Construct from data asset -  0.000 s
[2018.08.27-04.14.43:372][  0]LogStats: UGameplayTagsManager::ConstructGameplayTagTree: ImportINI -  0.000 s
[2018.08.27-04.14.43:372][  0]LogStats: UGameplayTagsManager::ConstructGameplayTagTree: GameplayTagTreeChangedEvent.Broadcast -  0.000 s
[2018.08.27-04.14.43:680][  0]LogInit: Initializing FReadOnlyCVARCache
[2018.08.27-04.14.43:780][  0]LogInit: XAudio2 using 'Headset Earphone (Corsair Gaming H2100 Headset)' : 2 channels at 48 kHz using 16 bits per sample (channel mask 0x3)
[2018.08.27-04.14.43:842][  0]LogInit: FAudioDevice initialized.
[2018.08.27-04.14.43:854][  0]LogNetVersion: Set ProjectVersion to 1.0.0.0. Version Checksum will be recalculated on next use.
[2018.08.27-04.14.43:854][  0]LogInit: Texture streaming: Enabled
[2018.08.27-04.14.43:973][  0]LogSlate: Updating window title bar state: overlay mode, drag disabled, window buttons hidden, title bar hidden
[2018.08.27-04.14.43:984][  0]LogInit: Display: Game Engine Initialized.
[2018.08.27-04.14.43:984][  0]LogGameplayTags: Display: UGameplayTagsManager::DoneAddingNativeTags. DelegateIsBound: 0
[2018.08.27-04.14.43:984][  0]LogStats: UGameplayTagsManager::ConstructGameplayTagTree: ImportINI prefixes -  0.000 s
[2018.08.27-04.14.43:984][  0]LogStats: UGameplayTagsManager::ConstructGameplayTagTree: Construct from data asset -  0.000 s
[2018.08.27-04.14.43:985][  0]LogStats: UGameplayTagsManager::ConstructGameplayTagTree: ImportINI -  0.001 s
[2018.08.27-04.14.43:985][  0]LogStats: UGameplayTagsManager::ConstructGameplayTagTree: GameplayTagTreeChangedEvent.Broadcast -  0.000 s
[2018.08.27-04.14.44:008][  0]LogInit: Display: Starting Game.
[2018.08.27-04.14.44:008][  0]LogNet: Browse: /Game/GameStates/MainMenu/MainMenuMap?Name=Player
[2018.08.27-04.14.44:009][  0]LogLoad: LoadMap: /Game/GameStates/MainMenu/MainMenuMap?Name=Player
[2018.08.27-04.14.44:088][  0]LogAIModule: Creating AISystem for world MainMenuMap
[2018.08.27-04.14.44:089][  0]LogLoad: Game class is 'MenuGameMode_C'
[2018.08.27-04.14.44:093][  0]LogWorld: Bringing World /Game/GameStates/MainMenu/MainMenuMap.MainMenuMap up for play (max tick rate 0) at 2018.08.26-22.14.44
[2018.08.27-04.14.44:094][  0]LogWorld: Bringing up level for play took: 0.002020
[2018.08.27-04.14.44:097][  0]LogGameMode: FindPlayerStart: PATHS NOT DEFINED or NO PLAYERSTART with positive rating
[2018.08.27-04.14.44:101][  0]LogUMG: Display: Widget Class MainMenu_C - Loaded Fast Template.
[2018.08.27-04.14.44:105][  0]LogLoad: Took 0.095911 seconds to LoadMap(/Game/GameStates/MainMenu/MainMenuMap)
[2018.08.27-04.14.44:108][  0]LogSlate: Took 0.000634 seconds to synchronously load lazily loaded font '../../../Engine/Content/EngineFonts/Faces/RobotoBold.ufont' (160K)
[2018.08.27-04.14.44:222][  0]LogRenderer: Reallocating scene render targets to support 1920x1080 Format 10 NumSamples 1 (Frame:1).
[2018.08.27-04.14.44:222][  0]LogLoad: (Engine Initialization) Total time: 5.21 seconds
[2018.08.27-04.14.44:296][  0]LogContentStreaming: Texture pool size now 3000 MB
[2018.08.27-04.14.46:382][125]LogSlate: FSceneViewport::OnFocusLost() reason 0
[2018.08.27-04.14.46:463][130]LogUMG: Display: Widget Class HostMenu_C - Loaded Fast Template.
[2018.08.27-04.14.46:470][130]LogSlate: Took 0.000821 seconds to synchronously load lazily loaded font '../../../Engine/Content/Slate/Fonts/Roboto-Regular.ttf' (155K)
[2018.08.27-04.14.49:174][298]LogUMG: Display: Widget Class LoadingScreen_C - Loaded Fast Template.
[2018.08.27-04.14.49:462][315]LogOnlineSession: Verbose: OSS: dumping NamedSession: 
[2018.08.27-04.14.49:462][315]LogOnlineSession: Verbose: OSS: 	SessionName: GameSession
[2018.08.27-04.14.49:462][315]LogOnlineSession: Verbose: OSS: 	HostingPlayerNum: 0
[2018.08.27-04.14.49:462][315]LogOnlineSession: Verbose: OSS: 	SessionState: Pending
[2018.08.27-04.14.49:462][315]LogOnlineSession: Verbose: OSS: 	RegisteredPlayers: 
[2018.08.27-04.14.49:462][315]LogOnlineSession: Verbose: OSS: 	    0 registered players
[2018.08.27-04.14.49:462][315]LogOnlineSession: Verbose: OSS: dumping Session: 
[2018.08.27-04.14.49:462][315]LogOnlineSession: Verbose: OSS: 	OwningPlayerName: brixon_chan
[2018.08.27-04.14.49:463][315]LogOnlineSession: Verbose: OSS: 	OwningPlayerId: brixon_chan [0x1100001071A721F]
[2018.08.27-04.14.49:463][315]LogOnlineSession: Verbose: OSS: 	NumOpenPrivateConnections: 0
[2018.08.27-04.14.49:463][315]LogOnlineSession: Verbose: OSS: 	NumOpenPublicConnections: 1
[2018.08.27-04.14.49:463][315]LogOnlineSession: Verbose: OSS: 	SessionInfo: HostIP: INVALID SteamP2P: 76561198079439391:7777 Type: Lobby session SessionId: Lobby [0x186000001A9E3AA]
[2018.08.27-04.14.49:463][315]LogOnlineSession: Verbose: OSS: dumping SessionSettings: 
[2018.08.27-04.14.49:463][315]LogOnlineSession: Verbose: OSS: 	NumPublicConnections: 2
[2018.08.27-04.14.49:463][315]LogOnlineSession: Verbose: OSS: 	NumPrivateConnections: 0
[2018.08.27-04.14.49:463][315]LogOnlineSession: Verbose: OSS: 	bIsLanMatch: false
[2018.08.27-04.14.49:463][315]LogOnlineSession: Verbose: OSS: 	bIsDedicated: false
[2018.08.27-04.14.49:463][315]LogOnlineSession: Verbose: OSS: 	bUsesStats: false
[2018.08.27-04.14.49:463][315]LogOnlineSession: Verbose: OSS: 	bShouldAdvertise: true
[2018.08.27-04.14.49:463][315]LogOnlineSession: Verbose: OSS: 	bAllowJoinInProgress: true
[2018.08.27-04.14.49:463][315]LogOnlineSession: Verbose: OSS: 	bAllowInvites: false
[2018.08.27-04.14.49:463][315]LogOnlineSession: Verbose: OSS: 	bUsesPresence: true
[2018.08.27-04.14.49:463][315]LogOnlineSession: Verbose: OSS: 	bAllowJoinViaPresence: true
[2018.08.27-04.14.49:463][315]LogOnlineSession: Verbose: OSS: 	bAllowJoinViaPresenceFriendsOnly: false
[2018.08.27-04.14.49:463][315]LogOnlineSession: Verbose: OSS: 	BuildUniqueId: 0x0040486f
[2018.08.27-04.14.49:463][315]LogOnlineSession: Verbose: OSS: 	Settings:
[2018.08.27-04.14.49:465][315]LogNet: Browse: /Game/GameStates/Lobby/LobbbyMap?listen
[2018.08.27-04.14.49:465][315]LogLoad: LoadMap: /Game/GameStates/Lobby/LobbbyMap?listen
[2018.08.27-04.14.49:494][315]LogStreaming: Display: Flushing async loaders.
[2018.08.27-04.14.49:564][315]LogAIModule: Creating AISystem for world LobbbyMap
[2018.08.27-04.14.49:565][315]LogLoad: Game class is 'LobbyGameMode_C'
[2018.08.27-04.14.49:566][315]LogTemp: Display: ParseSettings for GameNetDriver
[2018.08.27-04.14.49:566][315]LogTemp: Display: ParseSettings for SteamNetDriver_0
[2018.08.27-04.14.49:566][315]LogTemp: Display: ParseSettings for GameNetDriver
[2018.08.27-04.14.49:567][315]LogNet: ReplicationDriverClass is null! Not using ReplicationDriver.
[2018.08.27-04.14.49:567][315]LogNet: Display: SteamNetDriver_0 bound to port 7777
[2018.08.27-04.14.49:568][315]PacketHandlerLog: Loaded PacketHandler component: Engine.EngineHandlerComponentFactory (StatelessConnectHandlerComponent)
[2018.08.27-04.14.49:568][315]LogNet: GameNetDriver SteamNetDriver_0 IpNetDriver listening on port 7777
[2018.08.27-04.14.49:574][315]LogWorld: Bringing World /Game/GameStates/Lobby/LobbbyMap.LobbbyMap up for play (max tick rate 0) at 2018.08.26-22.14.49
[2018.08.27-04.14.49:575][315]LogWorld: Bringing up level for play took: 0.003308
[2018.08.27-04.14.49:581][315]LogUMG: Display: Widget Class CharacterSelect_C - Loaded Fast Template.
[2018.08.27-04.14.49:584][315]LogLoad: Took 0.119497 seconds to LoadMap(/Game/GameStates/Lobby/LobbbyMap)
[2018.08.27-04.14.51:133][409]LogScript: Warning: Accessed None trying to read property CallFunc_K2_GetPawn_ReturnValue
	CharacterSelect_C /Engine/Transient.GameEngine_0:GameInfoInstance_C_0.CharacterSelect_C_0
	Function /Game/UI/Lobby/CharacterSelect.CharacterSelect_C:ExecuteUbergraph_CharacterSelect:020A
[2018.08.27-04.14.51:133][409]LogScript: Warning: Script call stack:
	Function /Game/UI/Lobby/CharacterSelect.CharacterSelect_C:BndEvt__Button_Character3_K2Node_ComponentBoundEvent_2_OnButtonClickedEvent__DelegateSignature
	Function /Game/UI/Lobby/CharacterSelect.CharacterSelect_C:ExecuteUbergraph_CharacterSelect
	Function /Game/UI/Lobby/CharacterSelect.CharacterSelect_C:SendCharacterAndRespawnToCharacterController
	Function /Game/UI/Lobby/CharacterSelect.CharacterSelect_C:ExecuteUbergraph_CharacterSelect

[2018.08.27-04.14.56:347][732]LogSlate: Updating window title bar state: overlay mode, drag disabled, window buttons hidden, title bar hidden
[2018.08.27-04.14.56:381][732]LogPackageName: SearchForPackageOnDisk took   0.033s to resolve MultiplayerMap1.
[2018.08.27-04.14.56:383][732]LogGameMode: ProcessServerTravel: /Game/GameStates/MultiplayerMatch/MultiplayerMap1
[2018.08.27-04.14.56:383][732]LogWorld: SeamlessTravel to: /Game/GameStates/MultiplayerMatch/MultiplayerMap1
[2018.08.27-04.14.56:443][733]LogStats:     SeamlessTravel FlushLevelStreaming  -  0.001 s
[2018.08.27-04.14.56:444][733]LogAIModule: Creating AISystem for world Untitled
[2018.08.27-04.14.56:444][733]LogWorld: Bringing World /Temp/Untitled_1.Untitled up for play (max tick rate 0) at 2018.08.26-22.14.56
[2018.08.27-04.14.56:444][733]LogWorld: Bringing up level for play took: 0.000462
[2018.08.27-04.14.56:445][733]LogWorld: Sending NotifyLoadedWorld for LP: LocalPlayer_0 PC: LobbyCharacterController_C_0
[2018.08.27-04.14.56:445][733]LogNet: Verbose: NotifyLoadedWorld Begin
[2018.08.27-04.14.56:445][733]LogNet: VeryVerbose: GetFunctionCallspace Server calling Server function: ServerNotifyLoadedWorld Local
[2018.08.27-04.14.56:445][733]LogNet: Verbose: NotifyLoadedWorld End
[2018.08.27-04.14.56:445][733]LogWorld: StartLoadingDestination to: /Game/GameStates/MultiplayerMatch/MultiplayerMap1
[2018.08.27-04.14.56:461][733]LogSlate: Updating window title bar state: overlay mode, drag disabled, window buttons hidden, title bar hidden
[2018.08.27-04.14.56:492][733]LogPackageName: SearchForPackageOnDisk took   0.030s to resolve MultiplayerMap1.
[2018.08.27-04.14.56:516][734]LogSlate: Updating window title bar state: overlay mode, drag disabled, window buttons hidden, title bar hidden
[2018.08.27-04.14.56:549][734]LogPackageName: SearchForPackageOnDisk took   0.032s to resolve MultiplayerMap1.
[2018.08.27-04.14.56:576][735]LogSlate: Updating window title bar state: overlay mode, drag disabled, window buttons hidden, title bar hidden
[2018.08.27-04.14.56:609][735]LogPackageName: SearchForPackageOnDisk took   0.032s to resolve MultiplayerMap1.
[2018.08.27-04.14.56:619][736]LogSlate: Updating window title bar state: overlay mode, drag disabled, window buttons hidden, title bar hidden
[2018.08.27-04.14.56:657][736]LogPackageName: SearchForPackageOnDisk took   0.037s to resolve MultiplayerMap1.
[2018.08.27-04.14.56:711][737]LogAIModule: Creating AISystem for world MultiplayerMap1
[2018.08.27-04.14.56:711][737]LogLoad: Game class is 'MultiplayerGameMode1_C'
[2018.08.27-04.14.56:713][737]LogStats:     SeamlessTravel FlushLevelStreaming  -  0.001 s
[2018.08.27-04.14.56:715][737]LogWorld: Bringing World /Game/GameStates/MultiplayerMatch/MultiplayerMap1.MultiplayerMap1 up for play (max tick rate 0) at 2018.08.26-22.14.56
[2018.08.27-04.14.56:715][737]LogWorld: Bringing up level for play took: 0.001954
[2018.08.27-04.14.56:716][737]LogWorld: Sending NotifyLoadedWorld for LP: LocalPlayer_0 PC: LobbyCharacterController_C_0
[2018.08.27-04.14.56:716][737]LogNet: Verbose: NotifyLoadedWorld Begin
[2018.08.27-04.14.56:716][737]LogNet: VeryVerbose: GetFunctionCallspace Server calling Server function: ServerNotifyLoadedWorld Local
[2018.08.27-04.14.56:716][737]LogNet: Verbose: NotifyLoadedWorld End
[2018.08.27-04.14.56:716][737]LogWorld: ----SeamlessTravel finished in 0.33 seconds ------
[2018.08.27-04.14.56:718][737]LogSlate: Updating window title bar state: overlay mode, drag disabled, window buttons hidden, title bar hidden
[2018.08.27-04.14.56:718][737]LogUMG: Display: Widget Class IngameCharacterSelect_C - Loaded Fast Template.
[2018.08.27-04.15.05:446][267]LogSlate: FSceneViewport::OnFocusLost() reason 0
[2018.08.27-04.15.15:685][880]LogSlate: Request Window 'OurProject (64-bit Development PCD3D_SM5) ' being destroyed
[2018.08.27-04.15.15:715][880]LogSlate: Window 'OurProject (64-bit Development PCD3D_SM5) ' being destroyed
[2018.08.27-04.15.15:717][880]LogWindowsTextInputMethodSystem: Display: IME system now deactivated.
[2018.08.27-04.15.15:730][880]LogSlate: Updating window title bar state: overlay mode, drag disabled, window buttons hidden, title bar hidden
[2018.08.27-04.15.15:730][880]LogEngine: All Windows Closed
[2018.08.27-04.15.15:730][880]LogWindows: FPlatformMisc::RequestExit(0)
[2018.08.27-04.15.15:778][881]LogNet: World NetDriver shutdown SteamNetDriver_0 [GameNetDriver]
[2018.08.27-04.15.15:779][881]LogNet: DestroyNamedNetDriver SteamNetDriver_0 [GameNetDriver]
[2018.08.27-04.15.15:779][881]LogExit: GameNetDriver SteamNetDriver_0 shut down
[2018.08.27-04.15.16:400][881]LogSlate: Slate User Destroyed.  User Index 0, Is Virtual User: 0
[2018.08.27-04.15.16:400][881]LogExit: Preparing to exit.
[2018.08.27-04.15.16:400][881]LogMoviePlayer: Shutting down movie player
[2018.08.27-04.15.16:413][881]LogSlate: Updating window title bar state: overlay mode, drag disabled, window buttons hidden, title bar hidden
[2018.08.27-04.15.16:420][881]LogExit: Game engine shut down
[2018.08.27-04.15.16:524][881]LogExit: Object subsystem successfully closed.
[2018.08.27-04.15.16:539][881]LogD3D11RHI: Shutdown
[2018.08.27-04.15.16:539][881]LogD3D11RHI: CleanupD3DDevice
[2018.08.27-04.15.16:544][881]LogD3D11RHI: ~FD3D11DynamicRHI
[2018.08.27-04.15.16:545][881]LogModuleManager: Shutting down and abandoning module AutomationController (186)
[2018.08.27-04.15.16:545][881]LogModuleManager: Shutting down and abandoning module AutomationWorker (184)
[2018.08.27-04.15.16:545][881]LogModuleManager: Shutting down and abandoning module AIModule (182)
[2018.08.27-04.15.16:545][881]LogModuleManager: Shutting down and abandoning module GameplayDebugger (181)
[2018.08.27-04.15.16:545][881]LogModuleManager: Shutting down and abandoning module NavigationSystem (179)
[2018.08.27-04.15.16:545][881]LogModuleManager: Shutting down and abandoning module WmfMediaFactory (176)
[2018.08.27-04.15.16:545][881]LogModuleManager: Shutting down and abandoning module OpenExrWrapper (174)
[2018.08.27-04.15.16:545][881]LogModuleManager: Shutting down and abandoning module ImgMediaFactory (172)
[2018.08.27-04.15.16:545][881]LogModuleManager: Shutting down and abandoning module AvfMediaFactory (170)
[2018.08.27-04.15.16:545][881]LogModuleManager: Shutting down and abandoning module CharacterAI (168)
[2018.08.27-04.15.16:545][881]LogModuleManager: Shutting down and abandoning module SessionServices (166)
[2018.08.27-04.15.16:545][881]LogModuleManager: Shutting down and abandoning module MovieSceneTracks (164)
[2018.08.27-04.15.16:545][881]LogModuleManager: Shutting down and abandoning module MovieScene (162)
[2018.08.27-04.15.16:545][881]LogModuleManager: Shutting down and abandoning module StreamingPauseRendering (160)
[2018.08.27-04.15.16:545][881]LogModuleManager: Shutting down and abandoning module ProfilerService (158)
[2018.08.27-04.15.16:664][881]LogModuleManager: Shutting down and abandoning module TaskGraph (156)
[2018.08.27-04.15.16:665][881]LogModuleManager: Shutting down and abandoning module SteamVRController (154)
[2018.08.27-04.15.16:665][881]LogModuleManager: Shutting down and abandoning module ProceduralMeshComponent (152)
[2018.08.27-04.15.16:665][881]LogModuleManager: Shutting down and abandoning module OculusInput (150)
[2018.08.27-04.15.16:665][881]LogModuleManager: Shutting down and abandoning module MobilePatchingUtils (148)
[2018.08.27-04.15.16:665][881]LogModuleManager: Shutting down and abandoning module CustomMeshComponent (146)
[2018.08.27-04.15.16:665][881]LogModuleManager: Shutting down and abandoning module CableComponent (144)
[2018.08.27-04.15.16:665][881]LogModuleManager: Shutting down and abandoning module AudioCapture (142)
[2018.08.27-04.15.16:665][881]LogModuleManager: Shutting down and abandoning module ArchVisCharacter (140)
[2018.08.27-04.15.16:665][881]LogModuleManager: Shutting down and abandoning module AndroidPermission (138)
[2018.08.27-04.15.16:665][881]LogModuleManager: Shutting down and abandoning module MediaCompositing (134)
[2018.08.27-04.15.16:665][881]LogModuleManager: Shutting down and abandoning module LinearTimecode (132)
[2018.08.27-04.15.16:665][881]LogModuleManager: Shutting down and abandoning module ImgMedia (130)
[2018.08.27-04.15.16:668][881]LogModuleManager: Shutting down and abandoning module HTML5Networking (128)
[2018.08.27-04.15.16:668][881]LogModuleManager: Shutting down and abandoning module BackChannel (126)
[2018.08.27-04.15.16:668][881]LogModuleManager: Shutting down and abandoning module AppleVision (124)
[2018.08.27-04.15.16:668][881]LogModuleManager: Shutting down and abandoning module AppleImageUtils (122)
[2018.08.27-04.15.16:668][881]LogModuleManager: Shutting down and abandoning module GeometryCacheTracks (120)
[2018.08.27-04.15.16:669][881]LogModuleManager: Shutting down and abandoning module GeometryCache (118)
[2018.08.27-04.15.16:669][881]LogModuleManager: Shutting down and abandoning module DatasmithContent (116)
[2018.08.27-04.15.16:669][881]LogModuleManager: Shutting down and abandoning module EditableMesh (114)
[2018.08.27-04.15.16:669][881]LogModuleManager: Shutting down and abandoning module RuntimePhysXCooking (112)
[2018.08.27-04.15.16:669][881]LogModuleManager: Shutting down and abandoning module PhysXVehicles (110)
[2018.08.27-04.15.16:669][881]LogModuleManager: Shutting down and abandoning module LocationServicesBPLibrary (108)
[2018.08.27-04.15.16:669][881]LogModuleManager: Shutting down and abandoning module ImmediatePhysics (106)
[2018.08.27-04.15.16:669][881]LogModuleManager: Shutting down and abandoning module ActorSequence (104)
[2018.08.27-04.15.16:669][881]LogModuleManager: Shutting down and abandoning module UdpMessaging (102)
[2018.08.27-04.15.16:669][881]LogModuleManager: Shutting down and abandoning module TcpMessaging (100)
[2018.08.27-04.15.16:669][881]LogModuleManager: Shutting down and abandoning module FacialAnimation (98)
[2018.08.27-04.15.16:669][881]LogModuleManager: Shutting down and abandoning module LightPropagationVolumeRuntime (96)
[2018.08.27-04.15.16:669][881]LogModuleManager: Shutting down and abandoning module AISupportModule (94)
[2018.08.27-04.15.16:669][881]LogModuleManager: Shutting down and abandoning module Paper2D (92)
[2018.08.27-04.15.16:669][881]LogModuleManager: Shutting down and abandoning module WindowsMoviePlayer (90)
[2018.08.27-04.15.16:670][881]LogModuleManager: Shutting down and abandoning module WmfMedia (88)
[2018.08.27-04.15.16:671][881]LogModuleManager: Shutting down and abandoning module Media (87)
[2018.08.27-04.15.16:677][881]LogModuleManager: Shutting down and abandoning module PacketHandler (84)
[2018.08.27-04.15.16:677][881]LogModuleManager: Shutting down and abandoning module ClothingSystemRuntime (82)
[2018.08.27-04.15.16:678][881]LogModuleManager: Shutting down and abandoning module MediaAssets (80)
[2018.08.27-04.15.16:678][881]LogModuleManager: Shutting down and abandoning module Overlay (78)
[2018.08.27-04.15.16:678][881]LogModuleManager: Shutting down and abandoning module UMG (76)
[2018.08.27-04.15.16:678][881]LogModuleManager: Shutting down and abandoning module SlateReflector (74)
[2018.08.27-04.15.16:678][881]LogModuleManager: Shutting down and abandoning module Slate (72)
[2018.08.27-04.15.16:678][881]LogModuleManager: Shutting down and abandoning module MRMesh (70)
[2018.08.27-04.15.16:678][881]LogModuleManager: Shutting down and abandoning module Messaging (68)
[2018.08.27-04.15.16:678][881]LogModuleManager: Shutting down and abandoning module HeadMountedDisplay (66)
[2018.08.27-04.15.16:678][881]LogModuleManager: Shutting down and abandoning module XAudio2 (64)
[2018.08.27-04.15.16:678][881]LogModuleManager: Shutting down and abandoning module Networking (62)
[2018.08.27-04.15.16:678][881]LogModuleManager: Shutting down and abandoning module Core (60)
[2018.08.27-04.15.16:678][881]LogModuleManager: Shutting down and abandoning module LevelSequence (58)
[2018.08.27-04.15.16:678][881]LogModuleManager: Shutting down and abandoning module ImageWrapper (54)
[2018.08.27-04.15.16:678][881]LogModuleManager: Shutting down and abandoning module InputCore (52)
[2018.08.27-04.15.16:678][881]LogModuleManager: Shutting down and abandoning module PhysXCooking (50)
[2018.08.27-04.15.16:678][881]LogModuleManager: Shutting down and abandoning module SteamVR (48)
[2018.08.27-04.15.16:678][881]LogModuleManager: Shutting down and abandoning module OculusHMD (46)
[2018.08.27-04.15.16:678][881]LogModuleManager: Shutting down and abandoning module ExampleDeviceProfileSelector (44)
[2018.08.27-04.15.16:678][881]LogModuleManager: Shutting down and abandoning module LauncherChunkInstaller (42)
[2018.08.27-04.15.16:678][881]LogModuleManager: Shutting down and abandoning module OnlineSubsystem (38)
[2018.08.27-04.15.16:678][881]LogOnline: Display: STEAM: OnlineSubsystemSteam::Shutdown()
[2018.08.27-04.15.16:744][881]LogOnline: Display: STEAM: OnlineSubsystemSteam::Shutdown()
[2018.08.27-04.15.16:744][881]LogModuleManager: Shutting down and abandoning module HTTP (33)
[2018.08.27-04.15.16:751][881]LogModuleManager: Shutting down and abandoning module SSL (32)
[2018.08.27-04.15.16:752][881]LogModuleManager: Shutting down and abandoning module ShaderCore (28)
[2018.08.27-04.15.16:752][881]LogModuleManager: Shutting down and abandoning module Landscape (26)
[2018.08.27-04.15.16:752][881]LogModuleManager: Shutting down and abandoning module SlateRHIRenderer (24)
[2018.08.27-04.15.16:753][881]LogModuleManager: Shutting down and abandoning module OpenGLDrv (22)
[2018.08.27-04.15.16:753][881]LogModuleManager: Shutting down and abandoning module D3D11RHI (20)
[2018.08.27-04.15.16:753][881]LogModuleManager: Shutting down and abandoning module AnimGraphRuntime (18)
[2018.08.27-04.15.16:753][881]LogModuleManager: Shutting down and abandoning module Renderer (16)
[2018.08.27-04.15.16:753][881]LogModuleManager: Shutting down and abandoning module Engine (14)
[2018.08.27-04.15.16:753][881]LogModuleManager: Shutting down and abandoning module CoreUObject (12)
[2018.08.27-04.15.16:753][881]LogModuleManager: Shutting down and abandoning module NetworkFile (10)
[2018.08.27-04.15.16:753][881]LogModuleManager: Shutting down and abandoning module CookedIterativeFile (8)
[2018.08.27-04.15.16:753][881]LogModuleManager: Shutting down and abandoning module StreamingFile (6)
[2018.08.27-04.15.16:753][881]LogModuleManager: Shutting down and abandoning module SandboxFile (4)
[2018.08.27-04.15.16:753][881]LogModuleManager: Shutting down and abandoning module PakFile (2)
[2018.08.27-04.15.16:759][881]LogExit: Exiting.
[2018.08.27-04.15.16:770][881]Log file closed, 08/26/18 22:15:16
