Log file open, 08/02/18 18:53:12
LogWindows: Failed to load 'aqProf.dll' (GetLastError=126)
LogWindows: File 'aqProf.dll' does not exist
LogWindows: Failed to load 'VtuneApi.dll' (GetLastError=126)
LogWindows: File 'VtuneApi.dll' does not exist
LogWindows: Failed to load 'VtuneApi32e.dll' (GetLastError=126)
LogWindows: File 'VtuneApi32e.dll' does not exist
LogInit: Display: Running engine for game: OurProject
LogPlatformFile: Not using cached read wrapper
LogTaskGraph: Started task graph with 5 named threads and 14 total threads with 3 sets of task threads.
LogStats: Stats thread started at 0.652913
LogD3D11RHI: Loaded GFSDK_Aftermath_Lib.x64.dll
LogICUInternationalization: Display: ICU TimeZone Detection - Raw Offset: -6:00, Platform Override: ''
LogPluginManager: Mounting plugin Paper2D
LogPluginManager: Mounting plugin AISupport
LogPluginManager: Mounting plugin LightPropagationVolume
LogPluginManager: Mounting plugin CLionSourceCodeAccess
LogPluginManager: Mounting plugin CodeLiteSourceCodeAccess
LogPluginManager: Mounting plugin GitSourceControl
LogPluginManager: Mounting plugin KDevelopSourceCodeAccess
LogPluginManager: Mounting plugin NullSourceCodeAccess
LogPluginManager: Mounting plugin PerforceSourceControl
LogPluginManager: Mounting plugin SubversionSourceControl
LogPluginManager: Mounting plugin UObjectPlugin
LogPluginManager: Mounting plugin VisualStudioCodeSourceCodeAccess
LogPluginManager: Mounting plugin VisualStudioSourceCodeAccess
LogPluginManager: Mounting plugin XCodeSourceCodeAccess
LogPluginManager: Mounting plugin AssetManagerEditor
LogPluginManager: Mounting plugin CryptoKeys
LogPluginManager: Mounting plugin DataValidation
LogPluginManager: Mounting plugin FacialAnimation
LogPluginManager: Mounting plugin GameplayTagsEditor
LogPluginManager: Mounting plugin MacGraphicsSwitching
LogPluginManager: Mounting plugin MeshEditor
LogPluginManager: Mounting plugin MobileLauncherProfileWizard
LogPluginManager: Mounting plugin PluginBrowser
LogPluginManager: Mounting plugin SpeedTreeImporter
LogPluginManager: Mounting plugin DatasmithContent
LogPluginManager: Mounting plugin AlembicImporter
LogPluginManager: Mounting plugin AppleImageUtils
LogPluginManager: Mounting plugin AppleVision
LogPluginManager: Mounting plugin BackChannel
LogPluginManager: Mounting plugin CharacterAI
LogPluginManager: Mounting plugin GeometryCache
LogPluginManager: Mounting plugin HTML5Networking
LogPluginManager: Mounting plugin ProxyLODPlugin
LogPluginManager: Mounting plugin MagicLeap
LogPluginManager: Mounting plugin MagicLeapEmulator
LogPluginManager: Mounting plugin MagicLeapMedia
LogPluginManager: Mounting plugin AndroidMedia
LogPluginManager: Mounting plugin AvfMedia
LogPluginManager: Mounting plugin ImgMedia
LogPluginManager: Mounting plugin LinearTimecode
LogPluginManager: Mounting plugin MediaCompositing
LogPluginManager: Mounting plugin MediaPlayerEditor
LogPluginManager: Mounting plugin WmfMedia
LogPluginManager: Mounting plugin TcpMessaging
LogPluginManager: Mounting plugin UdpMessaging
LogPluginManager: Mounting plugin ActorSequence
LogPluginManager: Mounting plugin LevelSequenceEditor
LogPluginManager: Mounting plugin MatineeToLevelSequence
LogPluginManager: Mounting plugin NetcodeUnitTest
LogPluginManager: Mounting plugin NUTUnrealEngine4
LogPluginManager: Mounting plugin OnlineSubsystemGooglePlay
LogPluginManager: Mounting plugin OnlineSubsystemIOS
LogPluginManager: Mounting plugin OnlineSubsystem
LogPluginManager: Mounting plugin OnlineSubsystemNull
LogPluginManager: Mounting plugin OnlineSubsystemUtils
LogPluginManager: Mounting plugin LauncherChunkInstaller
LogPluginManager: Mounting plugin AndroidDeviceProfileSelector
LogPluginManager: Mounting plugin AndroidMoviePlayer
LogPluginManager: Mounting plugin AndroidPermission
LogPluginManager: Mounting plugin AppleMoviePlayer
LogPluginManager: Mounting plugin ArchVisCharacter
LogPluginManager: Mounting plugin AudioCapture
LogPluginManager: Mounting plugin CableComponent
LogPluginManager: Mounting plugin CustomMeshComponent
LogPluginManager: Mounting plugin EditableMesh
LogPluginManager: Mounting plugin ExampleDeviceProfileSelector
LogPluginManager: Mounting plugin GoogleCloudMessaging
LogPluginManager: Mounting plugin ImmediatePhysics
LogPluginManager: Mounting plugin IOSDeviceProfileSelector
LogPluginManager: Mounting plugin LinuxDeviceProfileSelector
LogPluginManager: Mounting plugin LocationServicesBPLibrary
LogPluginManager: Mounting plugin MobilePatchingUtils
LogPluginManager: Mounting plugin OculusVR
LogPluginManager: Plugin shader directory ../../../Engine/Plugins/Runtime/Oculus/OculusVR/Shaders found
LogPluginManager: Mapping shader source directory ../../../Engine/Plugins/Runtime/Oculus/OculusVR/Shaders to virtual directory /Plugin/OculusVR
LogPluginManager: Mounting plugin PhysXVehicles
LogPluginManager: Mounting plugin ProceduralMeshComponent
LogPluginManager: Mounting plugin RuntimePhysXCooking
LogPluginManager: Mounting plugin SteamVR
LogPluginManager: Mounting plugin WindowsMoviePlayer
LogStreaming: Display: Took  0.329s to configure plugins.
LogInit: Using libcurl 7.55.1-DEV
LogInit:  - built for x86_64-pc-win32
LogInit:  - supports SSL with OpenSSL/1.0.2h
LogInit:  - supports HTTP deflate (compression) using libz 1.2.8
LogInit:  - other features:
LogInit:      CURL_VERSION_SSL
LogInit:      CURL_VERSION_LIBZ
LogInit:      CURL_VERSION_IPV6
LogInit:      CURL_VERSION_ASYNCHDNS
LogInit:      CURL_VERSION_LARGEFILE
LogInit:      CURL_VERSION_IDN
LogInit:  CurlRequestOptions (configurable via config and command line):
LogInit:  - bVerifyPeer = false  - Libcurl will NOT verify peer certificate
LogInit:  - bUseHttpProxy = false  - Libcurl will NOT use HTTP proxy
LogInit:  - bDontReuseConnections = false  - Libcurl will reuse connections
LogInit:  - CertBundlePath = nullptr  - Libcurl will use whatever was configured at build time.
LogInit:  - MaxHostConnections = 16  - Libcurl will limit the number of connections to a host
LogInit:  - LocalHostAddr = Default
LogInit:  - BufferSize = 65536
LogInit: WinSock: version 1.1 (2.2), MaxSocks=32767, MaxUdp=65467
LogInit: Build: ++UE4+Release-4.20-CL-4233996
LogInit: Engine Version: 4.20.1-4233996+++UE4+Release-4.20
LogInit: Compatible Engine Version: 4.20.0-4212847+++UE4+Release-4.20
LogInit: Net CL: 4212847
LogInit: OS: Windows 10 (), CPU: AMD FX-8800P Radeon R7, 12 Compute Cores 4C+8G , GPU: AMD Radeon (TM) R9 360
LogInit: Compiled (64-bit): Jul 26 2018 10:07:30
LogInit: Compiled with Visual C++: 19.13.26129.00
LogInit: Build Configuration: Development
LogInit: Branch Name: ++UE4+Release-4.20
LogInit: Command Line: 
LogInit: Base Directory: C:/Program Files/Epic Games/UE_4.20/Engine/Binaries/Win64/
LogInit: Installed Engine Build: 1
LogDevObjectVersion: Number of dev versions registered: 20
LogDevObjectVersion:   Dev-Blueprints (B0D832E4-1F89-4F0D-ACCF-7EB736FD4AA2): 10
LogDevObjectVersion:   Dev-Build (E1C64328-A22C-4D53-A36C-8E866417BD8C): 0
LogDevObjectVersion:   Dev-Core (375EC13C-06E4-48FB-B500-84F0262A717E): 2
LogDevObjectVersion:   Dev-Editor (E4B068ED-F494-42E9-A231-DA0B2E46BB41): 24
LogDevObjectVersion:   Dev-Framework (CFFC743F-43B0-4480-9391-14DF171D2073): 34
LogDevObjectVersion:   Dev-Mobile (B02B49B5-BB20-44E9-A304-32B752E40360): 2
LogDevObjectVersion:   Dev-Networking (A4E4105C-59A1-49B5-A7C5-40C4547EDFEE): 0
LogDevObjectVersion:   Dev-Online (39C831C9-5AE6-47DC-9A44-9C173E1C8E7C): 0
LogDevObjectVersion:   Dev-Physics (78F01B33-EBEA-4F98-B9B4-84EACCB95AA2): 0
LogDevObjectVersion:   Dev-Platform (6631380F-2D4D-43E0-8009-CF276956A95A): 0
LogDevObjectVersion:   Dev-Rendering (12F88B9F-8875-4AFC-A67C-D90C383ABD29): 26
LogDevObjectVersion:   Dev-Sequencer (7B5AE74C-D270-4C10-A958-57980B212A5A): 9
LogDevObjectVersion:   Dev-VR (D7296918-1DD6-4BDD-9DE2-64A83CC13884): 2
LogDevObjectVersion:   Dev-LoadTimes (C2A15278-BFE7-4AFE-6C17-90FF531DF755): 1
LogDevObjectVersion:   Private-Geometry (6EACA3D4-40EC-4CC1-B786-8BED09428FC5): 3
LogDevObjectVersion:   Dev-AnimPhys (29E575DD-E0A3-4627-9D10-D276232CDCEA): 17
LogDevObjectVersion:   Dev-ReflectionCapture (6B266CEC-1EC7-4B8F-A30B-E4D90942FC07): 1
LogDevObjectVersion:   Dev-Automation (0DF73D61-A23F-47EA-B727-89E90C41499A): 1
LogDevObjectVersion:   FortniteMain (601D1886-AC64-4F84-AA16-D3DE0DEAC7D6): 12
LogDevObjectVersion:   Dev-Enterprise (9DFFBCD6-494F-0158-E221-12823C92A888): 1
LogStreaming: Display: Took  0.001s to delete old logs.
LogInit: Presizing for max 8388607 objects, including 0 objects not considered by GC, pre-allocating 0 bytes for permanent pool.
LogInit: Object subsystem initialized
[2018.08.03-00.53.13:212][  0]LogInit: Selected Device Profile: [Windows]
[2018.08.03-00.53.13:212][  0]LogInit: Applying CVar settings loaded from the selected device profile: [Windows]
[2018.08.03-00.53.13:244][  0]LogHAL: Display: Platform has ~ 16 GB [17113329664 / 17179869184 / 16], which maps to Larger [LargestMinGB=32, LargerMinGB=12, DefaultMinGB=8, SmallerMinGB=6, SmallestMinGB=0)
[2018.08.03-00.53.13:245][  0]LogInit: Setting Device Profile CVar: [[r.Vulkan.UseRealUBs:1]]
[2018.08.03-00.53.13:245][  0]LogInit: Going up to parent DeviceProfile []
[2018.08.03-00.53.13:246][  0]LogInit: Computer: LINK
[2018.08.03-00.53.13:246][  0]LogInit: User: brixo
[2018.08.03-00.53.13:246][  0]LogInit: CPU Page size=4096, Cores=4
[2018.08.03-00.53.13:246][  0]LogInit: High frequency timer resolution =2.046944 MHz
[2018.08.03-00.53.13:247][  0]LogMemory: Memory total: Physical=15.9GB (16GB approx)
[2018.08.03-00.53.13:247][  0]LogMemory: Platform Memory Stats for Windows
[2018.08.03-00.53.13:247][  0]LogMemory: Process Physical Memory: 99.23 MB used, 99.23 MB peak
[2018.08.03-00.53.13:247][  0]LogMemory: Process Virtual Memory: 82.82 MB used, 82.82 MB peak
[2018.08.03-00.53.13:247][  0]LogMemory: Physical Memory: 9383.69 MB used,  6936.86 MB free, 16320.54 MB total
[2018.08.03-00.53.13:247][  0]LogMemory: Virtual Memory: 4622.66 MB used,  6936.86 MB free, 134217728.00 MB total
[2018.08.03-00.53.13:324][  0]LogInit: Using OS detected language (en-US).
[2018.08.03-00.53.13:324][  0]LogInit: Using OS detected locale (en-US).
[2018.08.03-00.53.13:326][  0]LogTextLocalizationManager: No specific localization for 'en-US' exists, so the 'en' localization will be used.
[2018.08.03-00.53.14:352][  0]LogStreaming: Display: Took  1.029s to InitEngineTextLocalization.
[2018.08.03-00.53.14:353][  0]LogInit: Setting process to per monitor DPI aware
[2018.08.03-00.53.14:453][  0]LogSlate: New Slate User Created.  User Index 0, Is Virtual User: 0
[2018.08.03-00.53.14:453][  0]LogSlate: Slate User Registered.  User Index 0, Is Virtual User: 0
[2018.08.03-00.53.15:146][  0]LogHMD: Failed to initialize OpenVR with code 110
[2018.08.03-00.53.15:146][  0]LogD3D11RHI: D3D11 adapters:
[2018.08.03-00.53.15:218][  0]LogD3D11RHI:    0. 'AMD Radeon (TM) R9 360' (Feature Level 11_0)
[2018.08.03-00.53.15:218][  0]LogD3D11RHI:       2025/0/8160 MB DedicatedVideo/DedicatedSystem/SharedSystem, Outputs:2, VendorId:0x1002
[2018.08.03-00.53.15:225][  0]LogD3D11RHI:    1. 'Microsoft Basic Render Driver' (Feature Level 11_0)
[2018.08.03-00.53.15:225][  0]LogD3D11RHI:       0/0/8160 MB DedicatedVideo/DedicatedSystem/SharedSystem, Outputs:0, VendorId:0x1414
[2018.08.03-00.53.15:225][  0]LogD3D11RHI: Chosen D3D11 Adapter: 0
[2018.08.03-00.53.15:250][  0]LogD3D11RHI: Creating new Direct3DDevice
[2018.08.03-00.53.15:251][  0]LogD3D11RHI:     GPU DeviceId: 0x665f (for the marketing name, search the web for "GPU Device Id")
[2018.08.03-00.53.15:251][  0]LogWindows: EnumDisplayDevices:
[2018.08.03-00.53.15:251][  0]LogWindows:    0. 'AMD Radeon (TM) R9 360' (P:1 D:1)
[2018.08.03-00.53.15:252][  0]LogWindows:    1. 'AMD Radeon (TM) R9 360' (P:0 D:1)
[2018.08.03-00.53.15:252][  0]LogWindows:    2. 'AMD Radeon (TM) R9 360' (P:0 D:0)
[2018.08.03-00.53.15:254][  0]LogWindows:    3. 'AMD Radeon (TM) R9 360' (P:0 D:0)
[2018.08.03-00.53.15:255][  0]LogWindows:    4. 'AMD Radeon (TM) R9 360' (P:0 D:0)
[2018.08.03-00.53.15:256][  0]LogWindows:    5. 'AMD Radeon (TM) R9 360' (P:0 D:0)
[2018.08.03-00.53.15:257][  0]LogWindows: DebugString: FoundDriverCount:6 
[2018.08.03-00.53.15:257][  0]LogD3D11RHI:     Adapter Name: AMD Radeon (TM) R9 360
[2018.08.03-00.53.15:257][  0]LogD3D11RHI:   Driver Version: Crimson ReLive 17.7 (internal:22.19.172.769, unified:22.19.172.769)
[2018.08.03-00.53.15:257][  0]LogD3D11RHI:      Driver Date: 6-27-2017
[2018.08.03-00.53.15:257][  0]LogRHI: Texture pool is 1417 MB (70% of 2025 MB)
[2018.08.03-00.53.15:448][  0]LogD3D11RHI: Async texture creation enabled
[2018.08.03-00.53.15:472][  0]LogD3D11RHI: GPU Timing Frequency: 27.000000 (Debug: 2 1)
[2018.08.03-00.53.15:477][  0]LogShaderCompilers: Guid format shader working directory is -32 characters bigger than the processId version (../../../../../../Users/brixo/OneDrive/Documents/GitHub/Heart-Felt/OurProject/Intermediate/Shaders/WorkingDirectory/18584/).
[2018.08.03-00.53.15:478][  0]LogShaderCompilers: Cleaned the shader compiler working directory 'C:/Users/brixo/AppData/Local/Temp/UnrealShaderWorkingDir/93310089440FD90DB53143894E8CDCEE/'.
[2018.08.03-00.53.16:685][  0]LogTemp: Display: Loaded TP AllDesktopTargetPlatform
[2018.08.03-00.53.16:717][  0]LogTemp: Display: Loaded TP MacClientTargetPlatform
[2018.08.03-00.53.16:749][  0]LogTemp: Display: Loaded TP MacNoEditorTargetPlatform
[2018.08.03-00.53.16:779][  0]LogTemp: Display: Loaded TP MacServerTargetPlatform
[2018.08.03-00.53.16:809][  0]LogTemp: Display: Loaded TP MacTargetPlatform
[2018.08.03-00.53.16:837][  0]LogTemp: Display: Loaded TP WindowsClientTargetPlatform
[2018.08.03-00.53.16:871][  0]LogTemp: Display: Loaded TP WindowsNoEditorTargetPlatform
[2018.08.03-00.53.16:904][  0]LogTemp: Display: Loaded TP WindowsServerTargetPlatform
[2018.08.03-00.53.16:920][  0]LogTemp: Display: Loaded TP WindowsTargetPlatform
[2018.08.03-00.53.17:087][  0]LogTemp: Display: Loaded TP AndroidTargetPlatform
[2018.08.03-00.53.17:087][  0]LogTemp: Display: Loaded TP AndroidTargetPlatform
[2018.08.03-00.53.17:087][  0]LogTemp: Display: Loaded TP AndroidTargetPlatform
[2018.08.03-00.53.17:087][  0]LogTemp: Display: Loaded TP AndroidTargetPlatform
[2018.08.03-00.53.17:087][  0]LogTemp: Display: Loaded TP AndroidTargetPlatform
[2018.08.03-00.53.17:087][  0]LogTemp: Display: Loaded TP AndroidTargetPlatform
[2018.08.03-00.53.17:088][  0]LogTemp: Display: Loaded TP AndroidTargetPlatform
[2018.08.03-00.53.17:088][  0]LogTemp: Display: Loaded TP AndroidTargetPlatform
[2018.08.03-00.53.17:088][  0]LogTemp: Display: Loaded TP AndroidTargetPlatform
[2018.08.03-00.53.17:088][  0]LogTemp: Display: Loaded TP AndroidTargetPlatform
[2018.08.03-00.53.17:088][  0]LogTemp: Display: Loaded TP AndroidTargetPlatform
[2018.08.03-00.53.17:088][  0]LogTemp: Display: Loaded TP AndroidTargetPlatform
[2018.08.03-00.53.17:088][  0]LogTemp: Display: Loaded TP AndroidTargetPlatform
[2018.08.03-00.53.17:088][  0]LogTemp: Display: Loaded TP AndroidTargetPlatform
[2018.08.03-00.53.17:088][  0]LogTemp: Display: Loaded TP AndroidTargetPlatform
[2018.08.03-00.53.17:088][  0]LogTemp: Display: Loaded TP AndroidTargetPlatform
[2018.08.03-00.53.17:088][  0]LogTemp: Display: Loaded TP AndroidTargetPlatform
[2018.08.03-00.53.17:088][  0]LogTemp: Display: Loaded TP AndroidTargetPlatform
[2018.08.03-00.53.17:092][  0]LogTemp: Display: Loaded TP HTML5TargetPlatform
[2018.08.03-00.53.17:190][  0]LogTemp: Display: Loaded TP IOSTargetPlatform
[2018.08.03-00.53.17:190][  0]LogTemp: Display: Loaded TP IOSTargetPlatform
[2018.08.03-00.53.17:239][  0]LogTemp: Display: Loaded TP TVOSTargetPlatform
[2018.08.03-00.53.17:239][  0]LogTemp: Display: Loaded TP TVOSTargetPlatform
[2018.08.03-00.53.17:264][  0]LogTemp: Display: Loaded TP LinuxClientTargetPlatform
[2018.08.03-00.53.17:292][  0]LogTemp: Display: Loaded TP LinuxNoEditorTargetPlatform
[2018.08.03-00.53.17:322][  0]LogTemp: Display: Loaded TP LinuxServerTargetPlatform
[2018.08.03-00.53.17:355][  0]LogTemp: Display: Loaded TP LinuxTargetPlatform
[2018.08.03-00.53.17:378][  0]LogTemp: Display: Loaded TP LuminTargetPlatform
[2018.08.03-00.53.17:378][  0]LogTargetPlatformManager: Display: Building Assets For Windows
[2018.08.03-00.53.17:546][  0]LogXGEController: Cannot use XGE Controller as Incredibuild is not installed on this machine.
[2018.08.03-00.53.17:546][  0]LogShaderCompilers: Cannot use XGE Shader Compiler as Incredibuild is not installed on this machine.
[2018.08.03-00.53.17:546][  0]LogShaderCompilers: Display: Using Local Shader Compiler.
[2018.08.03-00.53.20:585][  0]LogDerivedDataCache: Display: Max Cache Size: 512 MB
[2018.08.03-00.53.20:851][  0]LogDerivedDataCache: Loaded boot cache 0.27s 71MB C:/Users/brixo/AppData/Local/UnrealEngine/4.20/DerivedDataCache/Boot.ddc.
[2018.08.03-00.53.20:853][  0]LogDerivedDataCache: Display: Loaded Boot cache: C:/Users/brixo/AppData/Local/UnrealEngine/4.20/DerivedDataCache/Boot.ddc
[2018.08.03-00.53.20:853][  0]LogDerivedDataCache: FDerivedDataBackendGraph:  Pak pak cache file ../../../../../../Users/brixo/OneDrive/Documents/GitHub/Heart-Felt/OurProject/DerivedDataCache/DDC.ddp not found, will not use a pak cache.
[2018.08.03-00.53.20:853][  0]LogDerivedDataCache: Unable to find inner node Pak for hierarchical cache Hierarchy.
[2018.08.03-00.53.20:854][  0]LogDerivedDataCache: FDerivedDataBackendGraph:  CompressedPak pak cache file ../../../../../../Users/brixo/OneDrive/Documents/GitHub/Heart-Felt/OurProject/DerivedDataCache/Compressed.ddp not found, will not use a pak cache.
[2018.08.03-00.53.20:854][  0]LogDerivedDataCache: Unable to find inner node CompressedPak for hierarchical cache Hierarchy.
[2018.08.03-00.53.20:880][  0]LogDerivedDataCache: Display: Pak cache opened for reading ../../../Engine/DerivedDataCache/Compressed.ddp.
[2018.08.03-00.53.20:895][  0]LogDerivedDataCache: Using Local data cache path C:/Users/brixo/AppData/Local/UnrealEngine/Common/DerivedDataCache: Writable
[2018.08.03-00.53.20:895][  0]LogDerivedDataCache: Shared data cache path not found in *engine.ini, will not use an Shared cache.
[2018.08.03-00.53.20:895][  0]LogDerivedDataCache: Unable to find inner node Shared for hierarchical cache Hierarchy.
[2018.08.03-00.53.20:946][  0]LogMaterial: Verifying Global Shaders for PCD3D_SM5
[2018.08.03-00.53.20:949][  0]LogSlate: Using FreeType 2.6.0
[2018.08.03-00.53.20:951][  0]LogSlate: SlateFontServices - WITH_FREETYPE: 1, WITH_HARFBUZZ: 1
[2018.08.03-00.53.21:452][  0]LogAssetRegistry: FAssetRegistry took 0.0662 seconds to start up
[2018.08.03-00.53.22:568][  0]LogInit: Selected Device Profile: [Windows]
[2018.08.03-00.53.22:919][  0]LogSimplygon: Simplygon DLL not present - disabling.
[2018.08.03-00.53.22:931][  0]LogMeshReduction: Using SimplygonSwarm for distributed automatic mesh merging
[2018.08.03-00.53.22:931][  0]LogMeshReduction: Using ProxyLODMeshReduction for automatic mesh merging
[2018.08.03-00.53.22:932][  0]LogMeshReduction: Using QuadricMeshReduction for automatic static mesh reduction
[2018.08.03-00.53.22:932][  0]LogMeshReduction: No automatic skeletal mesh reduction module available
[2018.08.03-00.53.23:005][  0]LogNetVersion: OurProject 1.0.0, NetCL: 4212847, EngineNetVer: 5, GameNetVer: 0 (Checksum: 3951183775)
[2018.08.03-00.53.24:682][  0]LogPackageLocalizationCache: Processed 11 localized package path(s) for 2 prioritized culture(s) in 0.324035 seconds
[2018.08.03-00.53.24:701][  0]LogUObjectArray: 38425 objects as part of root set at end of initial load.
[2018.08.03-00.53.24:701][  0]LogUObjectAllocator: 6690872 out of 0 bytes used by permanent object pool.
[2018.08.03-00.53.24:701][  0]LogUObjectArray: CloseDisregardForGC: 0/0 objects in disregard for GC pool
[2018.08.03-00.53.28:105][  0]LogTcpMessaging: Initializing TcpMessaging bridge
[2018.08.03-00.53.28:161][  0]LogUdpMessaging: Initializing bridge on interface 0.0.0.0:0 to multicast group 230.0.0.1:6666.
[2018.08.03-00.53.28:566][  0]SourceControl: Source control is disabled
[2018.08.03-00.53.28:566][  0]SourceControl: Source control is disabled
[2018.08.03-00.53.28:571][  0]SourceControl: Source control is disabled
[2018.08.03-00.53.28:576][  0]SourceControl: Source control is disabled
[2018.08.03-00.53.29:201][  0]LogAndroidPermission: UAndroidPermissionCallbackProxy::GetInstance
[2018.08.03-00.53.29:527][  0]LogOcInput: OculusInput pre-init called
[2018.08.03-00.53.29:712][  0]LogEngine: Initializing Engine...
[2018.08.03-00.53.29:714][  0]LogHMD: Failed to initialize OpenVR with code 110
[2018.08.03-00.53.29:721][  0]LogStats: UGameplayTagsManager::ConstructGameplayTagTree: ImportINI prefixes -  0.000 s
[2018.08.03-00.53.29:721][  0]LogStats: UGameplayTagsManager::ConstructGameplayTagTree: Construct from data asset -  0.000 s
[2018.08.03-00.53.29:721][  0]LogStats: UGameplayTagsManager::ConstructGameplayTagTree: ImportINI -  0.000 s
[2018.08.03-00.53.29:721][  0]LogStats: UGameplayTagsManager::ConstructGameplayTagTree: GameplayTagTreeChangedEvent.Broadcast -  0.000 s
[2018.08.03-00.53.30:351][  0]LogInit: Initializing FReadOnlyCVARCache
[2018.08.03-00.53.30:410][  0]LogAIModule: Creating AISystem for world Untitled
[2018.08.03-00.53.30:443][  0]LogInit: XAudio2 using 'Headset Earphone (Corsair Gaming H2100 Headset)' : 2 channels at 48 kHz using 16 bits per sample (channel mask 0x3)
[2018.08.03-00.53.30:485][  0]LogInit: FAudioDevice initialized.
[2018.08.03-00.53.30:486][  0]LogNetVersion: Set ProjectVersion to 1.0.0.0. Version Checksum will be recalculated on next use.
[2018.08.03-00.53.32:379][  0]LogDerivedDataCache: Saved boot cache 1.89s 71MB C:/Users/brixo/AppData/Local/UnrealEngine/4.20/DerivedDataCache/Boot.ddc.
[2018.08.03-00.53.32:394][  0]LogInit: Texture streaming: Enabled
[2018.08.03-00.53.32:453][  0]LogEngineSessionManager: EngineSessionManager initialized
[2018.08.03-00.53.32:512][  0]LogInit: Transaction tracking system initialized
[2018.08.03-00.53.32:588][  0]BlueprintLog: New page: Editor Load
[2018.08.03-00.53.33:377][  0]LogInit: Warning: CVar named 'r.MobileHDR' marked up in RendererSettings was not found or is set to read-only
[2018.08.03-00.53.34:331][  0]LocalizationService: Localization service is disabled
[2018.08.03-00.53.37:064][  0]LogCook: Display: Max memory allowance for cook 16384mb min free memory 0mb
[2018.08.03-00.53.37:065][  0]LogCook: Display: Mobile HDR setting 1
[2018.08.03-00.53.37:302][  0]LogFileCache: Scanning file cache for directory 'C:/Users/brixo/OneDrive/Documents/GitHub/Heart-Felt/OurProject/Content/' took 0.02s
[2018.08.03-00.53.37:302][  0]LogGameplayTags: Display: UGameplayTagsManager::DoneAddingNativeTags. DelegateIsBound: 0
[2018.08.03-00.53.37:302][  0]LogStats: UGameplayTagsManager::ConstructGameplayTagTree: ImportINI prefixes -  0.000 s
[2018.08.03-00.53.37:302][  0]LogStats: UGameplayTagsManager::ConstructGameplayTagTree: Construct from data asset -  0.000 s
[2018.08.03-00.53.37:303][  0]LogStats: UGameplayTagsManager::ConstructGameplayTagTree: ImportINI -  0.000 s
[2018.08.03-00.53.37:303][  0]LogStats: UGameplayTagsManager::ConstructGameplayTagTree: GameplayTagTreeChangedEvent.Broadcast -  0.000 s
[2018.08.03-00.53.39:830][  0]SourceControl: Source control is disabled
[2018.08.03-00.53.39:831][  0]Cmd: MAP LOAD FILE="../../../../../../Users/brixo/OneDrive/Documents/GitHub/Heart-Felt/OurProject/Content/2DSideScrollerBP/Maps/2DSideScrollerExampleMap.umap" TEMPLATE=0 SHOWPROGRESS=1 FEATURELEVEL=3
[2018.08.03-00.53.39:832][  0]LightingResults: New page: Lighting Build
[2018.08.03-00.53.39:839][  0]MapCheck: New page: Map Check
[2018.08.03-00.53.39:840][  0]LightingResults: New page: Lighting Build
[2018.08.03-00.53.43:637][  0]LogAIModule: Creating AISystem for world 2DSideScrollerExampleMap
[2018.08.03-00.53.44:016][  0]LogEditorServer: Finished looking for orphan Actors (0.000 secs)
[2018.08.03-00.53.44:304][  0]Cmd: MAP CHECKDEP NOCLEARLOG
[2018.08.03-00.53.44:531][  0]MapCheck: Map check complete: 0 Error(s), 0 Warning(s), took 226.706ms to complete.
[2018.08.03-00.53.44:531][  0]LogFileHelpers: Loading map '2DSideScrollerExampleMap' took 4.701
[2018.08.03-00.53.47:675][  0]LogSlate: Updating window title bar state: overlay mode, drag disabled, window buttons hidden, title bar hidden
[2018.08.03-00.53.47:827][  0]LogSlate: Updating window title bar state: overlay mode, drag disabled, window buttons hidden, title bar hidden
[2018.08.03-00.53.47:844][  0]LogSlate: Updating window title bar state: overlay mode, drag disabled, window buttons hidden, title bar hidden
[2018.08.03-00.53.47:861][  0]LogSlate: Updating window title bar state: overlay mode, drag disabled, window buttons hidden, title bar hidden
[2018.08.03-00.53.48:388][  0]LogCollectionManager: Loaded 0 collections in 0.004114 seconds
[2018.08.03-00.53.49:583][  0]LogFileCache: Scanning file cache for directory 'C:/Users/brixo/OneDrive/Documents/GitHub/Heart-Felt/OurProject/Saved/Collections/' took 0.01s
[2018.08.03-00.53.49:583][  0]LogFileCache: Scanning file cache for directory 'C:/Users/brixo/OneDrive/Documents/GitHub/Heart-Felt/OurProject/Content/Developers/brixo/Collections/' took 0.01s
[2018.08.03-00.53.49:583][  0]LogFileCache: Scanning file cache for directory 'C:/Users/brixo/OneDrive/Documents/GitHub/Heart-Felt/OurProject/Content/Collections/' took 0.01s
[2018.08.03-00.53.49:583][  0]LogCollectionManager: Rebuilt the GUID cache for 0 collections in 0.000001 seconds
[2018.08.03-00.53.49:634][  0]LogContentBrowser: Native class hierarchy populated in 0.0257 seconds. Added 2572 classes and 603 folders.
[2018.08.03-00.53.50:136][  0]LogContentBrowser: Native class hierarchy updated for 'WidgetCarousel' in 0.0006 seconds. Added 0 classes and 0 folders.
[2018.08.03-00.53.50:288][  0]LogContentBrowser: Native class hierarchy updated for 'AddContentDialog' in 0.0007 seconds. Added 0 classes and 0 folders.
[2018.08.03-00.53.50:724][  0]LogContentBrowser: Native class hierarchy updated for 'SceneOutliner' in 0.0008 seconds. Added 1 classes and 2 folders.
[2018.08.03-00.53.51:723][  0]LogContentBrowser: Native class hierarchy updated for 'WorldBrowser' in 0.0009 seconds. Added 2 classes and 3 folders.
[2018.08.03-00.54.07:391][  0]LogSlate: Only BGRA pngs, bmps or icos are supported in by External Image Picker
[2018.08.03-00.54.08:100][  0]LogSlate: Took 0.000872 seconds to synchronously load lazily loaded font '../../../Engine/Content/Slate/Fonts/Roboto-Regular.ttf' (155K)
[2018.08.03-00.54.08:105][  0]LogSlate: Took 0.000847 seconds to synchronously load lazily loaded font '../../../Engine/Content/Slate/Fonts/Roboto-Bold.ttf' (160K)
[2018.08.03-00.54.08:262][  0]LogSlate: Took 0.097548 seconds to synchronously load lazily loaded font '../../../Engine/Content/Editor/Slate/Fonts/FontAwesome.ttf' (139K)
[2018.08.03-00.54.09:681][  0]LogTemp: Executing iPhonePackager certificates Engine -bundlename com.YourCompany.OurProject
[2018.08.03-00.54.09:681][  0]LogTemp: CWD: C:\Program Files\Epic Games\UE_4.20\Engine\Binaries\DotNET\IOS
[2018.08.03-00.54.09:681][  0]LogTemp: Initial Dir: C:\Program Files\Epic Games\UE_4.20
[2018.08.03-00.54.09:681][  0]LogTemp: Env CWD: C:\Program Files\Epic Games\UE_4.20\Engine\Binaries\DotNET\IOS
[2018.08.03-00.54.09:681][  0]LogTemp: BranchPath = LINK/C/Program Files/Epic Games/UE_4.20/Engine/Binaries --- GameBranchPath = LINK/C/Program Files/Epic Games/UE_4.20/Engine/Binaries
[2018.08.03-00.54.09:681][  0]LogTemp: IPP ERROR: Could not find provision directory 'C:\Users\brixo\AppData\Local/Apple Computer/MobileDevice/Provisioning Profiles/'.
[2018.08.03-00.54.09:681][  0]LogRenderer: Reallocating scene render targets to support 1208x576 Format 10 NumSamples 1 (Frame:1).
[2018.08.03-00.54.11:558][  0]LogContentBrowser: Native class hierarchy updated for 'HierarchicalLODOutliner' in 0.0007 seconds. Added 0 classes and 0 folders.
[2018.08.03-00.54.11:558][  0]LogLoad: (Engine Initialization) Total time: 64.34 seconds
[2018.08.03-00.54.11:559][  0]LogLoad: (Engine Initialization) Total Blueprint compile time: 0.00 seconds
[2018.08.03-00.54.11:571][  0]LogWindowsTextInputMethodSystem: Display: IME system now deactivated.
[2018.08.03-00.54.13:313][  0]LogContentStreaming: Texture pool size now 3000 MB
[2018.08.03-00.54.13:847][  0]LogSlate: Took 0.000715 seconds to synchronously load lazily loaded font '../../../Engine/Content/Slate/Fonts/Roboto-Light.ttf' (167K)
[2018.08.03-00.54.16:568][ 99]LogSlate: FSceneViewport::OnFocusLost() reason 0
[2018.08.03-00.54.26:434][691]LogCollectionManager: Rebuilt the object cache for 0 collections in 0.000001 seconds (found 0 objects)
[2018.08.03-00.55.16:475][408]LogAssetRegistry: Asset discovery search completed in 115.0531 seconds
[2018.08.03-00.55.16:481][408]LogCollectionManager: Fixed up redirectors for 0 collections in 0.000028 seconds (updated 0 objects)
