Log file open, 08/16/18 16:01:48
LogWindows: Failed to load 'aqProf.dll' (GetLastError=126)
LogWindows: File 'aqProf.dll' does not exist
LogWindows: Failed to load 'VtuneApi.dll' (GetLastError=126)
LogWindows: File 'VtuneApi.dll' does not exist
LogWindows: Failed to load 'VtuneApi32e.dll' (GetLastError=126)
LogWindows: File 'VtuneApi32e.dll' does not exist
LogInit: Display: Running engine for game: OurProject
LogPlatformFile: Not using cached read wrapper
LogTaskGraph: Started task graph with 5 named threads and 14 total threads with 3 sets of task threads.
LogStats: Stats thread started at 0.475315
LogD3D11RHI: Loaded GFSDK_Aftermath_Lib.x64.dll
LogICUInternationalization: Display: ICU TimeZone Detection - Raw Offset: -6:00, Platform Override: ''
LogPluginManager: Mounting plugin Paper2D
LogPluginManager: Mounting plugin AISupport
LogPluginManager: Mounting plugin LightPropagationVolume
LogPluginManager: Mounting plugin CLionSourceCodeAccess
LogPluginManager: Mounting plugin CodeLiteSourceCodeAccess
LogPluginManager: Mounting plugin GitSourceControl
LogPluginManager: Mounting plugin KDevelopSourceCodeAccess
LogPluginManager: Mounting plugin NullSourceCodeAccess
LogPluginManager: Mounting plugin PerforceSourceControl
LogPluginManager: Mounting plugin SubversionSourceControl
LogPluginManager: Mounting plugin UObjectPlugin
LogPluginManager: Mounting plugin VisualStudioCodeSourceCodeAccess
LogPluginManager: Mounting plugin VisualStudioSourceCodeAccess
LogPluginManager: Mounting plugin XCodeSourceCodeAccess
LogPluginManager: Mounting plugin AssetManagerEditor
LogPluginManager: Mounting plugin CryptoKeys
LogPluginManager: Mounting plugin DataValidation
LogPluginManager: Mounting plugin FacialAnimation
LogPluginManager: Mounting plugin GameplayTagsEditor
LogPluginManager: Mounting plugin MacGraphicsSwitching
LogPluginManager: Mounting plugin MeshEditor
LogPluginManager: Mounting plugin MobileLauncherProfileWizard
LogPluginManager: Mounting plugin PluginBrowser
LogPluginManager: Mounting plugin SpeedTreeImporter
LogPluginManager: Mounting plugin DatasmithContent
LogPluginManager: Mounting plugin AlembicImporter
LogPluginManager: Mounting plugin AppleImageUtils
LogPluginManager: Mounting plugin AppleVision
LogPluginManager: Mounting plugin BackChannel
LogPluginManager: Mounting plugin CharacterAI
LogPluginManager: Mounting plugin GeometryCache
LogPluginManager: Mounting plugin HTML5Networking
LogPluginManager: Mounting plugin ProxyLODPlugin
LogPluginManager: Mounting plugin MagicLeap
LogPluginManager: Mounting plugin MagicLeapEmulator
LogPluginManager: Mounting plugin MagicLeapMedia
LogPluginManager: Mounting plugin AndroidMedia
LogPluginManager: Mounting plugin AvfMedia
LogPluginManager: Mounting plugin ImgMedia
LogPluginManager: Mounting plugin LinearTimecode
LogPluginManager: Mounting plugin MediaCompositing
LogPluginManager: Mounting plugin MediaPlayerEditor
LogPluginManager: Mounting plugin WmfMedia
LogPluginManager: Mounting plugin TcpMessaging
LogPluginManager: Mounting plugin UdpMessaging
LogPluginManager: Mounting plugin ActorSequence
LogPluginManager: Mounting plugin LevelSequenceEditor
LogPluginManager: Mounting plugin MatineeToLevelSequence
LogPluginManager: Mounting plugin NetcodeUnitTest
LogPluginManager: Mounting plugin NUTUnrealEngine4
LogPluginManager: Mounting plugin OnlineSubsystemGooglePlay
LogPluginManager: Mounting plugin OnlineSubsystemIOS
LogPluginManager: Mounting plugin OnlineSubsystem
LogPluginManager: Mounting plugin OnlineSubsystemNull
LogPluginManager: Mounting plugin OnlineSubsystemUtils
LogPluginManager: Mounting plugin LauncherChunkInstaller
LogPluginManager: Mounting plugin AndroidDeviceProfileSelector
LogPluginManager: Mounting plugin AndroidMoviePlayer
LogPluginManager: Mounting plugin AndroidPermission
LogPluginManager: Mounting plugin AppleMoviePlayer
LogPluginManager: Mounting plugin ArchVisCharacter
LogPluginManager: Mounting plugin AudioCapture
LogPluginManager: Mounting plugin CableComponent
LogPluginManager: Mounting plugin CustomMeshComponent
LogPluginManager: Mounting plugin EditableMesh
LogPluginManager: Mounting plugin ExampleDeviceProfileSelector
LogPluginManager: Mounting plugin GoogleCloudMessaging
LogPluginManager: Mounting plugin ImmediatePhysics
LogPluginManager: Mounting plugin IOSDeviceProfileSelector
LogPluginManager: Mounting plugin LinuxDeviceProfileSelector
LogPluginManager: Mounting plugin LocationServicesBPLibrary
LogPluginManager: Mounting plugin MobilePatchingUtils
LogPluginManager: Mounting plugin OculusVR
LogPluginManager: Plugin shader directory ../../../Engine/Plugins/Runtime/Oculus/OculusVR/Shaders found
LogPluginManager: Mapping shader source directory ../../../Engine/Plugins/Runtime/Oculus/OculusVR/Shaders to virtual directory /Plugin/OculusVR
LogPluginManager: Mounting plugin PhysXVehicles
LogPluginManager: Mounting plugin ProceduralMeshComponent
LogPluginManager: Mounting plugin RuntimePhysXCooking
LogPluginManager: Mounting plugin SteamVR
LogPluginManager: Mounting plugin WindowsMoviePlayer
LogStreaming: Display: Took  0.542s to configure plugins.
LogInit: Using libcurl 7.55.1-DEV
LogInit:  - built for x86_64-pc-win32
LogInit:  - supports SSL with OpenSSL/1.0.2h
LogInit:  - supports HTTP deflate (compression) using libz 1.2.8
LogInit:  - other features:
LogInit:      CURL_VERSION_SSL
LogInit:      CURL_VERSION_LIBZ
LogInit:      CURL_VERSION_IPV6
LogInit:      CURL_VERSION_ASYNCHDNS
LogInit:      CURL_VERSION_LARGEFILE
LogInit:      CURL_VERSION_IDN
LogInit:  CurlRequestOptions (configurable via config and command line):
LogInit:  - bVerifyPeer = false  - Libcurl will NOT verify peer certificate
LogInit:  - bUseHttpProxy = false  - Libcurl will NOT use HTTP proxy
LogInit:  - bDontReuseConnections = false  - Libcurl will reuse connections
LogInit:  - CertBundlePath = nullptr  - Libcurl will use whatever was configured at build time.
LogInit:  - MaxHostConnections = 16  - Libcurl will limit the number of connections to a host
LogInit:  - LocalHostAddr = Default
LogInit:  - BufferSize = 65536
LogInit: WinSock: version 1.1 (2.2), MaxSocks=32767, MaxUdp=65467
LogInit: Build: ++UE4+Release-4.20-CL-4233996
LogInit: Engine Version: 4.20.1-4233996+++UE4+Release-4.20
LogInit: Compatible Engine Version: 4.20.0-4212847+++UE4+Release-4.20
LogInit: Net CL: 4212847
LogInit: OS: Windows 10 (), CPU: AMD FX-8800P Radeon R7, 12 Compute Cores 4C+8G , GPU: AMD Radeon (TM) R9 360
LogInit: Compiled (64-bit): Jul 26 2018 10:07:30
LogInit: Compiled with Visual C++: 19.13.26129.00
LogInit: Build Configuration: Development
LogInit: Branch Name: ++UE4+Release-4.20
LogInit: Command Line: 
LogInit: Base Directory: C:/Program Files/Epic Games/UE_4.20/Engine/Binaries/Win64/
LogInit: Installed Engine Build: 1
LogDevObjectVersion: Number of dev versions registered: 20
LogDevObjectVersion:   Dev-Blueprints (B0D832E4-1F89-4F0D-ACCF-7EB736FD4AA2): 10
LogDevObjectVersion:   Dev-Build (E1C64328-A22C-4D53-A36C-8E866417BD8C): 0
LogDevObjectVersion:   Dev-Core (375EC13C-06E4-48FB-B500-84F0262A717E): 2
LogDevObjectVersion:   Dev-Editor (E4B068ED-F494-42E9-A231-DA0B2E46BB41): 24
LogDevObjectVersion:   Dev-Framework (CFFC743F-43B0-4480-9391-14DF171D2073): 34
LogDevObjectVersion:   Dev-Mobile (B02B49B5-BB20-44E9-A304-32B752E40360): 2
LogDevObjectVersion:   Dev-Networking (A4E4105C-59A1-49B5-A7C5-40C4547EDFEE): 0
LogDevObjectVersion:   Dev-Online (39C831C9-5AE6-47DC-9A44-9C173E1C8E7C): 0
LogDevObjectVersion:   Dev-Physics (78F01B33-EBEA-4F98-B9B4-84EACCB95AA2): 0
LogDevObjectVersion:   Dev-Platform (6631380F-2D4D-43E0-8009-CF276956A95A): 0
LogDevObjectVersion:   Dev-Rendering (12F88B9F-8875-4AFC-A67C-D90C383ABD29): 26
LogDevObjectVersion:   Dev-Sequencer (7B5AE74C-D270-4C10-A958-57980B212A5A): 9
LogDevObjectVersion:   Dev-VR (D7296918-1DD6-4BDD-9DE2-64A83CC13884): 2
LogDevObjectVersion:   Dev-LoadTimes (C2A15278-BFE7-4AFE-6C17-90FF531DF755): 1
LogDevObjectVersion:   Private-Geometry (6EACA3D4-40EC-4CC1-B786-8BED09428FC5): 3
LogDevObjectVersion:   Dev-AnimPhys (29E575DD-E0A3-4627-9D10-D276232CDCEA): 17
LogDevObjectVersion:   Dev-ReflectionCapture (6B266CEC-1EC7-4B8F-A30B-E4D90942FC07): 1
LogDevObjectVersion:   Dev-Automation (0DF73D61-A23F-47EA-B727-89E90C41499A): 1
LogDevObjectVersion:   FortniteMain (601D1886-AC64-4F84-AA16-D3DE0DEAC7D6): 12
LogDevObjectVersion:   Dev-Enterprise (9DFFBCD6-494F-0158-E221-12823C92A888): 1
LogStreaming: Display: Took  0.006s to delete old logs.
LogInit: Presizing for max 8388607 objects, including 0 objects not considered by GC, pre-allocating 0 bytes for permanent pool.
LogInit: Object subsystem initialized
[2018.08.16-22.01.49:551][  0]LogInit: Selected Device Profile: [Windows]
[2018.08.16-22.01.49:551][  0]LogInit: Applying CVar settings loaded from the selected device profile: [Windows]
[2018.08.16-22.01.49:717][  0]LogHAL: Display: Platform has ~ 16 GB [17113329664 / 17179869184 / 16], which maps to Larger [LargestMinGB=32, LargerMinGB=12, DefaultMinGB=8, SmallerMinGB=6, SmallestMinGB=0)
[2018.08.16-22.01.49:718][  0]LogInit: Setting Device Profile CVar: [[r.Vulkan.UseRealUBs:1]]
[2018.08.16-22.01.49:718][  0]LogInit: Going up to parent DeviceProfile []
[2018.08.16-22.01.49:764][  0]LogInit: Computer: LINK
[2018.08.16-22.01.49:764][  0]LogInit: User: brixo
[2018.08.16-22.01.49:764][  0]LogInit: CPU Page size=4096, Cores=4
[2018.08.16-22.01.49:764][  0]LogInit: High frequency timer resolution =2.046942 MHz
[2018.08.16-22.01.49:765][  0]LogMemory: Memory total: Physical=15.9GB (16GB approx)
[2018.08.16-22.01.49:765][  0]LogMemory: Platform Memory Stats for Windows
[2018.08.16-22.01.49:765][  0]LogMemory: Process Physical Memory: 100.54 MB used, 100.54 MB peak
[2018.08.16-22.01.49:765][  0]LogMemory: Process Virtual Memory: 84.41 MB used, 84.41 MB peak
[2018.08.16-22.01.49:765][  0]LogMemory: Physical Memory: 7876.95 MB used,  8443.59 MB free, 16320.54 MB total
[2018.08.16-22.01.49:765][  0]LogMemory: Virtual Memory: 4625.35 MB used,  8443.59 MB free, 134217728.00 MB total
[2018.08.16-22.01.49:840][  0]LogInit: Using OS detected language (en-US).
[2018.08.16-22.01.49:841][  0]LogInit: Using OS detected locale (en-US).
[2018.08.16-22.01.49:844][  0]LogTextLocalizationManager: No specific localization for 'en-US' exists, so the 'en' localization will be used.
[2018.08.16-22.01.50:846][  0]LogStreaming: Display: Took  1.006s to InitEngineTextLocalization.
[2018.08.16-22.01.50:847][  0]LogInit: Setting process to per monitor DPI aware
[2018.08.16-22.01.51:059][  0]LogSlate: New Slate User Created.  User Index 0, Is Virtual User: 0
[2018.08.16-22.01.51:059][  0]LogSlate: Slate User Registered.  User Index 0, Is Virtual User: 0
[2018.08.16-22.01.55:706][  0]LogHMD: Failed to initialize OpenVR with code 110
[2018.08.16-22.01.55:706][  0]LogD3D11RHI: D3D11 adapters:
[2018.08.16-22.01.55:799][  0]LogD3D11RHI:    0. 'AMD Radeon (TM) R9 360' (Feature Level 11_0)
[2018.08.16-22.01.55:799][  0]LogD3D11RHI:       2025/0/8160 MB DedicatedVideo/DedicatedSystem/SharedSystem, Outputs:2, VendorId:0x1002
[2018.08.16-22.01.55:805][  0]LogD3D11RHI:    1. 'Microsoft Basic Render Driver' (Feature Level 11_0)
[2018.08.16-22.01.55:805][  0]LogD3D11RHI:       0/0/8160 MB DedicatedVideo/DedicatedSystem/SharedSystem, Outputs:0, VendorId:0x1414
[2018.08.16-22.01.55:805][  0]LogD3D11RHI: Chosen D3D11 Adapter: 0
[2018.08.16-22.01.55:822][  0]LogD3D11RHI: Creating new Direct3DDevice
[2018.08.16-22.01.55:823][  0]LogD3D11RHI:     GPU DeviceId: 0x665f (for the marketing name, search the web for "GPU Device Id")
[2018.08.16-22.01.55:823][  0]LogWindows: EnumDisplayDevices:
[2018.08.16-22.01.55:823][  0]LogWindows:    0. 'AMD Radeon (TM) R9 360' (P:1 D:1)
[2018.08.16-22.01.55:824][  0]LogWindows:    1. 'AMD Radeon (TM) R9 360' (P:0 D:1)
[2018.08.16-22.01.55:824][  0]LogWindows:    2. 'AMD Radeon (TM) R9 360' (P:0 D:0)
[2018.08.16-22.01.55:824][  0]LogWindows:    3. 'AMD Radeon (TM) R9 360' (P:0 D:0)
[2018.08.16-22.01.55:825][  0]LogWindows:    4. 'AMD Radeon (TM) R9 360' (P:0 D:0)
[2018.08.16-22.01.55:825][  0]LogWindows:    5. 'AMD Radeon (TM) R9 360' (P:0 D:0)
[2018.08.16-22.01.55:826][  0]LogWindows: DebugString: FoundDriverCount:6 
[2018.08.16-22.01.55:826][  0]LogD3D11RHI:     Adapter Name: AMD Radeon (TM) R9 360
[2018.08.16-22.01.55:826][  0]LogD3D11RHI:   Driver Version: Crimson ReLive 17.7 (internal:22.19.172.769, unified:22.19.172.769)
[2018.08.16-22.01.55:826][  0]LogD3D11RHI:      Driver Date: 6-27-2017
[2018.08.16-22.01.55:826][  0]LogRHI: Texture pool is 1417 MB (70% of 2025 MB)
[2018.08.16-22.01.55:962][  0]LogD3D11RHI: Async texture creation enabled
[2018.08.16-22.01.55:982][  0]LogD3D11RHI: GPU Timing Frequency: 27.000000 (Debug: 2 1)
[2018.08.16-22.01.55:987][  0]LogShaderCompilers: Guid format shader working directory is -32 characters bigger than the processId version (../../../../../../Users/brixo/OneDrive/Documents/GitHub/Heart-Felt/OurProject/Intermediate/Shaders/WorkingDirectory/11856/).
[2018.08.16-22.01.55:987][  0]LogShaderCompilers: Cleaned the shader compiler working directory 'C:/Users/brixo/AppData/Local/Temp/UnrealShaderWorkingDir/9039D1764E14FA9201F5268E7889E37B/'.
[2018.08.16-22.01.56:808][  0]LogTemp: Display: Loaded TP AllDesktopTargetPlatform
[2018.08.16-22.01.56:846][  0]LogTemp: Display: Loaded TP MacClientTargetPlatform
[2018.08.16-22.01.56:883][  0]LogTemp: Display: Loaded TP MacNoEditorTargetPlatform
[2018.08.16-22.01.56:918][  0]LogTemp: Display: Loaded TP MacServerTargetPlatform
[2018.08.16-22.01.56:985][  0]LogTemp: Display: Loaded TP MacTargetPlatform
[2018.08.16-22.01.57:018][  0]LogTemp: Display: Loaded TP WindowsClientTargetPlatform
[2018.08.16-22.01.57:052][  0]LogTemp: Display: Loaded TP WindowsNoEditorTargetPlatform
[2018.08.16-22.01.57:085][  0]LogTemp: Display: Loaded TP WindowsServerTargetPlatform
[2018.08.16-22.01.57:101][  0]LogTemp: Display: Loaded TP WindowsTargetPlatform
[2018.08.16-22.01.57:311][  0]LogTemp: Display: Loaded TP AndroidTargetPlatform
[2018.08.16-22.01.57:311][  0]LogTemp: Display: Loaded TP AndroidTargetPlatform
[2018.08.16-22.01.57:311][  0]LogTemp: Display: Loaded TP AndroidTargetPlatform
[2018.08.16-22.01.57:311][  0]LogTemp: Display: Loaded TP AndroidTargetPlatform
[2018.08.16-22.01.57:311][  0]LogTemp: Display: Loaded TP AndroidTargetPlatform
[2018.08.16-22.01.57:311][  0]LogTemp: Display: Loaded TP AndroidTargetPlatform
[2018.08.16-22.01.57:311][  0]LogTemp: Display: Loaded TP AndroidTargetPlatform
[2018.08.16-22.01.57:311][  0]LogTemp: Display: Loaded TP AndroidTargetPlatform
[2018.08.16-22.01.57:311][  0]LogTemp: Display: Loaded TP AndroidTargetPlatform
[2018.08.16-22.01.57:311][  0]LogTemp: Display: Loaded TP AndroidTargetPlatform
[2018.08.16-22.01.57:311][  0]LogTemp: Display: Loaded TP AndroidTargetPlatform
[2018.08.16-22.01.57:311][  0]LogTemp: Display: Loaded TP AndroidTargetPlatform
[2018.08.16-22.01.57:311][  0]LogTemp: Display: Loaded TP AndroidTargetPlatform
[2018.08.16-22.01.57:311][  0]LogTemp: Display: Loaded TP AndroidTargetPlatform
[2018.08.16-22.01.57:311][  0]LogTemp: Display: Loaded TP AndroidTargetPlatform
[2018.08.16-22.01.57:311][  0]LogTemp: Display: Loaded TP AndroidTargetPlatform
[2018.08.16-22.01.57:311][  0]LogTemp: Display: Loaded TP AndroidTargetPlatform
[2018.08.16-22.01.57:311][  0]LogTemp: Display: Loaded TP AndroidTargetPlatform
[2018.08.16-22.01.57:316][  0]LogTemp: Display: Loaded TP HTML5TargetPlatform
[2018.08.16-22.01.57:424][  0]LogTemp: Display: Loaded TP IOSTargetPlatform
[2018.08.16-22.01.57:424][  0]LogTemp: Display: Loaded TP IOSTargetPlatform
[2018.08.16-22.01.57:478][  0]LogTemp: Display: Loaded TP TVOSTargetPlatform
[2018.08.16-22.01.57:478][  0]LogTemp: Display: Loaded TP TVOSTargetPlatform
[2018.08.16-22.01.57:507][  0]LogTemp: Display: Loaded TP LinuxClientTargetPlatform
[2018.08.16-22.01.57:537][  0]LogTemp: Display: Loaded TP LinuxNoEditorTargetPlatform
[2018.08.16-22.01.57:571][  0]LogTemp: Display: Loaded TP LinuxServerTargetPlatform
[2018.08.16-22.01.57:603][  0]LogTemp: Display: Loaded TP LinuxTargetPlatform
[2018.08.16-22.01.57:624][  0]LogTemp: Display: Loaded TP LuminTargetPlatform
[2018.08.16-22.01.57:624][  0]LogTargetPlatformManager: Display: Building Assets For Windows
[2018.08.16-22.01.57:795][  0]LogXGEController: Cannot use XGE Controller as Incredibuild is not installed on this machine.
[2018.08.16-22.01.57:795][  0]LogShaderCompilers: Cannot use XGE Shader Compiler as Incredibuild is not installed on this machine.
[2018.08.16-22.01.57:795][  0]LogShaderCompilers: Display: Using Local Shader Compiler.
[2018.08.16-22.02.02:396][  0]LogDerivedDataCache: Display: Max Cache Size: 512 MB
[2018.08.16-22.02.02:784][  0]LogDerivedDataCache: Loaded boot cache 0.39s 72MB C:/Users/brixo/AppData/Local/UnrealEngine/4.20/DerivedDataCache/Boot.ddc.
[2018.08.16-22.02.02:785][  0]LogDerivedDataCache: Display: Loaded Boot cache: C:/Users/brixo/AppData/Local/UnrealEngine/4.20/DerivedDataCache/Boot.ddc
[2018.08.16-22.02.02:785][  0]LogDerivedDataCache: FDerivedDataBackendGraph:  Pak pak cache file ../../../../../../Users/brixo/OneDrive/Documents/GitHub/Heart-Felt/OurProject/DerivedDataCache/DDC.ddp not found, will not use a pak cache.
[2018.08.16-22.02.02:785][  0]LogDerivedDataCache: Unable to find inner node Pak for hierarchical cache Hierarchy.
[2018.08.16-22.02.02:785][  0]LogDerivedDataCache: FDerivedDataBackendGraph:  CompressedPak pak cache file ../../../../../../Users/brixo/OneDrive/Documents/GitHub/Heart-Felt/OurProject/DerivedDataCache/Compressed.ddp not found, will not use a pak cache.
[2018.08.16-22.02.02:785][  0]LogDerivedDataCache: Unable to find inner node CompressedPak for hierarchical cache Hierarchy.
[2018.08.16-22.02.02:808][  0]LogDerivedDataCache: Display: Pak cache opened for reading ../../../Engine/DerivedDataCache/Compressed.ddp.
[2018.08.16-22.02.02:823][  0]LogDerivedDataCache: Using Local data cache path C:/Users/brixo/AppData/Local/UnrealEngine/Common/DerivedDataCache: Writable
[2018.08.16-22.02.02:823][  0]LogDerivedDataCache: Shared data cache path not found in *engine.ini, will not use an Shared cache.
[2018.08.16-22.02.02:823][  0]LogDerivedDataCache: Unable to find inner node Shared for hierarchical cache Hierarchy.
[2018.08.16-22.02.02:863][  0]LogMaterial: Verifying Global Shaders for PCD3D_SM5
[2018.08.16-22.02.02:866][  0]LogSlate: Using FreeType 2.6.0
[2018.08.16-22.02.02:880][  0]LogSlate: SlateFontServices - WITH_FREETYPE: 1, WITH_HARFBUZZ: 1
[2018.08.16-22.02.03:938][  0]LogAssetRegistry: FAssetRegistry took 0.0335 seconds to start up
[2018.08.16-22.02.04:845][  0]LogInit: Selected Device Profile: [Windows]
[2018.08.16-22.02.05:249][  0]LogSimplygon: Simplygon DLL not present - disabling.
[2018.08.16-22.02.05:261][  0]LogMeshReduction: Using SimplygonSwarm for distributed automatic mesh merging
[2018.08.16-22.02.05:261][  0]LogMeshReduction: Using ProxyLODMeshReduction for automatic mesh merging
[2018.08.16-22.02.05:261][  0]LogMeshReduction: Using QuadricMeshReduction for automatic static mesh reduction
[2018.08.16-22.02.05:261][  0]LogMeshReduction: No automatic skeletal mesh reduction module available
[2018.08.16-22.02.05:313][  0]LogNetVersion: OurProject 1.0.0, NetCL: 4212847, EngineNetVer: 5, GameNetVer: 0 (Checksum: 3951183775)
[2018.08.16-22.02.06:951][  0]LogPackageLocalizationCache: Processed 11 localized package path(s) for 2 prioritized culture(s) in 0.390546 seconds
[2018.08.16-22.02.06:970][  0]LogUObjectArray: 38425 objects as part of root set at end of initial load.
[2018.08.16-22.02.06:970][  0]LogUObjectAllocator: 6690864 out of 0 bytes used by permanent object pool.
[2018.08.16-22.02.06:970][  0]LogUObjectArray: CloseDisregardForGC: 0/0 objects in disregard for GC pool
[2018.08.16-22.02.21:781][  0]LogTcpMessaging: Initializing TcpMessaging bridge
[2018.08.16-22.02.21:799][  0]LogUdpMessaging: Initializing bridge on interface 0.0.0.0:0 to multicast group 230.0.0.1:6666.
[2018.08.16-22.02.22:149][  0]SourceControl: Source control is disabled
[2018.08.16-22.02.22:149][  0]SourceControl: Source control is disabled
[2018.08.16-22.02.22:154][  0]SourceControl: Source control is disabled
[2018.08.16-22.02.22:157][  0]SourceControl: Source control is disabled
[2018.08.16-22.02.22:555][  0]LogAndroidPermission: UAndroidPermissionCallbackProxy::GetInstance
[2018.08.16-22.02.22:766][  0]LogOcInput: OculusInput pre-init called
[2018.08.16-22.02.22:954][  0]LogEngine: Initializing Engine...
[2018.08.16-22.02.22:955][  0]LogHMD: Failed to initialize OpenVR with code 110
[2018.08.16-22.02.22:959][  0]LogStats: UGameplayTagsManager::ConstructGameplayTagTree: ImportINI prefixes -  0.000 s
[2018.08.16-22.02.22:959][  0]LogStats: UGameplayTagsManager::ConstructGameplayTagTree: Construct from data asset -  0.000 s
[2018.08.16-22.02.22:959][  0]LogStats: UGameplayTagsManager::ConstructGameplayTagTree: ImportINI -  0.000 s
[2018.08.16-22.02.22:959][  0]LogStats: UGameplayTagsManager::ConstructGameplayTagTree: GameplayTagTreeChangedEvent.Broadcast -  0.000 s
[2018.08.16-22.02.23:483][  0]LogInit: Initializing FReadOnlyCVARCache
[2018.08.16-22.02.23:535][  0]LogAIModule: Creating AISystem for world Untitled
[2018.08.16-22.02.23:578][  0]LogInit: XAudio2 using 'Headset Earphone (Corsair Gaming H2100 Headset)' : 2 channels at 48 kHz using 16 bits per sample (channel mask 0x3)
[2018.08.16-22.02.23:616][  0]LogInit: FAudioDevice initialized.
[2018.08.16-22.02.23:617][  0]LogNetVersion: Set ProjectVersion to 1.0.0.0. Version Checksum will be recalculated on next use.
[2018.08.16-22.02.23:826][  0]LogDerivedDataCache: Saved boot cache 0.21s 72MB C:/Users/brixo/AppData/Local/UnrealEngine/4.20/DerivedDataCache/Boot.ddc.
[2018.08.16-22.02.23:858][  0]LogInit: Texture streaming: Enabled
[2018.08.16-22.02.23:913][  0]LogEngineSessionManager: EngineSessionManager initialized
[2018.08.16-22.02.23:994][  0]LogInit: Transaction tracking system initialized
[2018.08.16-22.02.24:063][  0]BlueprintLog: New page: Editor Load
[2018.08.16-22.02.24:326][  0]LocalizationService: Localization service is disabled
[2018.08.16-22.02.25:466][  0]LogCook: Display: Max memory allowance for cook 16384mb min free memory 0mb
[2018.08.16-22.02.25:466][  0]LogCook: Display: Mobile HDR setting 1
[2018.08.16-22.02.25:471][  0]LogGameplayTags: Display: UGameplayTagsManager::DoneAddingNativeTags. DelegateIsBound: 0
[2018.08.16-22.02.25:471][  0]LogStats: UGameplayTagsManager::ConstructGameplayTagTree: ImportINI prefixes -  0.000 s
[2018.08.16-22.02.25:471][  0]LogStats: UGameplayTagsManager::ConstructGameplayTagTree: Construct from data asset -  0.000 s
[2018.08.16-22.02.25:471][  0]LogStats: UGameplayTagsManager::ConstructGameplayTagTree: ImportINI -  0.000 s
[2018.08.16-22.02.25:472][  0]LogStats: UGameplayTagsManager::ConstructGameplayTagTree: GameplayTagTreeChangedEvent.Broadcast -  0.000 s
[2018.08.16-22.02.26:061][  0]LogFileCache: Scanning file cache for directory 'C:/Users/brixo/OneDrive/Documents/GitHub/Heart-Felt/OurProject/Content/' took 0.03s
[2018.08.16-22.02.26:061][  0]SourceControl: Source control is disabled
[2018.08.16-22.02.26:061][  0]Cmd: MAP LOAD FILE="../../../../../../Users/brixo/OneDrive/Documents/GitHub/Heart-Felt/OurProject/Content/GameStates/MainMenu/MainMenuMap.umap" TEMPLATE=0 SHOWPROGRESS=1 FEATURELEVEL=3
[2018.08.16-22.02.26:105][  0]LightingResults: New page: Lighting Build
[2018.08.16-22.02.26:114][  0]MapCheck: New page: Map Check
[2018.08.16-22.02.26:114][  0]LightingResults: New page: Lighting Build
[2018.08.16-22.02.28:100][  0]LogAIModule: Creating AISystem for world MainMenuMap
[2018.08.16-22.02.28:103][  0]LogEditorServer: Finished looking for orphan Actors (0.000 secs)
[2018.08.16-22.02.28:164][  0]Cmd: MAP CHECKDEP NOCLEARLOG
[2018.08.16-22.02.28:361][  0]MapCheck: Map check complete: 0 Error(s), 0 Warning(s), took 196.75ms to complete.
[2018.08.16-22.02.28:362][  0]LogFileHelpers: Loading map 'MainMenuMap' took 2.300
[2018.08.16-22.02.29:267][  0]LogSlate: Updating window title bar state: overlay mode, drag disabled, window buttons hidden, title bar hidden
[2018.08.16-22.02.29:312][  0]LogSlate: Updating window title bar state: overlay mode, drag disabled, window buttons hidden, title bar hidden
[2018.08.16-22.02.29:331][  0]LogSlate: Updating window title bar state: overlay mode, drag disabled, window buttons hidden, title bar hidden
[2018.08.16-22.02.29:349][  0]LogSlate: Updating window title bar state: overlay mode, drag disabled, window buttons hidden, title bar hidden
[2018.08.16-22.02.29:466][  0]LogCollectionManager: Loaded 0 collections in 0.005197 seconds
[2018.08.16-22.02.29:643][  0]LogFileCache: Scanning file cache for directory 'C:/Users/brixo/OneDrive/Documents/GitHub/Heart-Felt/OurProject/Saved/Collections/' took 0.01s
[2018.08.16-22.02.29:643][  0]LogFileCache: Scanning file cache for directory 'C:/Users/brixo/OneDrive/Documents/GitHub/Heart-Felt/OurProject/Content/Developers/brixo/Collections/' took 0.01s
[2018.08.16-22.02.29:643][  0]LogFileCache: Scanning file cache for directory 'C:/Users/brixo/OneDrive/Documents/GitHub/Heart-Felt/OurProject/Content/Collections/' took 0.01s
[2018.08.16-22.02.29:643][  0]LogCollectionManager: Rebuilt the GUID cache for 0 collections in 0.000001 seconds
[2018.08.16-22.02.29:674][  0]LogContentBrowser: Native class hierarchy populated in 0.0271 seconds. Added 2572 classes and 603 folders.
[2018.08.16-22.02.29:748][  0]LogContentBrowser: Native class hierarchy updated for 'WidgetCarousel' in 0.0005 seconds. Added 0 classes and 0 folders.
[2018.08.16-22.02.32:589][  0]LogContentBrowser: Native class hierarchy updated for 'AddContentDialog' in 0.0007 seconds. Added 0 classes and 0 folders.
[2018.08.16-22.02.32:800][  0]LogContentBrowser: Native class hierarchy updated for 'SceneOutliner' in 0.0008 seconds. Added 1 classes and 2 folders.
[2018.08.16-22.02.32:948][  0]LogSlate: Updating window title bar state: overlay mode, drag disabled, window buttons hidden, title bar hidden
[2018.08.16-22.02.32:967][  0]LogSlate: Updating window title bar state: overlay mode, drag disabled, window buttons hidden, title bar hidden
[2018.08.16-22.02.32:987][  0]LogSlate: Updating window title bar state: overlay mode, drag disabled, window buttons hidden, title bar hidden
[2018.08.16-22.02.33:003][  0]LogSlate: Updating window title bar state: overlay mode, drag disabled, window buttons hidden, title bar hidden
[2018.08.16-22.02.33:176][  0]LogContentBrowser: Native class hierarchy updated for 'WorldBrowser' in 0.0007 seconds. Added 2 classes and 3 folders.
[2018.08.16-22.02.34:253][  0]LogSlate: Took 0.000746 seconds to synchronously load lazily loaded font '../../../Engine/Content/Slate/Fonts/Roboto-Regular.ttf' (155K)
[2018.08.16-22.02.34:258][  0]LogSlate: Took 0.000625 seconds to synchronously load lazily loaded font '../../../Engine/Content/Slate/Fonts/Roboto-Bold.ttf' (160K)
[2018.08.16-22.02.34:389][  0]LogSlate: Took 0.033493 seconds to synchronously load lazily loaded font '../../../Engine/Content/Editor/Slate/Fonts/FontAwesome.ttf' (139K)
[2018.08.16-22.02.35:047][  0]LogRenderer: Reallocating scene render targets to support 1260x556 Format 10 NumSamples 1 (Frame:1).
[2018.08.16-22.02.36:201][  0]LogContentBrowser: Native class hierarchy updated for 'HierarchicalLODOutliner' in 0.0008 seconds. Added 0 classes and 0 folders.
[2018.08.16-22.02.36:201][  0]LogLoad: (Engine Initialization) Total time: 56.42 seconds
[2018.08.16-22.02.36:201][  0]LogLoad: (Engine Initialization) Total Blueprint compile time: 0.00 seconds
[2018.08.16-22.02.36:213][  0]LogWindowsTextInputMethodSystem: Display: IME system now deactivated.
[2018.08.16-22.02.36:362][  0]LogContentStreaming: Texture pool size now 3000 MB
[2018.08.16-22.02.36:720][  3]LogAssetRegistry: Asset discovery search completed in 32.8072 seconds
[2018.08.16-22.02.36:724][  3]LogCollectionManager: Rebuilt the object cache for 0 collections in 0.000001 seconds (found 0 objects)
[2018.08.16-22.02.36:725][  3]LogCollectionManager: Fixed up redirectors for 0 collections in 0.000535 seconds (updated 0 objects)
[2018.08.16-22.02.40:645][314]LogSlate: Took 0.035942 seconds to synchronously load lazily loaded font '../../../Engine/Content/Slate/Fonts/Roboto-Light.ttf' (167K)
[2018.08.16-22.02.41:419][352]LogSlate: FSceneViewport::OnFocusLost() reason 0
[2018.08.16-22.02.41:504][359]LogTemp: Repeating last play command: Selected Viewport
[2018.08.16-22.02.41:632][359]LogBlueprintUserMessages: Early PlayInEditor Detection: Level '/Game/GameStates/MainMenu/MainMenuMap.MainMenuMap:PersistentLevel' has LevelScriptBlueprint '/Game/GameStates/MainMenu/MainMenuMap.MainMenuMap:PersistentLevel.MainMenuMap' with GeneratedClass '/Game/GameStates/MainMenu/MainMenuMap.MainMenuMap_C' with ClassGeneratedBy '/Game/GameStates/MainMenu/MainMenuMap.MainMenuMap:PersistentLevel.MainMenuMap'
[2018.08.16-22.02.41:638][359]LogPlayLevel: PlayLevel: No blueprints needed recompiling
[2018.08.16-22.02.41:760][359]PIE: New page: PIE session: MainMenuMap (Aug 16, 2018, 10:02:41 AM)
[2018.08.16-22.02.41:762][359]LogPlayLevel: Creating play world package: /Game/GameStates/MainMenu/UEDPIE_0_MainMenuMap
[2018.08.16-22.02.41:914][359]LogPlayLevel: PIE: StaticDuplicateObject took: (0.152116s)
[2018.08.16-22.02.41:916][359]LogAIModule: Creating AISystem for world MainMenuMap
[2018.08.16-22.02.41:937][359]LogPlayLevel: PIE: World Init took: (0.021894s)
[2018.08.16-22.02.41:945][359]LogPlayLevel: PIE: Created PIE world by copying editor world from /Game/GameStates/MainMenu/MainMenuMap.MainMenuMap to /Game/GameStates/MainMenu/UEDPIE_0_MainMenuMap.MainMenuMap (0.182634s)
[2018.08.16-22.02.42:085][359]LogInit: XAudio2 using 'Headset Earphone (Corsair Gaming H2100 Headset)' : 2 channels at 48 kHz using 16 bits per sample (channel mask 0x3)
[2018.08.16-22.02.42:109][359]LogInit: FAudioDevice initialized.
[2018.08.16-22.02.42:229][359]LogLoad: Game class is 'MenuGameMode_C'
[2018.08.16-22.02.42:239][359]LogWorld: Bringing World /Game/GameStates/MainMenu/UEDPIE_0_MainMenuMap.MainMenuMap up for play (max tick rate 0) at 2018.08.16-16.02.42
[2018.08.16-22.02.42:285][359]LogWorld: Bringing up level for play took: 0.046842
[2018.08.16-22.02.42:517][359]LogContentBrowser: Native class hierarchy updated for 'MovieSceneCapture' in 0.0007 seconds. Added 10 classes and 0 folders.
[2018.08.16-22.02.42:734][359]PIE: Play in editor start time for /Game/GameStates/MainMenu/UEDPIE_0_MainMenuMap 1.068
[2018.08.16-22.02.42:735][359]LogBlueprintUserMessages: Late PlayInEditor Detection: Level '/Game/GameStates/MainMenu/MainMenuMap.MainMenuMap:PersistentLevel' has LevelScriptBlueprint '/Game/GameStates/MainMenu/MainMenuMap.MainMenuMap:PersistentLevel.MainMenuMap' with GeneratedClass '/Game/GameStates/MainMenu/MainMenuMap.MainMenuMap_C' with ClassGeneratedBy '/Game/GameStates/MainMenu/MainMenuMap.MainMenuMap:PersistentLevel.MainMenuMap'
[2018.08.16-22.02.49:356][761]LogInit: WinSock: I am Link (192.168.1.215:0)
[2018.08.16-22.02.49:397][761]LogNet: Browse: /Game/GameStates/Lobby/LobbbyMap?listen
[2018.08.16-22.02.49:398][761]LogLoad: LoadMap: /Game/GameStates/Lobby/LobbbyMap?listen
[2018.08.16-22.02.51:571][761]LogLinker: Warning: Can't find file '/Game/Environment/Background/None'
[2018.08.16-22.02.51:571][761]LogLinker: Warning: Can't find file for asset '/Game/Environment/Background/None' while loading ../../../../../../Users/brixo/OneDrive/Documents/GitHub/Heart-Felt/OurProject/Content/Environment/Background/Tunnel.uasset.
[2018.08.16-22.02.51:571][761]LoadErrors: Error: /Game/Environment/Background/Tunnel : Can't find file for asset. /Game/Environment/Background/None
[2018.08.16-22.02.51:572][761]LogLinker: Warning: Can't find file '/Game/Environment/Background/None'
[2018.08.16-22.02.51:572][761]LogLinker: Warning: Can't find file for asset '/Game/Environment/Background/None' while loading ../../../../../../Users/brixo/OneDrive/Documents/GitHub/Heart-Felt/OurProject/Content/Environment/Background/Tunnel.uasset.
[2018.08.16-22.02.51:693][761]LogLinker: Warning: Can't find file '/Game/Environment/Background/None'
[2018.08.16-22.02.51:693][761]LoadErrors: Failed to load /Game/Environment/Background/None.Material_0 Referenced by Tunnel
[2018.08.16-22.02.51:694][761]LogLinker: Warning: Can't find file for asset '/Game/Environment/Background/None' while loading NULL.
[2018.08.16-22.02.51:734][761]LogLinker: Warning: Can't find file '/Game/Environment/Background/None'
[2018.08.16-22.02.51:735][761]LogLinker: Warning: Can't find file for asset '/Game/Environment/Background/None' while loading NULL.
[2018.08.16-22.02.53:628][761]LogAIModule: Creating AISystem for world LobbbyMap
[2018.08.16-22.02.53:629][761]LogLoad: Game class is 'LobbyGameMode_C'
[2018.08.16-22.02.53:665][761]LogTemp: Display: ParseSettings for GameNetDriver
[2018.08.16-22.02.53:679][761]LogTemp: Display: ParseSettings for IpNetDriver_0
[2018.08.16-22.02.53:679][761]LogTemp: Display: ParseSettings for GameNetDriver
[2018.08.16-22.02.53:712][761]LogNet: ReplicationDriverClass is null! Not using ReplicationDriver.
[2018.08.16-22.02.53:713][761]LogInit: WinSock: Socket queue 131072 / 131072
[2018.08.16-22.02.53:756][761]PacketHandlerLog: Loaded PacketHandler component: Engine.EngineHandlerComponentFactory (StatelessConnectHandlerComponent)
[2018.08.16-22.02.53:758][761]LogNet: GameNetDriver IpNetDriver_0 IpNetDriver listening on port 7777
[2018.08.16-22.02.53:930][761]LogWorld: Bringing World /Game/GameStates/Lobby/UEDPIE_0_LobbbyMap.LobbbyMap up for play (max tick rate 0) at 2018.08.16-16.02.53
[2018.08.16-22.02.53:931][761]LogWorld: Bringing up level for play took: 0.170663
[2018.08.16-22.02.54:354][761]LogLoad: Took 4.957053 seconds to LoadMap(/Game/GameStates/Lobby/LobbbyMap)
[2018.08.16-22.02.54:461][762]LogNet: UNetDriver::TickDispatch: Very long time between ticks. DeltaTime: 5.12, Realtime: 0.08. IpNetDriver_0
[2018.08.16-22.03.01:440][185]LogBlueprintUserMessages: Early EndPlayMap Detection: Level '/Game/GameStates/MainMenu/MainMenuMap.MainMenuMap:PersistentLevel' has LevelScriptBlueprint '/Game/GameStates/MainMenu/MainMenuMap.MainMenuMap:PersistentLevel.MainMenuMap' with GeneratedClass '/Game/GameStates/MainMenu/MainMenuMap.MainMenuMap_C' with ClassGeneratedBy '/Game/GameStates/MainMenu/MainMenuMap.MainMenuMap:PersistentLevel.MainMenuMap'
[2018.08.16-22.03.01:502][185]LogSlate: Updating window title bar state: overlay mode, drag disabled, window buttons hidden, title bar hidden
[2018.08.16-22.03.01:599][185]LogPlayLevel: Display: Shutting down PIE online subsystems
[2018.08.16-22.03.01:600][185]LogBlueprintUserMessages: Late EndPlayMap Detection: Level '/Game/GameStates/MainMenu/MainMenuMap.MainMenuMap:PersistentLevel' has LevelScriptBlueprint '/Game/GameStates/MainMenu/MainMenuMap.MainMenuMap:PersistentLevel.MainMenuMap' with GeneratedClass '/Game/GameStates/MainMenu/MainMenuMap.MainMenuMap_C' with ClassGeneratedBy '/Game/GameStates/MainMenu/MainMenuMap.MainMenuMap:PersistentLevel.MainMenuMap'
[2018.08.16-22.03.01:671][185]LogSlate: Updating window title bar state: overlay mode, drag disabled, window buttons hidden, title bar hidden
[2018.08.16-22.03.01:700][185]LogExit: GameNetDriver None shut down
[2018.08.16-22.03.01:731][186]LogPlayLevel: Display: Destroying online subsystem :Context_1
[2018.08.16-22.57.57:314][136]LogSlate: Took 0.001590 seconds to synchronously load lazily loaded font '../../../Engine/Content/Slate/Fonts/Roboto-Light.ttf' (167K)
[2018.08.16-22.57.57:926][136]LogLinker: Warning: Can't find file '/Game/Environment/Background/None'
[2018.08.16-22.57.57:927][136]LogLinker: Warning: Can't find file for asset '/Game/Environment/Background/None' while loading ../../../../../../Users/brixo/OneDrive/Documents/GitHub/Heart-Felt/OurProject/Content/Environment/Background/Tunnel.uasset.
[2018.08.16-22.57.57:929][136]LogLinker: Warning: Can't find file '/Game/Environment/Background/None'
[2018.08.16-22.57.57:929][136]LogLinker: Warning: Can't find file for asset '/Game/Environment/Background/None' while loading ../../../../../../Users/brixo/OneDrive/Documents/GitHub/Heart-Felt/OurProject/Content/Environment/Background/Tunnel.uasset.
[2018.08.16-22.57.58:051][136]LogAIModule: Creating AISystem for world LobbbyMap
[2018.08.16-22.57.58:101][136]LogAssetEditorManager: Opening Asset editor for World /Game/GameStates/Lobby/LobbbyMap.LobbbyMap
[2018.08.16-22.57.58:181][136]Cmd: MAP LOAD FILE="../../../../../../Users/brixo/OneDrive/Documents/GitHub/Heart-Felt/OurProject/Content/GameStates/Lobby/LobbbyMap.umap" TEMPLATE=0 SHOWPROGRESS=1 FEATURELEVEL=3
[2018.08.16-22.57.58:182][136]LightingResults: New page: Lighting Build
[2018.08.16-22.57.58:184][136]LoadErrors: New page: Loading map: LobbbyMap.umap
[2018.08.16-22.57.58:190][136]MapCheck: New page: Map Check
[2018.08.16-22.57.58:190][136]LightingResults: New page: Lighting Build
[2018.08.16-22.57.58:527][136]LogEditorServer: Finished looking for orphan Actors (0.000 secs)
[2018.08.16-22.57.58:661][136]Cmd: MAP CHECKDEP NOCLEARLOG
[2018.08.16-22.57.58:997][136]MapCheck: Map check complete: 0 Error(s), 0 Warning(s), took 335.565ms to complete.
[2018.08.16-22.57.59:004][136]LogFileHelpers: Loading map 'LobbbyMap' took 0.829
[2018.08.16-22.58.26:066][129]LogEditorViewport: Clicking on Actor (LMB): PlayerStart (PlayerStart)
[2018.08.16-22.58.28:819][283]LogSlate: FSceneViewport::OnFocusLost() reason 0
[2018.08.16-22.58.33:735][586]LogEditorViewport: Clicking on Actor (LMB): StaticMeshActor (ClockFace)
[2018.08.16-22.58.36:078][683]LogEditorViewport: Clicking on Actor (LMB): StaticMeshActor (ClockFace)
[2018.08.16-22.58.36:624][710]LogEditorViewport: Clicking on Actor (LMB): PlayerStart (NetworkPlayerStart)
[2018.08.16-22.58.38:299][802]LogSlate: FSceneViewport::OnFocusLost() reason 0
[2018.08.16-23.07.58:234][189]LogSavePackage: Moving '../../../../../../Users/brixo/OneDrive/Documents/GitHub/Heart-Felt/OurProject/Saved/LobbbyMap_Auto1E34CB56141DC9F127B35B98FC53E389E.tmp' to '../../../../../../Users/brixo/OneDrive/Documents/GitHub/Heart-Felt/OurProject/Saved/Autosaves/Game/GameStates/Lobby/LobbbyMap_Auto1.umap'
[2018.08.16-23.07.58:247][189]LogFileHelpers: Editor autosave (incl. sublevels) for '/Game/GameStates/Lobby/LobbbyMap' took 0.545
[2018.08.16-23.07.58:247][189]LogFileHelpers: Editor autosave (incl. sublevels) for all levels took 0.545
[2018.08.17-03.07.12:067][ 47]LogSlate: Window 'Save Content' being destroyed
[2018.08.17-03.07.23:276][ 47]LogSavePackage: Moving '../../../../../../Users/brixo/OneDrive/Documents/GitHub/Heart-Felt/OurProject/Saved/LobbbyMap5FFE345D49A25CB2102D0C8CB8F44042.tmp' to '../../../../../../Users/brixo/OneDrive/Documents/GitHub/Heart-Felt/OurProject/Content/GameStates/Lobby/LobbbyMap.umap'
[2018.08.17-03.07.23:421][ 47]LogFileHelpers: Saving map 'LobbbyMap' took 11.251
[2018.08.17-03.07.23:860][ 47]LogSlate: Window 'OurProject - Unreal Editor' being destroyed
[2018.08.17-03.07.24:971][ 48]Cmd: QUIT_EDITOR
[2018.08.17-03.07.25:866][ 48]LogWindowsTextInputMethodSystem: Display: IME system now deactivated.
[2018.08.17-03.07.25:931][ 48]LogExit: Preparing to exit.
[2018.08.17-03.07.26:349][ 48]LogExit: Editor shut down
[2018.08.17-03.07.26:351][ 48]LogExit: Transaction tracking system shut down
[2018.08.17-03.07.27:275][ 48]LogExit: Object subsystem successfully closed.
[2018.08.17-03.07.27:503][ 48]LogShaderCompilers: Display: Shaders left to compile 0
[2018.08.17-03.07.27:525][ 48]LogD3D11RHI: Shutdown
[2018.08.17-03.07.27:525][ 48]LogD3D11RHI: CleanupD3DDevice
[2018.08.17-03.07.27:586][ 48]LogD3D11RHI: ~FD3D11DynamicRHI
[2018.08.17-03.07.27:646][ 48]LogModuleManager: Shutting down and abandoning module MovieSceneCapture (616)
[2018.08.17-03.07.27:647][ 48]LogModuleManager: Shutting down and abandoning module Voice (614)
[2018.08.17-03.07.27:678][ 48]LogModuleManager: Shutting down and abandoning module HierarchicalLODOutliner (612)
[2018.08.17-03.07.27:679][ 48]LogModuleManager: Shutting down and abandoning module WorldBrowser (610)
[2018.08.17-03.07.27:688][ 48]LogModuleManager: Shutting down and abandoning module SceneOutliner (608)
[2018.08.17-03.07.27:693][ 48]LogModuleManager: Shutting down and abandoning module AddContentDialog (606)
[2018.08.17-03.07.27:700][ 48]LogModuleManager: Shutting down and abandoning module WidgetCarousel (605)
[2018.08.17-03.07.27:700][ 48]LogModuleManager: Shutting down and abandoning module EditorWidgets (602)
[2018.08.17-03.07.27:700][ 48]LogModuleManager: Shutting down and abandoning module CollectionManager (600)
[2018.08.17-03.07.27:701][ 48]LogModuleManager: Shutting down and abandoning module StatsViewer (598)
[2018.08.17-03.07.27:702][ 48]LogModuleManager: Shutting down and abandoning module FoliageEdit (596)
[2018.08.17-03.07.27:702][ 48]LogModuleManager: Shutting down and abandoning module LandscapeEditor (594)
[2018.08.17-03.07.27:702][ 48]LogModuleManager: Shutting down and abandoning module MeshPaintMode (592)
[2018.08.17-03.07.27:702][ 48]LogModuleManager: Shutting down and abandoning module SceneDepthPickerMode (590)
[2018.08.17-03.07.27:702][ 48]LogModuleManager: Shutting down and abandoning module ActorPickerMode (588)
[2018.08.17-03.07.27:702][ 48]LogModuleManager: Shutting down and abandoning module GeometryMode (586)
[2018.08.17-03.07.27:702][ 48]LogModuleManager: Shutting down and abandoning module TextureAlignMode (584)
[2018.08.17-03.07.27:702][ 48]LogModuleManager: Shutting down and abandoning module BspMode (582)
[2018.08.17-03.07.27:702][ 48]LogModuleManager: Shutting down and abandoning module PIEPreviewDeviceProfileSelector (580)
[2018.08.17-03.07.27:702][ 48]LogModuleManager: Shutting down and abandoning module SequenceRecorderSections (578)
[2018.08.17-03.07.27:702][ 48]LogModuleManager: Shutting down and abandoning module AutomationWorker (576)
[2018.08.17-03.07.27:703][ 48]LogModuleManager: Shutting down and abandoning module AudioCaptureEditor (574)
[2018.08.17-03.07.27:703][ 48]LogModuleManager: Shutting down and abandoning module SequenceRecorder (573)
[2018.08.17-03.07.27:703][ 48]LogModuleManager: Shutting down and abandoning module MatineeToLevelSequence (570)
[2018.08.17-03.07.27:703][ 48]LogModuleManager: Shutting down and abandoning module LevelSequenceEditor (568)
[2018.08.17-03.07.27:703][ 48]LogModuleManager: Shutting down and abandoning module PlacementMode (567)
[2018.08.17-03.07.27:703][ 48]LogModuleManager: Shutting down and abandoning module MaterialEditor (566)
[2018.08.17-03.07.27:704][ 48]LogModuleManager: Shutting down and abandoning module WmfMediaFactory (562)
[2018.08.17-03.07.27:704][ 48]LogModuleManager: Shutting down and abandoning module WmfMediaEditor (560)
[2018.08.17-03.07.27:704][ 48]LogModuleManager: Shutting down and abandoning module MediaPlayerEditor (558)
[2018.08.17-03.07.27:704][ 48]LogModuleManager: Shutting down and abandoning module OpenExrWrapper (556)
[2018.08.17-03.07.27:704][ 48]LogModuleManager: Shutting down and abandoning module ImgMediaFactory (554)
[2018.08.17-03.07.27:704][ 48]LogModuleManager: Shutting down and abandoning module ImgMediaEditor (552)
[2018.08.17-03.07.27:704][ 48]LogModuleManager: Shutting down and abandoning module AvfMediaFactory (550)
[2018.08.17-03.07.27:704][ 48]LogModuleManager: Shutting down and abandoning module AvfMediaEditor (548)
[2018.08.17-03.07.27:704][ 48]LogModuleManager: Shutting down and abandoning module AndroidMediaFactory (546)
[2018.08.17-03.07.27:704][ 48]LogModuleManager: Shutting down and abandoning module AndroidMediaEditor (544)
[2018.08.17-03.07.27:704][ 48]LogModuleManager: Shutting down and abandoning module MagicLeapCameraPreviewFactory (542)
[2018.08.17-03.07.27:704][ 48]LogModuleManager: Shutting down and abandoning module MagicLeapMediaFactory (540)
[2018.08.17-03.07.27:704][ 48]LogModuleManager: Shutting down and abandoning module MagicLeapMediaEditor (538)
[2018.08.17-03.07.27:704][ 48]LogModuleManager: Shutting down and abandoning module CharacterAI (536)
[2018.08.17-03.07.27:704][ 48]LogModuleManager: Shutting down and abandoning module SmartSnapping (534)
[2018.08.17-03.07.27:704][ 48]LogModuleManager: Shutting down and abandoning module SessionServices (532)
[2018.08.17-03.07.27:704][ 48]LogModuleManager: Shutting down and abandoning module ViewportSnapping (530)
[2018.08.17-03.07.27:704][ 48]LogModuleManager: Shutting down and abandoning module ViewportInteraction (528)
[2018.08.17-03.07.27:704][ 48]LogModuleManager: Shutting down and abandoning module ClothPainter (526)
[2018.08.17-03.07.27:704][ 48]LogModuleManager: Shutting down and abandoning module SkeletalMeshEditor (525)
[2018.08.17-03.07.27:705][ 48]LogModuleManager: Shutting down and abandoning module LogVisualizer (522)
[2018.08.17-03.07.27:705][ 48]LogModuleManager: Shutting down and abandoning module IntroTutorials (520)
[2018.08.17-03.07.27:705][ 48]LogModuleManager: Shutting down and abandoning module GameProjectGeneration (519)
[2018.08.17-03.07.27:705][ 48]LogModuleManager: Shutting down and abandoning module LuminPlatformEditor (516)
[2018.08.17-03.07.27:705][ 48]LogModuleManager: Shutting down and abandoning module IOSPlatformEditor (514)
[2018.08.17-03.07.27:705][ 48]LogModuleManager: Shutting down and abandoning module HTML5PlatformEditor (512)
[2018.08.17-03.07.27:705][ 48]LogModuleManager: Shutting down and abandoning module AndroidPlatformEditor (510)
[2018.08.17-03.07.27:705][ 48]LogModuleManager: Shutting down and abandoning module AndroidDeviceDetection (509)
[2018.08.17-03.07.28:354][ 48]LogModuleManager: Shutting down and abandoning module WindowsPlatformEditor (506)
[2018.08.17-03.07.28:355][ 48]LogModuleManager: Shutting down and abandoning module LuminRuntimeSettings (504)
[2018.08.17-03.07.28:355][ 48]LogModuleManager: Shutting down and abandoning module IOSRuntimeSettings (502)
[2018.08.17-03.07.28:355][ 48]LogModuleManager: Shutting down and abandoning module AndroidRuntimeSettings (500)
[2018.08.17-03.07.28:355][ 48]LogModuleManager: Shutting down and abandoning module InputBindingEditor (498)
[2018.08.17-03.07.28:355][ 48]LogModuleManager: Shutting down and abandoning module MergeActors (496)
[2018.08.17-03.07.28:355][ 48]LogModuleManager: Shutting down and abandoning module LocalizationDashboard (494)
[2018.08.17-03.07.28:355][ 48]LogModuleManager: Shutting down and abandoning module LocalizationService (493)
[2018.08.17-03.07.28:355][ 48]LogModuleManager: Shutting down and abandoning module HardwareTargeting (490)
[2018.08.17-03.07.28:355][ 48]LogModuleManager: Shutting down and abandoning module DeviceProfileEditor (488)
[2018.08.17-03.07.28:355][ 48]LogModuleManager: Shutting down and abandoning module UndoHistory (486)
[2018.08.17-03.07.28:355][ 48]LogModuleManager: Shutting down and abandoning module XmlParser (484)
[2018.08.17-03.07.28:355][ 48]LogModuleManager: Shutting down and abandoning module Blutility (482)
[2018.08.17-03.07.28:355][ 48]LogModuleManager: Shutting down and abandoning module ProjectSettingsViewer (480)
[2018.08.17-03.07.28:355][ 48]LogModuleManager: Shutting down and abandoning module ProjectTargetPlatformEditor (479)
[2018.08.17-03.07.28:356][ 48]LogModuleManager: Shutting down and abandoning module EditorSettingsViewer (476)
[2018.08.17-03.07.28:356][ 48]LogModuleManager: Shutting down and abandoning module SettingsEditor (474)
[2018.08.17-03.07.28:356][ 48]LogModuleManager: Shutting down and abandoning module ProjectLauncher (472)
[2018.08.17-03.07.28:356][ 48]LogModuleManager: Shutting down and abandoning module SessionFrontend (470)
[2018.08.17-03.07.28:356][ 48]LogModuleManager: Shutting down and abandoning module ProfilerClient (468)
[2018.08.17-03.07.28:356][ 48]LogModuleManager: Shutting down and abandoning module DeviceManager (466)
[2018.08.17-03.07.28:356][ 48]LogModuleManager: Shutting down and abandoning module TargetDeviceServices (465)
[2018.08.17-03.07.28:426][ 48]LogModuleManager: Shutting down and abandoning module AutomationController (462)
[2018.08.17-03.07.28:426][ 48]LogModuleManager: Shutting down and abandoning module AutomationWindow (460)
[2018.08.17-03.07.28:426][ 48]LogModuleManager: Shutting down and abandoning module Layers (458)
[2018.08.17-03.07.28:426][ 48]LogModuleManager: Shutting down and abandoning module ComponentVisualizers (456)
[2018.08.17-03.07.28:426][ 48]LogModuleManager: Shutting down and abandoning module DetailCustomizations (454)
[2018.08.17-03.07.28:427][ 48]LogModuleManager: Shutting down and abandoning module PackagesDialog (452)
[2018.08.17-03.07.28:427][ 48]LogModuleManager: Shutting down and abandoning module Persona (450)
[2018.08.17-03.07.28:427][ 48]LogModuleManager: Shutting down and abandoning module AdvancedPreviewScene (449)
[2018.08.17-03.07.28:428][ 48]LogModuleManager: Shutting down and abandoning module AnimGraph (447)
[2018.08.17-03.07.28:428][ 48]LogModuleManager: Shutting down and abandoning module Kismet (444)
[2018.08.17-03.07.28:432][ 48]LogModuleManager: Shutting down and abandoning module GraphEditor (442)
[2018.08.17-03.07.28:432][ 48]LogModuleManager: Shutting down and abandoning module ClassViewer (440)
[2018.08.17-03.07.28:432][ 48]LogModuleManager: Shutting down and abandoning module Toolbox (438)
[2018.08.17-03.07.28:432][ 48]LogModuleManager: Shutting down and abandoning module ModuleUI (436)
[2018.08.17-03.07.28:432][ 48]LogModuleManager: Shutting down and abandoning module MovieSceneTools (434)
[2018.08.17-03.07.28:433][ 48]LogModuleManager: Shutting down and abandoning module OutputLog (432)
[2018.08.17-03.07.28:433][ 48]LogModuleManager: Shutting down and abandoning module GammaUI (430)
[2018.08.17-03.07.28:433][ 48]LogModuleManager: Shutting down and abandoning module Documentation (428)
[2018.08.17-03.07.28:434][ 48]LogModuleManager: Shutting down and abandoning module MovieSceneTracks (426)
[2018.08.17-03.07.28:434][ 48]LogModuleManager: Shutting down and abandoning module MovieScene (424)
[2018.08.17-03.07.28:434][ 48]LogModuleManager: Shutting down and abandoning module StreamingPauseRendering (422)
[2018.08.17-03.07.28:435][ 48]LogModuleManager: Shutting down and abandoning module LauncherPlatform (420)
[2018.08.17-03.07.28:435][ 48]LogModuleManager: Shutting down and abandoning module AnalyticsET (418)
[2018.08.17-03.07.28:435][ 48]LogModuleManager: Shutting down and abandoning module PortalServices (416)
[2018.08.17-03.07.28:435][ 48]LogModuleManager: Shutting down and abandoning module PortalRpc (414)
[2018.08.17-03.07.28:435][ 48]LogModuleManager: Shutting down and abandoning module MessagingRpc (412)
[2018.08.17-03.07.28:436][ 48]LogModuleManager: Shutting down and abandoning module AIModule (410)
[2018.08.17-03.07.28:436][ 48]LogModuleManager: Shutting down and abandoning module GameplayDebugger (409)
[2018.08.17-03.07.28:437][ 48]LogModuleManager: Shutting down and abandoning module AITestSuite (407)
[2018.08.17-03.07.28:437][ 48]LogModuleManager: Shutting down and abandoning module NavigationSystem (405)
[2018.08.17-03.07.28:437][ 48]LogModuleManager: Shutting down and abandoning module DesktopPlatform (402)
[2018.08.17-03.07.28:437][ 48]LogModuleManager: Shutting down and abandoning module ProfilerService (400)
[2018.08.17-03.07.28:466][ 48]LogModuleManager: Shutting down and abandoning module TaskGraph (398)
[2018.08.17-03.07.28:467][ 48]LogModuleManager: Shutting down and abandoning module SteamVRController (396)
[2018.08.17-03.07.28:467][ 48]LogModuleManager: Shutting down and abandoning module ProceduralMeshComponentEditor (394)
[2018.08.17-03.07.28:468][ 48]LogModuleManager: Shutting down and abandoning module ProceduralMeshComponent (392)
[2018.08.17-03.07.28:468][ 48]LogModuleManager: Shutting down and abandoning module OculusInput (390)
[2018.08.17-03.07.28:468][ 48]LogModuleManager: Shutting down and abandoning module MobilePatchingUtils (388)
[2018.08.17-03.07.28:468][ 48]LogModuleManager: Shutting down and abandoning module EditableMesh (386)
[2018.08.17-03.07.28:468][ 48]LogModuleManager: Shutting down and abandoning module CustomMeshComponent (384)
[2018.08.17-03.07.28:468][ 48]LogModuleManager: Shutting down and abandoning module CableComponent (382)
[2018.08.17-03.07.28:468][ 48]LogModuleManager: Shutting down and abandoning module AudioCapture (380)
[2018.08.17-03.07.28:468][ 48]LogModuleManager: Shutting down and abandoning module ArchVisCharacter (378)
[2018.08.17-03.07.28:468][ 48]LogModuleManager: Shutting down and abandoning module AndroidPermission (376)
[2018.08.17-03.07.28:468][ 48]LogModuleManager: Shutting down and abandoning module NUTUnrealEngine4 (374)
[2018.08.17-03.07.28:468][ 48]LogModuleManager: Shutting down and abandoning module NetcodeUnitTest (372)
[2018.08.17-03.07.28:468][ 48]LogModuleManager: Shutting down and abandoning module MediaCompositingEditor (370)
[2018.08.17-03.07.28:468][ 48]LogModuleManager: Shutting down and abandoning module MediaCompositing (368)
[2018.08.17-03.07.28:468][ 48]LogModuleManager: Shutting down and abandoning module LinearTimecode (366)
[2018.08.17-03.07.28:469][ 48]LogModuleManager: Shutting down and abandoning module ImgMedia (364)
[2018.08.17-03.07.28:483][ 48]LogModuleManager: Shutting down and abandoning module HTML5Networking (362)
[2018.08.17-03.07.28:483][ 48]LogModuleManager: Shutting down and abandoning module GeometryCacheTracks (360)
[2018.08.17-03.07.28:483][ 48]LogModuleManager: Shutting down and abandoning module GeometryCacheSequencer (358)
[2018.08.17-03.07.28:483][ 48]LogModuleManager: Shutting down and abandoning module BackChannel (356)
[2018.08.17-03.07.28:483][ 48]LogModuleManager: Shutting down and abandoning module AppleVision (354)
[2018.08.17-03.07.28:483][ 48]LogModuleManager: Shutting down and abandoning module AppleImageUtils (352)
[2018.08.17-03.07.28:483][ 48]LogModuleManager: Shutting down and abandoning module AlembicImporter (350)
[2018.08.17-03.07.28:483][ 48]LogModuleManager: Shutting down and abandoning module AlembicLibrary (349)
[2018.08.17-03.07.28:484][ 48]LogModuleManager: Shutting down and abandoning module GeometryCache (348)
[2018.08.17-03.07.28:484][ 48]LogModuleManager: Shutting down and abandoning module GeometryCacheEd (347)
[2018.08.17-03.07.28:484][ 48]LogModuleManager: Shutting down and abandoning module DatasmithContentEditor (342)
[2018.08.17-03.07.28:485][ 48]LogModuleManager: Shutting down and abandoning module DatasmithContent (340)
[2018.08.17-03.07.28:487][ 48]LogModuleManager: Shutting down and abandoning module SpeedTreeImporter (338)
[2018.08.17-03.07.28:487][ 48]LogModuleManager: Shutting down and abandoning module PluginBrowser (336)
[2018.08.17-03.07.28:487][ 48]LogModuleManager: Shutting down and abandoning module MobileLauncherProfileWizard (334)
[2018.08.17-03.07.28:487][ 48]LogModuleManager: Shutting down and abandoning module PolygonModeling (332)
[2018.08.17-03.07.28:487][ 48]LogModuleManager: Shutting down and abandoning module MeshEditor (330)
[2018.08.17-03.07.28:488][ 48]LogModuleManager: Shutting down and abandoning module CryptoKeysOpenSSL (328)
[2018.08.17-03.07.28:488][ 48]LogModuleManager: Shutting down and abandoning module CryptoKeys (326)
[2018.08.17-03.07.28:488][ 48]LogModuleManager: Shutting down and abandoning module VisualStudioSourceCodeAccess (324)
[2018.08.17-03.07.28:488][ 48]LogModuleManager: Shutting down and abandoning module VisualStudioCodeSourceCodeAccess (322)
[2018.08.17-03.07.28:488][ 48]LogModuleManager: Shutting down and abandoning module UObjectPlugin (320)
[2018.08.17-03.07.28:488][ 48]LogModuleManager: Shutting down and abandoning module SubversionSourceControl (318)
[2018.08.17-03.07.28:488][ 48]LogModuleManager: Shutting down and abandoning module PerforceSourceControl (316)
[2018.08.17-03.07.28:488][ 48]LogModuleManager: Shutting down and abandoning module GitSourceControl (314)
[2018.08.17-03.07.28:488][ 48]LogModuleManager: Shutting down and abandoning module SourceControl (313)
[2018.08.17-03.07.28:488][ 48]LogModuleManager: Shutting down and abandoning module CLionSourceCodeAccess (310)
[2018.08.17-03.07.28:488][ 48]LogModuleManager: Shutting down and abandoning module LightPropagationVolumeEditor (308)
[2018.08.17-03.07.28:488][ 48]LogModuleManager: Shutting down and abandoning module PaperTiledImporter (306)
[2018.08.17-03.07.28:488][ 48]LogModuleManager: Shutting down and abandoning module PaperSpriteSheetImporter (304)
[2018.08.17-03.07.28:488][ 48]LogModuleManager: Shutting down and abandoning module Paper2DEditor (302)
[2018.08.17-03.07.28:488][ 48]LogModuleManager: Shutting down and abandoning module MeshPaint (301)
[2018.08.17-03.07.28:488][ 48]LogModuleManager: Shutting down and abandoning module RuntimePhysXCooking (298)
[2018.08.17-03.07.28:489][ 48]LogModuleManager: Shutting down and abandoning module PhysXVehiclesEditor (296)
[2018.08.17-03.07.28:489][ 48]LogModuleManager: Shutting down and abandoning module PhysXVehicles (294)
[2018.08.17-03.07.28:489][ 48]LogModuleManager: Shutting down and abandoning module OculusEditor (292)
[2018.08.17-03.07.28:489][ 48]LogModuleManager: Shutting down and abandoning module LocationServicesBPLibrary (290)
[2018.08.17-03.07.28:489][ 48]LogModuleManager: Shutting down and abandoning module ImmediatePhysicsEditor (288)
[2018.08.17-03.07.28:489][ 48]LogModuleManager: Shutting down and abandoning module ImmediatePhysics (286)
[2018.08.17-03.07.28:489][ 48]LogModuleManager: Shutting down and abandoning module ActorSequence (284)
[2018.08.17-03.07.28:489][ 48]LogModuleManager: Shutting down and abandoning module UdpMessaging (282)
[2018.08.17-03.07.28:590][ 48]LogModuleManager: Shutting down and abandoning module TcpMessaging (280)
[2018.08.17-03.07.28:692][ 48]LogModuleManager: Shutting down and abandoning module MagicLeapAudio (278)
[2018.08.17-03.07.28:692][ 48]LogModuleManager: Shutting down and abandoning module GameplayTagsEditor (276)
[2018.08.17-03.07.28:692][ 48]LogModuleManager: Shutting down and abandoning module FacialAnimationEditor (274)
[2018.08.17-03.07.28:692][ 48]LogModuleManager: Shutting down and abandoning module FacialAnimation (272)
[2018.08.17-03.07.28:692][ 48]LogModuleManager: Shutting down and abandoning module DataValidation (270)
[2018.08.17-03.07.28:692][ 48]LogModuleManager: Shutting down and abandoning module AssetManagerEditor (268)
[2018.08.17-03.07.28:692][ 48]LogModuleManager: Shutting down and abandoning module LevelEditor (267)
[2018.08.17-03.07.28:695][ 48]LogModuleManager: Shutting down and abandoning module PixelInspectorModule (266)
[2018.08.17-03.07.28:696][ 48]LogModuleManager: Shutting down and abandoning module CommonMenuExtensions (264)
[2018.08.17-03.07.28:697][ 48]LogModuleManager: Shutting down and abandoning module MainFrame (262)
[2018.08.17-03.07.28:697][ 48]LogModuleManager: Shutting down and abandoning module HotReload (261)
[2018.08.17-03.07.28:698][ 48]LogModuleManager: Shutting down and abandoning module ContentBrowser (257)
[2018.08.17-03.07.28:703][ 48]LogModuleManager: Shutting down and abandoning module TreeMap (255)
[2018.08.17-03.07.28:704][ 48]LogModuleManager: Shutting down and abandoning module LightPropagationVolumeRuntime (252)
[2018.08.17-03.07.28:704][ 48]LogModuleManager: Shutting down and abandoning module AISupportModule (250)
[2018.08.17-03.07.28:704][ 48]LogModuleManager: Shutting down and abandoning module Paper2D (248)
[2018.08.17-03.07.28:704][ 48]LogModuleManager: Shutting down and abandoning module WindowsMoviePlayer (246)
[2018.08.17-03.07.28:704][ 48]LogModuleManager: Shutting down and abandoning module WmfMedia (244)
[2018.08.17-03.07.28:707][ 48]LogModuleManager: Shutting down and abandoning module Media (243)
[2018.08.17-03.07.28:714][ 48]LogModuleManager: Shutting down and abandoning module PacketHandler (240)
[2018.08.17-03.07.28:714][ 48]LogModuleManager: Shutting down and abandoning module ClothingSystemEditor (238)
[2018.08.17-03.07.28:714][ 48]LogModuleManager: Shutting down and abandoning module ClothingSystemRuntime (236)
[2018.08.17-03.07.28:715][ 48]LogModuleManager: Shutting down and abandoning module MediaAssets (234)
[2018.08.17-03.07.28:715][ 48]LogModuleManager: Shutting down and abandoning module Overlay (232)
[2018.08.17-03.07.28:715][ 48]LogModuleManager: Shutting down and abandoning module OverlayEditor (231)
[2018.08.17-03.07.28:715][ 48]LogModuleManager: Shutting down and abandoning module VREditor (228)
[2018.08.17-03.07.28:715][ 48]LogModuleManager: Shutting down and abandoning module StringTableEditor (226)
[2018.08.17-03.07.28:715][ 48]LogModuleManager: Shutting down and abandoning module GameplayTasksEditor (224)
[2018.08.17-03.07.28:715][ 48]LogModuleManager: Shutting down and abandoning module BehaviorTreeEditor (222)
[2018.08.17-03.07.28:715][ 48]LogModuleManager: Shutting down and abandoning module FunctionalTesting (220)
[2018.08.17-03.07.28:715][ 48]LogModuleManager: Shutting down and abandoning module CollisionAnalyzer (218)
[2018.08.17-03.07.28:715][ 48]LogModuleManager: Shutting down and abandoning module WorkspaceMenuStructure (217)
[2018.08.17-03.07.28:715][ 48]LogModuleManager: Shutting down and abandoning module UMG (214)
[2018.08.17-03.07.28:715][ 48]LogModuleManager: Shutting down and abandoning module UMGEditor (213)
[2018.08.17-03.07.28:715][ 48]LogModuleManager: Shutting down and abandoning module Sequencer (212)
[2018.08.17-03.07.28:716][ 48]LogModuleManager: Shutting down and abandoning module MessageLog (209)
[2018.08.17-03.07.28:716][ 48]LogModuleManager: Shutting down and abandoning module SlateReflector (204)
[2018.08.17-03.07.28:716][ 48]LogModuleManager: Shutting down and abandoning module Slate (202)
[2018.08.17-03.07.28:716][ 48]LogModuleManager: Shutting down and abandoning module EditorStyle (200)
[2018.08.17-03.07.28:722][ 48]LogModuleManager: Shutting down and abandoning module MRMesh (198)
[2018.08.17-03.07.28:722][ 48]LogModuleManager: Shutting down and abandoning module SourceCodeAccess (196)
[2018.08.17-03.07.28:722][ 48]LogModuleManager: Shutting down and abandoning module HeadMountedDisplay (194)
[2018.08.17-03.07.28:722][ 48]LogModuleManager: Shutting down and abandoning module XAudio2 (192)
[2018.08.17-03.07.28:722][ 48]LogModuleManager: Shutting down and abandoning module Networking (190)
[2018.08.17-03.07.28:722][ 48]LogModuleManager: Shutting down and abandoning module Core (188)
[2018.08.17-03.07.28:722][ 48]LogModuleManager: Shutting down and abandoning module LevelSequence (186)
[2018.08.17-03.07.28:722][ 48]LogModuleManager: Shutting down and abandoning module KismetCompiler (184)
[2018.08.17-03.07.28:722][ 48]LogModuleManager: Shutting down and abandoning module MeshUtilities (182)
[2018.08.17-03.07.28:722][ 48]LogModuleManager: Shutting down and abandoning module MeshMergeUtilities (181)
[2018.08.17-03.07.28:722][ 48]LogModuleManager: Shutting down and abandoning module MeshReductionInterface (180)
[2018.08.17-03.07.28:722][ 48]LogModuleManager: Shutting down and abandoning module SimplygonSwarm (179)
[2018.08.17-03.07.28:722][ 48]LogModuleManager: Shutting down and abandoning module ProxyLODMeshReduction (177)
[2018.08.17-03.07.28:723][ 48]LogModuleManager: Shutting down and abandoning module SimplygonMeshReduction (175)
[2018.08.17-03.07.28:723][ 48]LogModuleManager: Shutting down and abandoning module QuadricMeshReduction (173)
[2018.08.17-03.07.28:723][ 48]LogModuleManager: Shutting down and abandoning module MaterialBaking (169)
[2018.08.17-03.07.28:723][ 48]LogModuleManager: Shutting down and abandoning module DirectoryWatcher (165)
[2018.08.17-03.07.28:726][ 48]LogModuleManager: Shutting down and abandoning module DerivedDataCache (162)
[2018.08.17-03.07.28:782][ 48]LogDerivedDataCache: Shutdown
[2018.08.17-03.07.28:782][ 48]LogModuleManager: Shutting down and abandoning module XGEController (160)
[2018.08.17-03.07.28:782][ 48]LogModuleManager: Shutting down and abandoning module TargetPlatform (158)
[2018.08.17-03.07.28:782][ 48]LogModuleManager: Shutting down and abandoning module VulkanShaderFormat (157)
[2018.08.17-03.07.28:782][ 48]LogModuleManager: Shutting down and abandoning module ShaderFormatVectorVM (155)
[2018.08.17-03.07.28:782][ 48]LogModuleManager: Shutting down and abandoning module ShaderFormatOpenGL (153)
[2018.08.17-03.07.28:783][ 48]LogModuleManager: Shutting down and abandoning module ShaderFormatD3D (151)
[2018.08.17-03.07.28:783][ 48]LogModuleManager: Shutting down and abandoning module MetalShaderFormat (149)
[2018.08.17-03.07.28:783][ 48]LogModuleManager: Shutting down and abandoning module TextureFormatUncompressed (147)
[2018.08.17-03.07.28:783][ 48]LogModuleManager: Shutting down and abandoning module TextureFormatPVR (145)
[2018.08.17-03.07.28:783][ 48]LogModuleManager: Shutting down and abandoning module TextureFormatDXT (143)
[2018.08.17-03.07.28:783][ 48]LogModuleManager: Shutting down and abandoning module TextureFormatIntelISPCTexComp (141)
[2018.08.17-03.07.28:783][ 48]LogModuleManager: Shutting down and abandoning module TextureFormatASTC (139)
[2018.08.17-03.07.28:783][ 48]LogModuleManager: Shutting down and abandoning module ImageWrapper (138)
[2018.08.17-03.07.28:783][ 48]LogModuleManager: Shutting down and abandoning module TextureFormatAndroid (135)
[2018.08.17-03.07.28:784][ 48]LogModuleManager: Shutting down and abandoning module AudioFormatOpus (133)
[2018.08.17-03.07.28:784][ 48]LogModuleManager: Shutting down and abandoning module AudioFormatOgg (131)
[2018.08.17-03.07.28:784][ 48]LogModuleManager: Shutting down and abandoning module AudioFormatADPCM (129)
[2018.08.17-03.07.28:784][ 48]LogModuleManager: Shutting down and abandoning module LuminTargetPlatform (127)
[2018.08.17-03.07.28:784][ 48]LogModuleManager: Shutting down and abandoning module LinuxTargetPlatform (125)
[2018.08.17-03.07.28:784][ 48]LogModuleManager: Shutting down and abandoning module LinuxServerTargetPlatform (123)
[2018.08.17-03.07.28:784][ 48]LogModuleManager: Shutting down and abandoning module LinuxNoEditorTargetPlatform (121)
[2018.08.17-03.07.28:784][ 48]LogModuleManager: Shutting down and abandoning module LinuxClientTargetPlatform (119)
[2018.08.17-03.07.28:784][ 48]LogModuleManager: Shutting down and abandoning module TVOSTargetPlatform (117)
[2018.08.17-03.07.28:800][ 48]LogModuleManager: Shutting down and abandoning module Messaging (115)
[2018.08.17-03.07.28:800][ 48]LogModuleManager: Shutting down and abandoning module IOSTargetPlatform (113)
[2018.08.17-03.07.28:810][ 48]LogModuleManager: Shutting down and abandoning module HTML5TargetPlatform (111)
[2018.08.17-03.07.28:810][ 48]LogModuleManager: Shutting down and abandoning module AndroidTargetPlatform (109)
[2018.08.17-03.07.28:885][ 48]LogModuleManager: Shutting down and abandoning module WindowsTargetPlatform (107)
[2018.08.17-03.07.28:885][ 48]LogModuleManager: Shutting down and abandoning module WindowsServerTargetPlatform (105)
[2018.08.17-03.07.28:885][ 48]LogModuleManager: Shutting down and abandoning module WindowsNoEditorTargetPlatform (103)
[2018.08.17-03.07.28:885][ 48]LogModuleManager: Shutting down and abandoning module WindowsClientTargetPlatform (101)
[2018.08.17-03.07.28:885][ 48]LogModuleManager: Shutting down and abandoning module MacTargetPlatform (99)
[2018.08.17-03.07.28:885][ 48]LogModuleManager: Shutting down and abandoning module MacServerTargetPlatform (97)
[2018.08.17-03.07.28:885][ 48]LogModuleManager: Shutting down and abandoning module MacNoEditorTargetPlatform (95)
[2018.08.17-03.07.28:885][ 48]LogModuleManager: Shutting down and abandoning module MacClientTargetPlatform (93)
[2018.08.17-03.07.28:885][ 48]LogModuleManager: Shutting down and abandoning module AllDesktopTargetPlatform (91)
[2018.08.17-03.07.28:885][ 48]LogModuleManager: Shutting down and abandoning module InputCore (88)
[2018.08.17-03.07.28:886][ 48]LogModuleManager: Shutting down and abandoning module Settings (86)
[2018.08.17-03.07.28:886][ 48]LogModuleManager: Shutting down and abandoning module PhysXCooking (84)
[2018.08.17-03.07.28:886][ 48]LogModuleManager: Shutting down and abandoning module SteamVR (82)
[2018.08.17-03.07.28:886][ 48]LogModuleManager: Shutting down and abandoning module OculusHMD (80)
[2018.08.17-03.07.28:886][ 48]LogModuleManager: Shutting down and abandoning module ExampleDeviceProfileSelector (78)
[2018.08.17-03.07.28:886][ 48]LogModuleManager: Shutting down and abandoning module LauncherChunkInstaller (76)
[2018.08.17-03.07.28:886][ 48]LogModuleManager: Shutting down and abandoning module OnlineBlueprintSupport (74)
[2018.08.17-03.07.28:886][ 48]LogModuleManager: Shutting down and abandoning module OnlineSubsystem (70)
[2018.08.17-03.07.28:888][ 48]LogModuleManager: Shutting down and abandoning module XMPP (65)
[2018.08.17-03.07.28:889][ 48]LogModuleManager: Shutting down and abandoning module WebSockets (64)
[2018.08.17-03.07.28:918][ 48]LogModuleManager: Shutting down and abandoning module HTTP (61)
[2018.08.17-03.07.28:918][ 48]LogHttp: Display: Http module shutting down, but needs to wait on 1 outstanding Http requests:
[2018.08.17-03.07.28:918][ 48]LogHttp: Display: 	verb=[POST] url=[https://datarouter.ol.epicgames.com/datarouter/api/v1/public/data?SessionID=%7B4241182B-46D2-3CE6-4383-759033115059%7D&AppID=UEEditor.Rocket.Release&AppVersion=4.20.1-4233996%2B%2B%2BUE4%2BRelease-4.20&UserID=bf60ee4f4483664cc9b427bdae8adf3f%7C215f6abc9e034017a9260fcb5f719f6a%7C03c4eb9d-5525-4d78-a36a-642ff74d7f12&AppEnvironment=datacollector-binary&UploadType=eteventstream] status=Processing
[2018.08.17-03.07.28:931][ 48]LogModuleManager: Shutting down and abandoning module SSL (60)
[2018.08.17-03.07.28:936][ 48]LogModuleManager: Shutting down and abandoning module MagicLeapEmulator (56)
[2018.08.17-03.07.28:936][ 48]LogModuleManager: Shutting down and abandoning module MagicLeapPrivileges (54)
[2018.08.17-03.07.28:936][ 48]LogModuleManager: Shutting down and abandoning module MagicLeapIdentity (52)
[2018.08.17-03.07.28:936][ 48]LogModuleManager: Shutting down and abandoning module MagicLeapHelperVulkan (50)
[2018.08.17-03.07.28:936][ 48]LogModuleManager: Shutting down and abandoning module MagicLeapHelperOpenGL (48)
[2018.08.17-03.07.28:936][ 48]LogModuleManager: Shutting down and abandoning module MagicLeapSecureStorage (46)
[2018.08.17-03.07.28:936][ 48]LogModuleManager: Shutting down and abandoning module MagicLeapGestures (44)
[2018.08.17-03.07.28:936][ 48]LogModuleManager: Shutting down and abandoning module MagicLeapEyeTracker (42)
[2018.08.17-03.07.28:936][ 48]LogModuleManager: Shutting down and abandoning module MagicLeapController (40)
[2018.08.17-03.07.28:937][ 48]LogSlate: Slate User Destroyed.  User Index 0, Is Virtual User: 0
[2018.08.17-03.07.28:938][ 48]LogModuleManager: Shutting down and abandoning module MagicLeap (38)
[2018.08.17-03.07.28:939][ 48]LogModuleManager: Shutting down and abandoning module AnimationModifiers (36)
[2018.08.17-03.07.28:939][ 48]LogModuleManager: Shutting down and abandoning module PropertyEditor (35)
[2018.08.17-03.07.28:939][ 48]LogModuleManager: Shutting down and abandoning module AudioEditor (32)
[2018.08.17-03.07.28:939][ 48]LogModuleManager: Shutting down and abandoning module TextureCompressor (30)
[2018.08.17-03.07.28:940][ 48]LogModuleManager: Shutting down and abandoning module ShaderCore (28)
[2018.08.17-03.07.28:940][ 48]LogModuleManager: Shutting down and abandoning module Landscape (26)
[2018.08.17-03.07.28:940][ 48]LogModuleManager: Shutting down and abandoning module SlateRHIRenderer (24)
[2018.08.17-03.07.28:942][ 48]LogModuleManager: Shutting down and abandoning module OpenGLDrv (22)
[2018.08.17-03.07.28:943][ 48]LogModuleManager: Shutting down and abandoning module D3D11RHI (20)
[2018.08.17-03.07.28:943][ 48]LogModuleManager: Shutting down and abandoning module AnimGraphRuntime (18)
[2018.08.17-03.07.28:943][ 48]LogModuleManager: Shutting down and abandoning module Renderer (16)
[2018.08.17-03.07.28:943][ 48]LogModuleManager: Shutting down and abandoning module Engine (14)
[2018.08.17-03.07.28:943][ 48]LogModuleManager: Shutting down and abandoning module CoreUObject (12)
[2018.08.17-03.07.28:943][ 48]LogModuleManager: Shutting down and abandoning module NetworkFile (10)
[2018.08.17-03.07.28:943][ 48]LogModuleManager: Shutting down and abandoning module CookedIterativeFile (8)
[2018.08.17-03.07.28:943][ 48]LogModuleManager: Shutting down and abandoning module StreamingFile (6)
[2018.08.17-03.07.28:943][ 48]LogModuleManager: Shutting down and abandoning module SandboxFile (4)
[2018.08.17-03.07.28:943][ 48]LogModuleManager: Shutting down and abandoning module PakFile (2)
[2018.08.17-03.07.28:959][ 48]LogExit: Exiting.
[2018.08.17-03.07.28:985][ 48]Log file closed, 08/16/18 21:07:28
