Log file open, 08/18/18 16:29:01
LogWindows: Failed to load 'aqProf.dll' (GetLastError=126)
LogWindows: File 'aqProf.dll' does not exist
LogWindows: Failed to load 'VtuneApi.dll' (GetLastError=126)
LogWindows: File 'VtuneApi.dll' does not exist
LogWindows: Failed to load 'VtuneApi32e.dll' (GetLastError=126)
LogWindows: File 'VtuneApi32e.dll' does not exist
LogInit: Display: Running engine for game: OurProject
LogPlatformFile: Not using cached read wrapper
LogTaskGraph: Started task graph with 5 named threads and 14 total threads with 3 sets of task threads.
LogStats: Stats thread started at 0.434308
LogD3D11RHI: Loaded GFSDK_Aftermath_Lib.x64.dll
LogICUInternationalization: Display: ICU TimeZone Detection - Raw Offset: -6:00, Platform Override: ''
LogPluginManager: Mounting plugin Paper2D
LogPluginManager: Mounting plugin AISupport
LogPluginManager: Mounting plugin LightPropagationVolume
LogPluginManager: Mounting plugin CLionSourceCodeAccess
LogPluginManager: Mounting plugin CodeLiteSourceCodeAccess
LogPluginManager: Mounting plugin GitSourceControl
LogPluginManager: Mounting plugin KDevelopSourceCodeAccess
LogPluginManager: Mounting plugin NullSourceCodeAccess
LogPluginManager: Mounting plugin PerforceSourceControl
LogPluginManager: Mounting plugin SubversionSourceControl
LogPluginManager: Mounting plugin UObjectPlugin
LogPluginManager: Mounting plugin VisualStudioCodeSourceCodeAccess
LogPluginManager: Mounting plugin VisualStudioSourceCodeAccess
LogPluginManager: Mounting plugin XCodeSourceCodeAccess
LogPluginManager: Mounting plugin AssetManagerEditor
LogPluginManager: Mounting plugin CryptoKeys
LogPluginManager: Mounting plugin DataValidation
LogPluginManager: Mounting plugin FacialAnimation
LogPluginManager: Mounting plugin GameplayTagsEditor
LogPluginManager: Mounting plugin MacGraphicsSwitching
LogPluginManager: Mounting plugin MeshEditor
LogPluginManager: Mounting plugin MobileLauncherProfileWizard
LogPluginManager: Mounting plugin PluginBrowser
LogPluginManager: Mounting plugin SpeedTreeImporter
LogPluginManager: Mounting plugin DatasmithContent
LogPluginManager: Mounting plugin AlembicImporter
LogPluginManager: Mounting plugin AppleImageUtils
LogPluginManager: Mounting plugin AppleVision
LogPluginManager: Mounting plugin BackChannel
LogPluginManager: Mounting plugin CharacterAI
LogPluginManager: Mounting plugin GeometryCache
LogPluginManager: Mounting plugin HTML5Networking
LogPluginManager: Mounting plugin ProxyLODPlugin
LogPluginManager: Mounting plugin MagicLeap
LogPluginManager: Mounting plugin MagicLeapEmulator
LogPluginManager: Mounting plugin MagicLeapMedia
LogPluginManager: Mounting plugin AndroidMedia
LogPluginManager: Mounting plugin AvfMedia
LogPluginManager: Mounting plugin ImgMedia
LogPluginManager: Mounting plugin LinearTimecode
LogPluginManager: Mounting plugin MediaCompositing
LogPluginManager: Mounting plugin MediaPlayerEditor
LogPluginManager: Mounting plugin WmfMedia
LogPluginManager: Mounting plugin TcpMessaging
LogPluginManager: Mounting plugin UdpMessaging
LogPluginManager: Mounting plugin ActorSequence
LogPluginManager: Mounting plugin LevelSequenceEditor
LogPluginManager: Mounting plugin MatineeToLevelSequence
LogPluginManager: Mounting plugin NetcodeUnitTest
LogPluginManager: Mounting plugin NUTUnrealEngine4
LogPluginManager: Mounting plugin OnlineSubsystemGooglePlay
LogPluginManager: Mounting plugin OnlineSubsystemIOS
LogPluginManager: Mounting plugin OnlineSubsystem
LogPluginManager: Mounting plugin OnlineSubsystemNull
LogPluginManager: Mounting plugin OnlineSubsystemSteam
LogPluginManager: Mounting plugin OnlineSubsystemUtils
LogPluginManager: Mounting plugin LauncherChunkInstaller
LogPluginManager: Mounting plugin AndroidDeviceProfileSelector
LogPluginManager: Mounting plugin AndroidMoviePlayer
LogPluginManager: Mounting plugin AndroidPermission
LogPluginManager: Mounting plugin AppleMoviePlayer
LogPluginManager: Mounting plugin ArchVisCharacter
LogPluginManager: Mounting plugin AudioCapture
LogPluginManager: Mounting plugin CableComponent
LogPluginManager: Mounting plugin CustomMeshComponent
LogPluginManager: Mounting plugin EditableMesh
LogPluginManager: Mounting plugin ExampleDeviceProfileSelector
LogPluginManager: Mounting plugin GoogleCloudMessaging
LogPluginManager: Mounting plugin ImmediatePhysics
LogPluginManager: Mounting plugin IOSDeviceProfileSelector
LogPluginManager: Mounting plugin LinuxDeviceProfileSelector
LogPluginManager: Mounting plugin LocationServicesBPLibrary
LogPluginManager: Mounting plugin MobilePatchingUtils
LogPluginManager: Mounting plugin OculusVR
LogPluginManager: Plugin shader directory ../../../Engine/Plugins/Runtime/Oculus/OculusVR/Shaders found
LogPluginManager: Mapping shader source directory ../../../Engine/Plugins/Runtime/Oculus/OculusVR/Shaders to virtual directory /Plugin/OculusVR
LogPluginManager: Mounting plugin PhysXVehicles
LogPluginManager: Mounting plugin ProceduralMeshComponent
LogPluginManager: Mounting plugin RuntimePhysXCooking
LogPluginManager: Mounting plugin SteamVR
LogPluginManager: Mounting plugin WindowsMoviePlayer
LogStreaming: Display: Took  0.363s to configure plugins.
LogInit: Using libcurl 7.55.1-DEV
LogInit:  - built for x86_64-pc-win32
LogInit:  - supports SSL with OpenSSL/1.0.2h
LogInit:  - supports HTTP deflate (compression) using libz 1.2.8
LogInit:  - other features:
LogInit:      CURL_VERSION_SSL
LogInit:      CURL_VERSION_LIBZ
LogInit:      CURL_VERSION_IPV6
LogInit:      CURL_VERSION_ASYNCHDNS
LogInit:      CURL_VERSION_LARGEFILE
LogInit:      CURL_VERSION_IDN
LogInit:  CurlRequestOptions (configurable via config and command line):
LogInit:  - bVerifyPeer = false  - Libcurl will NOT verify peer certificate
LogInit:  - bUseHttpProxy = false  - Libcurl will NOT use HTTP proxy
LogInit:  - bDontReuseConnections = false  - Libcurl will reuse connections
LogInit:  - CertBundlePath = nullptr  - Libcurl will use whatever was configured at build time.
LogInit:  - MaxHostConnections = 16  - Libcurl will limit the number of connections to a host
LogInit:  - LocalHostAddr = Default
LogInit:  - BufferSize = 65536
LogOnline: Display: STEAM: Loading Steam SDK 1.39
LogOnline: Warning: STEAM: Steam API disabled!
LogOnline: Display: STEAM: OnlineSubsystemSteam::Shutdown()
LogInit: WinSock: version 1.1 (2.2), MaxSocks=32767, MaxUdp=65467
LogInit: Build: ++UE4+Release-4.20-CL-4233996
LogInit: Engine Version: 4.20.1-4233996+++UE4+Release-4.20
LogInit: Compatible Engine Version: 4.20.0-4212847+++UE4+Release-4.20
LogInit: Net CL: 4212847
LogInit: OS: Windows 10 (), CPU: AMD FX-8800P Radeon R7, 12 Compute Cores 4C+8G , GPU: AMD Radeon (TM) R9 360
LogInit: Compiled (64-bit): Jul 26 2018 10:07:30
LogInit: Compiled with Visual C++: 19.13.26129.00
LogInit: Build Configuration: Development
LogInit: Branch Name: ++UE4+Release-4.20
LogInit: Command Line: 
LogInit: Base Directory: C:/Program Files/Epic Games/UE_4.20/Engine/Binaries/Win64/
LogInit: Installed Engine Build: 1
LogDevObjectVersion: Number of dev versions registered: 20
LogDevObjectVersion:   Dev-Blueprints (B0D832E4-1F89-4F0D-ACCF-7EB736FD4AA2): 10
LogDevObjectVersion:   Dev-Build (E1C64328-A22C-4D53-A36C-8E866417BD8C): 0
LogDevObjectVersion:   Dev-Core (375EC13C-06E4-48FB-B500-84F0262A717E): 2
LogDevObjectVersion:   Dev-Editor (E4B068ED-F494-42E9-A231-DA0B2E46BB41): 24
LogDevObjectVersion:   Dev-Framework (CFFC743F-43B0-4480-9391-14DF171D2073): 34
LogDevObjectVersion:   Dev-Mobile (B02B49B5-BB20-44E9-A304-32B752E40360): 2
LogDevObjectVersion:   Dev-Networking (A4E4105C-59A1-49B5-A7C5-40C4547EDFEE): 0
LogDevObjectVersion:   Dev-Online (39C831C9-5AE6-47DC-9A44-9C173E1C8E7C): 0
LogDevObjectVersion:   Dev-Physics (78F01B33-EBEA-4F98-B9B4-84EACCB95AA2): 0
LogDevObjectVersion:   Dev-Platform (6631380F-2D4D-43E0-8009-CF276956A95A): 0
LogDevObjectVersion:   Dev-Rendering (12F88B9F-8875-4AFC-A67C-D90C383ABD29): 26
LogDevObjectVersion:   Dev-Sequencer (7B5AE74C-D270-4C10-A958-57980B212A5A): 9
LogDevObjectVersion:   Dev-VR (D7296918-1DD6-4BDD-9DE2-64A83CC13884): 2
LogDevObjectVersion:   Dev-LoadTimes (C2A15278-BFE7-4AFE-6C17-90FF531DF755): 1
LogDevObjectVersion:   Private-Geometry (6EACA3D4-40EC-4CC1-B786-8BED09428FC5): 3
LogDevObjectVersion:   Dev-AnimPhys (29E575DD-E0A3-4627-9D10-D276232CDCEA): 17
LogDevObjectVersion:   Dev-ReflectionCapture (6B266CEC-1EC7-4B8F-A30B-E4D90942FC07): 1
LogDevObjectVersion:   Dev-Automation (0DF73D61-A23F-47EA-B727-89E90C41499A): 1
LogDevObjectVersion:   FortniteMain (601D1886-AC64-4F84-AA16-D3DE0DEAC7D6): 12
LogDevObjectVersion:   Dev-Enterprise (9DFFBCD6-494F-0158-E221-12823C92A888): 1
LogStreaming: Display: Took  0.005s to delete old logs.
LogInit: Presizing for max 8388607 objects, including 0 objects not considered by GC, pre-allocating 0 bytes for permanent pool.
LogInit: Object subsystem initialized
[2018.08.18-22.29.02:753][  0]LogInit: Selected Device Profile: [Windows]
[2018.08.18-22.29.02:753][  0]LogInit: Applying CVar settings loaded from the selected device profile: [Windows]
[2018.08.18-22.29.02:788][  0]LogHAL: Display: Platform has ~ 16 GB [17113329664 / 17179869184 / 16], which maps to Larger [LargestMinGB=32, LargerMinGB=12, DefaultMinGB=8, SmallerMinGB=6, SmallestMinGB=0)
[2018.08.18-22.29.02:788][  0]LogInit: Setting Device Profile CVar: [[r.Vulkan.UseRealUBs:1]]
[2018.08.18-22.29.02:788][  0]LogInit: Going up to parent DeviceProfile []
[2018.08.18-22.29.02:789][  0]LogInit: Computer: LINK
[2018.08.18-22.29.02:789][  0]LogInit: User: brixo
[2018.08.18-22.29.02:789][  0]LogInit: CPU Page size=4096, Cores=4
[2018.08.18-22.29.02:789][  0]LogInit: High frequency timer resolution =2.046942 MHz
[2018.08.18-22.29.02:790][  0]LogMemory: Memory total: Physical=15.9GB (16GB approx)
[2018.08.18-22.29.02:790][  0]LogMemory: Platform Memory Stats for Windows
[2018.08.18-22.29.02:790][  0]LogMemory: Process Physical Memory: 100.11 MB used, 100.11 MB peak
[2018.08.18-22.29.02:790][  0]LogMemory: Process Virtual Memory: 91.13 MB used, 91.13 MB peak
[2018.08.18-22.29.02:790][  0]LogMemory: Physical Memory: 8363.71 MB used,  7956.84 MB free, 16320.54 MB total
[2018.08.18-22.29.02:790][  0]LogMemory: Virtual Memory: 4633.05 MB used,  7956.84 MB free, 134217728.00 MB total
[2018.08.18-22.29.02:850][  0]LogInit: Using OS detected language (en-US).
[2018.08.18-22.29.02:850][  0]LogInit: Using OS detected locale (en-US).
[2018.08.18-22.29.02:854][  0]LogTextLocalizationManager: No specific localization for 'en-US' exists, so the 'en' localization will be used.
[2018.08.18-22.29.03:837][  0]LogStreaming: Display: Took  0.987s to InitEngineTextLocalization.
[2018.08.18-22.29.03:837][  0]LogInit: Setting process to per monitor DPI aware
[2018.08.18-22.29.03:946][  0]LogSlate: New Slate User Created.  User Index 0, Is Virtual User: 0
[2018.08.18-22.29.03:946][  0]LogSlate: Slate User Registered.  User Index 0, Is Virtual User: 0
[2018.08.18-22.29.04:749][  0]LogHMD: Failed to initialize OpenVR with code 110
[2018.08.18-22.29.04:749][  0]LogD3D11RHI: D3D11 adapters:
[2018.08.18-22.29.04:808][  0]LogD3D11RHI:    0. 'AMD Radeon (TM) R9 360' (Feature Level 11_0)
[2018.08.18-22.29.04:808][  0]LogD3D11RHI:       2025/0/8160 MB DedicatedVideo/DedicatedSystem/SharedSystem, Outputs:2, VendorId:0x1002
[2018.08.18-22.29.04:814][  0]LogD3D11RHI:    1. 'Microsoft Basic Render Driver' (Feature Level 11_0)
[2018.08.18-22.29.04:814][  0]LogD3D11RHI:       0/0/8160 MB DedicatedVideo/DedicatedSystem/SharedSystem, Outputs:0, VendorId:0x1414
[2018.08.18-22.29.04:814][  0]LogD3D11RHI: Chosen D3D11 Adapter: 0
[2018.08.18-22.29.04:836][  0]LogD3D11RHI: Creating new Direct3DDevice
[2018.08.18-22.29.04:837][  0]LogD3D11RHI:     GPU DeviceId: 0x665f (for the marketing name, search the web for "GPU Device Id")
[2018.08.18-22.29.04:837][  0]LogWindows: EnumDisplayDevices:
[2018.08.18-22.29.04:837][  0]LogWindows:    0. 'AMD Radeon (TM) R9 360' (P:1 D:1)
[2018.08.18-22.29.04:838][  0]LogWindows:    1. 'AMD Radeon (TM) R9 360' (P:0 D:1)
[2018.08.18-22.29.04:839][  0]LogWindows:    2. 'AMD Radeon (TM) R9 360' (P:0 D:0)
[2018.08.18-22.29.04:840][  0]LogWindows:    3. 'AMD Radeon (TM) R9 360' (P:0 D:0)
[2018.08.18-22.29.04:840][  0]LogWindows:    4. 'AMD Radeon (TM) R9 360' (P:0 D:0)
[2018.08.18-22.29.04:841][  0]LogWindows:    5. 'AMD Radeon (TM) R9 360' (P:0 D:0)
[2018.08.18-22.29.04:841][  0]LogWindows: DebugString: FoundDriverCount:6 
[2018.08.18-22.29.04:841][  0]LogD3D11RHI:     Adapter Name: AMD Radeon (TM) R9 360
[2018.08.18-22.29.04:841][  0]LogD3D11RHI:   Driver Version: Crimson ReLive 17.7 (internal:22.19.172.769, unified:22.19.172.769)
[2018.08.18-22.29.04:841][  0]LogD3D11RHI:      Driver Date: 6-27-2017
[2018.08.18-22.29.04:841][  0]LogRHI: Texture pool is 1417 MB (70% of 2025 MB)
[2018.08.18-22.29.05:029][  0]LogD3D11RHI: Async texture creation enabled
[2018.08.18-22.29.05:051][  0]LogD3D11RHI: GPU Timing Frequency: 27.000000 (Debug: 2 1)
[2018.08.18-22.29.05:057][  0]LogShaderCompilers: Guid format shader working directory is -32 characters bigger than the processId version (../../../../../../Users/brixo/OneDrive/Documents/GitHub/Heart-Felt/OurProject/Intermediate/Shaders/WorkingDirectory/15296/).
[2018.08.18-22.29.05:057][  0]LogShaderCompilers: Cleaned the shader compiler working directory 'C:/Users/brixo/AppData/Local/Temp/UnrealShaderWorkingDir/0AF89A6D4A21E4BCE746BA9C605065E7/'.
[2018.08.18-22.29.05:917][  0]LogTemp: Display: Loaded TP AllDesktopTargetPlatform
[2018.08.18-22.29.05:960][  0]LogTemp: Display: Loaded TP MacClientTargetPlatform
[2018.08.18-22.29.05:996][  0]LogTemp: Display: Loaded TP MacNoEditorTargetPlatform
[2018.08.18-22.29.06:040][  0]LogTemp: Display: Loaded TP MacServerTargetPlatform
[2018.08.18-22.29.06:069][  0]LogTemp: Display: Loaded TP MacTargetPlatform
[2018.08.18-22.29.06:098][  0]LogTemp: Display: Loaded TP WindowsClientTargetPlatform
[2018.08.18-22.29.06:133][  0]LogTemp: Display: Loaded TP WindowsNoEditorTargetPlatform
[2018.08.18-22.29.06:165][  0]LogTemp: Display: Loaded TP WindowsServerTargetPlatform
[2018.08.18-22.29.06:181][  0]LogTemp: Display: Loaded TP WindowsTargetPlatform
[2018.08.18-22.29.06:355][  0]LogTemp: Display: Loaded TP AndroidTargetPlatform
[2018.08.18-22.29.06:355][  0]LogTemp: Display: Loaded TP AndroidTargetPlatform
[2018.08.18-22.29.06:355][  0]LogTemp: Display: Loaded TP AndroidTargetPlatform
[2018.08.18-22.29.06:355][  0]LogTemp: Display: Loaded TP AndroidTargetPlatform
[2018.08.18-22.29.06:355][  0]LogTemp: Display: Loaded TP AndroidTargetPlatform
[2018.08.18-22.29.06:355][  0]LogTemp: Display: Loaded TP AndroidTargetPlatform
[2018.08.18-22.29.06:355][  0]LogTemp: Display: Loaded TP AndroidTargetPlatform
[2018.08.18-22.29.06:355][  0]LogTemp: Display: Loaded TP AndroidTargetPlatform
[2018.08.18-22.29.06:355][  0]LogTemp: Display: Loaded TP AndroidTargetPlatform
[2018.08.18-22.29.06:355][  0]LogTemp: Display: Loaded TP AndroidTargetPlatform
[2018.08.18-22.29.06:355][  0]LogTemp: Display: Loaded TP AndroidTargetPlatform
[2018.08.18-22.29.06:355][  0]LogTemp: Display: Loaded TP AndroidTargetPlatform
[2018.08.18-22.29.06:355][  0]LogTemp: Display: Loaded TP AndroidTargetPlatform
[2018.08.18-22.29.06:355][  0]LogTemp: Display: Loaded TP AndroidTargetPlatform
[2018.08.18-22.29.06:355][  0]LogTemp: Display: Loaded TP AndroidTargetPlatform
[2018.08.18-22.29.06:355][  0]LogTemp: Display: Loaded TP AndroidTargetPlatform
[2018.08.18-22.29.06:355][  0]LogTemp: Display: Loaded TP AndroidTargetPlatform
[2018.08.18-22.29.06:355][  0]LogTemp: Display: Loaded TP AndroidTargetPlatform
[2018.08.18-22.29.06:358][  0]LogTemp: Display: Loaded TP HTML5TargetPlatform
[2018.08.18-22.29.06:458][  0]LogTemp: Display: Loaded TP IOSTargetPlatform
[2018.08.18-22.29.06:458][  0]LogTemp: Display: Loaded TP IOSTargetPlatform
[2018.08.18-22.29.06:513][  0]LogTemp: Display: Loaded TP TVOSTargetPlatform
[2018.08.18-22.29.06:513][  0]LogTemp: Display: Loaded TP TVOSTargetPlatform
[2018.08.18-22.29.06:547][  0]LogTemp: Display: Loaded TP LinuxClientTargetPlatform
[2018.08.18-22.29.06:579][  0]LogTemp: Display: Loaded TP LinuxNoEditorTargetPlatform
[2018.08.18-22.29.06:611][  0]LogTemp: Display: Loaded TP LinuxServerTargetPlatform
[2018.08.18-22.29.06:644][  0]LogTemp: Display: Loaded TP LinuxTargetPlatform
[2018.08.18-22.29.06:664][  0]LogTemp: Display: Loaded TP LuminTargetPlatform
[2018.08.18-22.29.06:664][  0]LogTargetPlatformManager: Display: Building Assets For Windows
[2018.08.18-22.29.06:833][  0]LogXGEController: Cannot use XGE Controller as Incredibuild is not installed on this machine.
[2018.08.18-22.29.06:833][  0]LogShaderCompilers: Cannot use XGE Shader Compiler as Incredibuild is not installed on this machine.
[2018.08.18-22.29.06:833][  0]LogShaderCompilers: Display: Using Local Shader Compiler.
[2018.08.18-22.29.09:779][  0]LogDerivedDataCache: Display: Max Cache Size: 512 MB
[2018.08.18-22.29.09:990][  0]LogDerivedDataCache: Loaded boot cache 0.21s 71MB C:/Users/brixo/AppData/Local/UnrealEngine/4.20/DerivedDataCache/Boot.ddc.
[2018.08.18-22.29.09:990][  0]LogDerivedDataCache: Display: Loaded Boot cache: C:/Users/brixo/AppData/Local/UnrealEngine/4.20/DerivedDataCache/Boot.ddc
[2018.08.18-22.29.09:991][  0]LogDerivedDataCache: FDerivedDataBackendGraph:  Pak pak cache file ../../../../../../Users/brixo/OneDrive/Documents/GitHub/Heart-Felt/OurProject/DerivedDataCache/DDC.ddp not found, will not use a pak cache.
[2018.08.18-22.29.09:991][  0]LogDerivedDataCache: Unable to find inner node Pak for hierarchical cache Hierarchy.
[2018.08.18-22.29.09:991][  0]LogDerivedDataCache: FDerivedDataBackendGraph:  CompressedPak pak cache file ../../../../../../Users/brixo/OneDrive/Documents/GitHub/Heart-Felt/OurProject/DerivedDataCache/Compressed.ddp not found, will not use a pak cache.
[2018.08.18-22.29.09:991][  0]LogDerivedDataCache: Unable to find inner node CompressedPak for hierarchical cache Hierarchy.
[2018.08.18-22.29.10:012][  0]LogDerivedDataCache: Display: Pak cache opened for reading ../../../Engine/DerivedDataCache/Compressed.ddp.
[2018.08.18-22.29.10:026][  0]LogDerivedDataCache: Using Local data cache path C:/Users/brixo/AppData/Local/UnrealEngine/Common/DerivedDataCache: Writable
[2018.08.18-22.29.10:026][  0]LogDerivedDataCache: Shared data cache path not found in *engine.ini, will not use an Shared cache.
[2018.08.18-22.29.10:026][  0]LogDerivedDataCache: Unable to find inner node Shared for hierarchical cache Hierarchy.
[2018.08.18-22.29.10:067][  0]LogMaterial: Verifying Global Shaders for PCD3D_SM5
[2018.08.18-22.29.10:069][  0]LogSlate: Using FreeType 2.6.0
[2018.08.18-22.29.10:070][  0]LogSlate: SlateFontServices - WITH_FREETYPE: 1, WITH_HARFBUZZ: 1
[2018.08.18-22.29.10:221][  0]LogAssetRegistry: FAssetRegistry took 0.0334 seconds to start up
[2018.08.18-22.29.11:249][  0]LogInit: Selected Device Profile: [Windows]
[2018.08.18-22.29.11:671][  0]LogSimplygon: Simplygon DLL not present - disabling.
[2018.08.18-22.29.11:685][  0]LogMeshReduction: Using SimplygonSwarm for distributed automatic mesh merging
[2018.08.18-22.29.11:685][  0]LogMeshReduction: Using ProxyLODMeshReduction for automatic mesh merging
[2018.08.18-22.29.11:685][  0]LogMeshReduction: Using QuadricMeshReduction for automatic static mesh reduction
[2018.08.18-22.29.11:685][  0]LogMeshReduction: No automatic skeletal mesh reduction module available
[2018.08.18-22.29.11:750][  0]LogNetVersion: OurProject 1.0.0, NetCL: 4212847, EngineNetVer: 5, GameNetVer: 0 (Checksum: 3951183775)
[2018.08.18-22.29.13:403][  0]LogPackageLocalizationCache: Processed 11 localized package path(s) for 2 prioritized culture(s) in 0.480338 seconds
[2018.08.18-22.29.13:424][  0]LogUObjectArray: 38434 objects as part of root set at end of initial load.
[2018.08.18-22.29.13:424][  0]LogUObjectAllocator: 6701136 out of 0 bytes used by permanent object pool.
[2018.08.18-22.29.13:424][  0]LogUObjectArray: CloseDisregardForGC: 0/0 objects in disregard for GC pool
[2018.08.18-22.29.16:209][  0]LogTcpMessaging: Initializing TcpMessaging bridge
[2018.08.18-22.29.16:233][  0]LogUdpMessaging: Initializing bridge on interface 0.0.0.0:0 to multicast group 230.0.0.1:6666.
[2018.08.18-22.29.16:563][  0]SourceControl: Source control is disabled
[2018.08.18-22.29.16:564][  0]SourceControl: Source control is disabled
[2018.08.18-22.29.16:569][  0]SourceControl: Source control is disabled
[2018.08.18-22.29.16:573][  0]SourceControl: Source control is disabled
[2018.08.18-22.29.16:920][  0]LogAndroidPermission: UAndroidPermissionCallbackProxy::GetInstance
[2018.08.18-22.29.17:140][  0]LogOcInput: OculusInput pre-init called
[2018.08.18-22.29.17:291][  0]LogEngine: Initializing Engine...
[2018.08.18-22.29.17:293][  0]LogHMD: Failed to initialize OpenVR with code 110
[2018.08.18-22.29.17:296][  0]LogStats: UGameplayTagsManager::ConstructGameplayTagTree: ImportINI prefixes -  0.000 s
[2018.08.18-22.29.17:296][  0]LogStats: UGameplayTagsManager::ConstructGameplayTagTree: Construct from data asset -  0.000 s
[2018.08.18-22.29.17:297][  0]LogStats: UGameplayTagsManager::ConstructGameplayTagTree: ImportINI -  0.000 s
[2018.08.18-22.29.17:297][  0]LogStats: UGameplayTagsManager::ConstructGameplayTagTree: GameplayTagTreeChangedEvent.Broadcast -  0.000 s
[2018.08.18-22.29.17:838][  0]LogInit: Initializing FReadOnlyCVARCache
[2018.08.18-22.29.17:891][  0]LogAIModule: Creating AISystem for world Untitled
[2018.08.18-22.29.17:935][  0]LogInit: XAudio2 using 'Headset Earphone (Corsair Gaming H2100 Headset)' : 2 channels at 48 kHz using 16 bits per sample (channel mask 0x3)
[2018.08.18-22.29.17:975][  0]LogInit: FAudioDevice initialized.
[2018.08.18-22.29.17:975][  0]LogNetVersion: Set ProjectVersion to 1.0.0.0. Version Checksum will be recalculated on next use.
[2018.08.18-22.29.18:210][  0]LogDerivedDataCache: Saved boot cache 0.23s 71MB C:/Users/brixo/AppData/Local/UnrealEngine/4.20/DerivedDataCache/Boot.ddc.
[2018.08.18-22.29.18:228][  0]LogInit: Texture streaming: Enabled
[2018.08.18-22.29.18:288][  0]LogEngineSessionManager: EngineSessionManager initialized
[2018.08.18-22.29.18:332][  0]LogInit: Transaction tracking system initialized
[2018.08.18-22.29.18:402][  0]BlueprintLog: New page: Editor Load
[2018.08.18-22.29.18:639][  0]LocalizationService: Localization service is disabled
[2018.08.18-22.29.19:521][  0]LogCook: Display: Max memory allowance for cook 16384mb min free memory 0mb
[2018.08.18-22.29.19:522][  0]LogCook: Display: Mobile HDR setting 1
[2018.08.18-22.29.19:522][  0]LogGameplayTags: Display: UGameplayTagsManager::DoneAddingNativeTags. DelegateIsBound: 0
[2018.08.18-22.29.19:522][  0]LogStats: UGameplayTagsManager::ConstructGameplayTagTree: ImportINI prefixes -  0.000 s
[2018.08.18-22.29.19:522][  0]LogStats: UGameplayTagsManager::ConstructGameplayTagTree: Construct from data asset -  0.000 s
[2018.08.18-22.29.19:522][  0]LogStats: UGameplayTagsManager::ConstructGameplayTagTree: ImportINI -  0.000 s
[2018.08.18-22.29.19:522][  0]LogStats: UGameplayTagsManager::ConstructGameplayTagTree: GameplayTagTreeChangedEvent.Broadcast -  0.000 s
[2018.08.18-22.29.19:586][  0]LogFileCache: Scanning file cache for directory 'C:/Users/brixo/OneDrive/Documents/GitHub/Heart-Felt/OurProject/Content/' took 0.03s
[2018.08.18-22.29.19:994][  0]SourceControl: Source control is disabled
[2018.08.18-22.29.19:995][  0]Cmd: MAP LOAD FILE="../../../../../../Users/brixo/OneDrive/Documents/GitHub/Heart-Felt/OurProject/Content/GameStates/MainMenu/MainMenuMap.umap" TEMPLATE=0 SHOWPROGRESS=1 FEATURELEVEL=3
[2018.08.18-22.29.19:997][  0]LightingResults: New page: Lighting Build
[2018.08.18-22.29.20:008][  0]MapCheck: New page: Map Check
[2018.08.18-22.29.20:008][  0]LightingResults: New page: Lighting Build
[2018.08.18-22.29.20:747][  0]LogBlueprint: Error: [Compiler GameInfoInstance1] In use pin  Character Select WB  no longer exists on node  Get . Please refresh node or break links to remove pin.
[2018.08.18-22.29.20:747][  0]LogBlueprint: Error: [Compiler GameInfoInstance1] In use pin  Character Select WB  no longer exists on node  Get . Please refresh node or break links to remove pin.
[2018.08.18-22.29.20:767][  0]LogBlueprint: Error: [Compiler HostMenu] In use pin  Game Instance Ref  no longer exists on node  Get . Please refresh node or break links to remove pin.
[2018.08.18-22.29.20:768][  0]LogBlueprint: Error: [Compiler HostMenu] In use pin  Game Instance Ref  no longer exists on node  Get . Please refresh node or break links to remove pin.
[2018.08.18-22.29.20:769][  0]LogBlueprint: Error: [Compiler HostMenu] In use pin  Game Instance Ref  no longer exists on node  Set . Please refresh node or break links to remove pin.
[2018.08.18-22.29.20:777][  0]LogBlueprint: Error: [Compiler MainMenu] In use pin  Game Instance Ref  no longer exists on node  Get . Please refresh node or break links to remove pin.
[2018.08.18-22.29.20:777][  0]LogBlueprint: Error: [Compiler MainMenu] In use pin  Game Instance Ref  no longer exists on node  Get . Please refresh node or break links to remove pin.
[2018.08.18-22.29.20:777][  0]LogBlueprint: Error: [Compiler MainMenu] In use pin  Game Instance Ref  no longer exists on node  Set . Please refresh node or break links to remove pin.
[2018.08.18-22.29.20:777][  0]LogBlueprint: Error: [Compiler MainMenu] In use pin  Game Instance Ref  no longer exists on node  Get . Please refresh node or break links to remove pin.
[2018.08.18-22.29.20:781][  0]LogBlueprint: Error: [Compiler OptionsMenu] In use pin  Game Instance Ref  no longer exists on node  Get . Please refresh node or break links to remove pin.
[2018.08.18-22.29.20:781][  0]LogBlueprint: Error: [Compiler OptionsMenu] In use pin  Game Instance Ref  no longer exists on node  Set . Please refresh node or break links to remove pin.
[2018.08.18-22.29.20:803][  0]LogBlueprint: Error: [Compiler ServerMenu] In use pin  Game Instance Ref  no longer exists on node  Get . Please refresh node or break links to remove pin.
[2018.08.18-22.29.20:803][  0]LogBlueprint: Error: [Compiler ServerMenu] In use pin  Game Instance Ref  no longer exists on node  Set . Please refresh node or break links to remove pin.
[2018.08.18-22.29.20:804][  0]LogBlueprint: Error: [Compiler ServerMenu] In use pin  Game Instance Ref  no longer exists on node  Get . Please refresh node or break links to remove pin.
[2018.08.18-22.29.20:851][  0]LogBlueprint: Warning: [Compiler GameInfoInstance1] [0023.53] Compile of GameInfoInstance1 failed. 2 Fatal Issue(s) 0 Warning(s) [in 168 ms] (/Game/InformationStructures/AllLevels/GameInfoInstance1.GameInfoInstance1)
[2018.08.18-22.29.20:851][  0]LogBlueprint: Warning: [Compiler HostMenu] [0023.53] Compile of HostMenu failed. 3 Fatal Issue(s) 0 Warning(s) [in 169 ms] (/Game/UI/MainMenu/HostMenu.HostMenu)
[2018.08.18-22.29.20:851][  0]LogBlueprint: Warning: [Compiler MainMenu] [0023.53] Compile of MainMenu failed. 4 Fatal Issue(s) 0 Warning(s) [in 169 ms] (/Game/UI/MainMenu/MainMenu.MainMenu)
[2018.08.18-22.29.20:851][  0]LogBlueprint: Warning: [Compiler OptionsMenu] [0023.53] Compile of OptionsMenu failed. 2 Fatal Issue(s) 0 Warning(s) [in 169 ms] (/Game/UI/MainMenu/OptionsMenu.OptionsMenu)
[2018.08.18-22.29.20:851][  0]LogBlueprint: Warning: [Compiler ServerMenu] [0023.53] Compile of ServerMenu failed. 3 Fatal Issue(s) 0 Warning(s) [in 169 ms] (/Game/UI/MainMenu/ServerMenu.ServerMenu)
[2018.08.18-22.29.21:244][  0]LogAIModule: Creating AISystem for world MainMenuMap
[2018.08.18-22.29.21:247][  0]LogEditorServer: Finished looking for orphan Actors (0.001 secs)
[2018.08.18-22.29.21:341][  0]Cmd: MAP CHECKDEP NOCLEARLOG
[2018.08.18-22.29.21:623][  0]MapCheck: Map check complete: 0 Error(s), 0 Warning(s), took 281.602ms to complete.
[2018.08.18-22.29.21:624][  0]LogFileHelpers: Loading map 'MainMenuMap' took 1.630
[2018.08.18-22.29.21:939][  0]LogSlate: Updating window title bar state: overlay mode, drag disabled, window buttons hidden, title bar hidden
[2018.08.18-22.29.21:957][  0]LogSlate: Updating window title bar state: overlay mode, drag disabled, window buttons hidden, title bar hidden
[2018.08.18-22.29.21:976][  0]LogSlate: Updating window title bar state: overlay mode, drag disabled, window buttons hidden, title bar hidden
[2018.08.18-22.29.21:996][  0]LogSlate: Updating window title bar state: overlay mode, drag disabled, window buttons hidden, title bar hidden
[2018.08.18-22.29.22:025][  0]LogCollectionManager: Loaded 0 collections in 0.004187 seconds
[2018.08.18-22.29.22:092][  0]LogFileCache: Scanning file cache for directory 'C:/Users/brixo/OneDrive/Documents/GitHub/Heart-Felt/OurProject/Saved/Collections/' took 0.01s
[2018.08.18-22.29.22:092][  0]LogFileCache: Scanning file cache for directory 'C:/Users/brixo/OneDrive/Documents/GitHub/Heart-Felt/OurProject/Content/Developers/brixo/Collections/' took 0.01s
[2018.08.18-22.29.22:092][  0]LogFileCache: Scanning file cache for directory 'C:/Users/brixo/OneDrive/Documents/GitHub/Heart-Felt/OurProject/Content/Collections/' took 0.01s
[2018.08.18-22.29.22:092][  0]LogCollectionManager: Rebuilt the GUID cache for 0 collections in 0.000001 seconds
[2018.08.18-22.29.22:116][  0]LogContentBrowser: Native class hierarchy populated in 0.0240 seconds. Added 2575 classes and 607 folders.
[2018.08.18-22.29.22:136][  0]LogContentBrowser: Native class hierarchy updated for 'WidgetCarousel' in 0.0007 seconds. Added 0 classes and 0 folders.
[2018.08.18-22.29.23:565][  0]LogContentBrowser: Native class hierarchy updated for 'AddContentDialog' in 0.0006 seconds. Added 0 classes and 0 folders.
[2018.08.18-22.29.23:579][  0]LogContentBrowser: Native class hierarchy updated for 'SceneOutliner' in 0.0007 seconds. Added 1 classes and 2 folders.
[2018.08.18-22.29.23:599][  0]LogSlate: Updating window title bar state: overlay mode, drag disabled, window buttons hidden, title bar hidden
[2018.08.18-22.29.23:619][  0]LogSlate: Updating window title bar state: overlay mode, drag disabled, window buttons hidden, title bar hidden
[2018.08.18-22.29.23:637][  0]LogSlate: Updating window title bar state: overlay mode, drag disabled, window buttons hidden, title bar hidden
[2018.08.18-22.29.23:658][  0]LogSlate: Updating window title bar state: overlay mode, drag disabled, window buttons hidden, title bar hidden
[2018.08.18-22.29.23:679][  0]LogContentBrowser: Native class hierarchy updated for 'WorldBrowser' in 0.0007 seconds. Added 2 classes and 3 folders.
[2018.08.18-22.29.27:432][  0]LogSlate: Only BGRA pngs, bmps or icos are supported in by External Image Picker
[2018.08.18-22.29.27:568][  0]LogSlate: Took 0.000951 seconds to synchronously load lazily loaded font '../../../Engine/Content/Slate/Fonts/Roboto-Regular.ttf' (155K)
[2018.08.18-22.29.27:576][  0]LogSlate: Took 0.000690 seconds to synchronously load lazily loaded font '../../../Engine/Content/Slate/Fonts/Roboto-Bold.ttf' (160K)
[2018.08.18-22.29.27:624][  0]LogSlate: Took 0.034298 seconds to synchronously load lazily loaded font '../../../Engine/Content/Editor/Slate/Fonts/FontAwesome.ttf' (139K)
[2018.08.18-22.29.27:921][  0]LogTemp: Executing iPhonePackager certificates Engine -bundlename com.YourCompany.OurProject
[2018.08.18-22.29.27:921][  0]LogTemp: CWD: C:\Program Files\Epic Games\UE_4.20\Engine\Binaries\DotNET\IOS
[2018.08.18-22.29.27:921][  0]LogTemp: Initial Dir: C:\Program Files\Epic Games\UE_4.20
[2018.08.18-22.29.27:921][  0]LogTemp: Env CWD: C:\Program Files\Epic Games\UE_4.20\Engine\Binaries\DotNET\IOS
[2018.08.18-22.29.27:921][  0]LogTemp: BranchPath = LINK/C/Program Files/Epic Games/UE_4.20/Engine/Binaries --- GameBranchPath = LINK/C/Program Files/Epic Games/UE_4.20/Engine/Binaries
[2018.08.18-22.29.27:922][  0]LogTemp: IPP ERROR: Could not find provision directory 'C:\Users\brixo\AppData\Local/Apple Computer/MobileDevice/Provisioning Profiles/'.
[2018.08.18-22.29.27:922][  0]LogRenderer: Reallocating scene render targets to support 1260x556 Format 10 NumSamples 1 (Frame:1).
[2018.08.18-22.29.28:357][  0]LogContentBrowser: Native class hierarchy updated for 'HierarchicalLODOutliner' in 0.0009 seconds. Added 0 classes and 0 folders.
[2018.08.18-22.29.28:358][  0]LogLoad: (Engine Initialization) Total time: 31.04 seconds
[2018.08.18-22.29.28:358][  0]LogLoad: (Engine Initialization) Total Blueprint compile time: 0.00 seconds
[2018.08.18-22.29.28:419][  0]LogContentStreaming: Texture pool size now 3000 MB
[2018.08.18-22.29.28:547][  0]LogSlate: Took 0.000703 seconds to synchronously load lazily loaded font '../../../Engine/Content/Slate/Fonts/Roboto-Light.ttf' (167K)
[2018.08.18-22.29.28:872][  4]LogAssetRegistry: Asset discovery search completed in 18.6749 seconds
[2018.08.18-22.29.28:880][  4]LogCollectionManager: Rebuilt the object cache for 0 collections in 0.000001 seconds (found 0 objects)
[2018.08.18-22.29.28:880][  4]LogCollectionManager: Fixed up redirectors for 0 collections in 0.000191 seconds (updated 0 objects)
[2018.08.18-22.29.29:858][  7]LogSlate: Took 0.000643 seconds to synchronously load lazily loaded font '../../../Engine/Content/Slate/Fonts/Roboto-Light.ttf' (167K)
[2018.08.18-22.30.01:635][102]LogSlate: FSceneViewport::OnFocusLost() reason 0
[2018.08.18-22.30.01:876][113]LogTemp: Repeating last play command: New Editor Window (PIE)
[2018.08.18-22.30.01:958][113]LogBlueprintUserMessages: Early PlayInEditor Detection: Level '/Game/GameStates/MainMenu/MainMenuMap.MainMenuMap:PersistentLevel' has LevelScriptBlueprint '/Game/GameStates/MainMenu/MainMenuMap.MainMenuMap:PersistentLevel.MainMenuMap' with GeneratedClass '/Game/GameStates/MainMenu/MainMenuMap.MainMenuMap_C' with ClassGeneratedBy '/Game/GameStates/MainMenu/MainMenuMap.MainMenuMap:PersistentLevel.MainMenuMap'
[2018.08.18-22.30.01:958][113]LogPlayLevel: PlayLevel: No blueprints needed recompiling
[2018.08.18-22.30.10:517][113]LogSlate: Window 'Message' being destroyed
[2018.08.18-22.33.49:551][277]LogSlate: Window 'OurProject - Unreal Editor' being destroyed
[2018.08.18-22.33.49:553][277]LogWindowsTextInputMethodSystem: Display: IME system now deactivated.
[2018.08.18-22.33.50:062][278]Cmd: QUIT_EDITOR
[2018.08.18-22.33.50:147][278]LogExit: Preparing to exit.
[2018.08.18-22.33.50:459][278]LogExit: Editor shut down
[2018.08.18-22.33.50:461][278]LogExit: Transaction tracking system shut down
[2018.08.18-22.33.50:948][278]LogExit: Object subsystem successfully closed.
[2018.08.18-22.33.50:985][278]LogShaderCompilers: Display: Shaders left to compile 0
[2018.08.18-22.33.50:993][278]LogD3D11RHI: Shutdown
[2018.08.18-22.33.50:993][278]LogD3D11RHI: CleanupD3DDevice
[2018.08.18-22.33.51:002][278]LogD3D11RHI: ~FD3D11DynamicRHI
[2018.08.18-22.33.51:052][278]LogModuleManager: Shutting down and abandoning module HierarchicalLODOutliner (616)
[2018.08.18-22.33.51:052][278]LogModuleManager: Shutting down and abandoning module ExternalImagePicker (614)
[2018.08.18-22.33.51:052][278]LogModuleManager: Shutting down and abandoning module WorldBrowser (612)
[2018.08.18-22.33.51:052][278]LogModuleManager: Shutting down and abandoning module SceneOutliner (610)
[2018.08.18-22.33.51:052][278]LogModuleManager: Shutting down and abandoning module AddContentDialog (608)
[2018.08.18-22.33.51:053][278]LogModuleManager: Shutting down and abandoning module WidgetCarousel (607)
[2018.08.18-22.33.51:054][278]LogModuleManager: Shutting down and abandoning module EditorWidgets (604)
[2018.08.18-22.33.51:054][278]LogModuleManager: Shutting down and abandoning module CollectionManager (602)
[2018.08.18-22.33.51:054][278]LogModuleManager: Shutting down and abandoning module StatsViewer (600)
[2018.08.18-22.33.51:054][278]LogModuleManager: Shutting down and abandoning module FoliageEdit (598)
[2018.08.18-22.33.51:054][278]LogModuleManager: Shutting down and abandoning module LandscapeEditor (596)
[2018.08.18-22.33.51:054][278]LogModuleManager: Shutting down and abandoning module MeshPaintMode (594)
[2018.08.18-22.33.51:054][278]LogModuleManager: Shutting down and abandoning module SceneDepthPickerMode (592)
[2018.08.18-22.33.51:055][278]LogModuleManager: Shutting down and abandoning module ActorPickerMode (590)
[2018.08.18-22.33.51:055][278]LogModuleManager: Shutting down and abandoning module GeometryMode (588)
[2018.08.18-22.33.51:055][278]LogModuleManager: Shutting down and abandoning module TextureAlignMode (586)
[2018.08.18-22.33.51:055][278]LogModuleManager: Shutting down and abandoning module BspMode (584)
[2018.08.18-22.33.51:055][278]LogModuleManager: Shutting down and abandoning module PIEPreviewDeviceProfileSelector (582)
[2018.08.18-22.33.51:055][278]LogModuleManager: Shutting down and abandoning module SequenceRecorderSections (580)
[2018.08.18-22.33.51:055][278]LogModuleManager: Shutting down and abandoning module AutomationWorker (578)
[2018.08.18-22.33.51:055][278]LogModuleManager: Shutting down and abandoning module AudioCaptureEditor (576)
[2018.08.18-22.33.51:055][278]LogModuleManager: Shutting down and abandoning module SequenceRecorder (575)
[2018.08.18-22.33.51:055][278]LogModuleManager: Shutting down and abandoning module MatineeToLevelSequence (572)
[2018.08.18-22.33.51:055][278]LogModuleManager: Shutting down and abandoning module LevelSequenceEditor (570)
[2018.08.18-22.33.51:055][278]LogModuleManager: Shutting down and abandoning module PlacementMode (569)
[2018.08.18-22.33.51:055][278]LogModuleManager: Shutting down and abandoning module MaterialEditor (568)
[2018.08.18-22.33.51:055][278]LogModuleManager: Shutting down and abandoning module WmfMediaFactory (564)
[2018.08.18-22.33.51:055][278]LogModuleManager: Shutting down and abandoning module WmfMediaEditor (562)
[2018.08.18-22.33.51:055][278]LogModuleManager: Shutting down and abandoning module MediaPlayerEditor (560)
[2018.08.18-22.33.51:055][278]LogModuleManager: Shutting down and abandoning module OpenExrWrapper (558)
[2018.08.18-22.33.51:056][278]LogModuleManager: Shutting down and abandoning module ImgMediaFactory (556)
[2018.08.18-22.33.51:056][278]LogModuleManager: Shutting down and abandoning module ImgMediaEditor (554)
[2018.08.18-22.33.51:056][278]LogModuleManager: Shutting down and abandoning module AvfMediaFactory (552)
[2018.08.18-22.33.51:056][278]LogModuleManager: Shutting down and abandoning module AvfMediaEditor (550)
[2018.08.18-22.33.51:056][278]LogModuleManager: Shutting down and abandoning module AndroidMediaFactory (548)
[2018.08.18-22.33.51:056][278]LogModuleManager: Shutting down and abandoning module AndroidMediaEditor (546)
[2018.08.18-22.33.51:056][278]LogModuleManager: Shutting down and abandoning module MagicLeapCameraPreviewFactory (544)
[2018.08.18-22.33.51:056][278]LogModuleManager: Shutting down and abandoning module MagicLeapMediaFactory (542)
[2018.08.18-22.33.51:056][278]LogModuleManager: Shutting down and abandoning module MagicLeapMediaEditor (540)
[2018.08.18-22.33.51:056][278]LogModuleManager: Shutting down and abandoning module CharacterAI (538)
[2018.08.18-22.33.51:056][278]LogModuleManager: Shutting down and abandoning module SmartSnapping (536)
[2018.08.18-22.33.51:056][278]LogModuleManager: Shutting down and abandoning module SessionServices (534)
[2018.08.18-22.33.51:056][278]LogModuleManager: Shutting down and abandoning module ViewportSnapping (532)
[2018.08.18-22.33.51:056][278]LogModuleManager: Shutting down and abandoning module ViewportInteraction (530)
[2018.08.18-22.33.51:056][278]LogModuleManager: Shutting down and abandoning module ClothPainter (528)
[2018.08.18-22.33.51:056][278]LogModuleManager: Shutting down and abandoning module SkeletalMeshEditor (527)
[2018.08.18-22.33.51:056][278]LogModuleManager: Shutting down and abandoning module LogVisualizer (524)
[2018.08.18-22.33.51:056][278]LogModuleManager: Shutting down and abandoning module IntroTutorials (522)
[2018.08.18-22.33.51:057][278]LogModuleManager: Shutting down and abandoning module GameProjectGeneration (521)
[2018.08.18-22.33.51:057][278]LogModuleManager: Shutting down and abandoning module LuminPlatformEditor (518)
[2018.08.18-22.33.51:057][278]LogModuleManager: Shutting down and abandoning module IOSPlatformEditor (516)
[2018.08.18-22.33.51:057][278]LogModuleManager: Shutting down and abandoning module HTML5PlatformEditor (514)
[2018.08.18-22.33.51:057][278]LogModuleManager: Shutting down and abandoning module AndroidPlatformEditor (512)
[2018.08.18-22.33.51:057][278]LogModuleManager: Shutting down and abandoning module AndroidDeviceDetection (511)
[2018.08.18-22.33.51:910][278]LogModuleManager: Shutting down and abandoning module WindowsPlatformEditor (508)
[2018.08.18-22.33.51:910][278]LogModuleManager: Shutting down and abandoning module LuminRuntimeSettings (506)
[2018.08.18-22.33.51:910][278]LogModuleManager: Shutting down and abandoning module IOSRuntimeSettings (504)
[2018.08.18-22.33.51:910][278]LogModuleManager: Shutting down and abandoning module AndroidRuntimeSettings (502)
[2018.08.18-22.33.51:910][278]LogModuleManager: Shutting down and abandoning module InputBindingEditor (500)
[2018.08.18-22.33.51:910][278]LogModuleManager: Shutting down and abandoning module MergeActors (498)
[2018.08.18-22.33.51:910][278]LogModuleManager: Shutting down and abandoning module LocalizationDashboard (496)
[2018.08.18-22.33.51:911][278]LogModuleManager: Shutting down and abandoning module LocalizationService (495)
[2018.08.18-22.33.51:911][278]LogModuleManager: Shutting down and abandoning module HardwareTargeting (492)
[2018.08.18-22.33.51:911][278]LogModuleManager: Shutting down and abandoning module DeviceProfileEditor (490)
[2018.08.18-22.33.51:911][278]LogModuleManager: Shutting down and abandoning module UndoHistory (488)
[2018.08.18-22.33.51:911][278]LogModuleManager: Shutting down and abandoning module XmlParser (486)
[2018.08.18-22.33.51:911][278]LogModuleManager: Shutting down and abandoning module Blutility (484)
[2018.08.18-22.33.51:911][278]LogModuleManager: Shutting down and abandoning module ProjectSettingsViewer (482)
[2018.08.18-22.33.51:911][278]LogModuleManager: Shutting down and abandoning module ProjectTargetPlatformEditor (481)
[2018.08.18-22.33.51:911][278]LogModuleManager: Shutting down and abandoning module EditorSettingsViewer (478)
[2018.08.18-22.33.51:911][278]LogModuleManager: Shutting down and abandoning module SettingsEditor (476)
[2018.08.18-22.33.51:911][278]LogModuleManager: Shutting down and abandoning module ProjectLauncher (474)
[2018.08.18-22.33.51:912][278]LogModuleManager: Shutting down and abandoning module SessionFrontend (472)
[2018.08.18-22.33.51:912][278]LogModuleManager: Shutting down and abandoning module ProfilerClient (470)
[2018.08.18-22.33.51:912][278]LogModuleManager: Shutting down and abandoning module DeviceManager (468)
[2018.08.18-22.33.51:912][278]LogModuleManager: Shutting down and abandoning module TargetDeviceServices (467)
[2018.08.18-22.33.51:978][278]LogModuleManager: Shutting down and abandoning module AutomationController (464)
[2018.08.18-22.33.51:978][278]LogModuleManager: Shutting down and abandoning module AutomationWindow (462)
[2018.08.18-22.33.51:978][278]LogModuleManager: Shutting down and abandoning module Layers (460)
[2018.08.18-22.33.51:978][278]LogModuleManager: Shutting down and abandoning module ComponentVisualizers (458)
[2018.08.18-22.33.51:978][278]LogModuleManager: Shutting down and abandoning module DetailCustomizations (456)
[2018.08.18-22.33.51:978][278]LogModuleManager: Shutting down and abandoning module PackagesDialog (454)
[2018.08.18-22.33.51:978][278]LogModuleManager: Shutting down and abandoning module Persona (452)
[2018.08.18-22.33.51:978][278]LogModuleManager: Shutting down and abandoning module AdvancedPreviewScene (451)
[2018.08.18-22.33.51:978][278]LogModuleManager: Shutting down and abandoning module AnimGraph (449)
[2018.08.18-22.33.51:978][278]LogModuleManager: Shutting down and abandoning module Kismet (446)
[2018.08.18-22.33.51:979][278]LogModuleManager: Shutting down and abandoning module GraphEditor (444)
[2018.08.18-22.33.51:980][278]LogModuleManager: Shutting down and abandoning module ClassViewer (442)
[2018.08.18-22.33.51:980][278]LogModuleManager: Shutting down and abandoning module Toolbox (440)
[2018.08.18-22.33.51:980][278]LogModuleManager: Shutting down and abandoning module ModuleUI (438)
[2018.08.18-22.33.51:980][278]LogModuleManager: Shutting down and abandoning module MovieSceneTools (436)
[2018.08.18-22.33.51:980][278]LogModuleManager: Shutting down and abandoning module OutputLog (434)
[2018.08.18-22.33.51:980][278]LogModuleManager: Shutting down and abandoning module GammaUI (432)
[2018.08.18-22.33.51:980][278]LogModuleManager: Shutting down and abandoning module Documentation (430)
[2018.08.18-22.33.51:980][278]LogModuleManager: Shutting down and abandoning module MovieSceneTracks (428)
[2018.08.18-22.33.51:980][278]LogModuleManager: Shutting down and abandoning module MovieScene (426)
[2018.08.18-22.33.51:980][278]LogModuleManager: Shutting down and abandoning module StreamingPauseRendering (424)
[2018.08.18-22.33.51:980][278]LogModuleManager: Shutting down and abandoning module LauncherPlatform (422)
[2018.08.18-22.33.51:980][278]LogModuleManager: Shutting down and abandoning module AnalyticsET (420)
[2018.08.18-22.33.51:980][278]LogModuleManager: Shutting down and abandoning module PortalServices (418)
[2018.08.18-22.33.51:980][278]LogModuleManager: Shutting down and abandoning module PortalRpc (416)
[2018.08.18-22.33.51:981][278]LogModuleManager: Shutting down and abandoning module MessagingRpc (414)
[2018.08.18-22.33.51:981][278]LogModuleManager: Shutting down and abandoning module AIModule (412)
[2018.08.18-22.33.51:981][278]LogModuleManager: Shutting down and abandoning module GameplayDebugger (411)
[2018.08.18-22.33.51:981][278]LogModuleManager: Shutting down and abandoning module AITestSuite (409)
[2018.08.18-22.33.51:981][278]LogModuleManager: Shutting down and abandoning module NavigationSystem (407)
[2018.08.18-22.33.51:981][278]LogModuleManager: Shutting down and abandoning module DesktopPlatform (404)
[2018.08.18-22.33.51:981][278]LogModuleManager: Shutting down and abandoning module ProfilerService (402)
[2018.08.18-22.33.52:195][278]LogModuleManager: Shutting down and abandoning module TaskGraph (400)
[2018.08.18-22.33.52:195][278]LogModuleManager: Shutting down and abandoning module SteamVRController (398)
[2018.08.18-22.33.52:195][278]LogModuleManager: Shutting down and abandoning module ProceduralMeshComponentEditor (396)
[2018.08.18-22.33.52:195][278]LogModuleManager: Shutting down and abandoning module ProceduralMeshComponent (394)
[2018.08.18-22.33.52:196][278]LogModuleManager: Shutting down and abandoning module OculusInput (392)
[2018.08.18-22.33.52:196][278]LogModuleManager: Shutting down and abandoning module MobilePatchingUtils (390)
[2018.08.18-22.33.52:196][278]LogModuleManager: Shutting down and abandoning module EditableMesh (388)
[2018.08.18-22.33.52:196][278]LogModuleManager: Shutting down and abandoning module CustomMeshComponent (386)
[2018.08.18-22.33.52:196][278]LogModuleManager: Shutting down and abandoning module CableComponent (384)
[2018.08.18-22.33.52:196][278]LogModuleManager: Shutting down and abandoning module AudioCapture (382)
[2018.08.18-22.33.52:196][278]LogModuleManager: Shutting down and abandoning module ArchVisCharacter (380)
[2018.08.18-22.33.52:196][278]LogModuleManager: Shutting down and abandoning module AndroidPermission (378)
[2018.08.18-22.33.52:196][278]LogModuleManager: Shutting down and abandoning module NUTUnrealEngine4 (376)
[2018.08.18-22.33.52:196][278]LogModuleManager: Shutting down and abandoning module NetcodeUnitTest (374)
[2018.08.18-22.33.52:196][278]LogModuleManager: Shutting down and abandoning module MediaCompositingEditor (372)
[2018.08.18-22.33.52:196][278]LogModuleManager: Shutting down and abandoning module MediaCompositing (370)
[2018.08.18-22.33.52:196][278]LogModuleManager: Shutting down and abandoning module LinearTimecode (368)
[2018.08.18-22.33.52:196][278]LogModuleManager: Shutting down and abandoning module ImgMedia (366)
[2018.08.18-22.33.52:208][278]LogModuleManager: Shutting down and abandoning module HTML5Networking (364)
[2018.08.18-22.33.52:208][278]LogModuleManager: Shutting down and abandoning module GeometryCacheTracks (362)
[2018.08.18-22.33.52:208][278]LogModuleManager: Shutting down and abandoning module GeometryCacheSequencer (360)
[2018.08.18-22.33.52:208][278]LogModuleManager: Shutting down and abandoning module BackChannel (358)
[2018.08.18-22.33.52:208][278]LogModuleManager: Shutting down and abandoning module AppleVision (356)
[2018.08.18-22.33.52:208][278]LogModuleManager: Shutting down and abandoning module AppleImageUtils (354)
[2018.08.18-22.33.52:208][278]LogModuleManager: Shutting down and abandoning module AlembicImporter (352)
[2018.08.18-22.33.52:208][278]LogModuleManager: Shutting down and abandoning module AlembicLibrary (351)
[2018.08.18-22.33.52:208][278]LogModuleManager: Shutting down and abandoning module GeometryCache (350)
[2018.08.18-22.33.52:208][278]LogModuleManager: Shutting down and abandoning module GeometryCacheEd (349)
[2018.08.18-22.33.52:208][278]LogModuleManager: Shutting down and abandoning module DatasmithContentEditor (344)
[2018.08.18-22.33.52:208][278]LogModuleManager: Shutting down and abandoning module DatasmithContent (342)
[2018.08.18-22.33.52:209][278]LogModuleManager: Shutting down and abandoning module SpeedTreeImporter (340)
[2018.08.18-22.33.52:209][278]LogModuleManager: Shutting down and abandoning module PluginBrowser (338)
[2018.08.18-22.33.52:209][278]LogModuleManager: Shutting down and abandoning module MobileLauncherProfileWizard (336)
[2018.08.18-22.33.52:209][278]LogModuleManager: Shutting down and abandoning module PolygonModeling (334)
[2018.08.18-22.33.52:210][278]LogModuleManager: Shutting down and abandoning module MeshEditor (332)
[2018.08.18-22.33.52:210][278]LogModuleManager: Shutting down and abandoning module CryptoKeysOpenSSL (330)
[2018.08.18-22.33.52:210][278]LogModuleManager: Shutting down and abandoning module CryptoKeys (328)
[2018.08.18-22.33.52:210][278]LogModuleManager: Shutting down and abandoning module VisualStudioSourceCodeAccess (326)
[2018.08.18-22.33.52:210][278]LogModuleManager: Shutting down and abandoning module VisualStudioCodeSourceCodeAccess (324)
[2018.08.18-22.33.52:210][278]LogModuleManager: Shutting down and abandoning module UObjectPlugin (322)
[2018.08.18-22.33.52:210][278]LogModuleManager: Shutting down and abandoning module SubversionSourceControl (320)
[2018.08.18-22.33.52:210][278]LogModuleManager: Shutting down and abandoning module PerforceSourceControl (318)
[2018.08.18-22.33.52:210][278]LogModuleManager: Shutting down and abandoning module GitSourceControl (316)
[2018.08.18-22.33.52:210][278]LogModuleManager: Shutting down and abandoning module SourceControl (315)
[2018.08.18-22.33.52:210][278]LogModuleManager: Shutting down and abandoning module CLionSourceCodeAccess (312)
[2018.08.18-22.33.52:210][278]LogModuleManager: Shutting down and abandoning module LightPropagationVolumeEditor (310)
[2018.08.18-22.33.52:210][278]LogModuleManager: Shutting down and abandoning module PaperTiledImporter (308)
[2018.08.18-22.33.52:210][278]LogModuleManager: Shutting down and abandoning module PaperSpriteSheetImporter (306)
[2018.08.18-22.33.52:210][278]LogModuleManager: Shutting down and abandoning module Paper2DEditor (304)
[2018.08.18-22.33.52:210][278]LogModuleManager: Shutting down and abandoning module MeshPaint (303)
[2018.08.18-22.33.52:210][278]LogModuleManager: Shutting down and abandoning module RuntimePhysXCooking (300)
[2018.08.18-22.33.52:210][278]LogModuleManager: Shutting down and abandoning module PhysXVehiclesEditor (298)
[2018.08.18-22.33.52:210][278]LogModuleManager: Shutting down and abandoning module PhysXVehicles (296)
[2018.08.18-22.33.52:210][278]LogModuleManager: Shutting down and abandoning module OculusEditor (294)
[2018.08.18-22.33.52:210][278]LogModuleManager: Shutting down and abandoning module LocationServicesBPLibrary (292)
[2018.08.18-22.33.52:210][278]LogModuleManager: Shutting down and abandoning module ImmediatePhysicsEditor (290)
[2018.08.18-22.33.52:210][278]LogModuleManager: Shutting down and abandoning module ImmediatePhysics (288)
[2018.08.18-22.33.52:210][278]LogModuleManager: Shutting down and abandoning module ActorSequence (286)
[2018.08.18-22.33.52:211][278]LogModuleManager: Shutting down and abandoning module UdpMessaging (284)
[2018.08.18-22.33.52:312][278]LogModuleManager: Shutting down and abandoning module TcpMessaging (282)
[2018.08.18-22.33.52:413][278]LogModuleManager: Shutting down and abandoning module MagicLeapAudio (280)
[2018.08.18-22.33.52:413][278]LogModuleManager: Shutting down and abandoning module GameplayTagsEditor (278)
[2018.08.18-22.33.52:413][278]LogModuleManager: Shutting down and abandoning module FacialAnimationEditor (276)
[2018.08.18-22.33.52:413][278]LogModuleManager: Shutting down and abandoning module FacialAnimation (274)
[2018.08.18-22.33.52:413][278]LogModuleManager: Shutting down and abandoning module DataValidation (272)
[2018.08.18-22.33.52:413][278]LogModuleManager: Shutting down and abandoning module AssetManagerEditor (270)
[2018.08.18-22.33.52:413][278]LogModuleManager: Shutting down and abandoning module LevelEditor (269)
[2018.08.18-22.33.52:415][278]LogModuleManager: Shutting down and abandoning module PixelInspectorModule (268)
[2018.08.18-22.33.52:416][278]LogModuleManager: Shutting down and abandoning module CommonMenuExtensions (266)
[2018.08.18-22.33.52:416][278]LogModuleManager: Shutting down and abandoning module MainFrame (264)
[2018.08.18-22.33.52:416][278]LogModuleManager: Shutting down and abandoning module HotReload (263)
[2018.08.18-22.33.52:418][278]LogModuleManager: Shutting down and abandoning module ContentBrowser (259)
[2018.08.18-22.33.52:420][278]LogModuleManager: Shutting down and abandoning module TreeMap (257)
[2018.08.18-22.33.52:420][278]LogModuleManager: Shutting down and abandoning module LightPropagationVolumeRuntime (254)
[2018.08.18-22.33.52:420][278]LogModuleManager: Shutting down and abandoning module AISupportModule (252)
[2018.08.18-22.33.52:420][278]LogModuleManager: Shutting down and abandoning module Paper2D (250)
[2018.08.18-22.33.52:420][278]LogModuleManager: Shutting down and abandoning module WindowsMoviePlayer (248)
[2018.08.18-22.33.52:421][278]LogModuleManager: Shutting down and abandoning module WmfMedia (246)
[2018.08.18-22.33.52:425][278]LogModuleManager: Shutting down and abandoning module Media (245)
[2018.08.18-22.33.52:432][278]LogModuleManager: Shutting down and abandoning module PacketHandler (242)
[2018.08.18-22.33.52:432][278]LogModuleManager: Shutting down and abandoning module ClothingSystemEditor (240)
[2018.08.18-22.33.52:432][278]LogModuleManager: Shutting down and abandoning module ClothingSystemRuntime (238)
[2018.08.18-22.33.52:433][278]LogModuleManager: Shutting down and abandoning module MediaAssets (236)
[2018.08.18-22.33.52:433][278]LogModuleManager: Shutting down and abandoning module Overlay (234)
[2018.08.18-22.33.52:433][278]LogModuleManager: Shutting down and abandoning module OverlayEditor (233)
[2018.08.18-22.33.52:433][278]LogModuleManager: Shutting down and abandoning module VREditor (230)
[2018.08.18-22.33.52:433][278]LogModuleManager: Shutting down and abandoning module StringTableEditor (228)
[2018.08.18-22.33.52:433][278]LogModuleManager: Shutting down and abandoning module GameplayTasksEditor (226)
[2018.08.18-22.33.52:433][278]LogModuleManager: Shutting down and abandoning module BehaviorTreeEditor (224)
[2018.08.18-22.33.52:433][278]LogModuleManager: Shutting down and abandoning module FunctionalTesting (222)
[2018.08.18-22.33.52:433][278]LogModuleManager: Shutting down and abandoning module CollisionAnalyzer (220)
[2018.08.18-22.33.52:433][278]LogModuleManager: Shutting down and abandoning module WorkspaceMenuStructure (219)
[2018.08.18-22.33.52:433][278]LogModuleManager: Shutting down and abandoning module UMG (216)
[2018.08.18-22.33.52:433][278]LogModuleManager: Shutting down and abandoning module UMGEditor (215)
[2018.08.18-22.33.52:434][278]LogModuleManager: Shutting down and abandoning module Sequencer (214)
[2018.08.18-22.33.52:434][278]LogModuleManager: Shutting down and abandoning module MessageLog (211)
[2018.08.18-22.33.52:434][278]LogModuleManager: Shutting down and abandoning module SlateReflector (206)
[2018.08.18-22.33.52:434][278]LogModuleManager: Shutting down and abandoning module Slate (204)
[2018.08.18-22.33.52:434][278]LogModuleManager: Shutting down and abandoning module EditorStyle (202)
[2018.08.18-22.33.52:437][278]LogModuleManager: Shutting down and abandoning module MRMesh (200)
[2018.08.18-22.33.52:437][278]LogModuleManager: Shutting down and abandoning module SourceCodeAccess (198)
[2018.08.18-22.33.52:437][278]LogModuleManager: Shutting down and abandoning module HeadMountedDisplay (196)
[2018.08.18-22.33.52:437][278]LogModuleManager: Shutting down and abandoning module XAudio2 (194)
[2018.08.18-22.33.52:437][278]LogModuleManager: Shutting down and abandoning module Networking (192)
[2018.08.18-22.33.52:437][278]LogModuleManager: Shutting down and abandoning module Core (190)
[2018.08.18-22.33.52:437][278]LogModuleManager: Shutting down and abandoning module LevelSequence (188)
[2018.08.18-22.33.52:437][278]LogModuleManager: Shutting down and abandoning module KismetCompiler (186)
[2018.08.18-22.33.52:437][278]LogModuleManager: Shutting down and abandoning module MeshUtilities (184)
[2018.08.18-22.33.52:437][278]LogModuleManager: Shutting down and abandoning module MeshMergeUtilities (183)
[2018.08.18-22.33.52:437][278]LogModuleManager: Shutting down and abandoning module MeshReductionInterface (182)
[2018.08.18-22.33.52:437][278]LogModuleManager: Shutting down and abandoning module SimplygonSwarm (181)
[2018.08.18-22.33.52:437][278]LogModuleManager: Shutting down and abandoning module ProxyLODMeshReduction (179)
[2018.08.18-22.33.52:437][278]LogModuleManager: Shutting down and abandoning module SimplygonMeshReduction (177)
[2018.08.18-22.33.52:437][278]LogModuleManager: Shutting down and abandoning module QuadricMeshReduction (175)
[2018.08.18-22.33.52:438][278]LogModuleManager: Shutting down and abandoning module MaterialBaking (171)
[2018.08.18-22.33.52:438][278]LogModuleManager: Shutting down and abandoning module DirectoryWatcher (167)
[2018.08.18-22.33.52:438][278]LogModuleManager: Shutting down and abandoning module DerivedDataCache (164)
[2018.08.18-22.33.52:445][278]LogDerivedDataCache: Shutdown
[2018.08.18-22.33.52:445][278]LogModuleManager: Shutting down and abandoning module XGEController (162)
[2018.08.18-22.33.52:445][278]LogModuleManager: Shutting down and abandoning module TargetPlatform (160)
[2018.08.18-22.33.52:445][278]LogModuleManager: Shutting down and abandoning module VulkanShaderFormat (159)
[2018.08.18-22.33.52:445][278]LogModuleManager: Shutting down and abandoning module ShaderFormatVectorVM (157)
[2018.08.18-22.33.52:445][278]LogModuleManager: Shutting down and abandoning module ShaderFormatOpenGL (155)
[2018.08.18-22.33.52:445][278]LogModuleManager: Shutting down and abandoning module ShaderFormatD3D (153)
[2018.08.18-22.33.52:445][278]LogModuleManager: Shutting down and abandoning module MetalShaderFormat (151)
[2018.08.18-22.33.52:445][278]LogModuleManager: Shutting down and abandoning module TextureFormatUncompressed (149)
[2018.08.18-22.33.52:445][278]LogModuleManager: Shutting down and abandoning module TextureFormatPVR (147)
[2018.08.18-22.33.52:445][278]LogModuleManager: Shutting down and abandoning module TextureFormatDXT (145)
[2018.08.18-22.33.52:445][278]LogModuleManager: Shutting down and abandoning module TextureFormatIntelISPCTexComp (143)
[2018.08.18-22.33.52:445][278]LogModuleManager: Shutting down and abandoning module TextureFormatASTC (141)
[2018.08.18-22.33.52:445][278]LogModuleManager: Shutting down and abandoning module ImageWrapper (140)
[2018.08.18-22.33.52:445][278]LogModuleManager: Shutting down and abandoning module TextureFormatAndroid (137)
[2018.08.18-22.33.52:445][278]LogModuleManager: Shutting down and abandoning module AudioFormatOpus (135)
[2018.08.18-22.33.52:445][278]LogModuleManager: Shutting down and abandoning module AudioFormatOgg (133)
[2018.08.18-22.33.52:445][278]LogModuleManager: Shutting down and abandoning module AudioFormatADPCM (131)
[2018.08.18-22.33.52:445][278]LogModuleManager: Shutting down and abandoning module LuminTargetPlatform (129)
[2018.08.18-22.33.52:445][278]LogModuleManager: Shutting down and abandoning module LinuxTargetPlatform (127)
[2018.08.18-22.33.52:445][278]LogModuleManager: Shutting down and abandoning module LinuxServerTargetPlatform (125)
[2018.08.18-22.33.52:445][278]LogModuleManager: Shutting down and abandoning module LinuxNoEditorTargetPlatform (123)
[2018.08.18-22.33.52:445][278]LogModuleManager: Shutting down and abandoning module LinuxClientTargetPlatform (121)
[2018.08.18-22.33.52:445][278]LogModuleManager: Shutting down and abandoning module TVOSTargetPlatform (119)
[2018.08.18-22.33.52:448][278]LogModuleManager: Shutting down and abandoning module Messaging (117)
[2018.08.18-22.33.52:448][278]LogModuleManager: Shutting down and abandoning module IOSTargetPlatform (115)
[2018.08.18-22.33.52:450][278]LogModuleManager: Shutting down and abandoning module HTML5TargetPlatform (113)
[2018.08.18-22.33.52:450][278]LogModuleManager: Shutting down and abandoning module AndroidTargetPlatform (111)
[2018.08.18-22.33.52:470][278]LogModuleManager: Shutting down and abandoning module WindowsTargetPlatform (109)
[2018.08.18-22.33.52:470][278]LogModuleManager: Shutting down and abandoning module WindowsServerTargetPlatform (107)
[2018.08.18-22.33.52:470][278]LogModuleManager: Shutting down and abandoning module WindowsNoEditorTargetPlatform (105)
[2018.08.18-22.33.52:470][278]LogModuleManager: Shutting down and abandoning module WindowsClientTargetPlatform (103)
[2018.08.18-22.33.52:470][278]LogModuleManager: Shutting down and abandoning module MacTargetPlatform (101)
[2018.08.18-22.33.52:470][278]LogModuleManager: Shutting down and abandoning module MacServerTargetPlatform (99)
[2018.08.18-22.33.52:470][278]LogModuleManager: Shutting down and abandoning module MacNoEditorTargetPlatform (97)
[2018.08.18-22.33.52:470][278]LogModuleManager: Shutting down and abandoning module MacClientTargetPlatform (95)
[2018.08.18-22.33.52:470][278]LogModuleManager: Shutting down and abandoning module AllDesktopTargetPlatform (93)
[2018.08.18-22.33.52:470][278]LogModuleManager: Shutting down and abandoning module InputCore (90)
[2018.08.18-22.33.52:470][278]LogModuleManager: Shutting down and abandoning module Settings (88)
[2018.08.18-22.33.52:471][278]LogModuleManager: Shutting down and abandoning module PhysXCooking (86)
[2018.08.18-22.33.52:471][278]LogModuleManager: Shutting down and abandoning module SteamVR (84)
[2018.08.18-22.33.52:471][278]LogModuleManager: Shutting down and abandoning module OculusHMD (82)
[2018.08.18-22.33.52:471][278]LogModuleManager: Shutting down and abandoning module ExampleDeviceProfileSelector (80)
[2018.08.18-22.33.52:471][278]LogModuleManager: Shutting down and abandoning module LauncherChunkInstaller (78)
[2018.08.18-22.33.52:471][278]LogModuleManager: Shutting down and abandoning module OnlineBlueprintSupport (76)
[2018.08.18-22.33.52:471][278]LogModuleManager: Shutting down and abandoning module OnlineSubsystem (72)
[2018.08.18-22.33.52:473][278]LogModuleManager: Shutting down and abandoning module XMPP (65)
[2018.08.18-22.33.52:473][278]LogModuleManager: Shutting down and abandoning module WebSockets (64)
[2018.08.18-22.33.52:487][278]LogModuleManager: Shutting down and abandoning module HTTP (61)
[2018.08.18-22.33.52:487][278]LogHttp: Display: Http module shutting down, but needs to wait on 1 outstanding Http requests:
[2018.08.18-22.33.52:487][278]LogHttp: Display: 	verb=[POST] url=[https://datarouter.ol.epicgames.com/datarouter/api/v1/public/data?SessionID=%7BFB38721C-406A-F8BD-890E-F299F06CEAEE%7D&AppID=UEEditor.Rocket.Release&AppVersion=4.20.1-4233996%2B%2B%2BUE4%2BRelease-4.20&UserID=bf60ee4f4483664cc9b427bdae8adf3f%7C215f6abc9e034017a9260fcb5f719f6a%7C03c4eb9d-5525-4d78-a36a-642ff74d7f12&AppEnvironment=datacollector-binary&UploadType=eteventstream] status=Processing
[2018.08.18-22.33.52:495][278]LogModuleManager: Shutting down and abandoning module SSL (60)
[2018.08.18-22.33.52:497][278]LogModuleManager: Shutting down and abandoning module MagicLeapEmulator (56)
[2018.08.18-22.33.52:498][278]LogModuleManager: Shutting down and abandoning module MagicLeapPrivileges (54)
[2018.08.18-22.33.52:498][278]LogModuleManager: Shutting down and abandoning module MagicLeapIdentity (52)
[2018.08.18-22.33.52:498][278]LogModuleManager: Shutting down and abandoning module MagicLeapHelperVulkan (50)
[2018.08.18-22.33.52:498][278]LogModuleManager: Shutting down and abandoning module MagicLeapHelperOpenGL (48)
[2018.08.18-22.33.52:498][278]LogModuleManager: Shutting down and abandoning module MagicLeapSecureStorage (46)
[2018.08.18-22.33.52:498][278]LogModuleManager: Shutting down and abandoning module MagicLeapGestures (44)
[2018.08.18-22.33.52:498][278]LogModuleManager: Shutting down and abandoning module MagicLeapEyeTracker (42)
[2018.08.18-22.33.52:498][278]LogModuleManager: Shutting down and abandoning module MagicLeapController (40)
[2018.08.18-22.33.52:498][278]LogSlate: Slate User Destroyed.  User Index 0, Is Virtual User: 0
[2018.08.18-22.33.52:498][278]LogModuleManager: Shutting down and abandoning module MagicLeap (38)
[2018.08.18-22.33.52:498][278]LogModuleManager: Shutting down and abandoning module AnimationModifiers (36)
[2018.08.18-22.33.52:498][278]LogModuleManager: Shutting down and abandoning module PropertyEditor (35)
[2018.08.18-22.33.52:500][278]LogModuleManager: Shutting down and abandoning module AudioEditor (32)
[2018.08.18-22.33.52:500][278]LogModuleManager: Shutting down and abandoning module TextureCompressor (30)
[2018.08.18-22.33.52:500][278]LogModuleManager: Shutting down and abandoning module ShaderCore (28)
[2018.08.18-22.33.52:500][278]LogModuleManager: Shutting down and abandoning module Landscape (26)
[2018.08.18-22.33.52:500][278]LogModuleManager: Shutting down and abandoning module SlateRHIRenderer (24)
[2018.08.18-22.33.52:501][278]LogModuleManager: Shutting down and abandoning module OpenGLDrv (22)
[2018.08.18-22.33.52:501][278]LogModuleManager: Shutting down and abandoning module D3D11RHI (20)
[2018.08.18-22.33.52:501][278]LogModuleManager: Shutting down and abandoning module AnimGraphRuntime (18)
[2018.08.18-22.33.52:501][278]LogModuleManager: Shutting down and abandoning module Renderer (16)
[2018.08.18-22.33.52:501][278]LogModuleManager: Shutting down and abandoning module Engine (14)
[2018.08.18-22.33.52:501][278]LogModuleManager: Shutting down and abandoning module CoreUObject (12)
[2018.08.18-22.33.52:501][278]LogModuleManager: Shutting down and abandoning module NetworkFile (10)
[2018.08.18-22.33.52:501][278]LogModuleManager: Shutting down and abandoning module CookedIterativeFile (8)
[2018.08.18-22.33.52:501][278]LogModuleManager: Shutting down and abandoning module StreamingFile (6)
[2018.08.18-22.33.52:501][278]LogModuleManager: Shutting down and abandoning module SandboxFile (4)
[2018.08.18-22.33.52:501][278]LogModuleManager: Shutting down and abandoning module PakFile (2)
[2018.08.18-22.33.52:512][278]LogExit: Exiting.
[2018.08.18-22.33.52:525][278]Log file closed, 08/18/18 16:33:52
