Log file open, 08/26/18 21:24:55
LogWindows: Failed to load 'aqProf.dll' (GetLastError=126)
LogWindows: File 'aqProf.dll' does not exist
LogWindows: Failed to load 'VtuneApi.dll' (GetLastError=126)
LogWindows: File 'VtuneApi.dll' does not exist
LogWindows: Failed to load 'VtuneApi32e.dll' (GetLastError=126)
LogWindows: File 'VtuneApi32e.dll' does not exist
LogInit: Display: Running engine for game: OurProject
LogPlatformFile: Not using cached read wrapper
LogTaskGraph: Started task graph with 5 named threads and 14 total threads with 3 sets of task threads.
LogStats: Stats thread started at 0.408837
LogD3D11RHI: Loaded GFSDK_Aftermath_Lib.x64.dll
LogICUInternationalization: Display: ICU TimeZone Detection - Raw Offset: -6:00, Platform Override: ''
LogPluginManager: Mounting plugin Paper2D
LogPluginManager: Mounting plugin AISupport
LogPluginManager: Mounting plugin LightPropagationVolume
LogPluginManager: Mounting plugin CLionSourceCodeAccess
LogPluginManager: Mounting plugin CodeLiteSourceCodeAccess
LogPluginManager: Mounting plugin GitSourceControl
LogPluginManager: Mounting plugin KDevelopSourceCodeAccess
LogPluginManager: Mounting plugin NullSourceCodeAccess
LogPluginManager: Mounting plugin PerforceSourceControl
LogPluginManager: Mounting plugin SubversionSourceControl
LogPluginManager: Mounting plugin UObjectPlugin
LogPluginManager: Mounting plugin VisualStudioCodeSourceCodeAccess
LogPluginManager: Mounting plugin VisualStudioSourceCodeAccess
LogPluginManager: Mounting plugin XCodeSourceCodeAccess
LogPluginManager: Mounting plugin AssetManagerEditor
LogPluginManager: Mounting plugin CryptoKeys
LogPluginManager: Mounting plugin DataValidation
LogPluginManager: Mounting plugin FacialAnimation
LogPluginManager: Mounting plugin GameplayTagsEditor
LogPluginManager: Mounting plugin MacGraphicsSwitching
LogPluginManager: Mounting plugin MeshEditor
LogPluginManager: Mounting plugin MobileLauncherProfileWizard
LogPluginManager: Mounting plugin PluginBrowser
LogPluginManager: Mounting plugin SpeedTreeImporter
LogPluginManager: Mounting plugin DatasmithContent
LogPluginManager: Mounting plugin AlembicImporter
LogPluginManager: Mounting plugin AppleImageUtils
LogPluginManager: Mounting plugin AppleVision
LogPluginManager: Mounting plugin BackChannel
LogPluginManager: Mounting plugin CharacterAI
LogPluginManager: Mounting plugin GeometryCache
LogPluginManager: Mounting plugin HTML5Networking
LogPluginManager: Mounting plugin ProxyLODPlugin
LogPluginManager: Mounting plugin MagicLeap
LogPluginManager: Mounting plugin MagicLeapEmulator
LogPluginManager: Mounting plugin MagicLeapMedia
LogPluginManager: Mounting plugin AndroidMedia
LogPluginManager: Mounting plugin AvfMedia
LogPluginManager: Mounting plugin ImgMedia
LogPluginManager: Mounting plugin LinearTimecode
LogPluginManager: Mounting plugin MediaCompositing
LogPluginManager: Mounting plugin MediaPlayerEditor
LogPluginManager: Mounting plugin WmfMedia
LogPluginManager: Mounting plugin TcpMessaging
LogPluginManager: Mounting plugin UdpMessaging
LogPluginManager: Mounting plugin ActorSequence
LogPluginManager: Mounting plugin LevelSequenceEditor
LogPluginManager: Mounting plugin MatineeToLevelSequence
LogPluginManager: Mounting plugin NetcodeUnitTest
LogPluginManager: Mounting plugin NUTUnrealEngine4
LogPluginManager: Mounting plugin OnlineSubsystemGooglePlay
LogPluginManager: Mounting plugin OnlineSubsystemIOS
LogPluginManager: Mounting plugin OnlineSubsystem
LogPluginManager: Mounting plugin OnlineSubsystemNull
LogPluginManager: Mounting plugin OnlineSubsystemSteam
LogPluginManager: Mounting plugin OnlineSubsystemUtils
LogPluginManager: Mounting plugin LauncherChunkInstaller
LogPluginManager: Mounting plugin AndroidDeviceProfileSelector
LogPluginManager: Mounting plugin AndroidMoviePlayer
LogPluginManager: Mounting plugin AndroidPermission
LogPluginManager: Mounting plugin AppleMoviePlayer
LogPluginManager: Mounting plugin ArchVisCharacter
LogPluginManager: Mounting plugin AudioCapture
LogPluginManager: Mounting plugin CableComponent
LogPluginManager: Mounting plugin CustomMeshComponent
LogPluginManager: Mounting plugin EditableMesh
LogPluginManager: Mounting plugin ExampleDeviceProfileSelector
LogPluginManager: Mounting plugin GoogleCloudMessaging
LogPluginManager: Mounting plugin ImmediatePhysics
LogPluginManager: Mounting plugin IOSDeviceProfileSelector
LogPluginManager: Mounting plugin LinuxDeviceProfileSelector
LogPluginManager: Mounting plugin LocationServicesBPLibrary
LogPluginManager: Mounting plugin MobilePatchingUtils
LogPluginManager: Mounting plugin OculusVR
LogPluginManager: Plugin shader directory ../../../Engine/Plugins/Runtime/Oculus/OculusVR/Shaders found
LogPluginManager: Mapping shader source directory ../../../Engine/Plugins/Runtime/Oculus/OculusVR/Shaders to virtual directory /Plugin/OculusVR
LogPluginManager: Mounting plugin PhysXVehicles
LogPluginManager: Mounting plugin ProceduralMeshComponent
LogPluginManager: Mounting plugin RuntimePhysXCooking
LogPluginManager: Mounting plugin SteamVR
LogPluginManager: Mounting plugin WindowsMoviePlayer
LogStreaming: Display: Took  0.179s to configure plugins.
LogInit: Using libcurl 7.55.1-DEV
LogInit:  - built for x86_64-pc-win32
LogInit:  - supports SSL with OpenSSL/1.0.2h
LogInit:  - supports HTTP deflate (compression) using libz 1.2.8
LogInit:  - other features:
LogInit:      CURL_VERSION_SSL
LogInit:      CURL_VERSION_LIBZ
LogInit:      CURL_VERSION_IPV6
LogInit:      CURL_VERSION_ASYNCHDNS
LogInit:      CURL_VERSION_LARGEFILE
LogInit:      CURL_VERSION_IDN
LogInit:  CurlRequestOptions (configurable via config and command line):
LogInit:  - bVerifyPeer = false  - Libcurl will NOT verify peer certificate
LogInit:  - bUseHttpProxy = false  - Libcurl will NOT use HTTP proxy
LogInit:  - bDontReuseConnections = false  - Libcurl will reuse connections
LogInit:  - CertBundlePath = nullptr  - Libcurl will use whatever was configured at build time.
LogInit:  - MaxHostConnections = 16  - Libcurl will limit the number of connections to a host
LogInit:  - LocalHostAddr = Default
LogInit:  - BufferSize = 65536
LogOnline: Display: STEAM: Loading Steam SDK 1.39
LogInit: WinSock: version 1.1 (2.2), MaxSocks=32767, MaxUdp=65467
LogInit: Build: ++UE4+Release-4.20-CL-4233996
LogInit: Engine Version: 4.20.1-4233996+++UE4+Release-4.20
LogInit: Compatible Engine Version: 4.20.0-4212847+++UE4+Release-4.20
LogInit: Net CL: 4212847
LogInit: OS: Windows 10 (), CPU: AMD FX-8800P Radeon R7, 12 Compute Cores 4C+8G , GPU: AMD Radeon (TM) R9 360
LogInit: Compiled (64-bit): Jul 26 2018 10:07:30
LogInit: Compiled with Visual C++: 19.13.26129.00
LogInit: Build Configuration: Development
LogInit: Branch Name: ++UE4+Release-4.20
LogInit: Command Line:  /Game/GameStates/MainMenu/MainMenuMap -game -PIEVIACONSOLE -ResX=1280 -ResY=720  -Multiprocess -messaging -SessionName="Play in Standalone Game" -windowed 
LogInit: Base Directory: C:/Program Files/Epic Games/UE_4.20/Engine/Binaries/Win64/
LogInit: Installed Engine Build: 1
LogDevObjectVersion: Number of dev versions registered: 20
LogDevObjectVersion:   Dev-Blueprints (B0D832E4-1F89-4F0D-ACCF-7EB736FD4AA2): 10
LogDevObjectVersion:   Dev-Build (E1C64328-A22C-4D53-A36C-8E866417BD8C): 0
LogDevObjectVersion:   Dev-Core (375EC13C-06E4-48FB-B500-84F0262A717E): 2
LogDevObjectVersion:   Dev-Editor (E4B068ED-F494-42E9-A231-DA0B2E46BB41): 24
LogDevObjectVersion:   Dev-Framework (CFFC743F-43B0-4480-9391-14DF171D2073): 34
LogDevObjectVersion:   Dev-Mobile (B02B49B5-BB20-44E9-A304-32B752E40360): 2
LogDevObjectVersion:   Dev-Networking (A4E4105C-59A1-49B5-A7C5-40C4547EDFEE): 0
LogDevObjectVersion:   Dev-Online (39C831C9-5AE6-47DC-9A44-9C173E1C8E7C): 0
LogDevObjectVersion:   Dev-Physics (78F01B33-EBEA-4F98-B9B4-84EACCB95AA2): 0
LogDevObjectVersion:   Dev-Platform (6631380F-2D4D-43E0-8009-CF276956A95A): 0
LogDevObjectVersion:   Dev-Rendering (12F88B9F-8875-4AFC-A67C-D90C383ABD29): 26
LogDevObjectVersion:   Dev-Sequencer (7B5AE74C-D270-4C10-A958-57980B212A5A): 9
LogDevObjectVersion:   Dev-VR (D7296918-1DD6-4BDD-9DE2-64A83CC13884): 2
LogDevObjectVersion:   Dev-LoadTimes (C2A15278-BFE7-4AFE-6C17-90FF531DF755): 1
LogDevObjectVersion:   Private-Geometry (6EACA3D4-40EC-4CC1-B786-8BED09428FC5): 3
LogDevObjectVersion:   Dev-AnimPhys (29E575DD-E0A3-4627-9D10-D276232CDCEA): 17
LogDevObjectVersion:   Dev-ReflectionCapture (6B266CEC-1EC7-4B8F-A30B-E4D90942FC07): 1
LogDevObjectVersion:   Dev-Automation (0DF73D61-A23F-47EA-B727-89E90C41499A): 1
LogDevObjectVersion:   FortniteMain (601D1886-AC64-4F84-AA16-D3DE0DEAC7D6): 12
LogDevObjectVersion:   Dev-Enterprise (9DFFBCD6-494F-0158-E221-12823C92A888): 1
LogStreaming: Display: Took  0.007s to delete old logs.
LogInit: Presizing for max 8388607 objects, including 0 objects not considered by GC, pre-allocating 0 bytes for permanent pool.
LogInit: Object subsystem initialized
[2018.08.27-03.24.57:184][  0]LogInit: Selected Device Profile: [Windows]
[2018.08.27-03.24.57:185][  0]LogInit: Applying CVar settings loaded from the selected device profile: [Windows]
[2018.08.27-03.24.57:196][  0]LogHAL: Display: Platform has ~ 16 GB [17113329664 / 17179869184 / 16], which maps to Larger [LargestMinGB=32, LargerMinGB=12, DefaultMinGB=8, SmallerMinGB=6, SmallestMinGB=0)
[2018.08.27-03.24.57:196][  0]LogInit: Setting Device Profile CVar: [[r.Vulkan.UseRealUBs:1]]
[2018.08.27-03.24.57:196][  0]LogInit: Going up to parent DeviceProfile []
[2018.08.27-03.24.57:198][  0]LogInit: Computer: LINK
[2018.08.27-03.24.57:198][  0]LogInit: User: brixo
[2018.08.27-03.24.57:198][  0]LogInit: CPU Page size=4096, Cores=4
[2018.08.27-03.24.57:198][  0]LogInit: High frequency timer resolution =2.046941 MHz
[2018.08.27-03.24.57:199][  0]LogMemory: Memory total: Physical=15.9GB (16GB approx)
[2018.08.27-03.24.57:199][  0]LogMemory: Platform Memory Stats for Windows
[2018.08.27-03.24.57:199][  0]LogMemory: Process Physical Memory: 131.71 MB used, 131.71 MB peak
[2018.08.27-03.24.57:199][  0]LogMemory: Process Virtual Memory: 104.06 MB used, 104.06 MB peak
[2018.08.27-03.24.57:199][  0]LogMemory: Physical Memory: 8036.80 MB used,  8283.74 MB free, 16320.54 MB total
[2018.08.27-03.24.57:199][  0]LogMemory: Virtual Memory: 4746.20 MB used,  8283.74 MB free, 134217728.00 MB total
[2018.08.27-03.24.57:307][  0]LogInit: Using OS detected language (en-US).
[2018.08.27-03.24.57:307][  0]LogInit: Using OS detected locale (en-US).
[2018.08.27-03.24.57:309][  0]LogTextLocalizationManager: No specific localization for 'en-US' exists, so the 'en' localization will be used.
[2018.08.27-03.24.58:249][  0]LogStreaming: Display: Took  0.942s to InitEngineTextLocalization.
[2018.08.27-03.24.58:337][  0]LogSlate: New Slate User Created.  User Index 0, Is Virtual User: 0
[2018.08.27-03.24.58:337][  0]LogSlate: Slate User Registered.  User Index 0, Is Virtual User: 0
[2018.08.27-03.24.58:374][  0]LogHMD: Failed to initialize OpenVR with code 110
[2018.08.27-03.24.58:374][  0]LogD3D11RHI: D3D11 adapters:
[2018.08.27-03.24.58:463][  0]LogD3D11RHI:    0. 'AMD Radeon (TM) R9 360' (Feature Level 11_0)
[2018.08.27-03.24.58:464][  0]LogD3D11RHI:       2025/0/8160 MB DedicatedVideo/DedicatedSystem/SharedSystem, Outputs:2, VendorId:0x1002
[2018.08.27-03.24.58:473][  0]LogD3D11RHI:    1. 'Microsoft Basic Render Driver' (Feature Level 11_0)
[2018.08.27-03.24.58:473][  0]LogD3D11RHI:       0/0/8160 MB DedicatedVideo/DedicatedSystem/SharedSystem, Outputs:0, VendorId:0x1414
[2018.08.27-03.24.58:473][  0]LogD3D11RHI: Chosen D3D11 Adapter: 0
[2018.08.27-03.24.58:496][  0]LogD3D11RHI: Creating new Direct3DDevice
[2018.08.27-03.24.58:497][  0]LogD3D11RHI:     GPU DeviceId: 0x665f (for the marketing name, search the web for "GPU Device Id")
[2018.08.27-03.24.58:498][  0]LogWindows: EnumDisplayDevices:
[2018.08.27-03.24.58:498][  0]LogWindows:    0. 'AMD Radeon (TM) R9 360' (P:1 D:1)
[2018.08.27-03.24.58:499][  0]LogWindows:    1. 'AMD Radeon (TM) R9 360' (P:0 D:1)
[2018.08.27-03.24.58:500][  0]LogWindows:    2. 'AMD Radeon (TM) R9 360' (P:0 D:0)
[2018.08.27-03.24.58:501][  0]LogWindows:    3. 'AMD Radeon (TM) R9 360' (P:0 D:0)
[2018.08.27-03.24.58:502][  0]LogWindows:    4. 'AMD Radeon (TM) R9 360' (P:0 D:0)
[2018.08.27-03.24.58:502][  0]LogWindows:    5. 'AMD Radeon (TM) R9 360' (P:0 D:0)
[2018.08.27-03.24.58:503][  0]LogWindows: DebugString: FoundDriverCount:6 
[2018.08.27-03.24.58:503][  0]LogD3D11RHI:     Adapter Name: AMD Radeon (TM) R9 360
[2018.08.27-03.24.58:503][  0]LogD3D11RHI:   Driver Version: Crimson ReLive 17.7 (internal:22.19.172.769, unified:22.19.172.769)
[2018.08.27-03.24.58:503][  0]LogD3D11RHI:      Driver Date: 6-27-2017
[2018.08.27-03.24.58:503][  0]LogRHI: Texture pool is 1417 MB (70% of 2025 MB)
[2018.08.27-03.24.59:008][  0]LogD3D11RHI: Async texture creation enabled
[2018.08.27-03.24.59:028][  0]LogD3D11RHI: GPU Timing Frequency: 27.000000 (Debug: 2 1)
[2018.08.27-03.24.59:032][  0]LogShaderCompilers: Guid format shader working directory is -31 characters bigger than the processId version (../../../../../../Users/brixo/OneDrive/Documents/GitHub/Heart-Felt/OurProject/Intermediate/Shaders/WorkingDirectory/1396/).
[2018.08.27-03.24.59:033][  0]LogShaderCompilers: Cleaned the shader compiler working directory 'C:/Users/brixo/AppData/Local/Temp/UnrealShaderWorkingDir/1EBC26514D2BCA7381AF9F81D7993FCA/'.
[2018.08.27-03.24.59:939][  0]LogTemp: Display: Loaded TP WindowsClientTargetPlatform
[2018.08.27-03.24.59:972][  0]LogTemp: Display: Loaded TP WindowsNoEditorTargetPlatform
[2018.08.27-03.25.00:002][  0]LogTemp: Display: Loaded TP WindowsServerTargetPlatform
[2018.08.27-03.25.00:038][  0]LogTemp: Display: Loaded TP WindowsTargetPlatform
[2018.08.27-03.25.00:038][  0]LogTargetPlatformManager: Display: Building Assets For Windows
[2018.08.27-03.25.00:221][  0]LogXGEController: Cannot use XGE Controller as Incredibuild is not installed on this machine.
[2018.08.27-03.25.00:221][  0]LogShaderCompilers: Cannot use XGE Shader Compiler as Incredibuild is not installed on this machine.
[2018.08.27-03.25.00:221][  0]LogShaderCompilers: Display: Using Local Shader Compiler.
[2018.08.27-03.25.02:645][  0]LogDerivedDataCache: Display: Max Cache Size: 512 MB
[2018.08.27-03.25.02:821][  0]LogDerivedDataCache: Loaded boot cache 0.18s 71MB C:/Users/brixo/AppData/Local/UnrealEngine/4.20/DerivedDataCache/Boot.ddc.
[2018.08.27-03.25.02:821][  0]LogDerivedDataCache: Display: Loaded Boot cache: C:/Users/brixo/AppData/Local/UnrealEngine/4.20/DerivedDataCache/Boot.ddc
[2018.08.27-03.25.02:821][  0]LogDerivedDataCache: FDerivedDataBackendGraph:  Pak pak cache file ../../../../../../Users/brixo/OneDrive/Documents/GitHub/Heart-Felt/OurProject/DerivedDataCache/DDC.ddp not found, will not use a pak cache.
[2018.08.27-03.25.02:821][  0]LogDerivedDataCache: Unable to find inner node Pak for hierarchical cache Hierarchy.
[2018.08.27-03.25.02:821][  0]LogDerivedDataCache: FDerivedDataBackendGraph:  CompressedPak pak cache file ../../../../../../Users/brixo/OneDrive/Documents/GitHub/Heart-Felt/OurProject/DerivedDataCache/Compressed.ddp not found, will not use a pak cache.
[2018.08.27-03.25.02:821][  0]LogDerivedDataCache: Unable to find inner node CompressedPak for hierarchical cache Hierarchy.
[2018.08.27-03.25.02:842][  0]LogDerivedDataCache: Display: Pak cache opened for reading ../../../Engine/DerivedDataCache/Compressed.ddp.
[2018.08.27-03.25.02:857][  0]LogDerivedDataCache: Using Local data cache path C:/Users/brixo/AppData/Local/UnrealEngine/Common/DerivedDataCache: Writable
[2018.08.27-03.25.02:857][  0]LogDerivedDataCache: Shared data cache path not found in *engine.ini, will not use an Shared cache.
[2018.08.27-03.25.02:857][  0]LogDerivedDataCache: Unable to find inner node Shared for hierarchical cache Hierarchy.
[2018.08.27-03.25.02:894][  0]LogMaterial: Verifying Global Shaders for PCD3D_SM5
[2018.08.27-03.25.02:896][  0]LogSlate: Using FreeType 2.6.0
[2018.08.27-03.25.02:898][  0]LogSlate: SlateFontServices - WITH_FREETYPE: 1, WITH_HARFBUZZ: 1
[2018.08.27-03.25.02:985][  0]LogInit: Using OS detected language (en-US).
[2018.08.27-03.25.02:986][  0]LogInit: Using OS detected locale (en-US).
[2018.08.27-03.25.02:986][  0]LogTextLocalizationManager: No localization for 'en-US' exists, so 'en' will be used for the language.
[2018.08.27-03.25.02:986][  0]LogTextLocalizationManager: No localization for 'en-US' exists, so 'en' will be used for the locale.
[2018.08.27-03.25.03:561][  0]LogStreaming: Display: Took  0.575s to InitGameTextLocalization.
[2018.08.27-03.25.03:579][  0]LogAssetRegistry: FAssetRegistry took 0.0102 seconds to start up
[2018.08.27-03.25.04:062][  0]LogPackageLocalizationCache: Processed 11 localized package path(s) for 1 prioritized culture(s) in 0.046004 seconds
[2018.08.27-03.25.04:339][  0]LogInit: Selected Device Profile: [Windows]
[2018.08.27-03.25.04:623][  0]LogSimplygon: Simplygon DLL not present - disabling.
[2018.08.27-03.25.04:635][  0]LogMeshReduction: Using SimplygonSwarm for distributed automatic mesh merging
[2018.08.27-03.25.04:635][  0]LogMeshReduction: Using ProxyLODMeshReduction for automatic mesh merging
[2018.08.27-03.25.04:636][  0]LogMeshReduction: Using QuadricMeshReduction for automatic static mesh reduction
[2018.08.27-03.25.04:636][  0]LogMeshReduction: No automatic skeletal mesh reduction module available
[2018.08.27-03.25.04:682][  0]LogNetVersion: OurProject 1.0.0, NetCL: 4212847, EngineNetVer: 5, GameNetVer: 0 (Checksum: 3951183775)
[2018.08.27-03.25.05:829][  0]LogMoviePlayer: Initializing movie player
[2018.08.27-03.25.06:218][  0]LogTcpMessaging: Initializing TcpMessaging bridge
[2018.08.27-03.25.06:234][  0]LogUdpMessaging: Initializing bridge on interface 0.0.0.0:0 to multicast group 230.0.0.1:6666.
[2018.08.27-03.25.06:376][  0]SourceControl: Source control is disabled
[2018.08.27-03.25.06:376][  0]SourceControl: Source control is disabled
[2018.08.27-03.25.06:379][  0]SourceControl: Source control is disabled
[2018.08.27-03.25.06:613][  0]LogAndroidPermission: UAndroidPermissionCallbackProxy::GetInstance
[2018.08.27-03.25.06:912][  0]LogOcInput: OculusInput pre-init called
[2018.08.27-03.25.06:940][  0]LogUObjectArray: 42177 objects as part of root set at end of initial load.
[2018.08.27-03.25.06:940][  0]LogUObjectAllocator: 7442624 out of 0 bytes used by permanent object pool.
[2018.08.27-03.25.06:940][  0]LogUObjectArray: CloseDisregardForGC: 0/0 objects in disregard for GC pool
[2018.08.27-03.25.07:068][  0]LogEngine: Initializing Engine...
[2018.08.27-03.25.07:070][  0]LogHMD: Failed to initialize OpenVR with code 110
[2018.08.27-03.25.07:086][  0]LogStats: UGameplayTagsManager::ConstructGameplayTagTree: ImportINI prefixes -  0.000 s
[2018.08.27-03.25.07:086][  0]LogStats: UGameplayTagsManager::ConstructGameplayTagTree: Construct from data asset -  0.000 s
[2018.08.27-03.25.07:086][  0]LogStats: UGameplayTagsManager::ConstructGameplayTagTree: ImportINI -  0.000 s
[2018.08.27-03.25.07:086][  0]LogStats: UGameplayTagsManager::ConstructGameplayTagTree: GameplayTagTreeChangedEvent.Broadcast -  0.000 s
[2018.08.27-03.25.07:500][  0]LogInit: Initializing FReadOnlyCVARCache
[2018.08.27-03.25.07:542][  0]LogInit: XAudio2 using 'Headset Earphone (Corsair Gaming H2100 Headset)' : 2 channels at 48 kHz using 16 bits per sample (channel mask 0x3)
[2018.08.27-03.25.07:572][  0]LogInit: FAudioDevice initialized.
[2018.08.27-03.25.07:586][  0]LogNetVersion: Set ProjectVersion to 1.0.0.0. Version Checksum will be recalculated on next use.
[2018.08.27-03.25.07:586][  0]LogInit: Texture streaming: Enabled
[2018.08.27-03.25.08:640][  0]LogSlate: Updating window title bar state: overlay mode, drag disabled, window buttons hidden, title bar hidden
[2018.08.27-03.25.08:641][  0]LogInit: Display: Game Engine Initialized.
[2018.08.27-03.25.08:641][  0]LogGameplayTags: Display: UGameplayTagsManager::DoneAddingNativeTags. DelegateIsBound: 0
[2018.08.27-03.25.08:641][  0]LogStats: UGameplayTagsManager::ConstructGameplayTagTree: ImportINI prefixes -  0.000 s
[2018.08.27-03.25.08:642][  0]LogStats: UGameplayTagsManager::ConstructGameplayTagTree: Construct from data asset -  0.000 s
[2018.08.27-03.25.08:642][  0]LogStats: UGameplayTagsManager::ConstructGameplayTagTree: ImportINI -  0.000 s
[2018.08.27-03.25.08:642][  0]LogStats: UGameplayTagsManager::ConstructGameplayTagTree: GameplayTagTreeChangedEvent.Broadcast -  0.000 s
[2018.08.27-03.25.08:691][  0]LogInit: Display: Starting Game.
[2018.08.27-03.25.08:691][  0]LogNet: Browse: /Game/GameStates/MainMenu/MainMenuMap?Name=Player
[2018.08.27-03.25.08:692][  0]LogLoad: LoadMap: /Game/GameStates/MainMenu/MainMenuMap?Name=Player
[2018.08.27-03.25.08:831][  0]LogAIModule: Creating AISystem for world MainMenuMap
[2018.08.27-03.25.08:832][  0]LogLoad: Game class is 'MenuGameMode_C'
[2018.08.27-03.25.08:836][  0]LogWorld: Bringing World /Game/GameStates/MainMenu/MainMenuMap.MainMenuMap up for play (max tick rate 0) at 2018.08.26-21.25.08
[2018.08.27-03.25.08:837][  0]LogWorld: Bringing up level for play took: 0.001760
[2018.08.27-03.25.08:839][  0]LogGameMode: FindPlayerStart: PATHS NOT DEFINED or NO PLAYERSTART with positive rating
[2018.08.27-03.25.08:845][  0]LogLoad: Took 0.153310 seconds to LoadMap(/Game/GameStates/MainMenu/MainMenuMap)
[2018.08.27-03.25.09:024][  0]LogRenderer: Reallocating scene render targets to support 1280x720 Format 10 NumSamples 1 (Frame:1).
[2018.08.27-03.25.09:024][  0]LogLoad: (Engine Initialization) Total time: 17.97 seconds
[2018.08.27-03.25.09:024][  0]LogLoad: (Engine Initialization) Total Blueprint compile time: 0.00 seconds
[2018.08.27-03.25.09:043][  0]LogWindowsTextInputMethodSystem: Display: IME system now deactivated.
[2018.08.27-03.25.09:050][  0]LogContentStreaming: Texture pool size now 3000 MB
[2018.08.27-03.25.11:385][142]LogSlate: FSceneViewport::OnFocusLost() reason 0
[2018.08.27-03.25.11:491][148]LogSlate: Took 0.000660 seconds to synchronously load lazily loaded font '../../../Engine/Content/Slate/Fonts/Roboto-Regular.ttf' (155K)
[2018.08.27-03.25.13:839][291]LogOnlineSession: Verbose: OSS: dumping NamedSession: 
[2018.08.27-03.25.13:840][291]LogOnlineSession: Verbose: OSS: 	SessionName: GameSession
[2018.08.27-03.25.13:840][291]LogOnlineSession: Verbose: OSS: 	HostingPlayerNum: 0
[2018.08.27-03.25.13:840][291]LogOnlineSession: Verbose: OSS: 	SessionState: Pending
[2018.08.27-03.25.13:840][291]LogOnlineSession: Verbose: OSS: 	RegisteredPlayers: 
[2018.08.27-03.25.13:840][291]LogOnlineSession: Verbose: OSS: 	    0 registered players
[2018.08.27-03.25.13:840][291]LogOnlineSession: Verbose: OSS: dumping Session: 
[2018.08.27-03.25.13:840][291]LogOnlineSession: Verbose: OSS: 	OwningPlayerName: brixon_chan
[2018.08.27-03.25.13:840][291]LogOnlineSession: Verbose: OSS: 	OwningPlayerId: brixon_chan [0x1100001071A721F]
[2018.08.27-03.25.13:840][291]LogOnlineSession: Verbose: OSS: 	NumOpenPrivateConnections: 0
[2018.08.27-03.25.13:840][291]LogOnlineSession: Verbose: OSS: 	NumOpenPublicConnections: 1
[2018.08.27-03.25.13:840][291]LogOnlineSession: Verbose: OSS: 	SessionInfo: HostIP: INVALID SteamP2P: 76561198079439391:7777 Type: Lobby session SessionId: Lobby [0x186000001A97FEA]
[2018.08.27-03.25.13:840][291]LogOnlineSession: Verbose: OSS: dumping SessionSettings: 
[2018.08.27-03.25.13:840][291]LogOnlineSession: Verbose: OSS: 	NumPublicConnections: 2
[2018.08.27-03.25.13:840][291]LogOnlineSession: Verbose: OSS: 	NumPrivateConnections: 0
[2018.08.27-03.25.13:840][291]LogOnlineSession: Verbose: OSS: 	bIsLanMatch: false
[2018.08.27-03.25.13:840][291]LogOnlineSession: Verbose: OSS: 	bIsDedicated: false
[2018.08.27-03.25.13:840][291]LogOnlineSession: Verbose: OSS: 	bUsesStats: false
[2018.08.27-03.25.13:840][291]LogOnlineSession: Verbose: OSS: 	bShouldAdvertise: true
[2018.08.27-03.25.13:840][291]LogOnlineSession: Verbose: OSS: 	bAllowJoinInProgress: true
[2018.08.27-03.25.13:840][291]LogOnlineSession: Verbose: OSS: 	bAllowInvites: false
[2018.08.27-03.25.13:840][291]LogOnlineSession: Verbose: OSS: 	bUsesPresence: true
[2018.08.27-03.25.13:840][291]LogOnlineSession: Verbose: OSS: 	bAllowJoinViaPresence: true
[2018.08.27-03.25.13:840][291]LogOnlineSession: Verbose: OSS: 	bAllowJoinViaPresenceFriendsOnly: false
[2018.08.27-03.25.13:840][291]LogOnlineSession: Verbose: OSS: 	BuildUniqueId: 0x0040486f
[2018.08.27-03.25.13:840][291]LogOnlineSession: Verbose: OSS: 	Settings:
[2018.08.27-03.25.14:097][291]LogPackageName: SearchForPackageOnDisk took   0.256s to resolve LobbbyMap.umap.
[2018.08.27-03.25.14:340][291]LogPackageName: SearchForPackageOnDisk took   0.240s to resolve LobbbyMap.umap.
[2018.08.27-03.25.14:340][291]LogNet: Browse: /Game/GameStates/Lobby/LobbbyMap?listen
[2018.08.27-03.25.14:340][291]LogLoad: LoadMap: /Game/GameStates/Lobby/LobbbyMap?listen
[2018.08.27-03.25.14:780][291]LogAIModule: Creating AISystem for world LobbbyMap
[2018.08.27-03.25.14:780][291]LogLoad: Game class is 'LobbyGameMode_C'
[2018.08.27-03.25.14:781][291]LogTemp: Display: ParseSettings for GameNetDriver
[2018.08.27-03.25.14:782][291]LogTemp: Display: ParseSettings for SteamNetDriver_0
[2018.08.27-03.25.14:782][291]LogTemp: Display: ParseSettings for GameNetDriver
[2018.08.27-03.25.14:782][291]LogNet: ReplicationDriverClass is null! Not using ReplicationDriver.
[2018.08.27-03.25.14:783][291]LogNet: Display: SteamNetDriver_0 bound to port 7777
[2018.08.27-03.25.14:783][291]PacketHandlerLog: Loaded PacketHandler component: Engine.EngineHandlerComponentFactory (StatelessConnectHandlerComponent)
[2018.08.27-03.25.14:784][291]LogNet: GameNetDriver SteamNetDriver_0 IpNetDriver listening on port 7777
[2018.08.27-03.25.14:793][291]LogWorld: Bringing World /Game/GameStates/Lobby/LobbbyMap.LobbbyMap up for play (max tick rate 0) at 2018.08.26-21.25.14
[2018.08.27-03.25.14:794][291]LogWorld: Bringing up level for play took: 0.008372
[2018.08.27-03.25.14:801][291]LogLoad: Took 0.460176 seconds to LoadMap(/Game/GameStates/Lobby/LobbbyMap)
[2018.08.27-03.25.14:802][291]LogBlueprintUserMessages: [LobbyCharacterController_C_0] 0
[2018.08.27-03.25.14:827][292]LogBlueprintUserMessages: [LobbyCharacterController_C_0] 0
[2018.08.27-03.25.14:864][293]LogBlueprintUserMessages: [LobbyCharacterController_C_0] 0
[2018.08.27-03.25.14:895][294]LogBlueprintUserMessages: [LobbyCharacterController_C_0] 0
[2018.08.27-03.25.14:917][295]LogBlueprintUserMessages: [LobbyCharacterController_C_0] 0
[2018.08.27-03.25.14:937][296]LogBlueprintUserMessages: [LobbyCharacterController_C_0] 0
[2018.08.27-03.25.14:959][297]LogBlueprintUserMessages: [LobbyCharacterController_C_0] 0
[2018.08.27-03.25.14:982][298]LogBlueprintUserMessages: [LobbyCharacterController_C_0] 0
[2018.08.27-03.25.15:004][299]LogBlueprintUserMessages: [LobbyCharacterController_C_0] 0
[2018.08.27-03.25.15:025][300]LogBlueprintUserMessages: [LobbyCharacterController_C_0] 0
[2018.08.27-03.25.15:048][301]LogBlueprintUserMessages: [LobbyCharacterController_C_0] 0
[2018.08.27-03.25.15:070][302]LogBlueprintUserMessages: [LobbyCharacterController_C_0] 0
[2018.08.27-03.25.15:090][303]LogBlueprintUserMessages: [LobbyCharacterController_C_0] 0
[2018.08.27-03.25.15:106][304]LogBlueprintUserMessages: [LobbyCharacterController_C_0] 0
[2018.08.27-03.25.15:122][305]LogBlueprintUserMessages: [LobbyCharacterController_C_0] 0
[2018.08.27-03.25.15:139][306]LogBlueprintUserMessages: [LobbyCharacterController_C_0] 0
[2018.08.27-03.25.15:155][307]LogBlueprintUserMessages: [LobbyCharacterController_C_0] 0
[2018.08.27-03.25.15:171][308]LogBlueprintUserMessages: [LobbyCharacterController_C_0] 0
[2018.08.27-03.25.15:187][309]LogBlueprintUserMessages: [LobbyCharacterController_C_0] 0
[2018.08.27-03.25.15:203][310]LogBlueprintUserMessages: [LobbyCharacterController_C_0] 0
[2018.08.27-03.25.15:219][311]LogBlueprintUserMessages: [LobbyCharacterController_C_0] 0
[2018.08.27-03.25.15:236][312]LogBlueprintUserMessages: [LobbyCharacterController_C_0] 0
[2018.08.27-03.25.15:252][313]LogBlueprintUserMessages: [LobbyCharacterController_C_0] 0
[2018.08.27-03.25.15:268][314]LogBlueprintUserMessages: [LobbyCharacterController_C_0] 0
[2018.08.27-03.25.15:285][315]LogBlueprintUserMessages: [LobbyCharacterController_C_0] 0
[2018.08.27-03.25.15:301][316]LogBlueprintUserMessages: [LobbyCharacterController_C_0] 0
[2018.08.27-03.25.15:317][317]LogBlueprintUserMessages: [LobbyCharacterController_C_0] 0
[2018.08.27-03.25.15:333][318]LogBlueprintUserMessages: [LobbyCharacterController_C_0] 0
[2018.08.27-03.25.15:350][319]LogBlueprintUserMessages: [LobbyCharacterController_C_0] 0
[2018.08.27-03.25.15:366][320]LogBlueprintUserMessages: [LobbyCharacterController_C_0] 0
[2018.08.27-03.25.15:382][321]LogBlueprintUserMessages: [LobbyCharacterController_C_0] 0
[2018.08.27-03.25.15:399][322]LogBlueprintUserMessages: [LobbyCharacterController_C_0] 0
[2018.08.27-03.25.15:416][323]LogBlueprintUserMessages: [LobbyCharacterController_C_0] 0
[2018.08.27-03.25.15:431][324]LogBlueprintUserMessages: [LobbyCharacterController_C_0] 0
[2018.08.27-03.25.15:447][325]LogBlueprintUserMessages: [LobbyCharacterController_C_0] 0
[2018.08.27-03.25.15:463][326]LogBlueprintUserMessages: [LobbyCharacterController_C_0] 0
[2018.08.27-03.25.15:480][327]LogBlueprintUserMessages: [LobbyCharacterController_C_0] 0
[2018.08.27-03.25.15:496][328]LogBlueprintUserMessages: [LobbyCharacterController_C_0] 0
[2018.08.27-03.25.15:511][329]LogBlueprintUserMessages: [LobbyCharacterController_C_0] 0
[2018.08.27-03.25.15:527][330]LogBlueprintUserMessages: [LobbyCharacterController_C_0] 0
[2018.08.27-03.25.15:543][331]LogBlueprintUserMessages: [LobbyCharacterController_C_0] 0
[2018.08.27-03.25.15:559][332]LogBlueprintUserMessages: [LobbyCharacterController_C_0] 0
[2018.08.27-03.25.15:575][333]LogBlueprintUserMessages: [LobbyCharacterController_C_0] 0
[2018.08.27-03.25.15:592][334]LogBlueprintUserMessages: [LobbyCharacterController_C_0] 0
[2018.08.27-03.25.15:609][335]LogBlueprintUserMessages: [LobbyCharacterController_C_0] 0
[2018.08.27-03.25.15:625][336]LogBlueprintUserMessages: [LobbyCharacterController_C_0] 0
[2018.08.27-03.25.15:640][337]LogBlueprintUserMessages: [LobbyCharacterController_C_0] 0
[2018.08.27-03.25.15:656][338]LogBlueprintUserMessages: [LobbyCharacterController_C_0] 0
[2018.08.27-03.25.15:672][339]LogBlueprintUserMessages: [LobbyCharacterController_C_0] 0
[2018.08.27-03.25.15:688][340]LogBlueprintUserMessages: [LobbyCharacterController_C_0] 0
[2018.08.27-03.25.15:705][341]LogBlueprintUserMessages: [LobbyCharacterController_C_0] 0
[2018.08.27-03.25.15:721][342]LogBlueprintUserMessages: [LobbyCharacterController_C_0] 0
[2018.08.27-03.25.15:738][343]LogBlueprintUserMessages: [LobbyCharacterController_C_0] 0
[2018.08.27-03.25.15:753][344]LogBlueprintUserMessages: [LobbyCharacterController_C_0] 0
[2018.08.27-03.25.15:769][345]LogBlueprintUserMessages: [LobbyCharacterController_C_0] 0
[2018.08.27-03.25.15:785][346]LogBlueprintUserMessages: [LobbyCharacterController_C_0] 0
[2018.08.27-03.25.15:801][347]LogBlueprintUserMessages: [LobbyCharacterController_C_0] 0
[2018.08.27-03.25.15:818][348]LogBlueprintUserMessages: [LobbyCharacterController_C_0] 0
[2018.08.27-03.25.15:834][349]LogBlueprintUserMessages: [LobbyCharacterController_C_0] 0
[2018.08.27-03.25.15:850][350]LogBlueprintUserMessages: [LobbyCharacterController_C_0] 0
[2018.08.27-03.25.15:866][351]LogBlueprintUserMessages: [LobbyCharacterController_C_0] 0
[2018.08.27-03.25.15:882][352]LogBlueprintUserMessages: [LobbyCharacterController_C_0] 0
[2018.08.27-03.25.15:898][353]LogBlueprintUserMessages: [LobbyCharacterController_C_0] 0
[2018.08.27-03.25.15:915][354]LogBlueprintUserMessages: [LobbyCharacterController_C_0] 0
[2018.08.27-03.25.15:931][355]LogBlueprintUserMessages: [LobbyCharacterController_C_0] 0
[2018.08.27-03.25.15:947][356]LogBlueprintUserMessages: [LobbyCharacterController_C_0] 0
[2018.08.27-03.25.15:964][357]LogBlueprintUserMessages: [LobbyCharacterController_C_0] 0
[2018.08.27-03.25.15:979][358]LogBlueprintUserMessages: [LobbyCharacterController_C_0] 0
[2018.08.27-03.25.15:995][359]LogBlueprintUserMessages: [LobbyCharacterController_C_0] 0
[2018.08.27-03.25.16:011][360]LogBlueprintUserMessages: [LobbyCharacterController_C_0] 0
[2018.08.27-03.25.16:028][361]LogBlueprintUserMessages: [LobbyCharacterController_C_0] 0
[2018.08.27-03.25.16:044][362]LogBlueprintUserMessages: [LobbyCharacterController_C_0] 0
[2018.08.27-03.25.16:060][363]LogBlueprintUserMessages: [LobbyCharacterController_C_0] 0
[2018.08.27-03.25.16:076][364]LogBlueprintUserMessages: [LobbyCharacterController_C_0] 0
[2018.08.27-03.25.16:092][365]LogBlueprintUserMessages: [LobbyCharacterController_C_0] 0
[2018.08.27-03.25.16:108][366]LogBlueprintUserMessages: [LobbyCharacterController_C_0] 0
[2018.08.27-03.25.16:124][367]LogBlueprintUserMessages: [LobbyCharacterController_C_0] 0
[2018.08.27-03.25.16:141][368]LogBlueprintUserMessages: [LobbyCharacterController_C_0] 0
[2018.08.27-03.25.16:157][369]LogBlueprintUserMessages: [LobbyCharacterController_C_0] 0
[2018.08.27-03.25.16:174][370]LogBlueprintUserMessages: [LobbyCharacterController_C_0] 0
[2018.08.27-03.25.16:190][371]LogBlueprintUserMessages: [LobbyCharacterController_C_0] 0
[2018.08.27-03.25.16:206][372]LogBlueprintUserMessages: [LobbyCharacterController_C_0] 0
[2018.08.27-03.25.16:222][373]LogBlueprintUserMessages: [LobbyCharacterController_C_0] 0
[2018.08.27-03.25.16:238][374]LogBlueprintUserMessages: [LobbyCharacterController_C_0] 0
[2018.08.27-03.25.16:255][375]LogBlueprintUserMessages: [LobbyCharacterController_C_0] 0
[2018.08.27-03.25.16:270][376]LogBlueprintUserMessages: [LobbyCharacterController_C_0] 0
[2018.08.27-03.25.16:287][377]LogBlueprintUserMessages: [LobbyCharacterController_C_0] 0
[2018.08.27-03.25.16:302][378]LogBlueprintUserMessages: [LobbyCharacterController_C_0] 0
[2018.08.27-03.25.16:320][379]LogBlueprintUserMessages: [LobbyCharacterController_C_0] 0
[2018.08.27-03.25.16:334][380]LogBlueprintUserMessages: [LobbyCharacterController_C_0] 0
[2018.08.27-03.25.16:352][381]LogBlueprintUserMessages: [LobbyCharacterController_C_0] 0
[2018.08.27-03.25.16:367][382]LogBlueprintUserMessages: [LobbyCharacterController_C_0] 0
[2018.08.27-03.25.16:384][383]LogBlueprintUserMessages: [LobbyCharacterController_C_0] 0
[2018.08.27-03.25.16:399][384]LogBlueprintUserMessages: [LobbyCharacterController_C_0] 0
[2018.08.27-03.25.16:416][385]LogBlueprintUserMessages: [LobbyCharacterController_C_0] 0
[2018.08.27-03.25.16:432][386]LogBlueprintUserMessages: [LobbyCharacterController_C_0] 0
[2018.08.27-03.25.16:448][387]LogBlueprintUserMessages: [LobbyCharacterController_C_0] 0
[2018.08.27-03.25.16:465][388]LogBlueprintUserMessages: [LobbyCharacterController_C_0] 0
[2018.08.27-03.25.16:479][389]LogBlueprintUserMessages: [LobbyCharacterController_C_0] 0
[2018.08.27-03.25.16:496][390]LogBlueprintUserMessages: [LobbyCharacterController_C_0] 0
[2018.08.27-03.25.16:512][391]LogBlueprintUserMessages: [LobbyCharacterController_C_0] 0
[2018.08.27-03.25.16:528][392]LogBlueprintUserMessages: [LobbyCharacterController_C_0] 0
[2018.08.27-03.25.16:544][393]LogBlueprintUserMessages: [LobbyCharacterController_C_0] 0
[2018.08.27-03.25.16:561][394]LogBlueprintUserMessages: [LobbyCharacterController_C_0] 0
[2018.08.27-03.25.16:577][395]LogBlueprintUserMessages: [LobbyCharacterController_C_0] 0
[2018.08.27-03.25.16:594][396]LogBlueprintUserMessages: [LobbyCharacterController_C_0] 0
[2018.08.27-03.25.16:610][397]LogBlueprintUserMessages: [LobbyCharacterController_C_0] 0
[2018.08.27-03.25.16:626][398]LogBlueprintUserMessages: [LobbyCharacterController_C_0] 0
[2018.08.27-03.25.16:642][399]LogBlueprintUserMessages: [LobbyCharacterController_C_0] 0
[2018.08.27-03.25.16:658][400]LogBlueprintUserMessages: [LobbyCharacterController_C_0] 0
[2018.08.27-03.25.16:674][401]LogBlueprintUserMessages: [LobbyCharacterController_C_0] 0
[2018.08.27-03.25.16:690][402]LogBlueprintUserMessages: [LobbyCharacterController_C_0] 0
[2018.08.27-03.25.16:706][403]LogBlueprintUserMessages: [LobbyCharacterController_C_0] 0
[2018.08.27-03.25.16:722][404]LogBlueprintUserMessages: [LobbyCharacterController_C_0] 0
[2018.08.27-03.25.16:739][405]LogBlueprintUserMessages: [LobbyCharacterController_C_0] 0
[2018.08.27-03.25.16:756][406]LogBlueprintUserMessages: [LobbyCharacterController_C_0] 0
[2018.08.27-03.25.16:771][407]LogBlueprintUserMessages: [LobbyCharacterController_C_0] 0
[2018.08.27-03.25.16:787][408]LogBlueprintUserMessages: [LobbyCharacterController_C_0] 0
[2018.08.27-03.25.16:803][409]LogBlueprintUserMessages: [LobbyCharacterController_C_0] 0
[2018.08.27-03.25.16:819][410]LogBlueprintUserMessages: [LobbyCharacterController_C_0] 0
[2018.08.27-03.25.16:835][411]LogBlueprintUserMessages: [LobbyCharacterController_C_0] 0
[2018.08.27-03.25.16:851][412]LogBlueprintUserMessages: [LobbyCharacterController_C_0] 0
[2018.08.27-03.25.16:868][413]LogBlueprintUserMessages: [LobbyCharacterController_C_0] 0
[2018.08.27-03.25.16:884][414]LogBlueprintUserMessages: [LobbyCharacterController_C_0] 0
[2018.08.27-03.25.16:899][415]LogBlueprintUserMessages: [LobbyCharacterController_C_0] 0
[2018.08.27-03.25.16:916][416]LogBlueprintUserMessages: [LobbyCharacterController_C_0] 0
[2018.08.27-03.25.16:932][417]LogBlueprintUserMessages: [LobbyCharacterController_C_0] 0
[2018.08.27-03.25.16:948][418]LogBlueprintUserMessages: [LobbyCharacterController_C_0] 0
[2018.08.27-03.25.16:964][419]LogBlueprintUserMessages: [LobbyCharacterController_C_0] 0
[2018.08.27-03.25.16:981][420]LogBlueprintUserMessages: [LobbyCharacterController_C_0] 0
[2018.08.27-03.25.16:997][421]LogBlueprintUserMessages: [LobbyCharacterController_C_0] 0
[2018.08.27-03.25.17:013][422]LogBlueprintUserMessages: [LobbyCharacterController_C_0] 0
[2018.08.27-03.25.17:029][423]LogBlueprintUserMessages: [LobbyCharacterController_C_0] 0
[2018.08.27-03.25.17:045][424]LogBlueprintUserMessages: [LobbyCharacterController_C_0] 0
[2018.08.27-03.25.17:062][425]LogBlueprintUserMessages: [LobbyCharacterController_C_0] 0
[2018.08.27-03.25.17:078][426]LogBlueprintUserMessages: [LobbyCharacterController_C_0] 0
[2018.08.27-03.25.17:094][427]LogBlueprintUserMessages: [LobbyCharacterController_C_0] 0
[2018.08.27-03.25.17:111][428]LogBlueprintUserMessages: [LobbyCharacterController_C_0] 0
[2018.08.27-03.25.17:126][429]LogBlueprintUserMessages: [LobbyCharacterController_C_0] 0
[2018.08.27-03.25.17:142][430]LogBlueprintUserMessages: [LobbyCharacterController_C_0] 0
[2018.08.27-03.25.17:158][431]LogBlueprintUserMessages: [LobbyCharacterController_C_0] 0
[2018.08.27-03.25.17:175][432]LogBlueprintUserMessages: [LobbyCharacterController_C_0] 0
[2018.08.27-03.25.17:190][433]LogBlueprintUserMessages: [LobbyCharacterController_C_0] 0
[2018.08.27-03.25.17:206][434]LogBlueprintUserMessages: [LobbyCharacterController_C_0] 0
[2018.08.27-03.25.17:224][435]LogBlueprintUserMessages: [LobbyCharacterController_C_0] 0
[2018.08.27-03.25.17:239][436]LogBlueprintUserMessages: [LobbyCharacterController_C_0] 0
[2018.08.27-03.25.17:256][437]LogBlueprintUserMessages: [LobbyCharacterController_C_0] 0
[2018.08.27-03.25.17:272][438]LogBlueprintUserMessages: [LobbyCharacterController_C_0] 0
[2018.08.27-03.25.17:288][439]LogBlueprintUserMessages: [LobbyCharacterController_C_0] 0
[2018.08.27-03.25.17:304][440]LogBlueprintUserMessages: [LobbyCharacterController_C_0] 0
[2018.08.27-03.25.17:320][441]LogBlueprintUserMessages: [LobbyCharacterController_C_0] 0
[2018.08.27-03.25.17:336][442]LogBlueprintUserMessages: [LobbyCharacterController_C_0] 0
[2018.08.27-03.25.17:352][443]LogBlueprintUserMessages: [LobbyCharacterController_C_0] 0
[2018.08.27-03.25.17:368][444]LogBlueprintUserMessages: [LobbyCharacterController_C_0] 0
[2018.08.27-03.25.17:385][445]LogSlate: FSceneViewport::OnFocusLost() reason 0
[2018.08.27-03.25.17:385][445]LogBlueprintUserMessages: [LobbyCharacterController_C_0] 0
[2018.08.27-03.25.17:400][446]LogBlueprintUserMessages: [LobbyCharacterController_C_0] 0
[2018.08.27-03.25.17:417][447]LogBlueprintUserMessages: [LobbyCharacterController_C_0] 0
[2018.08.27-03.25.17:433][448]LogBlueprintUserMessages: [LobbyCharacterController_C_0] 0
[2018.08.27-03.25.17:449][449]LogBlueprintUserMessages: [LobbyCharacterController_C_0] 0
[2018.08.27-03.25.17:465][450]LogScript: Warning: Accessed None trying to read property GameModeRef
	LobbyCharacterController_C /Game/GameStates/Lobby/LobbbyMap.LobbbyMap:PersistentLevel.LobbyCharacterController_C_0
	Function /Game/GameStates/SuperClasses/CharacterControllerSuperClass.CharacterControllerSuperClass_C:ExecuteUbergraph_CharacterControllerSuperClass:0442
[2018.08.27-03.25.17:466][450]LogScript: Warning: Script call stack:
	Function /Game/UI/Lobby/CharacterSelect.CharacterSelect_C:BndEvt__Button_Character1_K2Node_ComponentBoundEvent_0_OnButtonClickedEvent__DelegateSignature
	Function /Game/UI/Lobby/CharacterSelect.CharacterSelect_C:ExecuteUbergraph_CharacterSelect
	Function /Game/GameStates/SuperClasses/CharacterControllerSuperClass.CharacterControllerSuperClass_C:SetNewCharacterClass
	Function /Game/GameStates/SuperClasses/CharacterControllerSuperClass.CharacterControllerSuperClass_C:ExecuteUbergraph_CharacterControllerSuperClass

[2018.08.27-03.25.17:466][450]LogScript: Warning: Accessed None trying to read property CallFunc_GetOwningPlayerPawn_ReturnValue1
	CharacterSelect_C /Engine/Transient.GameEngine_0:GameInfoInstance_C_0.CharacterSelect_C_0
	Function /Game/UI/Lobby/CharacterSelect.CharacterSelect_C:ExecuteUbergraph_CharacterSelect:0234
[2018.08.27-03.25.17:466][450]LogScript: Warning: Script call stack:
	Function /Game/UI/Lobby/CharacterSelect.CharacterSelect_C:BndEvt__Button_Character1_K2Node_ComponentBoundEvent_0_OnButtonClickedEvent__DelegateSignature
	Function /Game/UI/Lobby/CharacterSelect.CharacterSelect_C:ExecuteUbergraph_CharacterSelect

[2018.08.27-03.25.17:466][450]LogScript: Warning: Accessed None trying to read property GameModeRef
	LobbyCharacterController_C /Game/GameStates/Lobby/LobbbyMap.LobbbyMap:PersistentLevel.LobbyCharacterController_C_0
	Function /Game/GameStates/SuperClasses/CharacterControllerSuperClass.CharacterControllerSuperClass_C:ExecuteUbergraph_CharacterControllerSuperClass:02FE
[2018.08.27-03.25.17:466][450]LogScript: Warning: Script call stack:
	Function /Game/UI/Lobby/CharacterSelect.CharacterSelect_C:BndEvt__Button_Character1_K2Node_ComponentBoundEvent_0_OnButtonClickedEvent__DelegateSignature
	Function /Game/UI/Lobby/CharacterSelect.CharacterSelect_C:ExecuteUbergraph_CharacterSelect
	Function /Game/GameStates/SuperClasses/CharacterControllerSuperClass.CharacterControllerSuperClass_C:RequestRespawn
	Function /Game/GameStates/SuperClasses/CharacterControllerSuperClass.CharacterControllerSuperClass_C:ExecuteUbergraph_CharacterControllerSuperClass

[2018.08.27-03.25.17:466][450]LogScript: Warning: Accessed None trying to read property GameModeRef
	LobbyCharacterController_C /Game/GameStates/Lobby/LobbbyMap.LobbbyMap:PersistentLevel.LobbyCharacterController_C_0
	Function /Game/GameStates/SuperClasses/CharacterControllerSuperClass.CharacterControllerSuperClass_C:ExecuteUbergraph_CharacterControllerSuperClass:036A
[2018.08.27-03.25.17:466][450]LogScript: Warning: Script call stack:
	Function /Game/UI/Lobby/CharacterSelect.CharacterSelect_C:BndEvt__Button_Character1_K2Node_ComponentBoundEvent_0_OnButtonClickedEvent__DelegateSignature
	Function /Game/UI/Lobby/CharacterSelect.CharacterSelect_C:ExecuteUbergraph_CharacterSelect
	Function /Game/GameStates/SuperClasses/CharacterControllerSuperClass.CharacterControllerSuperClass_C:RequestRespawn
	Function /Game/GameStates/SuperClasses/CharacterControllerSuperClass.CharacterControllerSuperClass_C:ExecuteUbergraph_CharacterControllerSuperClass

[2018.08.27-03.25.17:471][450]LogBlueprintUserMessages: [LobbyCharacterController_C_0] 0
[2018.08.27-03.25.17:482][451]LogBlueprintUserMessages: [LobbyCharacterController_C_0] 0
[2018.08.27-03.25.17:498][452]LogBlueprintUserMessages: [LobbyCharacterController_C_0] 0
[2018.08.27-03.25.17:514][453]LogBlueprintUserMessages: [LobbyCharacterController_C_0] 0
[2018.08.27-03.25.17:530][454]LogBlueprintUserMessages: [LobbyCharacterController_C_0] 0
[2018.08.27-03.25.17:546][455]LogBlueprintUserMessages: [LobbyCharacterController_C_0] 0
[2018.08.27-03.25.17:562][456]LogBlueprintUserMessages: [LobbyCharacterController_C_0] 0
[2018.08.27-03.25.17:578][457]LogBlueprintUserMessages: [LobbyCharacterController_C_0] 0
[2018.08.27-03.25.17:594][458]LogBlueprintUserMessages: [LobbyCharacterController_C_0] 0
[2018.08.27-03.25.17:610][459]LogBlueprintUserMessages: [LobbyCharacterController_C_0] 0
[2018.08.27-03.25.17:626][460]LogBlueprintUserMessages: [LobbyCharacterController_C_0] 0
[2018.08.27-03.25.17:643][461]LogBlueprintUserMessages: [LobbyCharacterController_C_0] 0
[2018.08.27-03.25.17:659][462]LogBlueprintUserMessages: [LobbyCharacterController_C_0] 0
[2018.08.27-03.25.17:675][463]LogBlueprintUserMessages: [LobbyCharacterController_C_0] 0
[2018.08.27-03.25.17:691][464]LogBlueprintUserMessages: [LobbyCharacterController_C_0] 0
[2018.08.27-03.25.17:708][465]LogBlueprintUserMessages: [LobbyCharacterController_C_0] 0
[2018.08.27-03.25.17:724][466]LogBlueprintUserMessages: [LobbyCharacterController_C_0] 0
[2018.08.27-03.25.17:740][467]LogBlueprintUserMessages: [LobbyCharacterController_C_0] 0
[2018.08.27-03.25.17:756][468]LogBlueprintUserMessages: [LobbyCharacterController_C_0] 0
[2018.08.27-03.25.17:773][469]LogBlueprintUserMessages: [LobbyCharacterController_C_0] 0
[2018.08.27-03.25.17:789][470]LogBlueprintUserMessages: [LobbyCharacterController_C_0] 0
[2018.08.27-03.25.17:805][471]LogBlueprintUserMessages: [LobbyCharacterController_C_0] 0
[2018.08.27-03.25.17:821][472]LogBlueprintUserMessages: [LobbyCharacterController_C_0] 0
[2018.08.27-03.25.17:837][473]LogBlueprintUserMessages: [LobbyCharacterController_C_0] 0
[2018.08.27-03.25.17:854][474]LogBlueprintUserMessages: [LobbyCharacterController_C_0] 0
[2018.08.27-03.25.17:870][475]LogBlueprintUserMessages: [LobbyCharacterController_C_0] 0
[2018.08.27-03.25.17:887][476]LogBlueprintUserMessages: [LobbyCharacterController_C_0] 0
[2018.08.27-03.25.17:902][477]LogBlueprintUserMessages: [LobbyCharacterController_C_0] 0
[2018.08.27-03.25.17:918][478]LogBlueprintUserMessages: [LobbyCharacterController_C_0] 0
[2018.08.27-03.25.17:935][479]LogBlueprintUserMessages: [LobbyCharacterController_C_0] 0
[2018.08.27-03.25.17:950][480]LogBlueprintUserMessages: [LobbyCharacterController_C_0] 0
[2018.08.27-03.25.17:967][481]LogBlueprintUserMessages: [LobbyCharacterController_C_0] 0
[2018.08.27-03.25.17:982][482]LogBlueprintUserMessages: [LobbyCharacterController_C_0] 0
[2018.08.27-03.25.17:999][483]LogBlueprintUserMessages: [LobbyCharacterController_C_0] 0
[2018.08.27-03.25.18:015][484]LogBlueprintUserMessages: [LobbyCharacterController_C_0] 0
[2018.08.27-03.25.18:031][485]LogBlueprintUserMessages: [LobbyCharacterController_C_0] 0
[2018.08.27-03.25.18:047][486]LogBlueprintUserMessages: [LobbyCharacterController_C_0] 0
[2018.08.27-03.25.18:064][487]LogBlueprintUserMessages: [LobbyCharacterController_C_0] 0
[2018.08.27-03.25.18:080][488]LogBlueprintUserMessages: [LobbyCharacterController_C_0] 0
[2018.08.27-03.25.18:096][489]LogBlueprintUserMessages: [LobbyCharacterController_C_0] 0
[2018.08.27-03.25.18:111][490]LogBlueprintUserMessages: [LobbyCharacterController_C_0] 0
[2018.08.27-03.25.18:128][491]LogBlueprintUserMessages: [LobbyCharacterController_C_0] 0
[2018.08.27-03.25.18:144][492]LogBlueprintUserMessages: [LobbyCharacterController_C_0] 0
[2018.08.27-03.25.18:160][493]LogBlueprintUserMessages: [LobbyCharacterController_C_0] 0
[2018.08.27-03.25.18:176][494]LogBlueprintUserMessages: [LobbyCharacterController_C_0] 0
[2018.08.27-03.25.18:192][495]LogBlueprintUserMessages: [LobbyCharacterController_C_0] 0
[2018.08.27-03.25.18:209][496]LogBlueprintUserMessages: [LobbyCharacterController_C_0] 0
[2018.08.27-03.25.18:226][497]LogBlueprintUserMessages: [LobbyCharacterController_C_0] 0
[2018.08.27-03.25.18:241][498]LogBlueprintUserMessages: [LobbyCharacterController_C_0] 0
[2018.08.27-03.25.18:257][499]LogBlueprintUserMessages: [LobbyCharacterController_C_0] 0
[2018.08.27-03.25.18:274][500]LogBlueprintUserMessages: [LobbyCharacterController_C_0] 0
[2018.08.27-03.25.18:291][501]LogBlueprintUserMessages: [LobbyCharacterController_C_0] 0
[2018.08.27-03.25.18:306][502]LogBlueprintUserMessages: [LobbyCharacterController_C_0] 0
[2018.08.27-03.25.18:323][503]LogBlueprintUserMessages: [LobbyCharacterController_C_0] 0
[2018.08.27-03.25.18:339][504]LogBlueprintUserMessages: [LobbyCharacterController_C_0] 0
[2018.08.27-03.25.18:356][505]LogBlueprintUserMessages: [LobbyCharacterController_C_0] 0
[2018.08.27-03.25.18:371][506]LogBlueprintUserMessages: [LobbyCharacterController_C_0] 0
[2018.08.27-03.25.18:387][507]LogBlueprintUserMessages: [LobbyCharacterController_C_0] 0
[2018.08.27-03.25.18:403][508]LogBlueprintUserMessages: [LobbyCharacterController_C_0] 0
[2018.08.27-03.25.18:420][509]LogBlueprintUserMessages: [LobbyCharacterController_C_0] 0
[2018.08.27-03.25.18:437][510]LogBlueprintUserMessages: [LobbyCharacterController_C_0] 0
[2018.08.27-03.25.18:452][511]LogBlueprintUserMessages: [LobbyCharacterController_C_0] 0
[2018.08.27-03.25.18:468][512]LogBlueprintUserMessages: [LobbyCharacterController_C_0] 0
[2018.08.27-03.25.18:485][513]LogBlueprintUserMessages: [LobbyCharacterController_C_0] 0
[2018.08.27-03.25.18:501][514]LogBlueprintUserMessages: [LobbyCharacterController_C_0] 0
[2018.08.27-03.25.18:517][515]LogBlueprintUserMessages: [LobbyCharacterController_C_0] 0
[2018.08.27-03.25.18:533][516]LogBlueprintUserMessages: [LobbyCharacterController_C_0] 0
[2018.08.27-03.25.18:549][517]LogBlueprintUserMessages: [LobbyCharacterController_C_0] 0
[2018.08.27-03.25.18:565][518]LogBlueprintUserMessages: [LobbyCharacterController_C_0] 0
[2018.08.27-03.25.18:581][519]LogBlueprintUserMessages: [LobbyCharacterController_C_0] 0
[2018.08.27-03.25.18:597][520]LogBlueprintUserMessages: [LobbyCharacterController_C_0] 0
[2018.08.27-03.25.18:613][521]LogBlueprintUserMessages: [LobbyCharacterController_C_0] 0
[2018.08.27-03.25.18:629][522]LogBlueprintUserMessages: [LobbyCharacterController_C_0] 0
[2018.08.27-03.25.18:645][523]LogBlueprintUserMessages: [LobbyCharacterController_C_0] 0
[2018.08.27-03.25.18:661][524]LogBlueprintUserMessages: [LobbyCharacterController_C_0] 0
[2018.08.27-03.25.18:677][525]LogBlueprintUserMessages: [LobbyCharacterController_C_0] 0
[2018.08.27-03.25.18:693][526]LogBlueprintUserMessages: [LobbyCharacterController_C_0] 0
[2018.08.27-03.25.18:710][527]LogBlueprintUserMessages: [LobbyCharacterController_C_0] 0
[2018.08.27-03.25.18:725][528]LogBlueprintUserMessages: [LobbyCharacterController_C_0] 0
[2018.08.27-03.25.18:741][529]LogScript: Warning: Accessed None trying to read property GameModeRef
	LobbyCharacterController_C /Game/GameStates/Lobby/LobbbyMap.LobbbyMap:PersistentLevel.LobbyCharacterController_C_0
	Function /Game/GameStates/SuperClasses/CharacterControllerSuperClass.CharacterControllerSuperClass_C:ExecuteUbergraph_CharacterControllerSuperClass:0442
[2018.08.27-03.25.18:742][529]LogScript: Warning: Script call stack:
	Function /Game/UI/Lobby/CharacterSelect.CharacterSelect_C:BndEvt__Button_Character2_K2Node_ComponentBoundEvent_1_OnButtonClickedEvent__DelegateSignature
	Function /Game/UI/Lobby/CharacterSelect.CharacterSelect_C:ExecuteUbergraph_CharacterSelect
	Function /Game/GameStates/SuperClasses/CharacterControllerSuperClass.CharacterControllerSuperClass_C:SetNewCharacterClass
	Function /Game/GameStates/SuperClasses/CharacterControllerSuperClass.CharacterControllerSuperClass_C:ExecuteUbergraph_CharacterControllerSuperClass

[2018.08.27-03.25.18:742][529]LogScript: Warning: Accessed None trying to read property GameModeRef
	LobbyCharacterController_C /Game/GameStates/Lobby/LobbbyMap.LobbbyMap:PersistentLevel.LobbyCharacterController_C_0
	Function /Game/GameStates/SuperClasses/CharacterControllerSuperClass.CharacterControllerSuperClass_C:ExecuteUbergraph_CharacterControllerSuperClass:02FE
[2018.08.27-03.25.18:742][529]LogScript: Warning: Script call stack:
	Function /Game/UI/Lobby/CharacterSelect.CharacterSelect_C:BndEvt__Button_Character2_K2Node_ComponentBoundEvent_1_OnButtonClickedEvent__DelegateSignature
	Function /Game/UI/Lobby/CharacterSelect.CharacterSelect_C:ExecuteUbergraph_CharacterSelect
	Function /Game/GameStates/SuperClasses/CharacterControllerSuperClass.CharacterControllerSuperClass_C:RequestRespawn
	Function /Game/GameStates/SuperClasses/CharacterControllerSuperClass.CharacterControllerSuperClass_C:ExecuteUbergraph_CharacterControllerSuperClass

[2018.08.27-03.25.18:742][529]LogScript: Warning: Accessed None trying to read property GameModeRef
	LobbyCharacterController_C /Game/GameStates/Lobby/LobbbyMap.LobbbyMap:PersistentLevel.LobbyCharacterController_C_0
	Function /Game/GameStates/SuperClasses/CharacterControllerSuperClass.CharacterControllerSuperClass_C:ExecuteUbergraph_CharacterControllerSuperClass:036A
[2018.08.27-03.25.18:742][529]LogScript: Warning: Script call stack:
	Function /Game/UI/Lobby/CharacterSelect.CharacterSelect_C:BndEvt__Button_Character2_K2Node_ComponentBoundEvent_1_OnButtonClickedEvent__DelegateSignature
	Function /Game/UI/Lobby/CharacterSelect.CharacterSelect_C:ExecuteUbergraph_CharacterSelect
	Function /Game/GameStates/SuperClasses/CharacterControllerSuperClass.CharacterControllerSuperClass_C:RequestRespawn
	Function /Game/GameStates/SuperClasses/CharacterControllerSuperClass.CharacterControllerSuperClass_C:ExecuteUbergraph_CharacterControllerSuperClass

[2018.08.27-03.25.18:747][529]LogBlueprintUserMessages: [LobbyCharacterController_C_0] 0
[2018.08.27-03.25.18:758][530]LogBlueprintUserMessages: [LobbyCharacterController_C_0] 0
[2018.08.27-03.25.18:775][531]LogBlueprintUserMessages: [LobbyCharacterController_C_0] 0
[2018.08.27-03.25.18:791][532]LogBlueprintUserMessages: [LobbyCharacterController_C_0] 0
[2018.08.27-03.25.18:807][533]LogBlueprintUserMessages: [LobbyCharacterController_C_0] 0
[2018.08.27-03.25.18:822][534]LogBlueprintUserMessages: [LobbyCharacterController_C_0] 0
[2018.08.27-03.25.18:839][535]LogBlueprintUserMessages: [LobbyCharacterController_C_0] 0
[2018.08.27-03.25.18:855][536]LogBlueprintUserMessages: [LobbyCharacterController_C_0] 0
[2018.08.27-03.25.18:871][537]LogBlueprintUserMessages: [LobbyCharacterController_C_0] 0
[2018.08.27-03.25.18:887][538]LogBlueprintUserMessages: [LobbyCharacterController_C_0] 0
[2018.08.27-03.25.18:903][539]LogBlueprintUserMessages: [LobbyCharacterController_C_0] 0
[2018.08.27-03.25.18:919][540]LogScript: Warning: Accessed None trying to read property GameModeRef
	LobbyCharacterController_C /Game/GameStates/Lobby/LobbbyMap.LobbbyMap:PersistentLevel.LobbyCharacterController_C_0
	Function /Game/GameStates/SuperClasses/CharacterControllerSuperClass.CharacterControllerSuperClass_C:ExecuteUbergraph_CharacterControllerSuperClass:0442
[2018.08.27-03.25.18:919][540]LogScript: Warning: Script call stack:
	Function /Game/UI/Lobby/CharacterSelect.CharacterSelect_C:BndEvt__Button_Character2_K2Node_ComponentBoundEvent_1_OnButtonClickedEvent__DelegateSignature
	Function /Game/UI/Lobby/CharacterSelect.CharacterSelect_C:ExecuteUbergraph_CharacterSelect
	Function /Game/GameStates/SuperClasses/CharacterControllerSuperClass.CharacterControllerSuperClass_C:SetNewCharacterClass
	Function /Game/GameStates/SuperClasses/CharacterControllerSuperClass.CharacterControllerSuperClass_C:ExecuteUbergraph_CharacterControllerSuperClass

[2018.08.27-03.25.18:919][540]LogScript: Warning: Accessed None trying to read property GameModeRef
	LobbyCharacterController_C /Game/GameStates/Lobby/LobbbyMap.LobbbyMap:PersistentLevel.LobbyCharacterController_C_0
	Function /Game/GameStates/SuperClasses/CharacterControllerSuperClass.CharacterControllerSuperClass_C:ExecuteUbergraph_CharacterControllerSuperClass:02FE
[2018.08.27-03.25.18:919][540]LogScript: Warning: Script call stack:
	Function /Game/UI/Lobby/CharacterSelect.CharacterSelect_C:BndEvt__Button_Character2_K2Node_ComponentBoundEvent_1_OnButtonClickedEvent__DelegateSignature
	Function /Game/UI/Lobby/CharacterSelect.CharacterSelect_C:ExecuteUbergraph_CharacterSelect
	Function /Game/GameStates/SuperClasses/CharacterControllerSuperClass.CharacterControllerSuperClass_C:RequestRespawn
	Function /Game/GameStates/SuperClasses/CharacterControllerSuperClass.CharacterControllerSuperClass_C:ExecuteUbergraph_CharacterControllerSuperClass

[2018.08.27-03.25.18:919][540]LogScript: Warning: Accessed None trying to read property GameModeRef
	LobbyCharacterController_C /Game/GameStates/Lobby/LobbbyMap.LobbbyMap:PersistentLevel.LobbyCharacterController_C_0
	Function /Game/GameStates/SuperClasses/CharacterControllerSuperClass.CharacterControllerSuperClass_C:ExecuteUbergraph_CharacterControllerSuperClass:036A
[2018.08.27-03.25.18:919][540]LogScript: Warning: Script call stack:
	Function /Game/UI/Lobby/CharacterSelect.CharacterSelect_C:BndEvt__Button_Character2_K2Node_ComponentBoundEvent_1_OnButtonClickedEvent__DelegateSignature
	Function /Game/UI/Lobby/CharacterSelect.CharacterSelect_C:ExecuteUbergraph_CharacterSelect
	Function /Game/GameStates/SuperClasses/CharacterControllerSuperClass.CharacterControllerSuperClass_C:RequestRespawn
	Function /Game/GameStates/SuperClasses/CharacterControllerSuperClass.CharacterControllerSuperClass_C:ExecuteUbergraph_CharacterControllerSuperClass

[2018.08.27-03.25.18:923][540]LogBlueprintUserMessages: [LobbyCharacterController_C_0] 0
[2018.08.27-03.25.18:936][541]LogBlueprintUserMessages: [LobbyCharacterController_C_0] 0
[2018.08.27-03.25.18:952][542]LogBlueprintUserMessages: [LobbyCharacterController_C_0] 0
[2018.08.27-03.25.18:968][543]LogBlueprintUserMessages: [LobbyCharacterController_C_0] 0
[2018.08.27-03.25.18:985][544]LogBlueprintUserMessages: [LobbyCharacterController_C_0] 0
[2018.08.27-03.25.19:000][545]LogBlueprintUserMessages: [LobbyCharacterController_C_0] 0
[2018.08.27-03.25.19:016][546]LogBlueprintUserMessages: [LobbyCharacterController_C_0] 0
[2018.08.27-03.25.19:032][547]LogBlueprintUserMessages: [LobbyCharacterController_C_0] 0
[2018.08.27-03.25.19:048][548]LogBlueprintUserMessages: [LobbyCharacterController_C_0] 0
[2018.08.27-03.25.19:064][549]LogScript: Warning: Accessed None trying to read property GameModeRef
	LobbyCharacterController_C /Game/GameStates/Lobby/LobbbyMap.LobbbyMap:PersistentLevel.LobbyCharacterController_C_0
	Function /Game/GameStates/SuperClasses/CharacterControllerSuperClass.CharacterControllerSuperClass_C:ExecuteUbergraph_CharacterControllerSuperClass:0442
[2018.08.27-03.25.19:064][549]LogScript: Warning: Script call stack:
	Function /Game/UI/Lobby/CharacterSelect.CharacterSelect_C:BndEvt__Button_Character2_K2Node_ComponentBoundEvent_1_OnButtonClickedEvent__DelegateSignature
	Function /Game/UI/Lobby/CharacterSelect.CharacterSelect_C:ExecuteUbergraph_CharacterSelect
	Function /Game/GameStates/SuperClasses/CharacterControllerSuperClass.CharacterControllerSuperClass_C:SetNewCharacterClass
	Function /Game/GameStates/SuperClasses/CharacterControllerSuperClass.CharacterControllerSuperClass_C:ExecuteUbergraph_CharacterControllerSuperClass

[2018.08.27-03.25.19:064][549]LogScript: Warning: Accessed None trying to read property GameModeRef
	LobbyCharacterController_C /Game/GameStates/Lobby/LobbbyMap.LobbbyMap:PersistentLevel.LobbyCharacterController_C_0
	Function /Game/GameStates/SuperClasses/CharacterControllerSuperClass.CharacterControllerSuperClass_C:ExecuteUbergraph_CharacterControllerSuperClass:02FE
[2018.08.27-03.25.19:064][549]LogScript: Warning: Script call stack:
	Function /Game/UI/Lobby/CharacterSelect.CharacterSelect_C:BndEvt__Button_Character2_K2Node_ComponentBoundEvent_1_OnButtonClickedEvent__DelegateSignature
	Function /Game/UI/Lobby/CharacterSelect.CharacterSelect_C:ExecuteUbergraph_CharacterSelect
	Function /Game/GameStates/SuperClasses/CharacterControllerSuperClass.CharacterControllerSuperClass_C:RequestRespawn
	Function /Game/GameStates/SuperClasses/CharacterControllerSuperClass.CharacterControllerSuperClass_C:ExecuteUbergraph_CharacterControllerSuperClass

[2018.08.27-03.25.19:065][549]LogScript: Warning: Accessed None trying to read property GameModeRef
	LobbyCharacterController_C /Game/GameStates/Lobby/LobbbyMap.LobbbyMap:PersistentLevel.LobbyCharacterController_C_0
	Function /Game/GameStates/SuperClasses/CharacterControllerSuperClass.CharacterControllerSuperClass_C:ExecuteUbergraph_CharacterControllerSuperClass:036A
[2018.08.27-03.25.19:065][549]LogScript: Warning: Script call stack:
	Function /Game/UI/Lobby/CharacterSelect.CharacterSelect_C:BndEvt__Button_Character2_K2Node_ComponentBoundEvent_1_OnButtonClickedEvent__DelegateSignature
	Function /Game/UI/Lobby/CharacterSelect.CharacterSelect_C:ExecuteUbergraph_CharacterSelect
	Function /Game/GameStates/SuperClasses/CharacterControllerSuperClass.CharacterControllerSuperClass_C:RequestRespawn
	Function /Game/GameStates/SuperClasses/CharacterControllerSuperClass.CharacterControllerSuperClass_C:ExecuteUbergraph_CharacterControllerSuperClass

[2018.08.27-03.25.19:068][549]LogBlueprintUserMessages: [LobbyCharacterController_C_0] 0
[2018.08.27-03.25.19:081][550]LogBlueprintUserMessages: [LobbyCharacterController_C_0] 0
[2018.08.27-03.25.19:097][551]LogBlueprintUserMessages: [LobbyCharacterController_C_0] 0
[2018.08.27-03.25.19:113][552]LogBlueprintUserMessages: [LobbyCharacterController_C_0] 0
[2018.08.27-03.25.19:129][553]LogBlueprintUserMessages: [LobbyCharacterController_C_0] 0
[2018.08.27-03.25.19:145][554]LogBlueprintUserMessages: [LobbyCharacterController_C_0] 0
[2018.08.27-03.25.19:161][555]LogBlueprintUserMessages: [LobbyCharacterController_C_0] 0
[2018.08.27-03.25.19:178][556]LogBlueprintUserMessages: [LobbyCharacterController_C_0] 0
[2018.08.27-03.25.19:194][557]LogBlueprintUserMessages: [LobbyCharacterController_C_0] 0
[2018.08.27-03.25.19:210][558]LogBlueprintUserMessages: [LobbyCharacterController_C_0] 0
[2018.08.27-03.25.19:226][559]LogBlueprintUserMessages: [LobbyCharacterController_C_0] 0
[2018.08.27-03.25.19:242][560]LogScript: Warning: Accessed None trying to read property GameModeRef
	LobbyCharacterController_C /Game/GameStates/Lobby/LobbbyMap.LobbbyMap:PersistentLevel.LobbyCharacterController_C_0
	Function /Game/GameStates/SuperClasses/CharacterControllerSuperClass.CharacterControllerSuperClass_C:ExecuteUbergraph_CharacterControllerSuperClass:0442
[2018.08.27-03.25.19:242][560]LogScript: Warning: Script call stack:
	Function /Game/UI/Lobby/CharacterSelect.CharacterSelect_C:BndEvt__Button_Character2_K2Node_ComponentBoundEvent_1_OnButtonClickedEvent__DelegateSignature
	Function /Game/UI/Lobby/CharacterSelect.CharacterSelect_C:ExecuteUbergraph_CharacterSelect
	Function /Game/GameStates/SuperClasses/CharacterControllerSuperClass.CharacterControllerSuperClass_C:SetNewCharacterClass
	Function /Game/GameStates/SuperClasses/CharacterControllerSuperClass.CharacterControllerSuperClass_C:ExecuteUbergraph_CharacterControllerSuperClass

[2018.08.27-03.25.19:242][560]LogScript: Warning: Accessed None trying to read property GameModeRef
	LobbyCharacterController_C /Game/GameStates/Lobby/LobbbyMap.LobbbyMap:PersistentLevel.LobbyCharacterController_C_0
	Function /Game/GameStates/SuperClasses/CharacterControllerSuperClass.CharacterControllerSuperClass_C:ExecuteUbergraph_CharacterControllerSuperClass:02FE
[2018.08.27-03.25.19:242][560]LogScript: Warning: Script call stack:
	Function /Game/UI/Lobby/CharacterSelect.CharacterSelect_C:BndEvt__Button_Character2_K2Node_ComponentBoundEvent_1_OnButtonClickedEvent__DelegateSignature
	Function /Game/UI/Lobby/CharacterSelect.CharacterSelect_C:ExecuteUbergraph_CharacterSelect
	Function /Game/GameStates/SuperClasses/CharacterControllerSuperClass.CharacterControllerSuperClass_C:RequestRespawn
	Function /Game/GameStates/SuperClasses/CharacterControllerSuperClass.CharacterControllerSuperClass_C:ExecuteUbergraph_CharacterControllerSuperClass

[2018.08.27-03.25.19:242][560]LogScript: Warning: Accessed None trying to read property GameModeRef
	LobbyCharacterController_C /Game/GameStates/Lobby/LobbbyMap.LobbbyMap:PersistentLevel.LobbyCharacterController_C_0
	Function /Game/GameStates/SuperClasses/CharacterControllerSuperClass.CharacterControllerSuperClass_C:ExecuteUbergraph_CharacterControllerSuperClass:036A
[2018.08.27-03.25.19:242][560]LogScript: Warning: Script call stack:
	Function /Game/UI/Lobby/CharacterSelect.CharacterSelect_C:BndEvt__Button_Character2_K2Node_ComponentBoundEvent_1_OnButtonClickedEvent__DelegateSignature
	Function /Game/UI/Lobby/CharacterSelect.CharacterSelect_C:ExecuteUbergraph_CharacterSelect
	Function /Game/GameStates/SuperClasses/CharacterControllerSuperClass.CharacterControllerSuperClass_C:RequestRespawn
	Function /Game/GameStates/SuperClasses/CharacterControllerSuperClass.CharacterControllerSuperClass_C:ExecuteUbergraph_CharacterControllerSuperClass

[2018.08.27-03.25.19:247][560]LogBlueprintUserMessages: [LobbyCharacterController_C_0] 0
[2018.08.27-03.25.19:258][561]LogBlueprintUserMessages: [LobbyCharacterController_C_0] 0
[2018.08.27-03.25.19:275][562]LogBlueprintUserMessages: [LobbyCharacterController_C_0] 0
[2018.08.27-03.25.19:291][563]LogBlueprintUserMessages: [LobbyCharacterController_C_0] 0
[2018.08.27-03.25.19:307][564]LogBlueprintUserMessages: [LobbyCharacterController_C_0] 0
[2018.08.27-03.25.19:324][565]LogBlueprintUserMessages: [LobbyCharacterController_C_0] 0
[2018.08.27-03.25.19:340][566]LogBlueprintUserMessages: [LobbyCharacterController_C_0] 0
[2018.08.27-03.25.19:356][567]LogBlueprintUserMessages: [LobbyCharacterController_C_0] 0
[2018.08.27-03.25.19:372][568]LogBlueprintUserMessages: [LobbyCharacterController_C_0] 0
[2018.08.27-03.25.19:388][569]LogBlueprintUserMessages: [LobbyCharacterController_C_0] 0
[2018.08.27-03.25.19:405][570]LogBlueprintUserMessages: [LobbyCharacterController_C_0] 0
[2018.08.27-03.25.19:420][571]LogBlueprintUserMessages: [LobbyCharacterController_C_0] 0
[2018.08.27-03.25.19:437][572]LogBlueprintUserMessages: [LobbyCharacterController_C_0] 0
[2018.08.27-03.25.19:453][573]LogBlueprintUserMessages: [LobbyCharacterController_C_0] 0
[2018.08.27-03.25.19:469][574]LogBlueprintUserMessages: [LobbyCharacterController_C_0] 0
[2018.08.27-03.25.19:485][575]LogBlueprintUserMessages: [LobbyCharacterController_C_0] 0
[2018.08.27-03.25.19:501][576]LogBlueprintUserMessages: [LobbyCharacterController_C_0] 0
[2018.08.27-03.25.19:517][577]LogBlueprintUserMessages: [LobbyCharacterController_C_0] 0
[2018.08.27-03.25.19:533][578]LogBlueprintUserMessages: [LobbyCharacterController_C_0] 0
[2018.08.27-03.25.19:549][579]LogBlueprintUserMessages: [LobbyCharacterController_C_0] 0
[2018.08.27-03.25.19:565][580]LogBlueprintUserMessages: [LobbyCharacterController_C_0] 0
[2018.08.27-03.25.19:581][581]LogBlueprintUserMessages: [LobbyCharacterController_C_0] 0
[2018.08.27-03.25.19:597][582]LogBlueprintUserMessages: [LobbyCharacterController_C_0] 0
[2018.08.27-03.25.19:614][583]LogBlueprintUserMessages: [LobbyCharacterController_C_0] 0
[2018.08.27-03.25.19:630][584]LogBlueprintUserMessages: [LobbyCharacterController_C_0] 0
[2018.08.27-03.25.19:646][585]LogBlueprintUserMessages: [LobbyCharacterController_C_0] 0
[2018.08.27-03.25.19:662][586]LogBlueprintUserMessages: [LobbyCharacterController_C_0] 0
[2018.08.27-03.25.19:678][587]LogBlueprintUserMessages: [LobbyCharacterController_C_0] 0
[2018.08.27-03.25.19:695][588]LogBlueprintUserMessages: [LobbyCharacterController_C_0] 0
[2018.08.27-03.25.19:710][589]LogBlueprintUserMessages: [LobbyCharacterController_C_0] 0
[2018.08.27-03.25.19:727][590]LogBlueprintUserMessages: [LobbyCharacterController_C_0] 0
[2018.08.27-03.25.19:743][591]LogBlueprintUserMessages: [LobbyCharacterController_C_0] 0
[2018.08.27-03.25.19:759][592]LogBlueprintUserMessages: [LobbyCharacterController_C_0] 0
[2018.08.27-03.25.19:775][593]LogBlueprintUserMessages: [LobbyCharacterController_C_0] 0
[2018.08.27-03.25.19:792][594]LogBlueprintUserMessages: [LobbyCharacterController_C_0] 0
[2018.08.27-03.25.19:807][595]LogBlueprintUserMessages: [LobbyCharacterController_C_0] 0
[2018.08.27-03.25.19:824][596]LogBlueprintUserMessages: [LobbyCharacterController_C_0] 0
[2018.08.27-03.25.19:839][597]LogBlueprintUserMessages: [LobbyCharacterController_C_0] 0
[2018.08.27-03.25.19:856][598]LogBlueprintUserMessages: [LobbyCharacterController_C_0] 0
[2018.08.27-03.25.19:873][599]LogBlueprintUserMessages: [LobbyCharacterController_C_0] 0
[2018.08.27-03.25.19:889][600]LogBlueprintUserMessages: [LobbyCharacterController_C_0] 0
[2018.08.27-03.25.19:905][601]LogBlueprintUserMessages: [LobbyCharacterController_C_0] 0
[2018.08.27-03.25.19:921][602]LogBlueprintUserMessages: [LobbyCharacterController_C_0] 0
[2018.08.27-03.25.19:937][603]LogBlueprintUserMessages: [LobbyCharacterController_C_0] 0
[2018.08.27-03.25.19:954][604]LogBlueprintUserMessages: [LobbyCharacterController_C_0] 0
[2018.08.27-03.25.19:969][605]LogBlueprintUserMessages: [LobbyCharacterController_C_0] 0
[2018.08.27-03.25.19:985][606]LogBlueprintUserMessages: [LobbyCharacterController_C_0] 0
[2018.08.27-03.25.20:001][607]LogBlueprintUserMessages: [LobbyCharacterController_C_0] 0
[2018.08.27-03.25.20:018][608]LogBlueprintUserMessages: [LobbyCharacterController_C_0] 0
[2018.08.27-03.25.20:035][609]LogBlueprintUserMessages: [LobbyCharacterController_C_0] 0
[2018.08.27-03.25.20:050][610]LogBlueprintUserMessages: [LobbyCharacterController_C_0] 0
[2018.08.27-03.25.20:066][611]LogBlueprintUserMessages: [LobbyCharacterController_C_0] 0
[2018.08.27-03.25.20:082][612]LogBlueprintUserMessages: [LobbyCharacterController_C_0] 0
[2018.08.27-03.25.20:097][613]LogBlueprintUserMessages: [LobbyCharacterController_C_0] 0
[2018.08.27-03.25.20:114][614]LogBlueprintUserMessages: [LobbyCharacterController_C_0] 0
[2018.08.27-03.25.20:131][615]LogBlueprintUserMessages: [LobbyCharacterController_C_0] 0
[2018.08.27-03.25.20:147][616]LogBlueprintUserMessages: [LobbyCharacterController_C_0] 0
[2018.08.27-03.25.20:163][617]LogBlueprintUserMessages: [LobbyCharacterController_C_0] 0
[2018.08.27-03.25.20:179][618]LogBlueprintUserMessages: [LobbyCharacterController_C_0] 0
[2018.08.27-03.25.20:195][619]LogBlueprintUserMessages: [LobbyCharacterController_C_0] 0
[2018.08.27-03.25.20:211][620]LogBlueprintUserMessages: [LobbyCharacterController_C_0] 0
[2018.08.27-03.25.20:227][621]LogBlueprintUserMessages: [LobbyCharacterController_C_0] 0
[2018.08.27-03.25.20:245][622]LogBlueprintUserMessages: [LobbyCharacterController_C_0] 0
[2018.08.27-03.25.20:260][623]LogBlueprintUserMessages: [LobbyCharacterController_C_0] 0
[2018.08.27-03.25.20:276][624]LogBlueprintUserMessages: [LobbyCharacterController_C_0] 0
[2018.08.27-03.25.20:292][625]LogBlueprintUserMessages: [LobbyCharacterController_C_0] 0
[2018.08.27-03.25.20:308][626]LogBlueprintUserMessages: [LobbyCharacterController_C_0] 0
[2018.08.27-03.25.20:325][627]LogBlueprintUserMessages: [LobbyCharacterController_C_0] 0
[2018.08.27-03.25.20:341][628]LogBlueprintUserMessages: [LobbyCharacterController_C_0] 0
[2018.08.27-03.25.20:357][629]LogBlueprintUserMessages: [LobbyCharacterController_C_0] 0
[2018.08.27-03.25.20:373][630]LogBlueprintUserMessages: [LobbyCharacterController_C_0] 0
[2018.08.27-03.25.20:389][631]LogBlueprintUserMessages: [LobbyCharacterController_C_0] 0
[2018.08.27-03.25.20:405][632]LogBlueprintUserMessages: [LobbyCharacterController_C_0] 0
[2018.08.27-03.25.20:424][633]LogBlueprintUserMessages: [LobbyCharacterController_C_0] 0
[2018.08.27-03.25.20:439][634]LogBlueprintUserMessages: [LobbyCharacterController_C_0] 0
[2018.08.27-03.25.20:455][635]LogBlueprintUserMessages: [LobbyCharacterController_C_0] 0
[2018.08.27-03.25.20:471][636]LogBlueprintUserMessages: [LobbyCharacterController_C_0] 0
[2018.08.27-03.25.20:487][637]LogBlueprintUserMessages: [LobbyCharacterController_C_0] 0
[2018.08.27-03.25.20:503][638]LogBlueprintUserMessages: [LobbyCharacterController_C_0] 0
[2018.08.27-03.25.20:519][639]LogBlueprintUserMessages: [LobbyCharacterController_C_0] 0
[2018.08.27-03.25.20:535][640]LogBlueprintUserMessages: [LobbyCharacterController_C_0] 0
[2018.08.27-03.25.20:551][641]LogBlueprintUserMessages: [LobbyCharacterController_C_0] 0
[2018.08.27-03.25.20:567][642]LogBlueprintUserMessages: [LobbyCharacterController_C_0] 0
[2018.08.27-03.25.20:584][643]LogBlueprintUserMessages: [LobbyCharacterController_C_0] 0
[2018.08.27-03.25.20:600][644]LogBlueprintUserMessages: [LobbyCharacterController_C_0] 0
[2018.08.27-03.25.20:616][645]LogBlueprintUserMessages: [LobbyCharacterController_C_0] 0
[2018.08.27-03.25.20:632][646]LogBlueprintUserMessages: [LobbyCharacterController_C_0] 0
[2018.08.27-03.25.20:648][647]LogBlueprintUserMessages: [LobbyCharacterController_C_0] 0
[2018.08.27-03.25.20:664][648]LogBlueprintUserMessages: [LobbyCharacterController_C_0] 0
[2018.08.27-03.25.20:680][649]LogBlueprintUserMessages: [LobbyCharacterController_C_0] 0
[2018.08.27-03.25.20:696][650]LogBlueprintUserMessages: [LobbyCharacterController_C_0] 0
[2018.08.27-03.25.20:712][651]LogBlueprintUserMessages: [LobbyCharacterController_C_0] 0
[2018.08.27-03.25.20:728][652]LogBlueprintUserMessages: [LobbyCharacterController_C_0] 0
[2018.08.27-03.25.20:745][653]LogBlueprintUserMessages: [LobbyCharacterController_C_0] 0
[2018.08.27-03.25.20:761][654]LogBlueprintUserMessages: [LobbyCharacterController_C_0] 0
[2018.08.27-03.25.20:778][655]LogBlueprintUserMessages: [LobbyCharacterController_C_0] 0
[2018.08.27-03.25.20:794][656]LogBlueprintUserMessages: [LobbyCharacterController_C_0] 0
[2018.08.27-03.25.20:809][657]LogBlueprintUserMessages: [LobbyCharacterController_C_0] 0
[2018.08.27-03.25.20:825][658]LogBlueprintUserMessages: [LobbyCharacterController_C_0] 0
[2018.08.27-03.25.20:842][659]LogBlueprintUserMessages: [LobbyCharacterController_C_0] 0
[2018.08.27-03.25.20:858][660]LogBlueprintUserMessages: [LobbyCharacterController_C_0] 0
[2018.08.27-03.25.20:874][661]LogBlueprintUserMessages: [LobbyCharacterController_C_0] 0
[2018.08.27-03.25.20:889][662]LogBlueprintUserMessages: [LobbyCharacterController_C_0] 0
[2018.08.27-03.25.20:906][663]LogBlueprintUserMessages: [LobbyCharacterController_C_0] 0
[2018.08.27-03.25.20:922][664]LogBlueprintUserMessages: [LobbyCharacterController_C_0] 0
[2018.08.27-03.25.21:085][665]LogSlate: Window 'OurProject (64-bit Development PCD3D_SM5) ' being destroyed
[2018.08.27-03.25.21:087][665]LogWindowsTextInputMethodSystem: Display: IME system now deactivated.
[2018.08.27-03.25.21:093][665]LogWindowsTextInputMethodSystem: Display: IME system now deactivated.
[2018.08.27-03.25.21:098][665]LogSlate: Updating window title bar state: overlay mode, drag disabled, window buttons hidden, title bar hidden
[2018.08.27-03.25.21:098][665]LogEngine: All Windows Closed
[2018.08.27-03.25.21:098][665]LogWindows: FPlatformMisc::RequestExit(0)
[2018.08.27-03.25.21:115][666]LogNet: World NetDriver shutdown SteamNetDriver_0 [GameNetDriver]
[2018.08.27-03.25.21:115][666]LogNet: DestroyNamedNetDriver SteamNetDriver_0 [GameNetDriver]
[2018.08.27-03.25.21:115][666]LogExit: GameNetDriver SteamNetDriver_0 shut down
[2018.08.27-03.25.22:086][666]LogExit: Preparing to exit.
[2018.08.27-03.25.22:087][666]LogMoviePlayer: Shutting down movie player
[2018.08.27-03.25.22:290][666]LogSlate: Updating window title bar state: overlay mode, drag disabled, window buttons hidden, title bar hidden
[2018.08.27-03.25.22:308][666]LogExit: Game engine shut down
[2018.08.27-03.25.22:606][666]LogExit: Object subsystem successfully closed.
[2018.08.27-03.25.22:634][666]LogShaderCompilers: Display: Shaders left to compile 0
[2018.08.27-03.25.22:641][666]LogD3D11RHI: Shutdown
[2018.08.27-03.25.22:641][666]LogD3D11RHI: CleanupD3DDevice
[2018.08.27-03.25.22:645][666]LogD3D11RHI: ~FD3D11DynamicRHI
[2018.08.27-03.25.22:672][666]LogModuleManager: Shutting down and abandoning module SequenceRecorderSections (376)
[2018.08.27-03.25.22:672][666]LogModuleManager: Shutting down and abandoning module SequenceRecorder (374)
[2018.08.27-03.25.22:672][666]LogModuleManager: Shutting down and abandoning module AutomationController (372)
[2018.08.27-03.25.22:672][666]LogModuleManager: Shutting down and abandoning module AutomationWorker (370)
[2018.08.27-03.25.22:672][666]LogModuleManager: Shutting down and abandoning module AIModule (368)
[2018.08.27-03.25.22:672][666]LogModuleManager: Shutting down and abandoning module GameplayDebugger (367)
[2018.08.27-03.25.22:672][666]LogModuleManager: Shutting down and abandoning module AITestSuite (365)
[2018.08.27-03.25.22:672][666]LogModuleManager: Shutting down and abandoning module NavigationSystem (363)
[2018.08.27-03.25.22:672][666]LogModuleManager: Shutting down and abandoning module WmfMediaFactory (360)
[2018.08.27-03.25.22:672][666]LogModuleManager: Shutting down and abandoning module OpenExrWrapper (358)
[2018.08.27-03.25.22:672][666]LogModuleManager: Shutting down and abandoning module ImgMediaFactory (356)
[2018.08.27-03.25.22:672][666]LogModuleManager: Shutting down and abandoning module AvfMediaFactory (354)
[2018.08.27-03.25.22:672][666]LogModuleManager: Shutting down and abandoning module MagicLeapCameraPreviewFactory (352)
[2018.08.27-03.25.22:673][666]LogModuleManager: Shutting down and abandoning module MagicLeapMediaFactory (350)
[2018.08.27-03.25.22:673][666]LogModuleManager: Shutting down and abandoning module CharacterAI (348)
[2018.08.27-03.25.22:673][666]LogModuleManager: Shutting down and abandoning module SessionServices (346)
[2018.08.27-03.25.22:673][666]LogModuleManager: Shutting down and abandoning module MovieSceneCapture (344)
[2018.08.27-03.25.22:673][666]LogModuleManager: Shutting down and abandoning module MovieSceneTracks (342)
[2018.08.27-03.25.22:673][666]LogModuleManager: Shutting down and abandoning module MovieScene (340)
[2018.08.27-03.25.22:673][666]LogModuleManager: Shutting down and abandoning module StreamingPauseRendering (338)
[2018.08.27-03.25.22:673][666]LogModuleManager: Shutting down and abandoning module PortalServices (336)
[2018.08.27-03.25.22:673][666]LogModuleManager: Shutting down and abandoning module PortalRpc (334)
[2018.08.27-03.25.22:673][666]LogModuleManager: Shutting down and abandoning module MessagingRpc (332)
[2018.08.27-03.25.22:673][666]LogModuleManager: Shutting down and abandoning module ProfilerService (330)
[2018.08.27-03.25.22:747][666]LogModuleManager: Shutting down and abandoning module TaskGraph (328)
[2018.08.27-03.25.22:747][666]LogModuleManager: Shutting down and abandoning module SteamVRController (326)
[2018.08.27-03.25.22:747][666]LogModuleManager: Shutting down and abandoning module ProceduralMeshComponent (324)
[2018.08.27-03.25.22:747][666]LogModuleManager: Shutting down and abandoning module OculusInput (322)
[2018.08.27-03.25.22:747][666]LogModuleManager: Shutting down and abandoning module MobilePatchingUtils (320)
[2018.08.27-03.25.22:747][666]LogModuleManager: Shutting down and abandoning module EditableMesh (318)
[2018.08.27-03.25.22:747][666]LogModuleManager: Shutting down and abandoning module CustomMeshComponent (316)
[2018.08.27-03.25.22:747][666]LogModuleManager: Shutting down and abandoning module CableComponent (314)
[2018.08.27-03.25.22:747][666]LogModuleManager: Shutting down and abandoning module AudioCapture (312)
[2018.08.27-03.25.22:747][666]LogModuleManager: Shutting down and abandoning module ArchVisCharacter (310)
[2018.08.27-03.25.22:747][666]LogModuleManager: Shutting down and abandoning module AndroidPermission (308)
[2018.08.27-03.25.22:747][666]LogModuleManager: Shutting down and abandoning module NUTUnrealEngine4 (304)
[2018.08.27-03.25.22:747][666]LogModuleManager: Shutting down and abandoning module NetcodeUnitTest (302)
[2018.08.27-03.25.22:747][666]LogModuleManager: Shutting down and abandoning module MediaCompositing (300)
[2018.08.27-03.25.22:747][666]LogModuleManager: Shutting down and abandoning module LinearTimecode (298)
[2018.08.27-03.25.22:747][666]LogModuleManager: Shutting down and abandoning module ImgMedia (296)
[2018.08.27-03.25.22:757][666]LogModuleManager: Shutting down and abandoning module HTML5Networking (294)
[2018.08.27-03.25.22:757][666]LogModuleManager: Shutting down and abandoning module GeometryCacheTracks (292)
[2018.08.27-03.25.22:757][666]LogModuleManager: Shutting down and abandoning module GeometryCacheSequencer (291)
[2018.08.27-03.25.22:757][666]LogModuleManager: Shutting down and abandoning module GeometryCache (288)
[2018.08.27-03.25.22:757][666]LogModuleManager: Shutting down and abandoning module GeometryCacheEd (287)
[2018.08.27-03.25.22:757][666]LogModuleManager: Shutting down and abandoning module BackChannel (284)
[2018.08.27-03.25.22:757][666]LogModuleManager: Shutting down and abandoning module AppleVision (282)
[2018.08.27-03.25.22:757][666]LogModuleManager: Shutting down and abandoning module AppleImageUtils (280)
[2018.08.27-03.25.22:757][666]LogModuleManager: Shutting down and abandoning module DatasmithContent (278)
[2018.08.27-03.25.22:759][666]LogModuleManager: Shutting down and abandoning module CryptoKeysOpenSSL (276)
[2018.08.27-03.25.22:759][666]LogModuleManager: Shutting down and abandoning module CryptoKeys (274)
[2018.08.27-03.25.22:759][666]LogModuleManager: Shutting down and abandoning module VisualStudioSourceCodeAccess (272)
[2018.08.27-03.25.22:759][666]LogModuleManager: Shutting down and abandoning module HotReload (271)
[2018.08.27-03.25.22:759][666]LogModuleManager: Shutting down and abandoning module DirectoryWatcher (270)
[2018.08.27-03.25.22:760][666]LogModuleManager: Shutting down and abandoning module VisualStudioCodeSourceCodeAccess (266)
[2018.08.27-03.25.22:760][666]LogModuleManager: Shutting down and abandoning module UObjectPlugin (264)
[2018.08.27-03.25.22:760][666]LogModuleManager: Shutting down and abandoning module SubversionSourceControl (262)
[2018.08.27-03.25.22:760][666]LogModuleManager: Shutting down and abandoning module PerforceSourceControl (260)
[2018.08.27-03.25.22:760][666]LogModuleManager: Shutting down and abandoning module SourceControl (259)
[2018.08.27-03.25.22:760][666]LogModuleManager: Shutting down and abandoning module CLionSourceCodeAccess (256)
[2018.08.27-03.25.22:760][666]LogModuleManager: Shutting down and abandoning module RuntimePhysXCooking (254)
[2018.08.27-03.25.22:760][666]LogModuleManager: Shutting down and abandoning module PhysXVehiclesEditor (252)
[2018.08.27-03.25.22:760][666]LogModuleManager: Shutting down and abandoning module PhysXVehicles (250)
[2018.08.27-03.25.22:760][666]LogModuleManager: Shutting down and abandoning module LocationServicesBPLibrary (248)
[2018.08.27-03.25.22:760][666]LogModuleManager: Shutting down and abandoning module ImmediatePhysicsEditor (246)
[2018.08.27-03.25.22:760][666]LogModuleManager: Shutting down and abandoning module ImmediatePhysics (244)
[2018.08.27-03.25.22:760][666]LogModuleManager: Shutting down and abandoning module ActorSequence (242)
[2018.08.27-03.25.22:760][666]LogModuleManager: Shutting down and abandoning module UdpMessaging (240)
[2018.08.27-03.25.22:861][666]LogModuleManager: Shutting down and abandoning module TcpMessaging (238)
[2018.08.27-03.25.23:231][666]LogModuleManager: Shutting down and abandoning module MagicLeapAudio (236)
[2018.08.27-03.25.23:231][666]LogModuleManager: Shutting down and abandoning module GameplayTagsEditor (234)
[2018.08.27-03.25.23:231][666]LogModuleManager: Shutting down and abandoning module FacialAnimation (232)
[2018.08.27-03.25.23:231][666]LogModuleManager: Shutting down and abandoning module DataValidation (230)
[2018.08.27-03.25.23:231][666]LogModuleManager: Shutting down and abandoning module AssetManagerEditor (228)
[2018.08.27-03.25.23:231][666]LogModuleManager: Shutting down and abandoning module TreeMap (227)
[2018.08.27-03.25.23:231][666]LogModuleManager: Shutting down and abandoning module LightPropagationVolumeRuntime (224)
[2018.08.27-03.25.23:231][666]LogModuleManager: Shutting down and abandoning module AISupportModule (222)
[2018.08.27-03.25.23:231][666]LogModuleManager: Shutting down and abandoning module Paper2D (220)
[2018.08.27-03.25.23:231][666]LogModuleManager: Shutting down and abandoning module PIEPreviewDeviceProfileSelector (218)
[2018.08.27-03.25.23:231][666]LogModuleManager: Shutting down and abandoning module WindowsMoviePlayer (216)
[2018.08.27-03.25.23:231][666]LogModuleManager: Shutting down and abandoning module WmfMedia (214)
[2018.08.27-03.25.23:234][666]LogModuleManager: Shutting down and abandoning module Media (213)
[2018.08.27-03.25.23:241][666]LogModuleManager: Shutting down and abandoning module PacketHandler (210)
[2018.08.27-03.25.23:241][666]LogModuleManager: Shutting down and abandoning module ClothingSystemEditor (208)
[2018.08.27-03.25.23:241][666]LogModuleManager: Shutting down and abandoning module ClothingSystemRuntime (206)
[2018.08.27-03.25.23:241][666]LogModuleManager: Shutting down and abandoning module MediaAssets (204)
[2018.08.27-03.25.23:241][666]LogModuleManager: Shutting down and abandoning module Overlay (202)
[2018.08.27-03.25.23:241][666]LogModuleManager: Shutting down and abandoning module OverlayEditor (201)
[2018.08.27-03.25.23:241][666]LogModuleManager: Shutting down and abandoning module VREditor (198)
[2018.08.27-03.25.23:241][666]LogModuleManager: Shutting down and abandoning module StringTableEditor (196)
[2018.08.27-03.25.23:241][666]LogModuleManager: Shutting down and abandoning module GameplayTasksEditor (194)
[2018.08.27-03.25.23:241][666]LogModuleManager: Shutting down and abandoning module BehaviorTreeEditor (192)
[2018.08.27-03.25.23:241][666]LogModuleManager: Shutting down and abandoning module FunctionalTesting (190)
[2018.08.27-03.25.23:241][666]LogModuleManager: Shutting down and abandoning module CollisionAnalyzer (188)
[2018.08.27-03.25.23:242][666]LogModuleManager: Shutting down and abandoning module WorkspaceMenuStructure (187)
[2018.08.27-03.25.23:242][666]LogModuleManager: Shutting down and abandoning module UMG (184)
[2018.08.27-03.25.23:242][666]LogModuleManager: Shutting down and abandoning module UMGEditor (183)
[2018.08.27-03.25.23:242][666]LogModuleManager: Shutting down and abandoning module Sequencer (182)
[2018.08.27-03.25.23:242][666]LogModuleManager: Shutting down and abandoning module MessageLog (179)
[2018.08.27-03.25.23:242][666]LogModuleManager: Shutting down and abandoning module SlateReflector (174)
[2018.08.27-03.25.23:242][666]LogModuleManager: Shutting down and abandoning module Slate (172)
[2018.08.27-03.25.23:242][666]LogModuleManager: Shutting down and abandoning module EditorStyle (170)
[2018.08.27-03.25.23:244][666]LogModuleManager: Shutting down and abandoning module MRMesh (168)
[2018.08.27-03.25.23:245][666]LogModuleManager: Shutting down and abandoning module Messaging (166)
[2018.08.27-03.25.23:245][666]LogModuleManager: Shutting down and abandoning module SourceCodeAccess (164)
[2018.08.27-03.25.23:245][666]LogModuleManager: Shutting down and abandoning module HeadMountedDisplay (162)
[2018.08.27-03.25.23:245][666]LogModuleManager: Shutting down and abandoning module XAudio2 (160)
[2018.08.27-03.25.23:245][666]LogModuleManager: Shutting down and abandoning module Networking (158)
[2018.08.27-03.25.23:245][666]LogModuleManager: Shutting down and abandoning module Core (156)
[2018.08.27-03.25.23:245][666]LogModuleManager: Shutting down and abandoning module LevelSequence (154)
[2018.08.27-03.25.23:245][666]LogModuleManager: Shutting down and abandoning module KismetCompiler (152)
[2018.08.27-03.25.23:245][666]LogModuleManager: Shutting down and abandoning module MeshUtilities (150)
[2018.08.27-03.25.23:245][666]LogModuleManager: Shutting down and abandoning module MeshMergeUtilities (149)
[2018.08.27-03.25.23:245][666]LogModuleManager: Shutting down and abandoning module MeshReductionInterface (148)
[2018.08.27-03.25.23:245][666]LogModuleManager: Shutting down and abandoning module SimplygonSwarm (147)
[2018.08.27-03.25.23:245][666]LogModuleManager: Shutting down and abandoning module ProxyLODMeshReduction (145)
[2018.08.27-03.25.23:245][666]LogModuleManager: Shutting down and abandoning module SimplygonMeshReduction (143)
[2018.08.27-03.25.23:245][666]LogModuleManager: Shutting down and abandoning module QuadricMeshReduction (141)
[2018.08.27-03.25.23:245][666]LogModuleManager: Shutting down and abandoning module MaterialBaking (137)
[2018.08.27-03.25.23:245][666]LogModuleManager: Shutting down and abandoning module DerivedDataCache (132)
[2018.08.27-03.25.23:374][666]LogDerivedDataCache: Shutdown
[2018.08.27-03.25.23:374][666]LogModuleManager: Shutting down and abandoning module XGEController (130)
[2018.08.27-03.25.23:374][666]LogModuleManager: Shutting down and abandoning module TargetPlatform (128)
[2018.08.27-03.25.23:374][666]LogModuleManager: Shutting down and abandoning module VulkanShaderFormat (127)
[2018.08.27-03.25.23:374][666]LogModuleManager: Shutting down and abandoning module ShaderFormatVectorVM (125)
[2018.08.27-03.25.23:374][666]LogModuleManager: Shutting down and abandoning module ShaderFormatOpenGL (123)
[2018.08.27-03.25.23:374][666]LogModuleManager: Shutting down and abandoning module ShaderFormatD3D (121)
[2018.08.27-03.25.23:374][666]LogModuleManager: Shutting down and abandoning module MetalShaderFormat (119)
[2018.08.27-03.25.23:374][666]LogModuleManager: Shutting down and abandoning module TextureFormatUncompressed (117)
[2018.08.27-03.25.23:374][666]LogModuleManager: Shutting down and abandoning module TextureFormatPVR (115)
[2018.08.27-03.25.23:374][666]LogModuleManager: Shutting down and abandoning module TextureFormatDXT (113)
[2018.08.27-03.25.23:374][666]LogModuleManager: Shutting down and abandoning module TextureFormatIntelISPCTexComp (111)
[2018.08.27-03.25.23:374][666]LogModuleManager: Shutting down and abandoning module TextureFormatASTC (109)
[2018.08.27-03.25.23:374][666]LogModuleManager: Shutting down and abandoning module ImageWrapper (108)
[2018.08.27-03.25.23:374][666]LogModuleManager: Shutting down and abandoning module TextureFormatAndroid (105)
[2018.08.27-03.25.23:374][666]LogModuleManager: Shutting down and abandoning module AudioFormatOpus (103)
[2018.08.27-03.25.23:374][666]LogModuleManager: Shutting down and abandoning module AudioFormatOgg (101)
[2018.08.27-03.25.23:374][666]LogModuleManager: Shutting down and abandoning module AudioFormatADPCM (99)
[2018.08.27-03.25.23:374][666]LogModuleManager: Shutting down and abandoning module WindowsTargetPlatform (97)
[2018.08.27-03.25.23:374][666]LogModuleManager: Shutting down and abandoning module WindowsServerTargetPlatform (95)
[2018.08.27-03.25.23:374][666]LogModuleManager: Shutting down and abandoning module WindowsNoEditorTargetPlatform (93)
[2018.08.27-03.25.23:374][666]LogModuleManager: Shutting down and abandoning module WindowsClientTargetPlatform (91)
[2018.08.27-03.25.23:374][666]LogModuleManager: Shutting down and abandoning module InputCore (88)
[2018.08.27-03.25.23:374][666]LogModuleManager: Shutting down and abandoning module Settings (86)
[2018.08.27-03.25.23:375][666]LogModuleManager: Shutting down and abandoning module PhysXCooking (84)
[2018.08.27-03.25.23:375][666]LogModuleManager: Shutting down and abandoning module SteamVR (82)
[2018.08.27-03.25.23:375][666]LogModuleManager: Shutting down and abandoning module OculusHMD (80)
[2018.08.27-03.25.23:375][666]LogModuleManager: Shutting down and abandoning module ExampleDeviceProfileSelector (78)
[2018.08.27-03.25.23:375][666]LogModuleManager: Shutting down and abandoning module LauncherChunkInstaller (76)
[2018.08.27-03.25.23:375][666]LogModuleManager: Shutting down and abandoning module OnlineBlueprintSupport (74)
[2018.08.27-03.25.23:375][666]LogModuleManager: Shutting down and abandoning module OnlineSubsystem (70)
[2018.08.27-03.25.23:375][666]LogOnline: Display: STEAM: OnlineSubsystemSteam::Shutdown()
[2018.08.27-03.25.23:411][666]LogOnline: Display: STEAM: OnlineSubsystemSteam::Shutdown()
[2018.08.27-03.25.23:411][666]LogModuleManager: Shutting down and abandoning module XMPP (65)
[2018.08.27-03.25.23:411][666]LogModuleManager: Shutting down and abandoning module WebSockets (64)
[2018.08.27-03.25.23:436][666]LogModuleManager: Shutting down and abandoning module HTTP (61)
[2018.08.27-03.25.23:465][666]LogModuleManager: Shutting down and abandoning module SSL (60)
[2018.08.27-03.25.23:468][666]LogModuleManager: Shutting down and abandoning module MagicLeapEmulator (56)
[2018.08.27-03.25.23:468][666]LogModuleManager: Shutting down and abandoning module MagicLeapPrivileges (54)
[2018.08.27-03.25.23:468][666]LogModuleManager: Shutting down and abandoning module MagicLeapIdentity (52)
[2018.08.27-03.25.23:468][666]LogModuleManager: Shutting down and abandoning module MagicLeapHelperVulkan (50)
[2018.08.27-03.25.23:468][666]LogModuleManager: Shutting down and abandoning module MagicLeapHelperOpenGL (48)
[2018.08.27-03.25.23:468][666]LogModuleManager: Shutting down and abandoning module MagicLeapSecureStorage (46)
[2018.08.27-03.25.23:468][666]LogModuleManager: Shutting down and abandoning module MagicLeapGestures (44)
[2018.08.27-03.25.23:468][666]LogModuleManager: Shutting down and abandoning module MagicLeapEyeTracker (42)
[2018.08.27-03.25.23:468][666]LogModuleManager: Shutting down and abandoning module MagicLeapController (40)
[2018.08.27-03.25.23:469][666]LogSlate: Slate User Destroyed.  User Index 0, Is Virtual User: 0
[2018.08.27-03.25.23:469][666]LogModuleManager: Shutting down and abandoning module MagicLeap (38)
[2018.08.27-03.25.23:469][666]LogModuleManager: Shutting down and abandoning module AnimationModifiers (36)
[2018.08.27-03.25.23:469][666]LogModuleManager: Shutting down and abandoning module PropertyEditor (35)
[2018.08.27-03.25.23:469][666]LogModuleManager: Shutting down and abandoning module AudioEditor (32)
[2018.08.27-03.25.23:469][666]LogModuleManager: Shutting down and abandoning module TextureCompressor (30)
[2018.08.27-03.25.23:469][666]LogModuleManager: Shutting down and abandoning module ShaderCore (28)
[2018.08.27-03.25.23:469][666]LogModuleManager: Shutting down and abandoning module Landscape (26)
[2018.08.27-03.25.23:469][666]LogModuleManager: Shutting down and abandoning module SlateRHIRenderer (24)
[2018.08.27-03.25.23:470][666]LogModuleManager: Shutting down and abandoning module OpenGLDrv (22)
[2018.08.27-03.25.23:470][666]LogModuleManager: Shutting down and abandoning module D3D11RHI (20)
[2018.08.27-03.25.23:470][666]LogModuleManager: Shutting down and abandoning module AnimGraphRuntime (18)
[2018.08.27-03.25.23:470][666]LogModuleManager: Shutting down and abandoning module Renderer (16)
[2018.08.27-03.25.23:470][666]LogModuleManager: Shutting down and abandoning module Engine (14)
[2018.08.27-03.25.23:470][666]LogModuleManager: Shutting down and abandoning module CoreUObject (12)
[2018.08.27-03.25.23:470][666]LogModuleManager: Shutting down and abandoning module NetworkFile (10)
[2018.08.27-03.25.23:470][666]LogModuleManager: Shutting down and abandoning module CookedIterativeFile (8)
[2018.08.27-03.25.23:470][666]LogModuleManager: Shutting down and abandoning module StreamingFile (6)
[2018.08.27-03.25.23:470][666]LogModuleManager: Shutting down and abandoning module SandboxFile (4)
[2018.08.27-03.25.23:470][666]LogModuleManager: Shutting down and abandoning module PakFile (2)
[2018.08.27-03.25.23:481][666]LogExit: Exiting.
[2018.08.27-03.25.23:491][666]Log file closed, 08/26/18 21:25:23
