Log file open, 08/26/18 21:37:23
LogWindows: Failed to load 'aqProf.dll' (GetLastError=126)
LogWindows: File 'aqProf.dll' does not exist
LogWindows: Failed to load 'VtuneApi.dll' (GetLastError=126)
LogWindows: File 'VtuneApi.dll' does not exist
LogWindows: Failed to load 'VtuneApi32e.dll' (GetLastError=126)
LogWindows: File 'VtuneApi32e.dll' does not exist
LogInit: Display: Running engine for game: OurProject
LogPlatformFile: Not using cached read wrapper
LogTaskGraph: Started task graph with 5 named threads and 14 total threads with 3 sets of task threads.
LogStats: Stats thread started at 0.346167
LogD3D11RHI: Loaded GFSDK_Aftermath_Lib.x64.dll
LogICUInternationalization: Display: ICU TimeZone Detection - Raw Offset: -6:00, Platform Override: ''
LogPluginManager: Mounting plugin Paper2D
LogPluginManager: Mounting plugin AISupport
LogPluginManager: Mounting plugin LightPropagationVolume
LogPluginManager: Mounting plugin CLionSourceCodeAccess
LogPluginManager: Mounting plugin CodeLiteSourceCodeAccess
LogPluginManager: Mounting plugin GitSourceControl
LogPluginManager: Mounting plugin KDevelopSourceCodeAccess
LogPluginManager: Mounting plugin NullSourceCodeAccess
LogPluginManager: Mounting plugin PerforceSourceControl
LogPluginManager: Mounting plugin SubversionSourceControl
LogPluginManager: Mounting plugin UObjectPlugin
LogPluginManager: Mounting plugin VisualStudioCodeSourceCodeAccess
LogPluginManager: Mounting plugin VisualStudioSourceCodeAccess
LogPluginManager: Mounting plugin XCodeSourceCodeAccess
LogPluginManager: Mounting plugin AssetManagerEditor
LogPluginManager: Mounting plugin CryptoKeys
LogPluginManager: Mounting plugin DataValidation
LogPluginManager: Mounting plugin FacialAnimation
LogPluginManager: Mounting plugin GameplayTagsEditor
LogPluginManager: Mounting plugin MacGraphicsSwitching
LogPluginManager: Mounting plugin MeshEditor
LogPluginManager: Mounting plugin MobileLauncherProfileWizard
LogPluginManager: Mounting plugin PluginBrowser
LogPluginManager: Mounting plugin SpeedTreeImporter
LogPluginManager: Mounting plugin DatasmithContent
LogPluginManager: Mounting plugin AlembicImporter
LogPluginManager: Mounting plugin AppleImageUtils
LogPluginManager: Mounting plugin AppleVision
LogPluginManager: Mounting plugin BackChannel
LogPluginManager: Mounting plugin CharacterAI
LogPluginManager: Mounting plugin GeometryCache
LogPluginManager: Mounting plugin HTML5Networking
LogPluginManager: Mounting plugin ProxyLODPlugin
LogPluginManager: Mounting plugin MagicLeap
LogPluginManager: Mounting plugin MagicLeapEmulator
LogPluginManager: Mounting plugin MagicLeapMedia
LogPluginManager: Mounting plugin AndroidMedia
LogPluginManager: Mounting plugin AvfMedia
LogPluginManager: Mounting plugin ImgMedia
LogPluginManager: Mounting plugin LinearTimecode
LogPluginManager: Mounting plugin MediaCompositing
LogPluginManager: Mounting plugin MediaPlayerEditor
LogPluginManager: Mounting plugin WmfMedia
LogPluginManager: Mounting plugin TcpMessaging
LogPluginManager: Mounting plugin UdpMessaging
LogPluginManager: Mounting plugin ActorSequence
LogPluginManager: Mounting plugin LevelSequenceEditor
LogPluginManager: Mounting plugin MatineeToLevelSequence
LogPluginManager: Mounting plugin NetcodeUnitTest
LogPluginManager: Mounting plugin NUTUnrealEngine4
LogPluginManager: Mounting plugin OnlineSubsystemGooglePlay
LogPluginManager: Mounting plugin OnlineSubsystemIOS
LogPluginManager: Mounting plugin OnlineSubsystem
LogPluginManager: Mounting plugin OnlineSubsystemNull
LogPluginManager: Mounting plugin OnlineSubsystemSteam
LogPluginManager: Mounting plugin OnlineSubsystemUtils
LogPluginManager: Mounting plugin LauncherChunkInstaller
LogPluginManager: Mounting plugin AndroidDeviceProfileSelector
LogPluginManager: Mounting plugin AndroidMoviePlayer
LogPluginManager: Mounting plugin AndroidPermission
LogPluginManager: Mounting plugin AppleMoviePlayer
LogPluginManager: Mounting plugin ArchVisCharacter
LogPluginManager: Mounting plugin AudioCapture
LogPluginManager: Mounting plugin CableComponent
LogPluginManager: Mounting plugin CustomMeshComponent
LogPluginManager: Mounting plugin EditableMesh
LogPluginManager: Mounting plugin ExampleDeviceProfileSelector
LogPluginManager: Mounting plugin GoogleCloudMessaging
LogPluginManager: Mounting plugin ImmediatePhysics
LogPluginManager: Mounting plugin IOSDeviceProfileSelector
LogPluginManager: Mounting plugin LinuxDeviceProfileSelector
LogPluginManager: Mounting plugin LocationServicesBPLibrary
LogPluginManager: Mounting plugin MobilePatchingUtils
LogPluginManager: Mounting plugin OculusVR
LogPluginManager: Plugin shader directory ../../../Engine/Plugins/Runtime/Oculus/OculusVR/Shaders found
LogPluginManager: Mapping shader source directory ../../../Engine/Plugins/Runtime/Oculus/OculusVR/Shaders to virtual directory /Plugin/OculusVR
LogPluginManager: Mounting plugin PhysXVehicles
LogPluginManager: Mounting plugin ProceduralMeshComponent
LogPluginManager: Mounting plugin RuntimePhysXCooking
LogPluginManager: Mounting plugin SteamVR
LogPluginManager: Mounting plugin WindowsMoviePlayer
LogStreaming: Display: Took  0.140s to configure plugins.
LogInit: Using libcurl 7.55.1-DEV
LogInit:  - built for x86_64-pc-win32
LogInit:  - supports SSL with OpenSSL/1.0.2h
LogInit:  - supports HTTP deflate (compression) using libz 1.2.8
LogInit:  - other features:
LogInit:      CURL_VERSION_SSL
LogInit:      CURL_VERSION_LIBZ
LogInit:      CURL_VERSION_IPV6
LogInit:      CURL_VERSION_ASYNCHDNS
LogInit:      CURL_VERSION_LARGEFILE
LogInit:      CURL_VERSION_IDN
LogInit:  CurlRequestOptions (configurable via config and command line):
LogInit:  - bVerifyPeer = false  - Libcurl will NOT verify peer certificate
LogInit:  - bUseHttpProxy = false  - Libcurl will NOT use HTTP proxy
LogInit:  - bDontReuseConnections = false  - Libcurl will reuse connections
LogInit:  - CertBundlePath = nullptr  - Libcurl will use whatever was configured at build time.
LogInit:  - MaxHostConnections = 16  - Libcurl will limit the number of connections to a host
LogInit:  - LocalHostAddr = Default
LogInit:  - BufferSize = 65536
LogOnline: Display: STEAM: Loading Steam SDK 1.39
LogInit: WinSock: version 1.1 (2.2), MaxSocks=32767, MaxUdp=65467
LogInit: Build: ++UE4+Release-4.20-CL-4233996
LogInit: Engine Version: 4.20.1-4233996+++UE4+Release-4.20
LogInit: Compatible Engine Version: 4.20.0-4212847+++UE4+Release-4.20
LogInit: Net CL: 4212847
LogInit: OS: Windows 10 (), CPU: AMD FX-8800P Radeon R7, 12 Compute Cores 4C+8G , GPU: AMD Radeon (TM) R9 360
LogInit: Compiled (64-bit): Jul 26 2018 10:07:30
LogInit: Compiled with Visual C++: 19.13.26129.00
LogInit: Build Configuration: Development
LogInit: Branch Name: ++UE4+Release-4.20
LogInit: Command Line:  /Game/GameStates/Lobby/LobbbyMap -game -PIEVIACONSOLE -ResX=1280 -ResY=720  -Multiprocess -messaging -SessionName="Play in Standalone Game" -windowed 
LogInit: Base Directory: C:/Program Files/Epic Games/UE_4.20/Engine/Binaries/Win64/
LogInit: Installed Engine Build: 1
LogDevObjectVersion: Number of dev versions registered: 20
LogDevObjectVersion:   Dev-Blueprints (B0D832E4-1F89-4F0D-ACCF-7EB736FD4AA2): 10
LogDevObjectVersion:   Dev-Build (E1C64328-A22C-4D53-A36C-8E866417BD8C): 0
LogDevObjectVersion:   Dev-Core (375EC13C-06E4-48FB-B500-84F0262A717E): 2
LogDevObjectVersion:   Dev-Editor (E4B068ED-F494-42E9-A231-DA0B2E46BB41): 24
LogDevObjectVersion:   Dev-Framework (CFFC743F-43B0-4480-9391-14DF171D2073): 34
LogDevObjectVersion:   Dev-Mobile (B02B49B5-BB20-44E9-A304-32B752E40360): 2
LogDevObjectVersion:   Dev-Networking (A4E4105C-59A1-49B5-A7C5-40C4547EDFEE): 0
LogDevObjectVersion:   Dev-Online (39C831C9-5AE6-47DC-9A44-9C173E1C8E7C): 0
LogDevObjectVersion:   Dev-Physics (78F01B33-EBEA-4F98-B9B4-84EACCB95AA2): 0
LogDevObjectVersion:   Dev-Platform (6631380F-2D4D-43E0-8009-CF276956A95A): 0
LogDevObjectVersion:   Dev-Rendering (12F88B9F-8875-4AFC-A67C-D90C383ABD29): 26
LogDevObjectVersion:   Dev-Sequencer (7B5AE74C-D270-4C10-A958-57980B212A5A): 9
LogDevObjectVersion:   Dev-VR (D7296918-1DD6-4BDD-9DE2-64A83CC13884): 2
LogDevObjectVersion:   Dev-LoadTimes (C2A15278-BFE7-4AFE-6C17-90FF531DF755): 1
LogDevObjectVersion:   Private-Geometry (6EACA3D4-40EC-4CC1-B786-8BED09428FC5): 3
LogDevObjectVersion:   Dev-AnimPhys (29E575DD-E0A3-4627-9D10-D276232CDCEA): 17
LogDevObjectVersion:   Dev-ReflectionCapture (6B266CEC-1EC7-4B8F-A30B-E4D90942FC07): 1
LogDevObjectVersion:   Dev-Automation (0DF73D61-A23F-47EA-B727-89E90C41499A): 1
LogDevObjectVersion:   FortniteMain (601D1886-AC64-4F84-AA16-D3DE0DEAC7D6): 12
LogDevObjectVersion:   Dev-Enterprise (9DFFBCD6-494F-0158-E221-12823C92A888): 1
LogStreaming: Display: Took  0.009s to delete old logs.
LogInit: Presizing for max 8388607 objects, including 0 objects not considered by GC, pre-allocating 0 bytes for permanent pool.
LogInit: Object subsystem initialized
[2018.08.27-03.37.25:380][  0]LogInit: Selected Device Profile: [Windows]
[2018.08.27-03.37.25:380][  0]LogInit: Applying CVar settings loaded from the selected device profile: [Windows]
[2018.08.27-03.37.25:393][  0]LogHAL: Display: Platform has ~ 16 GB [17113329664 / 17179869184 / 16], which maps to Larger [LargestMinGB=32, LargerMinGB=12, DefaultMinGB=8, SmallerMinGB=6, SmallestMinGB=0)
[2018.08.27-03.37.25:393][  0]LogInit: Setting Device Profile CVar: [[r.Vulkan.UseRealUBs:1]]
[2018.08.27-03.37.25:393][  0]LogInit: Going up to parent DeviceProfile []
[2018.08.27-03.37.25:394][  0]LogInit: Computer: LINK
[2018.08.27-03.37.25:394][  0]LogInit: User: brixo
[2018.08.27-03.37.25:394][  0]LogInit: CPU Page size=4096, Cores=4
[2018.08.27-03.37.25:394][  0]LogInit: High frequency timer resolution =2.046941 MHz
[2018.08.27-03.37.25:394][  0]LogMemory: Memory total: Physical=15.9GB (16GB approx)
[2018.08.27-03.37.25:395][  0]LogMemory: Platform Memory Stats for Windows
[2018.08.27-03.37.25:395][  0]LogMemory: Process Physical Memory: 131.77 MB used, 131.77 MB peak
[2018.08.27-03.37.25:395][  0]LogMemory: Process Virtual Memory: 103.96 MB used, 103.96 MB peak
[2018.08.27-03.37.25:395][  0]LogMemory: Physical Memory: 8540.21 MB used,  7780.34 MB free, 16320.54 MB total
[2018.08.27-03.37.25:395][  0]LogMemory: Virtual Memory: 4746.20 MB used,  7780.34 MB free, 134217728.00 MB total
[2018.08.27-03.37.25:488][  0]LogInit: Using OS detected language (en-US).
[2018.08.27-03.37.25:488][  0]LogInit: Using OS detected locale (en-US).
[2018.08.27-03.37.25:489][  0]LogTextLocalizationManager: No specific localization for 'en-US' exists, so the 'en' localization will be used.
[2018.08.27-03.37.26:487][  0]LogStreaming: Display: Took  0.999s to InitEngineTextLocalization.
[2018.08.27-03.37.26:574][  0]LogSlate: New Slate User Created.  User Index 0, Is Virtual User: 0
[2018.08.27-03.37.26:574][  0]LogSlate: Slate User Registered.  User Index 0, Is Virtual User: 0
[2018.08.27-03.37.26:610][  0]LogHMD: Failed to initialize OpenVR with code 110
[2018.08.27-03.37.26:610][  0]LogD3D11RHI: D3D11 adapters:
[2018.08.27-03.37.26:693][  0]LogD3D11RHI:    0. 'AMD Radeon (TM) R9 360' (Feature Level 11_0)
[2018.08.27-03.37.26:693][  0]LogD3D11RHI:       2025/0/8160 MB DedicatedVideo/DedicatedSystem/SharedSystem, Outputs:2, VendorId:0x1002
[2018.08.27-03.37.26:704][  0]LogD3D11RHI:    1. 'Microsoft Basic Render Driver' (Feature Level 11_0)
[2018.08.27-03.37.26:704][  0]LogD3D11RHI:       0/0/8160 MB DedicatedVideo/DedicatedSystem/SharedSystem, Outputs:0, VendorId:0x1414
[2018.08.27-03.37.26:704][  0]LogD3D11RHI: Chosen D3D11 Adapter: 0
[2018.08.27-03.37.26:728][  0]LogD3D11RHI: Creating new Direct3DDevice
[2018.08.27-03.37.26:730][  0]LogD3D11RHI:     GPU DeviceId: 0x665f (for the marketing name, search the web for "GPU Device Id")
[2018.08.27-03.37.26:730][  0]LogWindows: EnumDisplayDevices:
[2018.08.27-03.37.26:730][  0]LogWindows:    0. 'AMD Radeon (TM) R9 360' (P:1 D:1)
[2018.08.27-03.37.26:731][  0]LogWindows:    1. 'AMD Radeon (TM) R9 360' (P:0 D:1)
[2018.08.27-03.37.26:732][  0]LogWindows:    2. 'AMD Radeon (TM) R9 360' (P:0 D:0)
[2018.08.27-03.37.26:732][  0]LogWindows:    3. 'AMD Radeon (TM) R9 360' (P:0 D:0)
[2018.08.27-03.37.26:733][  0]LogWindows:    4. 'AMD Radeon (TM) R9 360' (P:0 D:0)
[2018.08.27-03.37.26:733][  0]LogWindows:    5. 'AMD Radeon (TM) R9 360' (P:0 D:0)
[2018.08.27-03.37.26:734][  0]LogWindows: DebugString: FoundDriverCount:6 
[2018.08.27-03.37.26:734][  0]LogD3D11RHI:     Adapter Name: AMD Radeon (TM) R9 360
[2018.08.27-03.37.26:734][  0]LogD3D11RHI:   Driver Version: Crimson ReLive 17.7 (internal:22.19.172.769, unified:22.19.172.769)
[2018.08.27-03.37.26:734][  0]LogD3D11RHI:      Driver Date: 6-27-2017
[2018.08.27-03.37.26:734][  0]LogRHI: Texture pool is 1417 MB (70% of 2025 MB)
[2018.08.27-03.37.27:246][  0]LogD3D11RHI: Async texture creation enabled
[2018.08.27-03.37.27:265][  0]LogD3D11RHI: GPU Timing Frequency: 27.000000 (Debug: 2 1)
[2018.08.27-03.37.27:269][  0]LogShaderCompilers: Guid format shader working directory is -32 characters bigger than the processId version (../../../../../../Users/brixo/OneDrive/Documents/GitHub/Heart-Felt/OurProject/Intermediate/Shaders/WorkingDirectory/20076/).
[2018.08.27-03.37.27:269][  0]LogShaderCompilers: Cleaned the shader compiler working directory 'C:/Users/brixo/AppData/Local/Temp/UnrealShaderWorkingDir/A698ECD5437A9EF5D0FF62B4BAD3B9F2/'.
[2018.08.27-03.37.28:125][  0]LogTemp: Display: Loaded TP WindowsClientTargetPlatform
[2018.08.27-03.37.28:154][  0]LogTemp: Display: Loaded TP WindowsNoEditorTargetPlatform
[2018.08.27-03.37.28:183][  0]LogTemp: Display: Loaded TP WindowsServerTargetPlatform
[2018.08.27-03.37.28:212][  0]LogTemp: Display: Loaded TP WindowsTargetPlatform
[2018.08.27-03.37.28:212][  0]LogTargetPlatformManager: Display: Building Assets For Windows
[2018.08.27-03.37.28:373][  0]LogXGEController: Cannot use XGE Controller as Incredibuild is not installed on this machine.
[2018.08.27-03.37.28:374][  0]LogShaderCompilers: Cannot use XGE Shader Compiler as Incredibuild is not installed on this machine.
[2018.08.27-03.37.28:374][  0]LogShaderCompilers: Display: Using Local Shader Compiler.
[2018.08.27-03.37.30:512][  0]LogDerivedDataCache: Display: Max Cache Size: 512 MB
[2018.08.27-03.37.30:702][  0]LogDerivedDataCache: Loaded boot cache 0.19s 71MB C:/Users/brixo/AppData/Local/UnrealEngine/4.20/DerivedDataCache/Boot.ddc.
[2018.08.27-03.37.30:703][  0]LogDerivedDataCache: Display: Loaded Boot cache: C:/Users/brixo/AppData/Local/UnrealEngine/4.20/DerivedDataCache/Boot.ddc
[2018.08.27-03.37.30:704][  0]LogDerivedDataCache: FDerivedDataBackendGraph:  Pak pak cache file ../../../../../../Users/brixo/OneDrive/Documents/GitHub/Heart-Felt/OurProject/DerivedDataCache/DDC.ddp not found, will not use a pak cache.
[2018.08.27-03.37.30:704][  0]LogDerivedDataCache: Unable to find inner node Pak for hierarchical cache Hierarchy.
[2018.08.27-03.37.30:704][  0]LogDerivedDataCache: FDerivedDataBackendGraph:  CompressedPak pak cache file ../../../../../../Users/brixo/OneDrive/Documents/GitHub/Heart-Felt/OurProject/DerivedDataCache/Compressed.ddp not found, will not use a pak cache.
[2018.08.27-03.37.30:704][  0]LogDerivedDataCache: Unable to find inner node CompressedPak for hierarchical cache Hierarchy.
[2018.08.27-03.37.30:724][  0]LogDerivedDataCache: Display: Pak cache opened for reading ../../../Engine/DerivedDataCache/Compressed.ddp.
[2018.08.27-03.37.30:738][  0]LogDerivedDataCache: Using Local data cache path C:/Users/brixo/AppData/Local/UnrealEngine/Common/DerivedDataCache: Writable
[2018.08.27-03.37.30:738][  0]LogDerivedDataCache: Shared data cache path not found in *engine.ini, will not use an Shared cache.
[2018.08.27-03.37.30:738][  0]LogDerivedDataCache: Unable to find inner node Shared for hierarchical cache Hierarchy.
[2018.08.27-03.37.30:774][  0]LogMaterial: Verifying Global Shaders for PCD3D_SM5
[2018.08.27-03.37.30:776][  0]LogSlate: Using FreeType 2.6.0
[2018.08.27-03.37.30:778][  0]LogSlate: SlateFontServices - WITH_FREETYPE: 1, WITH_HARFBUZZ: 1
[2018.08.27-03.37.30:858][  0]LogInit: Using OS detected language (en-US).
[2018.08.27-03.37.30:858][  0]LogInit: Using OS detected locale (en-US).
[2018.08.27-03.37.30:858][  0]LogTextLocalizationManager: No localization for 'en-US' exists, so 'en' will be used for the language.
[2018.08.27-03.37.30:859][  0]LogTextLocalizationManager: No localization for 'en-US' exists, so 'en' will be used for the locale.
[2018.08.27-03.37.31:391][  0]LogStreaming: Display: Took  0.533s to InitGameTextLocalization.
[2018.08.27-03.37.31:411][  0]LogAssetRegistry: FAssetRegistry took 0.0088 seconds to start up
[2018.08.27-03.37.31:850][  0]LogPackageLocalizationCache: Processed 11 localized package path(s) for 1 prioritized culture(s) in 0.042062 seconds
[2018.08.27-03.37.32:107][  0]LogInit: Selected Device Profile: [Windows]
[2018.08.27-03.37.32:377][  0]LogSimplygon: Simplygon DLL not present - disabling.
[2018.08.27-03.37.32:387][  0]LogMeshReduction: Using SimplygonSwarm for distributed automatic mesh merging
[2018.08.27-03.37.32:387][  0]LogMeshReduction: Using ProxyLODMeshReduction for automatic mesh merging
[2018.08.27-03.37.32:387][  0]LogMeshReduction: Using QuadricMeshReduction for automatic static mesh reduction
[2018.08.27-03.37.32:387][  0]LogMeshReduction: No automatic skeletal mesh reduction module available
[2018.08.27-03.37.32:432][  0]LogNetVersion: OurProject 1.0.0, NetCL: 4212847, EngineNetVer: 5, GameNetVer: 0 (Checksum: 3951183775)
[2018.08.27-03.37.34:363][  0]LogMoviePlayer: Initializing movie player
[2018.08.27-03.37.34:912][  0]LogTcpMessaging: Initializing TcpMessaging bridge
[2018.08.27-03.37.34:929][  0]LogUdpMessaging: Initializing bridge on interface 0.0.0.0:0 to multicast group 230.0.0.1:6666.
[2018.08.27-03.37.35:097][  0]SourceControl: Source control is disabled
[2018.08.27-03.37.35:097][  0]SourceControl: Source control is disabled
[2018.08.27-03.37.35:101][  0]SourceControl: Source control is disabled
[2018.08.27-03.37.35:343][  0]LogAndroidPermission: UAndroidPermissionCallbackProxy::GetInstance
[2018.08.27-03.37.35:652][  0]LogOcInput: OculusInput pre-init called
[2018.08.27-03.37.35:676][  0]LogUObjectArray: 42177 objects as part of root set at end of initial load.
[2018.08.27-03.37.35:676][  0]LogUObjectAllocator: 7442624 out of 0 bytes used by permanent object pool.
[2018.08.27-03.37.35:676][  0]LogUObjectArray: CloseDisregardForGC: 0/0 objects in disregard for GC pool
[2018.08.27-03.37.35:896][  0]LogEngine: Initializing Engine...
[2018.08.27-03.37.35:897][  0]LogHMD: Failed to initialize OpenVR with code 110
[2018.08.27-03.37.35:912][  0]LogStats: UGameplayTagsManager::ConstructGameplayTagTree: ImportINI prefixes -  0.000 s
[2018.08.27-03.37.35:912][  0]LogStats: UGameplayTagsManager::ConstructGameplayTagTree: Construct from data asset -  0.000 s
[2018.08.27-03.37.35:913][  0]LogStats: UGameplayTagsManager::ConstructGameplayTagTree: ImportINI -  0.000 s
[2018.08.27-03.37.35:913][  0]LogStats: UGameplayTagsManager::ConstructGameplayTagTree: GameplayTagTreeChangedEvent.Broadcast -  0.000 s
[2018.08.27-03.37.36:777][  0]LogInit: Initializing FReadOnlyCVARCache
[2018.08.27-03.37.36:803][  0]LogInit: XAudio2 using 'Headset Earphone (Corsair Gaming H2100 Headset)' : 2 channels at 48 kHz using 16 bits per sample (channel mask 0x3)
[2018.08.27-03.37.36:830][  0]LogInit: FAudioDevice initialized.
[2018.08.27-03.37.36:843][  0]LogNetVersion: Set ProjectVersion to 1.0.0.0. Version Checksum will be recalculated on next use.
[2018.08.27-03.37.36:844][  0]LogInit: Texture streaming: Enabled
[2018.08.27-03.37.38:287][  0]LogSlate: Updating window title bar state: overlay mode, drag disabled, window buttons hidden, title bar hidden
[2018.08.27-03.37.38:288][  0]LogInit: Display: Game Engine Initialized.
[2018.08.27-03.37.38:288][  0]LogGameplayTags: Display: UGameplayTagsManager::DoneAddingNativeTags. DelegateIsBound: 0
[2018.08.27-03.37.38:288][  0]LogStats: UGameplayTagsManager::ConstructGameplayTagTree: ImportINI prefixes -  0.000 s
[2018.08.27-03.37.38:288][  0]LogStats: UGameplayTagsManager::ConstructGameplayTagTree: Construct from data asset -  0.000 s
[2018.08.27-03.37.38:288][  0]LogStats: UGameplayTagsManager::ConstructGameplayTagTree: ImportINI -  0.000 s
[2018.08.27-03.37.38:288][  0]LogStats: UGameplayTagsManager::ConstructGameplayTagTree: GameplayTagTreeChangedEvent.Broadcast -  0.000 s
[2018.08.27-03.37.38:385][  0]LogInit: Display: Starting Game.
[2018.08.27-03.37.38:385][  0]LogNet: Browse: /Game/GameStates/Lobby/LobbbyMap?Name=Player
[2018.08.27-03.37.38:385][  0]LogLoad: LoadMap: /Game/GameStates/Lobby/LobbbyMap?Name=Player
[2018.08.27-03.37.38:899][  0]LogAIModule: Creating AISystem for world LobbbyMap
[2018.08.27-03.37.38:900][  0]LogLoad: Game class is 'LobbyGameMode_C'
[2018.08.27-03.37.38:908][  0]LogWorld: Bringing World /Game/GameStates/Lobby/LobbbyMap.LobbbyMap up for play (max tick rate 0) at 2018.08.26-21.37.38
[2018.08.27-03.37.38:909][  0]LogWorld: Bringing up level for play took: 0.006640
[2018.08.27-03.37.38:915][  0]LogBlueprintUserMessages: [LobbyCharacterController_C_0] Gamemode cast success
[2018.08.27-03.37.38:915][  0]LogBlueprintUserMessages: [LobbyGameMode_C_0] RequestSpawningNumber has Authority
[2018.08.27-03.37.38:915][  0]LogBlueprintUserMessages: [LobbyGameMode_C_0] RequestSpawningNumber finished
[2018.08.27-03.37.38:951][  0]LogLoad: Took 0.566127 seconds to LoadMap(/Game/GameStates/Lobby/LobbbyMap)
[2018.08.27-03.37.39:175][  0]LogRenderer: Reallocating scene render targets to support 1280x720 Format 10 NumSamples 1 (Frame:1).
[2018.08.27-03.37.39:175][  0]LogLoad: (Engine Initialization) Total time: 19.08 seconds
[2018.08.27-03.37.39:175][  0]LogLoad: (Engine Initialization) Total Blueprint compile time: 0.00 seconds
[2018.08.27-03.37.39:194][  0]LogWindowsTextInputMethodSystem: Display: IME system now deactivated.
[2018.08.27-03.37.39:202][  0]LogContentStreaming: Texture pool size now 3000 MB
[2018.08.27-03.37.39:237][  1]LogBlueprintUserMessages: [LobbyCharacterController_C_0] 1
[2018.08.27-03.37.39:253][  2]LogBlueprintUserMessages: [LobbyCharacterController_C_0] 1
[2018.08.27-03.37.39:286][  3]LogBlueprintUserMessages: [LobbyCharacterController_C_0] 1
[2018.08.27-03.37.39:302][  4]LogBlueprintUserMessages: [LobbyCharacterController_C_0] 1
[2018.08.27-03.37.39:318][  5]LogBlueprintUserMessages: [LobbyCharacterController_C_0] 1
[2018.08.27-03.37.39:334][  6]LogBlueprintUserMessages: [LobbyCharacterController_C_0] 1
[2018.08.27-03.37.39:351][  7]LogBlueprintUserMessages: [LobbyCharacterController_C_0] 1
[2018.08.27-03.37.39:366][  8]LogBlueprintUserMessages: [LobbyCharacterController_C_0] 1
[2018.08.27-03.37.39:382][  9]LogBlueprintUserMessages: [LobbyCharacterController_C_0] 1
[2018.08.27-03.37.39:398][ 10]LogBlueprintUserMessages: [LobbyCharacterController_C_0] 1
[2018.08.27-03.37.39:415][ 11]LogBlueprintUserMessages: [LobbyCharacterController_C_0] 1
[2018.08.27-03.37.39:431][ 12]LogBlueprintUserMessages: [LobbyCharacterController_C_0] 1
[2018.08.27-03.37.39:447][ 13]LogBlueprintUserMessages: [LobbyCharacterController_C_0] 1
[2018.08.27-03.37.39:463][ 14]LogBlueprintUserMessages: [LobbyCharacterController_C_0] 1
[2018.08.27-03.37.39:479][ 15]LogBlueprintUserMessages: [LobbyCharacterController_C_0] 1
[2018.08.27-03.37.39:495][ 16]LogBlueprintUserMessages: [LobbyCharacterController_C_0] 1
[2018.08.27-03.37.39:511][ 17]LogBlueprintUserMessages: [LobbyCharacterController_C_0] 1
[2018.08.27-03.37.39:528][ 18]LogBlueprintUserMessages: [LobbyCharacterController_C_0] 1
[2018.08.27-03.37.39:544][ 19]LogBlueprintUserMessages: [LobbyCharacterController_C_0] 1
[2018.08.27-03.37.39:560][ 20]LogBlueprintUserMessages: [LobbyCharacterController_C_0] 1
[2018.08.27-03.37.39:576][ 21]LogBlueprintUserMessages: [LobbyCharacterController_C_0] 1
[2018.08.27-03.37.39:592][ 22]LogBlueprintUserMessages: [LobbyCharacterController_C_0] 1
[2018.08.27-03.37.39:608][ 23]LogBlueprintUserMessages: [LobbyCharacterController_C_0] 1
[2018.08.27-03.37.39:625][ 24]LogBlueprintUserMessages: [LobbyCharacterController_C_0] 1
[2018.08.27-03.37.39:641][ 25]LogBlueprintUserMessages: [LobbyCharacterController_C_0] 1
[2018.08.27-03.37.39:657][ 26]LogBlueprintUserMessages: [LobbyCharacterController_C_0] 1
[2018.08.27-03.37.39:673][ 27]LogBlueprintUserMessages: [LobbyCharacterController_C_0] 1
[2018.08.27-03.37.39:689][ 28]LogBlueprintUserMessages: [LobbyCharacterController_C_0] 1
[2018.08.27-03.37.39:705][ 29]LogBlueprintUserMessages: [LobbyCharacterController_C_0] 1
[2018.08.27-03.37.39:722][ 30]LogBlueprintUserMessages: [LobbyCharacterController_C_0] 1
[2018.08.27-03.37.39:738][ 31]LogBlueprintUserMessages: [LobbyCharacterController_C_0] 1
[2018.08.27-03.37.39:754][ 32]LogBlueprintUserMessages: [LobbyCharacterController_C_0] 1
[2018.08.27-03.37.39:770][ 33]LogBlueprintUserMessages: [LobbyCharacterController_C_0] 1
[2018.08.27-03.37.39:786][ 34]LogBlueprintUserMessages: [LobbyCharacterController_C_0] 1
[2018.08.27-03.37.39:802][ 35]LogBlueprintUserMessages: [LobbyCharacterController_C_0] 1
[2018.08.27-03.37.39:818][ 36]LogBlueprintUserMessages: [LobbyCharacterController_C_0] 1
[2018.08.27-03.37.39:834][ 37]LogBlueprintUserMessages: [LobbyCharacterController_C_0] 1
[2018.08.27-03.37.39:851][ 38]LogBlueprintUserMessages: [LobbyCharacterController_C_0] 1
[2018.08.27-03.37.39:867][ 39]LogBlueprintUserMessages: [LobbyCharacterController_C_0] 1
[2018.08.27-03.37.39:883][ 40]LogBlueprintUserMessages: [LobbyCharacterController_C_0] 1
[2018.08.27-03.37.39:899][ 41]LogBlueprintUserMessages: [LobbyCharacterController_C_0] 1
[2018.08.27-03.37.39:915][ 42]LogBlueprintUserMessages: [LobbyCharacterController_C_0] 1
[2018.08.27-03.37.39:931][ 43]LogBlueprintUserMessages: [LobbyCharacterController_C_0] 1
[2018.08.27-03.37.39:947][ 44]LogBlueprintUserMessages: [LobbyCharacterController_C_0] 1
[2018.08.27-03.37.39:964][ 45]LogBlueprintUserMessages: [LobbyCharacterController_C_0] 1
[2018.08.27-03.37.39:980][ 46]LogBlueprintUserMessages: [LobbyCharacterController_C_0] 1
[2018.08.27-03.37.39:996][ 47]LogBlueprintUserMessages: [LobbyCharacterController_C_0] 1
[2018.08.27-03.37.40:012][ 48]LogBlueprintUserMessages: [LobbyCharacterController_C_0] 1
[2018.08.27-03.37.40:028][ 49]LogBlueprintUserMessages: [LobbyCharacterController_C_0] 1
[2018.08.27-03.37.40:045][ 50]LogBlueprintUserMessages: [LobbyCharacterController_C_0] 1
[2018.08.27-03.37.40:061][ 51]LogBlueprintUserMessages: [LobbyCharacterController_C_0] 1
[2018.08.27-03.37.40:077][ 52]LogBlueprintUserMessages: [LobbyCharacterController_C_0] 1
[2018.08.27-03.37.40:093][ 53]LogBlueprintUserMessages: [LobbyCharacterController_C_0] 1
[2018.08.27-03.37.40:109][ 54]LogBlueprintUserMessages: [LobbyCharacterController_C_0] 1
[2018.08.27-03.37.40:125][ 55]LogBlueprintUserMessages: [LobbyCharacterController_C_0] 1
[2018.08.27-03.37.40:142][ 56]LogBlueprintUserMessages: [LobbyCharacterController_C_0] 1
[2018.08.27-03.37.40:158][ 57]LogBlueprintUserMessages: [LobbyCharacterController_C_0] 1
[2018.08.27-03.37.40:174][ 58]LogBlueprintUserMessages: [LobbyCharacterController_C_0] 1
[2018.08.27-03.37.40:190][ 59]LogBlueprintUserMessages: [LobbyCharacterController_C_0] 1
[2018.08.27-03.37.40:206][ 60]LogBlueprintUserMessages: [LobbyCharacterController_C_0] 1
[2018.08.27-03.37.40:222][ 61]LogBlueprintUserMessages: [LobbyCharacterController_C_0] 1
[2018.08.27-03.37.40:238][ 62]LogBlueprintUserMessages: [LobbyCharacterController_C_0] 1
[2018.08.27-03.37.40:254][ 63]LogBlueprintUserMessages: [LobbyCharacterController_C_0] 1
[2018.08.27-03.37.40:272][ 64]LogBlueprintUserMessages: [LobbyCharacterController_C_0] 1
[2018.08.27-03.37.40:288][ 65]LogBlueprintUserMessages: [LobbyCharacterController_C_0] 1
[2018.08.27-03.37.40:304][ 66]LogBlueprintUserMessages: [LobbyCharacterController_C_0] 1
[2018.08.27-03.37.40:321][ 67]LogBlueprintUserMessages: [LobbyCharacterController_C_0] 1
[2018.08.27-03.37.40:336][ 68]LogBlueprintUserMessages: [LobbyCharacterController_C_0] 1
[2018.08.27-03.37.40:352][ 69]LogBlueprintUserMessages: [LobbyCharacterController_C_0] 1
[2018.08.27-03.37.40:369][ 70]LogBlueprintUserMessages: [LobbyCharacterController_C_0] 1
[2018.08.27-03.37.40:385][ 71]LogBlueprintUserMessages: [LobbyCharacterController_C_0] 1
[2018.08.27-03.37.40:401][ 72]LogBlueprintUserMessages: [LobbyCharacterController_C_0] 1
[2018.08.27-03.37.40:417][ 73]LogBlueprintUserMessages: [LobbyCharacterController_C_0] 1
[2018.08.27-03.37.40:433][ 74]LogBlueprintUserMessages: [LobbyCharacterController_C_0] 1
[2018.08.27-03.37.40:449][ 75]LogBlueprintUserMessages: [LobbyCharacterController_C_0] 1
[2018.08.27-03.37.40:465][ 76]LogBlueprintUserMessages: [LobbyCharacterController_C_0] 1
[2018.08.27-03.37.40:482][ 77]LogBlueprintUserMessages: [LobbyCharacterController_C_0] 1
[2018.08.27-03.37.40:498][ 78]LogBlueprintUserMessages: [LobbyCharacterController_C_0] 1
[2018.08.27-03.37.40:514][ 79]LogBlueprintUserMessages: [LobbyCharacterController_C_0] 1
[2018.08.27-03.37.40:531][ 80]LogBlueprintUserMessages: [LobbyCharacterController_C_0] 1
[2018.08.27-03.37.40:546][ 81]LogBlueprintUserMessages: [LobbyCharacterController_C_0] 1
[2018.08.27-03.37.40:562][ 82]LogBlueprintUserMessages: [LobbyCharacterController_C_0] 1
[2018.08.27-03.37.40:579][ 83]LogBlueprintUserMessages: [LobbyCharacterController_C_0] 1
[2018.08.27-03.37.40:596][ 84]LogBlueprintUserMessages: [LobbyCharacterController_C_0] 1
[2018.08.27-03.37.40:612][ 85]LogBlueprintUserMessages: [LobbyCharacterController_C_0] 1
[2018.08.27-03.37.40:628][ 86]LogBlueprintUserMessages: [LobbyCharacterController_C_0] 1
[2018.08.27-03.37.40:644][ 87]LogBlueprintUserMessages: [LobbyCharacterController_C_0] 1
[2018.08.27-03.37.40:661][ 88]LogBlueprintUserMessages: [LobbyCharacterController_C_0] 1
[2018.08.27-03.37.40:677][ 89]LogBlueprintUserMessages: [LobbyCharacterController_C_0] 1
[2018.08.27-03.37.40:693][ 90]LogBlueprintUserMessages: [LobbyCharacterController_C_0] 1
[2018.08.27-03.37.40:709][ 91]LogBlueprintUserMessages: [LobbyCharacterController_C_0] 1
[2018.08.27-03.37.40:725][ 92]LogBlueprintUserMessages: [LobbyCharacterController_C_0] 1
[2018.08.27-03.37.40:741][ 93]LogBlueprintUserMessages: [LobbyCharacterController_C_0] 1
[2018.08.27-03.37.40:757][ 94]LogBlueprintUserMessages: [LobbyCharacterController_C_0] 1
[2018.08.27-03.37.40:773][ 95]LogBlueprintUserMessages: [LobbyCharacterController_C_0] 1
[2018.08.27-03.37.40:789][ 96]LogBlueprintUserMessages: [LobbyCharacterController_C_0] 1
[2018.08.27-03.37.40:805][ 97]LogBlueprintUserMessages: [LobbyCharacterController_C_0] 1
[2018.08.27-03.37.40:822][ 98]LogBlueprintUserMessages: [LobbyCharacterController_C_0] 1
[2018.08.27-03.37.40:838][ 99]LogBlueprintUserMessages: [LobbyCharacterController_C_0] 1
[2018.08.27-03.37.40:854][100]LogBlueprintUserMessages: [LobbyCharacterController_C_0] 1
[2018.08.27-03.37.40:870][101]LogBlueprintUserMessages: [LobbyCharacterController_C_0] 1
[2018.08.27-03.37.40:886][102]LogBlueprintUserMessages: [LobbyCharacterController_C_0] 1
[2018.08.27-03.37.40:902][103]LogBlueprintUserMessages: [LobbyCharacterController_C_0] 1
[2018.08.27-03.37.40:918][104]LogBlueprintUserMessages: [LobbyCharacterController_C_0] 1
[2018.08.27-03.37.40:935][105]LogBlueprintUserMessages: [LobbyCharacterController_C_0] 1
[2018.08.27-03.37.40:951][106]LogBlueprintUserMessages: [LobbyCharacterController_C_0] 1
[2018.08.27-03.37.40:967][107]LogBlueprintUserMessages: [LobbyCharacterController_C_0] 1
[2018.08.27-03.37.40:983][108]LogBlueprintUserMessages: [LobbyCharacterController_C_0] 1
[2018.08.27-03.37.41:000][109]LogBlueprintUserMessages: [LobbyCharacterController_C_0] 1
[2018.08.27-03.37.41:015][110]LogBlueprintUserMessages: [LobbyCharacterController_C_0] 1
[2018.08.27-03.37.41:032][111]LogBlueprintUserMessages: [LobbyCharacterController_C_0] 1
[2018.08.27-03.37.41:049][112]LogBlueprintUserMessages: [LobbyCharacterController_C_0] 1
[2018.08.27-03.37.41:064][113]LogBlueprintUserMessages: [LobbyCharacterController_C_0] 1
[2018.08.27-03.37.41:081][114]LogBlueprintUserMessages: [LobbyCharacterController_C_0] 1
[2018.08.27-03.37.41:098][115]LogBlueprintUserMessages: [LobbyCharacterController_C_0] 1
[2018.08.27-03.37.41:113][116]LogBlueprintUserMessages: [LobbyCharacterController_C_0] 1
[2018.08.27-03.37.41:129][117]LogBlueprintUserMessages: [LobbyCharacterController_C_0] 1
[2018.08.27-03.37.41:146][118]LogBlueprintUserMessages: [LobbyCharacterController_C_0] 1
[2018.08.27-03.37.41:161][119]LogBlueprintUserMessages: [LobbyCharacterController_C_0] 1
[2018.08.27-03.37.41:178][120]LogBlueprintUserMessages: [LobbyCharacterController_C_0] 1
[2018.08.27-03.37.41:193][121]LogBlueprintUserMessages: [LobbyCharacterController_C_0] 1
[2018.08.27-03.37.41:211][122]LogBlueprintUserMessages: [LobbyCharacterController_C_0] 1
[2018.08.27-03.37.41:226][123]LogBlueprintUserMessages: [LobbyCharacterController_C_0] 1
[2018.08.27-03.37.41:242][124]LogBlueprintUserMessages: [LobbyCharacterController_C_0] 1
[2018.08.27-03.37.41:258][125]LogBlueprintUserMessages: [LobbyCharacterController_C_0] 1
[2018.08.27-03.37.41:274][126]LogBlueprintUserMessages: [LobbyCharacterController_C_0] 1
[2018.08.27-03.37.41:291][127]LogBlueprintUserMessages: [LobbyCharacterController_C_0] 1
[2018.08.27-03.37.41:307][128]LogBlueprintUserMessages: [LobbyCharacterController_C_0] 1
[2018.08.27-03.37.41:322][129]LogBlueprintUserMessages: [LobbyCharacterController_C_0] 1
[2018.08.27-03.37.41:339][130]LogBlueprintUserMessages: [LobbyCharacterController_C_0] 1
[2018.08.27-03.37.41:355][131]LogBlueprintUserMessages: [LobbyCharacterController_C_0] 1
[2018.08.27-03.37.41:371][132]LogBlueprintUserMessages: [LobbyCharacterController_C_0] 1
[2018.08.27-03.37.41:387][133]LogBlueprintUserMessages: [LobbyCharacterController_C_0] 1
[2018.08.27-03.37.41:403][134]LogBlueprintUserMessages: [LobbyCharacterController_C_0] 1
[2018.08.27-03.37.41:419][135]LogBlueprintUserMessages: [LobbyCharacterController_C_0] 1
[2018.08.27-03.37.41:435][136]LogBlueprintUserMessages: [LobbyCharacterController_C_0] 1
[2018.08.27-03.37.41:452][137]LogBlueprintUserMessages: [LobbyCharacterController_C_0] 1
[2018.08.27-03.37.41:468][138]LogBlueprintUserMessages: [LobbyCharacterController_C_0] 1
[2018.08.27-03.37.41:484][139]LogBlueprintUserMessages: [LobbyCharacterController_C_0] 1
[2018.08.27-03.37.41:500][140]LogBlueprintUserMessages: [LobbyCharacterController_C_0] 1
[2018.08.27-03.37.41:516][141]LogBlueprintUserMessages: [LobbyCharacterController_C_0] 1
[2018.08.27-03.37.41:533][142]LogBlueprintUserMessages: [LobbyCharacterController_C_0] 1
[2018.08.27-03.37.41:548][143]LogBlueprintUserMessages: [LobbyCharacterController_C_0] 1
[2018.08.27-03.37.41:565][144]LogBlueprintUserMessages: [LobbyCharacterController_C_0] 1
[2018.08.27-03.37.41:581][145]LogBlueprintUserMessages: [LobbyCharacterController_C_0] 1
[2018.08.27-03.37.41:597][146]LogBlueprintUserMessages: [LobbyCharacterController_C_0] 1
[2018.08.27-03.37.41:613][147]LogBlueprintUserMessages: [LobbyCharacterController_C_0] 1
[2018.08.27-03.37.41:629][148]LogBlueprintUserMessages: [LobbyCharacterController_C_0] 1
[2018.08.27-03.37.41:645][149]LogBlueprintUserMessages: [LobbyCharacterController_C_0] 1
[2018.08.27-03.37.41:661][150]LogBlueprintUserMessages: [LobbyCharacterController_C_0] 1
[2018.08.27-03.37.41:677][151]LogBlueprintUserMessages: [LobbyCharacterController_C_0] 1
[2018.08.27-03.37.41:693][152]LogBlueprintUserMessages: [LobbyCharacterController_C_0] 1
[2018.08.27-03.37.41:709][153]LogBlueprintUserMessages: [LobbyCharacterController_C_0] 1
[2018.08.27-03.37.41:725][154]LogBlueprintUserMessages: [LobbyCharacterController_C_0] 1
[2018.08.27-03.37.41:742][155]LogBlueprintUserMessages: [LobbyCharacterController_C_0] 1
[2018.08.27-03.37.41:758][156]LogBlueprintUserMessages: [LobbyCharacterController_C_0] 1
[2018.08.27-03.37.41:774][157]LogBlueprintUserMessages: [LobbyCharacterController_C_0] 1
[2018.08.27-03.37.41:790][158]LogBlueprintUserMessages: [LobbyCharacterController_C_0] 1
[2018.08.27-03.37.41:806][159]LogBlueprintUserMessages: [LobbyCharacterController_C_0] 1
[2018.08.27-03.37.41:822][160]LogBlueprintUserMessages: [LobbyCharacterController_C_0] 1
[2018.08.27-03.37.41:838][161]LogBlueprintUserMessages: [LobbyCharacterController_C_0] 1
[2018.08.27-03.37.41:855][162]LogBlueprintUserMessages: [LobbyCharacterController_C_0] 1
[2018.08.27-03.37.41:871][163]LogBlueprintUserMessages: [LobbyCharacterController_C_0] 1
[2018.08.27-03.37.41:887][164]LogBlueprintUserMessages: [LobbyCharacterController_C_0] 1
[2018.08.27-03.37.41:903][165]LogBlueprintUserMessages: [LobbyCharacterController_C_0] 1
[2018.08.27-03.37.41:920][166]LogBlueprintUserMessages: [LobbyCharacterController_C_0] 1
[2018.08.27-03.37.41:936][167]LogBlueprintUserMessages: [LobbyCharacterController_C_0] 1
[2018.08.27-03.37.41:952][168]LogBlueprintUserMessages: [LobbyCharacterController_C_0] 1
[2018.08.27-03.37.41:968][169]LogBlueprintUserMessages: [LobbyCharacterController_C_0] 1
[2018.08.27-03.37.41:984][170]LogBlueprintUserMessages: [LobbyCharacterController_C_0] 1
[2018.08.27-03.37.42:001][171]LogBlueprintUserMessages: [LobbyCharacterController_C_0] 1
[2018.08.27-03.37.42:016][172]LogBlueprintUserMessages: [LobbyCharacterController_C_0] 1
[2018.08.27-03.37.42:034][173]LogBlueprintUserMessages: [LobbyCharacterController_C_0] 1
[2018.08.27-03.37.42:049][174]LogBlueprintUserMessages: [LobbyCharacterController_C_0] 1
[2018.08.27-03.37.42:065][175]LogBlueprintUserMessages: [LobbyCharacterController_C_0] 1
[2018.08.27-03.37.42:082][176]LogBlueprintUserMessages: [LobbyCharacterController_C_0] 1
[2018.08.27-03.37.42:097][177]LogBlueprintUserMessages: [LobbyCharacterController_C_0] 1
[2018.08.27-03.37.42:113][178]LogBlueprintUserMessages: [LobbyCharacterController_C_0] 1
[2018.08.27-03.37.42:129][179]LogBlueprintUserMessages: [LobbyCharacterController_C_0] 1
[2018.08.27-03.37.42:146][180]LogBlueprintUserMessages: [LobbyCharacterController_C_0] 1
[2018.08.27-03.37.42:162][181]LogBlueprintUserMessages: [LobbyCharacterController_C_0] 1
[2018.08.27-03.37.42:178][182]LogBlueprintUserMessages: [LobbyCharacterController_C_0] 1
[2018.08.27-03.37.42:194][183]LogBlueprintUserMessages: [LobbyCharacterController_C_0] 1
[2018.08.27-03.37.42:211][184]LogBlueprintUserMessages: [LobbyCharacterController_C_0] 1
[2018.08.27-03.37.42:226][185]LogBlueprintUserMessages: [LobbyCharacterController_C_0] 1
[2018.08.27-03.37.42:243][186]LogBlueprintUserMessages: [LobbyCharacterController_C_0] 1
[2018.08.27-03.37.42:258][187]LogBlueprintUserMessages: [LobbyCharacterController_C_0] 1
[2018.08.27-03.37.42:275][188]LogBlueprintUserMessages: [LobbyCharacterController_C_0] 1
[2018.08.27-03.37.42:291][189]LogBlueprintUserMessages: [LobbyCharacterController_C_0] 1
[2018.08.27-03.37.42:307][190]LogBlueprintUserMessages: [LobbyCharacterController_C_0] 1
[2018.08.27-03.37.42:323][191]LogBlueprintUserMessages: [LobbyCharacterController_C_0] 1
[2018.08.27-03.37.42:339][192]LogBlueprintUserMessages: [LobbyCharacterController_C_0] 1
[2018.08.27-03.37.42:355][193]LogBlueprintUserMessages: [LobbyCharacterController_C_0] 1
[2018.08.27-03.37.42:371][194]LogBlueprintUserMessages: [LobbyCharacterController_C_0] 1
[2018.08.27-03.37.42:387][195]LogBlueprintUserMessages: [LobbyCharacterController_C_0] 1
[2018.08.27-03.37.42:403][196]LogBlueprintUserMessages: [LobbyCharacterController_C_0] 1
[2018.08.27-03.37.42:421][197]LogBlueprintUserMessages: [LobbyCharacterController_C_0] 1
[2018.08.27-03.37.42:436][198]LogBlueprintUserMessages: [LobbyCharacterController_C_0] 1
[2018.08.27-03.37.42:452][199]LogBlueprintUserMessages: [LobbyCharacterController_C_0] 1
[2018.08.27-03.37.42:469][200]LogBlueprintUserMessages: [LobbyCharacterController_C_0] 1
[2018.08.27-03.37.42:484][201]LogBlueprintUserMessages: [LobbyCharacterController_C_0] 1
[2018.08.27-03.37.42:500][202]LogBlueprintUserMessages: [LobbyCharacterController_C_0] 1
[2018.08.27-03.37.42:516][203]LogBlueprintUserMessages: [LobbyCharacterController_C_0] 1
[2018.08.27-03.37.42:533][204]LogBlueprintUserMessages: [LobbyCharacterController_C_0] 1
[2018.08.27-03.37.42:549][205]LogBlueprintUserMessages: [LobbyCharacterController_C_0] 1
[2018.08.27-03.37.42:565][206]LogBlueprintUserMessages: [LobbyCharacterController_C_0] 1
[2018.08.27-03.37.42:581][207]LogBlueprintUserMessages: [LobbyCharacterController_C_0] 1
[2018.08.27-03.37.42:597][208]LogBlueprintUserMessages: [LobbyCharacterController_C_0] 1
[2018.08.27-03.37.42:613][209]LogBlueprintUserMessages: [LobbyCharacterController_C_0] 1
[2018.08.27-03.37.42:630][210]LogBlueprintUserMessages: [LobbyCharacterController_C_0] 1
[2018.08.27-03.37.42:646][211]LogBlueprintUserMessages: [LobbyCharacterController_C_0] 1
[2018.08.27-03.37.42:662][212]LogBlueprintUserMessages: [LobbyCharacterController_C_0] 1
[2018.08.27-03.37.42:678][213]LogBlueprintUserMessages: [LobbyCharacterController_C_0] 1
[2018.08.27-03.37.42:694][214]LogBlueprintUserMessages: [LobbyCharacterController_C_0] 1
[2018.08.27-03.37.42:710][215]LogBlueprintUserMessages: [LobbyCharacterController_C_0] 1
[2018.08.27-03.37.42:726][216]LogBlueprintUserMessages: [LobbyCharacterController_C_0] 1
[2018.08.27-03.37.42:742][217]LogBlueprintUserMessages: [LobbyCharacterController_C_0] 1
[2018.08.27-03.37.42:758][218]LogBlueprintUserMessages: [LobbyCharacterController_C_0] 1
[2018.08.27-03.37.42:775][219]LogBlueprintUserMessages: [LobbyCharacterController_C_0] 1
[2018.08.27-03.37.42:791][220]LogBlueprintUserMessages: [LobbyCharacterController_C_0] 1
[2018.08.27-03.37.42:808][221]LogBlueprintUserMessages: [LobbyCharacterController_C_0] 1
[2018.08.27-03.37.42:824][222]LogBlueprintUserMessages: [LobbyCharacterController_C_0] 1
[2018.08.27-03.37.42:840][223]LogBlueprintUserMessages: [LobbyCharacterController_C_0] 1
[2018.08.27-03.37.42:856][224]LogBlueprintUserMessages: [LobbyCharacterController_C_0] 1
[2018.08.27-03.37.42:872][225]LogBlueprintUserMessages: [LobbyCharacterController_C_0] 1
[2018.08.27-03.37.42:888][226]LogBlueprintUserMessages: [LobbyCharacterController_C_0] 1
[2018.08.27-03.37.42:904][227]LogBlueprintUserMessages: [LobbyCharacterController_C_0] 1
[2018.08.27-03.37.42:921][228]LogBlueprintUserMessages: [LobbyCharacterController_C_0] 1
[2018.08.27-03.37.42:937][229]LogBlueprintUserMessages: [LobbyCharacterController_C_0] 1
[2018.08.27-03.37.42:952][230]LogBlueprintUserMessages: [LobbyCharacterController_C_0] 1
[2018.08.27-03.37.42:969][231]LogBlueprintUserMessages: [LobbyCharacterController_C_0] 1
[2018.08.27-03.37.42:985][232]LogBlueprintUserMessages: [LobbyCharacterController_C_0] 1
[2018.08.27-03.37.43:001][233]LogBlueprintUserMessages: [LobbyCharacterController_C_0] 1
[2018.08.27-03.37.43:017][234]LogBlueprintUserMessages: [LobbyCharacterController_C_0] 1
[2018.08.27-03.37.43:034][235]LogBlueprintUserMessages: [LobbyCharacterController_C_0] 1
[2018.08.27-03.37.43:050][236]LogBlueprintUserMessages: [LobbyCharacterController_C_0] 1
[2018.08.27-03.37.43:066][237]LogBlueprintUserMessages: [LobbyCharacterController_C_0] 1
[2018.08.27-03.37.43:082][238]LogBlueprintUserMessages: [LobbyCharacterController_C_0] 1
[2018.08.27-03.37.43:098][239]LogBlueprintUserMessages: [LobbyCharacterController_C_0] 1
[2018.08.27-03.37.43:114][240]LogBlueprintUserMessages: [LobbyCharacterController_C_0] 1
[2018.08.27-03.37.43:131][241]LogBlueprintUserMessages: [LobbyCharacterController_C_0] 1
[2018.08.27-03.37.43:147][242]LogBlueprintUserMessages: [LobbyCharacterController_C_0] 1
[2018.08.27-03.37.43:163][243]LogBlueprintUserMessages: [LobbyCharacterController_C_0] 1
[2018.08.27-03.37.43:180][244]LogBlueprintUserMessages: [LobbyCharacterController_C_0] 1
[2018.08.27-03.37.43:196][245]LogBlueprintUserMessages: [LobbyCharacterController_C_0] 1
[2018.08.27-03.37.43:212][246]LogBlueprintUserMessages: [LobbyCharacterController_C_0] 1
[2018.08.27-03.37.43:228][247]LogBlueprintUserMessages: [LobbyCharacterController_C_0] 1
[2018.08.27-03.37.43:243][248]LogBlueprintUserMessages: [LobbyCharacterController_C_0] 1
[2018.08.27-03.37.43:260][249]LogBlueprintUserMessages: [LobbyCharacterController_C_0] 1
[2018.08.27-03.37.43:276][250]LogBlueprintUserMessages: [LobbyCharacterController_C_0] 1
[2018.08.27-03.37.43:293][251]LogBlueprintUserMessages: [LobbyCharacterController_C_0] 1
[2018.08.27-03.37.43:309][252]LogBlueprintUserMessages: [LobbyCharacterController_C_0] 1
[2018.08.27-03.37.43:325][253]LogBlueprintUserMessages: [LobbyCharacterController_C_0] 1
[2018.08.27-03.37.43:341][254]LogBlueprintUserMessages: [LobbyCharacterController_C_0] 1
[2018.08.27-03.37.43:357][255]LogBlueprintUserMessages: [LobbyCharacterController_C_0] 1
[2018.08.27-03.37.43:373][256]LogBlueprintUserMessages: [LobbyCharacterController_C_0] 1
[2018.08.27-03.37.43:389][257]LogBlueprintUserMessages: [LobbyCharacterController_C_0] 1
[2018.08.27-03.37.43:405][258]LogBlueprintUserMessages: [LobbyCharacterController_C_0] 1
[2018.08.27-03.37.43:422][259]LogBlueprintUserMessages: [LobbyCharacterController_C_0] 1
[2018.08.27-03.37.43:438][260]LogBlueprintUserMessages: [LobbyCharacterController_C_0] 1
[2018.08.27-03.37.43:454][261]LogBlueprintUserMessages: [LobbyCharacterController_C_0] 1
[2018.08.27-03.37.43:470][262]LogBlueprintUserMessages: [LobbyCharacterController_C_0] 1
[2018.08.27-03.37.43:486][263]LogBlueprintUserMessages: [LobbyCharacterController_C_0] 1
[2018.08.27-03.37.43:503][264]LogBlueprintUserMessages: [LobbyCharacterController_C_0] 1
[2018.08.27-03.37.43:519][265]LogBlueprintUserMessages: [LobbyCharacterController_C_0] 1
[2018.08.27-03.37.43:535][266]LogBlueprintUserMessages: [LobbyCharacterController_C_0] 1
[2018.08.27-03.37.43:551][267]LogBlueprintUserMessages: [LobbyCharacterController_C_0] 1
[2018.08.27-03.37.43:567][268]LogBlueprintUserMessages: [LobbyCharacterController_C_0] 1
[2018.08.27-03.37.43:583][269]LogBlueprintUserMessages: [LobbyCharacterController_C_0] 1
[2018.08.27-03.37.43:599][270]LogBlueprintUserMessages: [LobbyCharacterController_C_0] 1
[2018.08.27-03.37.43:615][271]LogBlueprintUserMessages: [LobbyCharacterController_C_0] 1
[2018.08.27-03.37.43:632][272]LogBlueprintUserMessages: [LobbyCharacterController_C_0] 1
[2018.08.27-03.37.43:648][273]LogBlueprintUserMessages: [LobbyCharacterController_C_0] 1
[2018.08.27-03.37.43:664][274]LogBlueprintUserMessages: [LobbyCharacterController_C_0] 1
[2018.08.27-03.37.43:681][275]LogBlueprintUserMessages: [LobbyCharacterController_C_0] 1
[2018.08.27-03.37.43:696][276]LogBlueprintUserMessages: [LobbyCharacterController_C_0] 1
[2018.08.27-03.37.43:712][277]LogBlueprintUserMessages: [LobbyCharacterController_C_0] 1
[2018.08.27-03.37.43:728][278]LogBlueprintUserMessages: [LobbyCharacterController_C_0] 1
[2018.08.27-03.37.43:744][279]LogBlueprintUserMessages: [LobbyCharacterController_C_0] 1
[2018.08.27-03.37.43:760][280]LogBlueprintUserMessages: [LobbyCharacterController_C_0] 1
[2018.08.27-03.37.43:776][281]LogBlueprintUserMessages: [LobbyCharacterController_C_0] 1
[2018.08.27-03.37.43:792][282]LogBlueprintUserMessages: [LobbyCharacterController_C_0] 1
[2018.08.27-03.37.43:809][283]LogBlueprintUserMessages: [LobbyCharacterController_C_0] 1
[2018.08.27-03.37.43:826][284]LogBlueprintUserMessages: [LobbyCharacterController_C_0] 1
[2018.08.27-03.37.43:841][285]LogBlueprintUserMessages: [LobbyCharacterController_C_0] 1
[2018.08.27-03.37.43:857][286]LogBlueprintUserMessages: [LobbyCharacterController_C_0] 1
[2018.08.27-03.37.43:873][287]LogBlueprintUserMessages: [LobbyCharacterController_C_0] 1
[2018.08.27-03.37.43:889][288]LogBlueprintUserMessages: [LobbyCharacterController_C_0] 1
[2018.08.27-03.37.43:905][289]LogBlueprintUserMessages: [LobbyCharacterController_C_0] 1
[2018.08.27-03.37.43:921][290]LogBlueprintUserMessages: [LobbyCharacterController_C_0] 1
[2018.08.27-03.37.43:938][291]LogBlueprintUserMessages: [LobbyCharacterController_C_0] 1
[2018.08.27-03.37.43:954][292]LogBlueprintUserMessages: [LobbyCharacterController_C_0] 1
[2018.08.27-03.37.43:970][293]LogBlueprintUserMessages: [LobbyCharacterController_C_0] 1
[2018.08.27-03.37.43:986][294]LogBlueprintUserMessages: [LobbyCharacterController_C_0] 1
[2018.08.27-03.37.44:002][295]LogBlueprintUserMessages: [LobbyCharacterController_C_0] 1
[2018.08.27-03.37.44:018][296]LogBlueprintUserMessages: [LobbyCharacterController_C_0] 1
[2018.08.27-03.37.44:034][297]LogBlueprintUserMessages: [LobbyCharacterController_C_0] 1
[2018.08.27-03.37.44:051][298]LogBlueprintUserMessages: [LobbyCharacterController_C_0] 1
[2018.08.27-03.37.44:067][299]LogBlueprintUserMessages: [LobbyCharacterController_C_0] 1
[2018.08.27-03.37.44:083][300]LogBlueprintUserMessages: [LobbyCharacterController_C_0] 1
[2018.08.27-03.37.44:099][301]LogBlueprintUserMessages: [LobbyCharacterController_C_0] 1
[2018.08.27-03.37.44:115][302]LogBlueprintUserMessages: [LobbyCharacterController_C_0] 1
[2018.08.27-03.37.44:131][303]LogBlueprintUserMessages: [LobbyCharacterController_C_0] 1
[2018.08.27-03.37.44:147][304]LogSlate: FSceneViewport::OnFocusLost() reason 0
[2018.08.27-03.37.44:148][304]LogBlueprintUserMessages: [LobbyCharacterController_C_0] 1
[2018.08.27-03.37.44:163][305]LogBlueprintUserMessages: [LobbyCharacterController_C_0] 1
[2018.08.27-03.37.44:180][306]LogBlueprintUserMessages: [LobbyCharacterController_C_0] 1
[2018.08.27-03.37.44:196][307]LogBlueprintUserMessages: [LobbyCharacterController_C_0] 1
[2018.08.27-03.37.44:212][308]LogBlueprintUserMessages: [LobbyCharacterController_C_0] 1
[2018.08.27-03.37.44:228][309]LogBlueprintUserMessages: [LobbyCharacterController_C_0] 1
[2018.08.27-03.37.44:244][310]LogBlueprintUserMessages: [LobbyCharacterController_C_0] 1
[2018.08.27-03.37.44:260][311]LogBlueprintUserMessages: [LobbyCharacterController_C_0] 1
[2018.08.27-03.37.44:276][312]LogScript: Warning: Accessed None trying to read property CallFunc_GetOwningPlayerPawn_ReturnValue2
	CharacterSelect_C /Engine/Transient.GameEngine_0:GameInfoInstance_C_0.CharacterSelect_C_0
	Function /Game/UI/Lobby/CharacterSelect.CharacterSelect_C:ExecuteUbergraph_CharacterSelect:0346
[2018.08.27-03.37.44:277][312]LogScript: Warning: Script call stack:
	Function /Game/UI/Lobby/CharacterSelect.CharacterSelect_C:BndEvt__Button_Character3_K2Node_ComponentBoundEvent_2_OnButtonClickedEvent__DelegateSignature
	Function /Game/UI/Lobby/CharacterSelect.CharacterSelect_C:ExecuteUbergraph_CharacterSelect

[2018.08.27-03.37.44:284][312]LogBlueprintUserMessages: [LobbyCharacterController_C_0] 1
[2018.08.27-03.37.44:293][313]LogBlueprintUserMessages: [LobbyCharacterController_C_0] 1
[2018.08.27-03.37.44:309][314]LogBlueprintUserMessages: [LobbyCharacterController_C_0] 1
[2018.08.27-03.37.44:325][315]LogBlueprintUserMessages: [LobbyCharacterController_C_0] 1
[2018.08.27-03.37.44:341][316]LogBlueprintUserMessages: [LobbyCharacterController_C_0] 1
[2018.08.27-03.37.44:357][317]LogBlueprintUserMessages: [LobbyCharacterController_C_0] 1
[2018.08.27-03.37.44:374][318]LogBlueprintUserMessages: [LobbyCharacterController_C_0] 1
[2018.08.27-03.37.44:390][319]LogBlueprintUserMessages: [LobbyCharacterController_C_0] 1
[2018.08.27-03.37.44:406][320]LogBlueprintUserMessages: [LobbyCharacterController_C_0] 1
[2018.08.27-03.37.44:422][321]LogBlueprintUserMessages: [LobbyCharacterController_C_0] 1
[2018.08.27-03.37.44:438][322]LogBlueprintUserMessages: [LobbyCharacterController_C_0] 1
[2018.08.27-03.37.44:455][323]LogBlueprintUserMessages: [LobbyCharacterController_C_0] 1
[2018.08.27-03.37.44:471][324]LogBlueprintUserMessages: [LobbyCharacterController_C_0] 1
[2018.08.27-03.37.44:487][325]LogBlueprintUserMessages: [LobbyCharacterController_C_0] 1
[2018.08.27-03.37.44:503][326]LogBlueprintUserMessages: [LobbyCharacterController_C_0] 1
[2018.08.27-03.37.44:519][327]LogBlueprintUserMessages: [LobbyCharacterController_C_0] 1
[2018.08.27-03.37.44:536][328]LogBlueprintUserMessages: [LobbyCharacterController_C_0] 1
[2018.08.27-03.37.44:551][329]LogBlueprintUserMessages: [LobbyCharacterController_C_0] 1
[2018.08.27-03.37.44:568][330]LogBlueprintUserMessages: [LobbyCharacterController_C_0] 1
[2018.08.27-03.37.44:584][331]LogBlueprintUserMessages: [LobbyCharacterController_C_0] 1
[2018.08.27-03.37.44:600][332]LogBlueprintUserMessages: [LobbyCharacterController_C_0] 1
[2018.08.27-03.37.44:616][333]LogBlueprintUserMessages: [LobbyCharacterController_C_0] 1
[2018.08.27-03.37.44:632][334]LogBlueprintUserMessages: [LobbyCharacterController_C_0] 1
[2018.08.27-03.37.44:648][335]LogBlueprintUserMessages: [LobbyCharacterController_C_0] 1
[2018.08.27-03.37.44:664][336]LogBlueprintUserMessages: [LobbyCharacterController_C_0] 1
[2018.08.27-03.37.44:680][337]LogBlueprintUserMessages: [LobbyCharacterController_C_0] 1
[2018.08.27-03.37.44:697][338]LogBlueprintUserMessages: [LobbyCharacterController_C_0] 1
[2018.08.27-03.37.44:713][339]LogBlueprintUserMessages: [LobbyCharacterController_C_0] 1
[2018.08.27-03.37.44:729][340]LogBlueprintUserMessages: [LobbyCharacterController_C_0] 1
[2018.08.27-03.37.44:745][341]LogBlueprintUserMessages: [LobbyCharacterController_C_0] 1
[2018.08.27-03.37.44:761][342]LogBlueprintUserMessages: [LobbyCharacterController_C_0] 1
[2018.08.27-03.37.44:777][343]LogBlueprintUserMessages: [LobbyCharacterController_C_0] 1
[2018.08.27-03.37.44:794][344]LogBlueprintUserMessages: [LobbyCharacterController_C_0] 1
[2018.08.27-03.37.44:810][345]LogBlueprintUserMessages: [LobbyCharacterController_C_0] 1
[2018.08.27-03.37.44:826][346]LogBlueprintUserMessages: [LobbyCharacterController_C_0] 1
[2018.08.27-03.37.44:842][347]LogBlueprintUserMessages: [LobbyCharacterController_C_0] 1
[2018.08.27-03.37.44:859][348]LogBlueprintUserMessages: [LobbyCharacterController_C_0] 1
[2018.08.27-03.37.44:874][349]LogBlueprintUserMessages: [LobbyCharacterController_C_0] 1
[2018.08.27-03.37.44:890][350]LogBlueprintUserMessages: [LobbyCharacterController_C_0] 1
[2018.08.27-03.37.44:906][351]LogBlueprintUserMessages: [LobbyCharacterController_C_0] 1
[2018.08.27-03.37.44:923][352]LogBlueprintUserMessages: [LobbyCharacterController_C_0] 1
[2018.08.27-03.37.44:939][353]LogBlueprintUserMessages: [LobbyCharacterController_C_0] 1
[2018.08.27-03.37.44:961][354]LogBlueprintUserMessages: [LobbyCharacterController_C_0] 1
[2018.08.27-03.37.44:971][355]LogBlueprintUserMessages: [LobbyCharacterController_C_0] 1
[2018.08.27-03.37.44:987][356]LogBlueprintUserMessages: [LobbyCharacterController_C_0] 1
[2018.08.27-03.37.45:003][357]LogBlueprintUserMessages: [LobbyCharacterController_C_0] 1
[2018.08.27-03.37.45:020][358]LogBlueprintUserMessages: [LobbyCharacterController_C_0] 1
[2018.08.27-03.37.45:036][359]LogBlueprintUserMessages: [LobbyCharacterController_C_0] 1
[2018.08.27-03.37.45:052][360]LogBlueprintUserMessages: [LobbyCharacterController_C_0] 1
[2018.08.27-03.37.45:068][361]LogBlueprintUserMessages: [LobbyCharacterController_C_0] 1
[2018.08.27-03.37.45:084][362]LogBlueprintUserMessages: [LobbyCharacterController_C_0] 1
[2018.08.27-03.37.45:100][363]LogBlueprintUserMessages: [LobbyCharacterController_C_0] 1
[2018.08.27-03.37.45:116][364]LogBlueprintUserMessages: [LobbyCharacterController_C_0] 1
[2018.08.27-03.37.45:133][365]LogBlueprintUserMessages: [LobbyCharacterController_C_0] 1
[2018.08.27-03.37.45:149][366]LogBlueprintUserMessages: [LobbyCharacterController_C_0] 1
[2018.08.27-03.37.45:165][367]LogBlueprintUserMessages: [LobbyCharacterController_C_0] 1
[2018.08.27-03.37.45:181][368]LogBlueprintUserMessages: [LobbyCharacterController_C_0] 1
[2018.08.27-03.37.45:197][369]LogBlueprintUserMessages: [LobbyCharacterController_C_0] 1
[2018.08.27-03.37.45:214][370]LogBlueprintUserMessages: [LobbyCharacterController_C_0] 1
[2018.08.27-03.37.45:231][371]LogBlueprintUserMessages: [LobbyCharacterController_C_0] 1
[2018.08.27-03.37.45:245][372]LogBlueprintUserMessages: [LobbyCharacterController_C_0] 1
[2018.08.27-03.37.45:261][373]LogBlueprintUserMessages: [LobbyCharacterController_C_0] 1
[2018.08.27-03.37.45:278][374]LogBlueprintUserMessages: [LobbyCharacterController_C_0] 1
[2018.08.27-03.37.45:294][375]LogBlueprintUserMessages: [LobbyCharacterController_C_0] 1
[2018.08.27-03.37.45:310][376]LogBlueprintUserMessages: [LobbyCharacterController_C_0] 1
[2018.08.27-03.37.45:326][377]LogBlueprintUserMessages: [LobbyCharacterController_C_0] 1
[2018.08.27-03.37.45:342][378]LogBlueprintUserMessages: [LobbyCharacterController_C_0] 1
[2018.08.27-03.37.45:359][379]LogBlueprintUserMessages: [LobbyCharacterController_C_0] 1
[2018.08.27-03.37.45:375][380]LogBlueprintUserMessages: [LobbyCharacterController_C_0] 1
[2018.08.27-03.37.45:391][381]LogBlueprintUserMessages: [LobbyCharacterController_C_0] 1
[2018.08.27-03.37.45:407][382]LogBlueprintUserMessages: [LobbyCharacterController_C_0] 1
[2018.08.27-03.37.45:424][383]LogBlueprintUserMessages: [LobbyCharacterController_C_0] 1
[2018.08.27-03.37.45:439][384]LogBlueprintUserMessages: [LobbyCharacterController_C_0] 1
[2018.08.27-03.37.45:456][385]LogBlueprintUserMessages: [LobbyCharacterController_C_0] 1
[2018.08.27-03.37.45:471][386]LogBlueprintUserMessages: [LobbyCharacterController_C_0] 1
[2018.08.27-03.37.45:487][387]LogBlueprintUserMessages: [LobbyCharacterController_C_0] 1
[2018.08.27-03.37.45:504][388]LogBlueprintUserMessages: [LobbyCharacterController_C_0] 1
[2018.08.27-03.37.45:521][389]LogBlueprintUserMessages: [LobbyCharacterController_C_0] 1
[2018.08.27-03.37.45:537][390]LogBlueprintUserMessages: [LobbyCharacterController_C_0] 1
[2018.08.27-03.37.45:553][391]LogBlueprintUserMessages: [LobbyCharacterController_C_0] 1
[2018.08.27-03.37.45:569][392]LogBlueprintUserMessages: [LobbyCharacterController_C_0] 1
[2018.08.27-03.37.45:585][393]LogBlueprintUserMessages: [LobbyCharacterController_C_0] 1
[2018.08.27-03.37.45:601][394]LogBlueprintUserMessages: [LobbyCharacterController_C_0] 1
[2018.08.27-03.37.45:617][395]LogBlueprintUserMessages: [LobbyCharacterController_C_0] 1
[2018.08.27-03.37.45:633][396]LogBlueprintUserMessages: [LobbyCharacterController_C_0] 1
[2018.08.27-03.37.45:650][397]LogBlueprintUserMessages: [LobbyCharacterController_C_0] 1
[2018.08.27-03.37.45:666][398]LogBlueprintUserMessages: [LobbyCharacterController_C_0] 1
[2018.08.27-03.37.45:682][399]LogBlueprintUserMessages: [LobbyCharacterController_C_0] 1
[2018.08.27-03.37.45:698][400]LogBlueprintUserMessages: [LobbyCharacterController_C_0] 1
[2018.08.27-03.37.45:714][401]LogBlueprintUserMessages: [LobbyCharacterController_C_0] 1
[2018.08.27-03.37.45:730][402]LogBlueprintUserMessages: [LobbyCharacterController_C_0] 1
[2018.08.27-03.37.45:746][403]LogBlueprintUserMessages: [LobbyCharacterController_C_0] 1
[2018.08.27-03.37.45:762][404]LogBlueprintUserMessages: [LobbyCharacterController_C_0] 1
[2018.08.27-03.37.45:778][405]LogBlueprintUserMessages: [LobbyCharacterController_C_0] 1
[2018.08.27-03.37.45:795][406]LogBlueprintUserMessages: [LobbyCharacterController_C_0] 1
[2018.08.27-03.37.45:810][407]LogBlueprintUserMessages: [LobbyCharacterController_C_0] 1
[2018.08.27-03.37.45:826][408]LogBlueprintUserMessages: [LobbyCharacterController_C_0] 1
[2018.08.27-03.37.45:842][409]LogBlueprintUserMessages: [LobbyCharacterController_C_0] 1
[2018.08.27-03.37.45:859][410]LogBlueprintUserMessages: [LobbyCharacterController_C_0] 1
[2018.08.27-03.37.45:875][411]LogBlueprintUserMessages: [LobbyCharacterController_C_0] 1
[2018.08.27-03.37.45:892][412]LogBlueprintUserMessages: [LobbyCharacterController_C_0] 1
[2018.08.27-03.37.45:908][413]LogBlueprintUserMessages: [LobbyCharacterController_C_0] 1
[2018.08.27-03.37.45:924][414]LogBlueprintUserMessages: [LobbyCharacterController_C_0] 1
[2018.08.27-03.37.45:941][415]LogBlueprintUserMessages: [LobbyCharacterController_C_0] 1
[2018.08.27-03.37.45:956][416]LogBlueprintUserMessages: [LobbyCharacterController_C_0] 1
[2018.08.27-03.37.45:972][417]LogBlueprintUserMessages: [LobbyCharacterController_C_0] 1
[2018.08.27-03.37.45:988][418]LogBlueprintUserMessages: [LobbyCharacterController_C_0] 1
[2018.08.27-03.37.46:004][419]LogBlueprintUserMessages: [LobbyCharacterController_C_0] 1
[2018.08.27-03.37.46:020][420]LogBlueprintUserMessages: [LobbyCharacterController_C_0] 1
[2018.08.27-03.37.46:037][421]LogBlueprintUserMessages: [LobbyCharacterController_C_0] 1
[2018.08.27-03.37.46:053][422]LogSlate: FSceneViewport::OnFocusLost() reason 0
[2018.08.27-03.37.46:054][422]LogBlueprintUserMessages: [LobbyCharacterController_C_0] 1
[2018.08.27-03.37.46:069][423]LogBlueprintUserMessages: [LobbyCharacterController_C_0] 1
[2018.08.27-03.37.46:085][424]LogBlueprintUserMessages: [LobbyCharacterController_C_0] 1
[2018.08.27-03.37.46:101][425]LogBlueprintUserMessages: [LobbyCharacterController_C_0] 1
[2018.08.27-03.37.46:117][426]LogBlueprintUserMessages: [LobbyCharacterController_C_0] 1
[2018.08.27-03.37.46:133][427]LogBlueprintUserMessages: [LobbyCharacterController_C_0] 1
[2018.08.27-03.37.46:149][428]LogBlueprintUserMessages: [LobbyCharacterController_C_0] 1
[2018.08.27-03.37.46:171][429]LogBlueprintUserMessages: [LobbyCharacterController_C_0] 1
[2018.08.27-03.37.46:181][430]LogBlueprintUserMessages: [LobbyCharacterController_C_0] 1
[2018.08.27-03.37.46:197][431]LogBlueprintUserMessages: [LobbyCharacterController_C_0] 1
[2018.08.27-03.37.46:214][432]LogBlueprintUserMessages: [LobbyCharacterController_C_0] 1
[2018.08.27-03.37.46:230][433]LogBlueprintUserMessages: [LobbyCharacterController_C_0] 1
[2018.08.27-03.37.46:246][434]LogBlueprintUserMessages: [LobbyCharacterController_C_0] 1
[2018.08.27-03.37.46:262][435]LogBlueprintUserMessages: [LobbyCharacterController_C_0] 1
[2018.08.27-03.37.46:279][436]LogBlueprintUserMessages: [LobbyCharacterController_C_0] 1
[2018.08.27-03.37.46:295][437]LogBlueprintUserMessages: [LobbyCharacterController_C_0] 1
[2018.08.27-03.37.46:311][438]LogBlueprintUserMessages: [LobbyCharacterController_C_0] 1
[2018.08.27-03.37.46:326][439]LogBlueprintUserMessages: [LobbyCharacterController_C_0] 1
[2018.08.27-03.37.46:343][440]LogBlueprintUserMessages: [LobbyCharacterController_C_0] 1
[2018.08.27-03.37.46:360][441]LogBlueprintUserMessages: [LobbyCharacterController_C_0] 1
[2018.08.27-03.37.46:375][442]LogBlueprintUserMessages: [LobbyCharacterController_C_0] 1
[2018.08.27-03.37.46:391][443]LogBlueprintUserMessages: [LobbyCharacterController_C_0] 1
[2018.08.27-03.37.46:407][444]LogBlueprintUserMessages: [LobbyCharacterController_C_0] 1
[2018.08.27-03.37.46:423][445]LogBlueprintUserMessages: [LobbyCharacterController_C_0] 1
[2018.08.27-03.37.46:440][446]LogBlueprintUserMessages: [LobbyCharacterController_C_0] 1
[2018.08.27-03.37.46:461][447]LogBlueprintUserMessages: [LobbyCharacterController_C_0] 1
[2018.08.27-03.37.46:472][448]LogBlueprintUserMessages: [LobbyCharacterController_C_0] 1
[2018.08.27-03.37.46:488][449]LogBlueprintUserMessages: [LobbyCharacterController_C_0] 1
[2018.08.27-03.37.46:504][450]LogBlueprintUserMessages: [LobbyCharacterController_C_0] 1
[2018.08.27-03.37.46:521][451]LogBlueprintUserMessages: [LobbyCharacterController_C_0] 1
[2018.08.27-03.37.46:536][452]LogBlueprintUserMessages: [LobbyCharacterController_C_0] 1
[2018.08.27-03.37.46:552][453]LogBlueprintUserMessages: [LobbyCharacterController_C_0] 1
[2018.08.27-03.37.46:569][454]LogBlueprintUserMessages: [LobbyCharacterController_C_0] 1
[2018.08.27-03.37.46:585][455]LogBlueprintUserMessages: [LobbyCharacterController_C_0] 1
[2018.08.27-03.37.46:601][456]LogBlueprintUserMessages: [LobbyCharacterController_C_0] 1
[2018.08.27-03.37.46:617][457]LogBlueprintUserMessages: [LobbyCharacterController_C_0] 1
[2018.08.27-03.37.46:633][458]LogBlueprintUserMessages: [LobbyCharacterController_C_0] 1
[2018.08.27-03.37.46:650][459]LogBlueprintUserMessages: [LobbyCharacterController_C_0] 1
[2018.08.27-03.37.46:667][460]LogBlueprintUserMessages: [LobbyCharacterController_C_0] 1
[2018.08.27-03.37.46:682][461]LogBlueprintUserMessages: [LobbyCharacterController_C_0] 1
[2018.08.27-03.37.46:698][462]LogBlueprintUserMessages: [LobbyCharacterController_C_0] 1
[2018.08.27-03.37.46:714][463]LogBlueprintUserMessages: [LobbyCharacterController_C_0] 1
[2018.08.27-03.37.46:730][464]LogBlueprintUserMessages: [LobbyCharacterController_C_0] 1
[2018.08.27-03.37.46:747][465]LogBlueprintUserMessages: [LobbyCharacterController_C_0] 1
[2018.08.27-03.37.46:762][466]LogBlueprintUserMessages: [LobbyCharacterController_C_0] 1
[2018.08.27-03.37.46:778][467]LogBlueprintUserMessages: [LobbyCharacterController_C_0] 1
[2018.08.27-03.37.46:794][468]LogBlueprintUserMessages: [LobbyCharacterController_C_0] 1
[2018.08.27-03.37.46:811][469]LogBlueprintUserMessages: [LobbyCharacterController_C_0] 1
[2018.08.27-03.37.46:827][470]LogBlueprintUserMessages: [LobbyCharacterController_C_0] 1
[2018.08.27-03.37.46:843][471]LogBlueprintUserMessages: [LobbyCharacterController_C_0] 1
[2018.08.27-03.37.46:864][472]LogBlueprintUserMessages: [LobbyCharacterController_C_0] 1
[2018.08.27-03.37.46:875][473]LogBlueprintUserMessages: [LobbyCharacterController_C_0] 1
[2018.08.27-03.37.46:892][474]LogBlueprintUserMessages: [LobbyCharacterController_C_0] 1
[2018.08.27-03.37.46:908][475]LogBlueprintUserMessages: [LobbyCharacterController_C_0] 1
[2018.08.27-03.37.46:924][476]LogBlueprintUserMessages: [LobbyCharacterController_C_0] 1
[2018.08.27-03.37.46:941][477]LogBlueprintUserMessages: [LobbyCharacterController_C_0] 1
[2018.08.27-03.37.46:957][478]LogBlueprintUserMessages: [LobbyCharacterController_C_0] 1
[2018.08.27-03.37.46:972][479]LogBlueprintUserMessages: [LobbyCharacterController_C_0] 1
[2018.08.27-03.37.46:988][480]LogBlueprintUserMessages: [LobbyCharacterController_C_0] 1
[2018.08.27-03.37.47:004][481]LogBlueprintUserMessages: [LobbyCharacterController_C_0] 1
[2018.08.27-03.37.47:021][482]LogBlueprintUserMessages: [LobbyCharacterController_C_0] 1
[2018.08.27-03.37.47:037][483]LogBlueprintUserMessages: [LobbyCharacterController_C_0] 1
[2018.08.27-03.37.47:053][484]LogBlueprintUserMessages: [LobbyCharacterController_C_0] 1
[2018.08.27-03.37.47:070][485]LogBlueprintUserMessages: [LobbyCharacterController_C_0] 1
[2018.08.27-03.37.47:085][486]LogBlueprintUserMessages: [LobbyCharacterController_C_0] 1
[2018.08.27-03.37.47:102][487]LogBlueprintUserMessages: [LobbyCharacterController_C_0] 1
[2018.08.27-03.37.47:117][488]LogBlueprintUserMessages: [LobbyCharacterController_C_0] 1
[2018.08.27-03.37.47:133][489]LogBlueprintUserMessages: [LobbyCharacterController_C_0] 1
[2018.08.27-03.37.47:149][490]LogBlueprintUserMessages: [LobbyCharacterController_C_0] 1
[2018.08.27-03.37.47:166][491]LogBlueprintUserMessages: [LobbyCharacterController_C_0] 1
[2018.08.27-03.37.47:182][492]LogBlueprintUserMessages: [LobbyCharacterController_C_0] 1
[2018.08.27-03.37.47:198][493]LogBlueprintUserMessages: [LobbyCharacterController_C_0] 1
[2018.08.27-03.37.47:220][494]LogBlueprintUserMessages: [LobbyCharacterController_C_0] 1
[2018.08.27-03.37.47:231][495]LogBlueprintUserMessages: [LobbyCharacterController_C_0] 1
[2018.08.27-03.37.47:247][496]LogBlueprintUserMessages: [LobbyCharacterController_C_0] 1
[2018.08.27-03.37.47:264][497]LogBlueprintUserMessages: [LobbyCharacterController_C_0] 1
[2018.08.27-03.37.47:280][498]LogBlueprintUserMessages: [LobbyCharacterController_C_0] 1
[2018.08.27-03.37.47:296][499]LogBlueprintUserMessages: [LobbyCharacterController_C_0] 1
[2018.08.27-03.37.47:312][500]LogBlueprintUserMessages: [LobbyCharacterController_C_0] 1
[2018.08.27-03.37.47:328][501]LogBlueprintUserMessages: [LobbyCharacterController_C_0] 1
[2018.08.27-03.37.47:345][502]LogBlueprintUserMessages: [LobbyCharacterController_C_0] 1
[2018.08.27-03.37.47:361][503]LogBlueprintUserMessages: [LobbyCharacterController_C_0] 1
[2018.08.27-03.37.47:378][504]LogBlueprintUserMessages: [LobbyCharacterController_C_0] 1
[2018.08.27-03.37.47:393][505]LogBlueprintUserMessages: [LobbyCharacterController_C_0] 1
[2018.08.27-03.37.47:409][506]LogBlueprintUserMessages: [LobbyCharacterController_C_0] 1
[2018.08.27-03.37.47:425][507]LogBlueprintUserMessages: [LobbyCharacterController_C_0] 1
[2018.08.27-03.37.47:441][508]LogBlueprintUserMessages: [LobbyCharacterController_C_0] 1
[2018.08.27-03.37.47:458][509]LogBlueprintUserMessages: [LobbyCharacterController_C_0] 1
[2018.08.27-03.37.47:475][510]LogBlueprintUserMessages: [LobbyCharacterController_C_0] 1
[2018.08.27-03.37.47:490][511]LogBlueprintUserMessages: [LobbyCharacterController_C_0] 1
[2018.08.27-03.37.47:505][512]LogBlueprintUserMessages: [LobbyCharacterController_C_0] 1
[2018.08.27-03.37.47:522][513]LogBlueprintUserMessages: [LobbyCharacterController_C_0] 1
[2018.08.27-03.37.47:538][514]LogBlueprintUserMessages: [LobbyCharacterController_C_0] 1
[2018.08.27-03.37.47:554][515]LogBlueprintUserMessages: [LobbyCharacterController_C_0] 1
[2018.08.27-03.37.47:575][516]LogBlueprintUserMessages: [LobbyCharacterController_C_0] 1
[2018.08.27-03.37.47:586][517]LogBlueprintUserMessages: [LobbyCharacterController_C_0] 1
[2018.08.27-03.37.47:603][518]LogBlueprintUserMessages: [LobbyCharacterController_C_0] 1
[2018.08.27-03.37.47:619][519]LogBlueprintUserMessages: [LobbyCharacterController_C_0] 1
[2018.08.27-03.37.47:635][520]LogBlueprintUserMessages: [LobbyCharacterController_C_0] 1
[2018.08.27-03.37.47:651][521]LogBlueprintUserMessages: [LobbyCharacterController_C_0] 1
[2018.08.27-03.37.47:668][522]LogBlueprintUserMessages: [LobbyCharacterController_C_0] 1
[2018.08.27-03.37.47:684][523]LogBlueprintUserMessages: [LobbyCharacterController_C_0] 1
[2018.08.27-03.37.47:701][524]LogBlueprintUserMessages: [LobbyCharacterController_C_0] 1
[2018.08.27-03.37.47:716][525]LogBlueprintUserMessages: [LobbyCharacterController_C_0] 1
[2018.08.27-03.37.47:732][526]LogBlueprintUserMessages: [LobbyCharacterController_C_0] 1
[2018.08.27-03.37.47:748][527]LogBlueprintUserMessages: [LobbyCharacterController_C_0] 1
[2018.08.27-03.37.47:764][528]LogBlueprintUserMessages: [LobbyCharacterController_C_0] 1
[2018.08.27-03.37.47:781][529]LogBlueprintUserMessages: [LobbyCharacterController_C_0] 1
[2018.08.27-03.37.47:797][530]LogBlueprintUserMessages: [LobbyCharacterController_C_0] 1
[2018.08.27-03.37.47:813][531]LogBlueprintUserMessages: [LobbyCharacterController_C_0] 1
[2018.08.27-03.37.47:829][532]LogBlueprintUserMessages: [LobbyCharacterController_C_0] 1
[2018.08.27-03.37.47:845][533]LogBlueprintUserMessages: [LobbyCharacterController_C_0] 1
[2018.08.27-03.37.47:861][534]LogBlueprintUserMessages: [LobbyCharacterController_C_0] 1
[2018.08.27-03.37.47:877][535]LogBlueprintUserMessages: [LobbyCharacterController_C_0] 1
[2018.08.27-03.37.47:893][536]LogBlueprintUserMessages: [LobbyCharacterController_C_0] 1
[2018.08.27-03.37.47:910][537]LogBlueprintUserMessages: [LobbyCharacterController_C_0] 1
[2018.08.27-03.37.47:926][538]LogBlueprintUserMessages: [LobbyCharacterController_C_0] 1
[2018.08.27-03.37.47:942][539]LogBlueprintUserMessages: [LobbyCharacterController_C_0] 1
[2018.08.27-03.37.47:958][540]LogBlueprintUserMessages: [LobbyCharacterController_C_0] 1
[2018.08.27-03.37.47:974][541]LogBlueprintUserMessages: [LobbyCharacterController_C_0] 1
[2018.08.27-03.37.47:991][542]LogBlueprintUserMessages: [LobbyCharacterController_C_0] 1
[2018.08.27-03.37.48:007][543]LogBlueprintUserMessages: [LobbyCharacterController_C_0] 1
[2018.08.27-03.37.48:022][544]LogBlueprintUserMessages: [LobbyCharacterController_C_0] 1
[2018.08.27-03.37.48:038][545]LogBlueprintUserMessages: [LobbyCharacterController_C_0] 1
[2018.08.27-03.37.48:054][546]LogBlueprintUserMessages: [LobbyCharacterController_C_0] 1
[2018.08.27-03.37.48:070][547]LogBlueprintUserMessages: [LobbyCharacterController_C_0] 1
[2018.08.27-03.37.48:086][548]LogBlueprintUserMessages: [LobbyCharacterController_C_0] 1
[2018.08.27-03.37.48:103][549]LogBlueprintUserMessages: [LobbyCharacterController_C_0] 1
[2018.08.27-03.37.48:119][550]LogBlueprintUserMessages: [LobbyCharacterController_C_0] 1
[2018.08.27-03.37.48:135][551]LogBlueprintUserMessages: [LobbyCharacterController_C_0] 1
[2018.08.27-03.37.48:151][552]LogBlueprintUserMessages: [LobbyCharacterController_C_0] 1
[2018.08.27-03.37.48:167][553]LogBlueprintUserMessages: [LobbyCharacterController_C_0] 1
[2018.08.27-03.37.48:184][554]LogBlueprintUserMessages: [LobbyCharacterController_C_0] 1
[2018.08.27-03.37.48:200][555]LogBlueprintUserMessages: [LobbyCharacterController_C_0] 1
[2018.08.27-03.37.48:216][556]LogBlueprintUserMessages: [LobbyCharacterController_C_0] 1
[2018.08.27-03.37.48:232][557]LogBlueprintUserMessages: [LobbyCharacterController_C_0] 1
[2018.08.27-03.37.48:248][558]LogBlueprintUserMessages: [LobbyCharacterController_C_0] 1
[2018.08.27-03.37.48:264][559]LogBlueprintUserMessages: [LobbyCharacterController_C_0] 1
[2018.08.27-03.37.48:280][560]LogBlueprintUserMessages: [LobbyCharacterController_C_0] 1
[2018.08.27-03.37.48:297][561]LogBlueprintUserMessages: [LobbyCharacterController_C_0] 1
[2018.08.27-03.37.48:313][562]LogBlueprintUserMessages: [LobbyCharacterController_C_0] 1
[2018.08.27-03.37.48:329][563]LogBlueprintUserMessages: [LobbyCharacterController_C_0] 1
[2018.08.27-03.37.48:345][564]LogBlueprintUserMessages: [LobbyCharacterController_C_0] 1
[2018.08.27-03.37.48:361][565]LogBlueprintUserMessages: [LobbyCharacterController_C_0] 1
[2018.08.27-03.37.48:377][566]LogBlueprintUserMessages: [LobbyCharacterController_C_0] 1
[2018.08.27-03.37.48:393][567]LogBlueprintUserMessages: [LobbyCharacterController_C_0] 1
[2018.08.27-03.37.48:410][568]LogBlueprintUserMessages: [LobbyCharacterController_C_0] 1
[2018.08.27-03.37.48:426][569]LogBlueprintUserMessages: [LobbyCharacterController_C_0] 1
[2018.08.27-03.37.48:442][570]LogBlueprintUserMessages: [LobbyCharacterController_C_0] 1
[2018.08.27-03.37.48:458][571]LogBlueprintUserMessages: [LobbyCharacterController_C_0] 1
[2018.08.27-03.37.48:474][572]LogBlueprintUserMessages: [LobbyCharacterController_C_0] 1
[2018.08.27-03.37.48:491][573]LogBlueprintUserMessages: [LobbyCharacterController_C_0] 1
[2018.08.27-03.37.48:507][574]LogBlueprintUserMessages: [LobbyCharacterController_C_0] 1
[2018.08.27-03.37.48:523][575]LogBlueprintUserMessages: [LobbyCharacterController_C_0] 1
[2018.08.27-03.37.48:539][576]LogBlueprintUserMessages: [LobbyCharacterController_C_0] 1
[2018.08.27-03.37.48:555][577]LogBlueprintUserMessages: [LobbyCharacterController_C_0] 1
[2018.08.27-03.37.48:572][578]LogSlate: Updating window title bar state: overlay mode, drag disabled, window buttons hidden, title bar hidden
[2018.08.27-03.37.48:825][578]LogPackageName: SearchForPackageOnDisk took   0.251s to resolve MultiplayerMap1.
[2018.08.27-03.37.48:884][578]LogGameMode: ProcessServerTravel: /Game/GameStates/MultiplayerMatch/MultiplayerMap1
[2018.08.27-03.37.48:884][578]LogWorld: SeamlessTravel to: /Game/GameStates/MultiplayerMatch/MultiplayerMap1
[2018.08.27-03.37.48:887][578]LogBlueprintUserMessages: [LobbyCharacterController_C_0] 1
[2018.08.27-03.37.48:997][579]LogStats:     SeamlessTravel FlushLevelStreaming  -  0.001 s
[2018.08.27-03.37.48:997][579]LogAIModule: Creating AISystem for world Untitled
[2018.08.27-03.37.48:997][579]LogWorld: Bringing World /Temp/Untitled_1.Untitled up for play (max tick rate 0) at 2018.08.26-21.37.48
[2018.08.27-03.37.48:997][579]LogWorld: Bringing up level for play took: 0.000330
[2018.08.27-03.37.48:998][579]LogWorld: Sending NotifyLoadedWorld for LP: LocalPlayer_0 PC: LobbyCharacterController_C_0
[2018.08.27-03.37.48:998][579]LogNet: Verbose: NotifyLoadedWorld Begin
[2018.08.27-03.37.48:998][579]LogNet: Verbose: NotifyLoadedWorld End
[2018.08.27-03.37.48:998][579]LogWorld: StartLoadingDestination to: /Game/GameStates/MultiplayerMatch/MultiplayerMap1
[2018.08.27-03.37.49:015][579]LogSlate: Updating window title bar state: overlay mode, drag disabled, window buttons hidden, title bar hidden
[2018.08.27-03.37.49:251][579]LogPackageName: SearchForPackageOnDisk took   0.235s to resolve MultiplayerMap1.
[2018.08.27-03.37.49:251][579]LogBlueprintUserMessages: [LobbyCharacterController_C_0] 1
[2018.08.27-03.37.49:278][580]LogSlate: Updating window title bar state: overlay mode, drag disabled, window buttons hidden, title bar hidden
[2018.08.27-03.37.49:529][580]LogPackageName: SearchForPackageOnDisk took   0.250s to resolve MultiplayerMap1.
[2018.08.27-03.37.49:529][580]LogBlueprintUserMessages: [LobbyCharacterController_C_0] 1
[2018.08.27-03.37.49:553][581]LogSlate: Updating window title bar state: overlay mode, drag disabled, window buttons hidden, title bar hidden
[2018.08.27-03.37.49:793][581]LogPackageName: SearchForPackageOnDisk took   0.239s to resolve MultiplayerMap1.
[2018.08.27-03.37.49:793][581]LogBlueprintUserMessages: [LobbyCharacterController_C_0] 1
[2018.08.27-03.37.49:946][582]LogSlate: Updating window title bar state: overlay mode, drag disabled, window buttons hidden, title bar hidden
[2018.08.27-03.37.50:175][582]LogPackageName: SearchForPackageOnDisk took   0.228s to resolve MultiplayerMap1.
[2018.08.27-03.37.50:175][582]LogBlueprintUserMessages: [LobbyCharacterController_C_0] 1
[2018.08.27-03.37.50:208][583]LogSlate: Window 'OurProject (64-bit Development PCD3D_SM5) ' being destroyed
[2018.08.27-03.37.50:210][583]LogWindowsTextInputMethodSystem: Display: IME system now deactivated.
[2018.08.27-03.37.50:221][583]LogWindowsTextInputMethodSystem: Display: IME system now deactivated.
[2018.08.27-03.37.50:224][583]LogSlate: Updating window title bar state: overlay mode, drag disabled, window buttons hidden, title bar hidden
[2018.08.27-03.37.50:224][583]LogEngine: All Windows Closed
[2018.08.27-03.37.50:224][583]LogWindows: FPlatformMisc::RequestExit(0)
[2018.08.27-03.37.50:225][584]LogStreaming: Display: Flushing async loaders.
[2018.08.27-03.37.50:907][584]LogExit: Preparing to exit.
[2018.08.27-03.37.50:907][584]LogMoviePlayer: Shutting down movie player
[2018.08.27-03.37.51:994][584]LogSlate: Updating window title bar state: overlay mode, drag disabled, window buttons hidden, title bar hidden
[2018.08.27-03.37.52:012][584]LogExit: Game engine shut down
[2018.08.27-03.37.52:377][584]LogExit: Object subsystem successfully closed.
[2018.08.27-03.37.52:411][584]LogShaderCompilers: Display: Shaders left to compile 0
[2018.08.27-03.37.52:417][584]LogD3D11RHI: Shutdown
[2018.08.27-03.37.52:417][584]LogD3D11RHI: CleanupD3DDevice
[2018.08.27-03.37.52:420][584]LogD3D11RHI: ~FD3D11DynamicRHI
[2018.08.27-03.37.52:444][584]LogModuleManager: Shutting down and abandoning module SequenceRecorderSections (376)
[2018.08.27-03.37.52:445][584]LogModuleManager: Shutting down and abandoning module SequenceRecorder (374)
[2018.08.27-03.37.52:445][584]LogModuleManager: Shutting down and abandoning module AutomationController (372)
[2018.08.27-03.37.52:445][584]LogModuleManager: Shutting down and abandoning module AutomationWorker (370)
[2018.08.27-03.37.52:445][584]LogModuleManager: Shutting down and abandoning module AIModule (368)
[2018.08.27-03.37.52:445][584]LogModuleManager: Shutting down and abandoning module GameplayDebugger (367)
[2018.08.27-03.37.52:445][584]LogModuleManager: Shutting down and abandoning module AITestSuite (365)
[2018.08.27-03.37.52:445][584]LogModuleManager: Shutting down and abandoning module NavigationSystem (363)
[2018.08.27-03.37.52:445][584]LogModuleManager: Shutting down and abandoning module WmfMediaFactory (360)
[2018.08.27-03.37.52:445][584]LogModuleManager: Shutting down and abandoning module OpenExrWrapper (358)
[2018.08.27-03.37.52:445][584]LogModuleManager: Shutting down and abandoning module ImgMediaFactory (356)
[2018.08.27-03.37.52:445][584]LogModuleManager: Shutting down and abandoning module AvfMediaFactory (354)
[2018.08.27-03.37.52:445][584]LogModuleManager: Shutting down and abandoning module MagicLeapCameraPreviewFactory (352)
[2018.08.27-03.37.52:445][584]LogModuleManager: Shutting down and abandoning module MagicLeapMediaFactory (350)
[2018.08.27-03.37.52:445][584]LogModuleManager: Shutting down and abandoning module CharacterAI (348)
[2018.08.27-03.37.52:445][584]LogModuleManager: Shutting down and abandoning module SessionServices (346)
[2018.08.27-03.37.52:445][584]LogModuleManager: Shutting down and abandoning module MovieSceneCapture (344)
[2018.08.27-03.37.52:445][584]LogModuleManager: Shutting down and abandoning module MovieSceneTracks (342)
[2018.08.27-03.37.52:445][584]LogModuleManager: Shutting down and abandoning module MovieScene (340)
[2018.08.27-03.37.52:445][584]LogModuleManager: Shutting down and abandoning module StreamingPauseRendering (338)
[2018.08.27-03.37.52:445][584]LogModuleManager: Shutting down and abandoning module PortalServices (336)
[2018.08.27-03.37.52:445][584]LogModuleManager: Shutting down and abandoning module PortalRpc (334)
[2018.08.27-03.37.52:445][584]LogModuleManager: Shutting down and abandoning module MessagingRpc (332)
[2018.08.27-03.37.52:445][584]LogModuleManager: Shutting down and abandoning module ProfilerService (330)
[2018.08.27-03.37.52:587][584]LogModuleManager: Shutting down and abandoning module TaskGraph (328)
[2018.08.27-03.37.52:587][584]LogModuleManager: Shutting down and abandoning module SteamVRController (326)
[2018.08.27-03.37.52:587][584]LogModuleManager: Shutting down and abandoning module ProceduralMeshComponent (324)
[2018.08.27-03.37.52:587][584]LogModuleManager: Shutting down and abandoning module OculusInput (322)
[2018.08.27-03.37.52:587][584]LogModuleManager: Shutting down and abandoning module MobilePatchingUtils (320)
[2018.08.27-03.37.52:587][584]LogModuleManager: Shutting down and abandoning module EditableMesh (318)
[2018.08.27-03.37.52:587][584]LogModuleManager: Shutting down and abandoning module CustomMeshComponent (316)
[2018.08.27-03.37.52:587][584]LogModuleManager: Shutting down and abandoning module CableComponent (314)
[2018.08.27-03.37.52:587][584]LogModuleManager: Shutting down and abandoning module AudioCapture (312)
[2018.08.27-03.37.52:587][584]LogModuleManager: Shutting down and abandoning module ArchVisCharacter (310)
[2018.08.27-03.37.52:587][584]LogModuleManager: Shutting down and abandoning module AndroidPermission (308)
[2018.08.27-03.37.52:587][584]LogModuleManager: Shutting down and abandoning module NUTUnrealEngine4 (304)
[2018.08.27-03.37.52:587][584]LogModuleManager: Shutting down and abandoning module NetcodeUnitTest (302)
[2018.08.27-03.37.52:587][584]LogModuleManager: Shutting down and abandoning module MediaCompositing (300)
[2018.08.27-03.37.52:588][584]LogModuleManager: Shutting down and abandoning module LinearTimecode (298)
[2018.08.27-03.37.52:588][584]LogModuleManager: Shutting down and abandoning module ImgMedia (296)
[2018.08.27-03.37.52:599][584]LogModuleManager: Shutting down and abandoning module HTML5Networking (294)
[2018.08.27-03.37.52:599][584]LogModuleManager: Shutting down and abandoning module GeometryCacheTracks (292)
[2018.08.27-03.37.52:599][584]LogModuleManager: Shutting down and abandoning module GeometryCacheSequencer (291)
[2018.08.27-03.37.52:599][584]LogModuleManager: Shutting down and abandoning module GeometryCache (288)
[2018.08.27-03.37.52:599][584]LogModuleManager: Shutting down and abandoning module GeometryCacheEd (287)
[2018.08.27-03.37.52:599][584]LogModuleManager: Shutting down and abandoning module BackChannel (284)
[2018.08.27-03.37.52:599][584]LogModuleManager: Shutting down and abandoning module AppleVision (282)
[2018.08.27-03.37.52:599][584]LogModuleManager: Shutting down and abandoning module AppleImageUtils (280)
[2018.08.27-03.37.52:599][584]LogModuleManager: Shutting down and abandoning module DatasmithContent (278)
[2018.08.27-03.37.52:601][584]LogModuleManager: Shutting down and abandoning module CryptoKeysOpenSSL (276)
[2018.08.27-03.37.52:601][584]LogModuleManager: Shutting down and abandoning module CryptoKeys (274)
[2018.08.27-03.37.52:601][584]LogModuleManager: Shutting down and abandoning module VisualStudioSourceCodeAccess (272)
[2018.08.27-03.37.52:601][584]LogModuleManager: Shutting down and abandoning module HotReload (271)
[2018.08.27-03.37.52:602][584]LogModuleManager: Shutting down and abandoning module DirectoryWatcher (270)
[2018.08.27-03.37.52:602][584]LogModuleManager: Shutting down and abandoning module VisualStudioCodeSourceCodeAccess (266)
[2018.08.27-03.37.52:602][584]LogModuleManager: Shutting down and abandoning module UObjectPlugin (264)
[2018.08.27-03.37.52:602][584]LogModuleManager: Shutting down and abandoning module SubversionSourceControl (262)
[2018.08.27-03.37.52:602][584]LogModuleManager: Shutting down and abandoning module PerforceSourceControl (260)
[2018.08.27-03.37.52:602][584]LogModuleManager: Shutting down and abandoning module SourceControl (259)
[2018.08.27-03.37.52:603][584]LogModuleManager: Shutting down and abandoning module CLionSourceCodeAccess (256)
[2018.08.27-03.37.52:603][584]LogModuleManager: Shutting down and abandoning module RuntimePhysXCooking (254)
[2018.08.27-03.37.52:603][584]LogModuleManager: Shutting down and abandoning module PhysXVehiclesEditor (252)
[2018.08.27-03.37.52:603][584]LogModuleManager: Shutting down and abandoning module PhysXVehicles (250)
[2018.08.27-03.37.52:603][584]LogModuleManager: Shutting down and abandoning module LocationServicesBPLibrary (248)
[2018.08.27-03.37.52:603][584]LogModuleManager: Shutting down and abandoning module ImmediatePhysicsEditor (246)
[2018.08.27-03.37.52:603][584]LogModuleManager: Shutting down and abandoning module ImmediatePhysics (244)
[2018.08.27-03.37.52:603][584]LogModuleManager: Shutting down and abandoning module ActorSequence (242)
[2018.08.27-03.37.52:603][584]LogModuleManager: Shutting down and abandoning module UdpMessaging (240)
[2018.08.27-03.37.52:704][584]LogModuleManager: Shutting down and abandoning module TcpMessaging (238)
[2018.08.27-03.37.52:922][584]LogModuleManager: Shutting down and abandoning module MagicLeapAudio (236)
[2018.08.27-03.37.52:922][584]LogModuleManager: Shutting down and abandoning module GameplayTagsEditor (234)
[2018.08.27-03.37.52:922][584]LogModuleManager: Shutting down and abandoning module FacialAnimation (232)
[2018.08.27-03.37.52:922][584]LogModuleManager: Shutting down and abandoning module DataValidation (230)
[2018.08.27-03.37.52:922][584]LogModuleManager: Shutting down and abandoning module AssetManagerEditor (228)
[2018.08.27-03.37.52:922][584]LogModuleManager: Shutting down and abandoning module TreeMap (227)
[2018.08.27-03.37.52:922][584]LogModuleManager: Shutting down and abandoning module LightPropagationVolumeRuntime (224)
[2018.08.27-03.37.52:922][584]LogModuleManager: Shutting down and abandoning module AISupportModule (222)
[2018.08.27-03.37.52:922][584]LogModuleManager: Shutting down and abandoning module Paper2D (220)
[2018.08.27-03.37.52:922][584]LogModuleManager: Shutting down and abandoning module PIEPreviewDeviceProfileSelector (218)
[2018.08.27-03.37.52:922][584]LogModuleManager: Shutting down and abandoning module WindowsMoviePlayer (216)
[2018.08.27-03.37.52:922][584]LogModuleManager: Shutting down and abandoning module WmfMedia (214)
[2018.08.27-03.37.52:925][584]LogModuleManager: Shutting down and abandoning module Media (213)
[2018.08.27-03.37.52:932][584]LogModuleManager: Shutting down and abandoning module PacketHandler (210)
[2018.08.27-03.37.52:932][584]LogModuleManager: Shutting down and abandoning module ClothingSystemEditor (208)
[2018.08.27-03.37.52:932][584]LogModuleManager: Shutting down and abandoning module ClothingSystemRuntime (206)
[2018.08.27-03.37.52:932][584]LogModuleManager: Shutting down and abandoning module MediaAssets (204)
[2018.08.27-03.37.52:932][584]LogModuleManager: Shutting down and abandoning module Overlay (202)
[2018.08.27-03.37.52:932][584]LogModuleManager: Shutting down and abandoning module OverlayEditor (201)
[2018.08.27-03.37.52:932][584]LogModuleManager: Shutting down and abandoning module VREditor (198)
[2018.08.27-03.37.52:932][584]LogModuleManager: Shutting down and abandoning module StringTableEditor (196)
[2018.08.27-03.37.52:932][584]LogModuleManager: Shutting down and abandoning module GameplayTasksEditor (194)
[2018.08.27-03.37.52:932][584]LogModuleManager: Shutting down and abandoning module BehaviorTreeEditor (192)
[2018.08.27-03.37.52:932][584]LogModuleManager: Shutting down and abandoning module FunctionalTesting (190)
[2018.08.27-03.37.52:932][584]LogModuleManager: Shutting down and abandoning module CollisionAnalyzer (188)
[2018.08.27-03.37.52:932][584]LogModuleManager: Shutting down and abandoning module WorkspaceMenuStructure (187)
[2018.08.27-03.37.52:932][584]LogModuleManager: Shutting down and abandoning module UMG (184)
[2018.08.27-03.37.52:932][584]LogModuleManager: Shutting down and abandoning module UMGEditor (183)
[2018.08.27-03.37.52:933][584]LogModuleManager: Shutting down and abandoning module Sequencer (182)
[2018.08.27-03.37.52:933][584]LogModuleManager: Shutting down and abandoning module MessageLog (179)
[2018.08.27-03.37.52:933][584]LogModuleManager: Shutting down and abandoning module SlateReflector (174)
[2018.08.27-03.37.52:933][584]LogModuleManager: Shutting down and abandoning module Slate (172)
[2018.08.27-03.37.52:933][584]LogModuleManager: Shutting down and abandoning module EditorStyle (170)
[2018.08.27-03.37.52:935][584]LogModuleManager: Shutting down and abandoning module MRMesh (168)
[2018.08.27-03.37.52:935][584]LogModuleManager: Shutting down and abandoning module Messaging (166)
[2018.08.27-03.37.52:936][584]LogModuleManager: Shutting down and abandoning module SourceCodeAccess (164)
[2018.08.27-03.37.52:936][584]LogModuleManager: Shutting down and abandoning module HeadMountedDisplay (162)
[2018.08.27-03.37.52:936][584]LogModuleManager: Shutting down and abandoning module XAudio2 (160)
[2018.08.27-03.37.52:936][584]LogModuleManager: Shutting down and abandoning module Networking (158)
[2018.08.27-03.37.52:936][584]LogModuleManager: Shutting down and abandoning module Core (156)
[2018.08.27-03.37.52:936][584]LogModuleManager: Shutting down and abandoning module LevelSequence (154)
[2018.08.27-03.37.52:936][584]LogModuleManager: Shutting down and abandoning module KismetCompiler (152)
[2018.08.27-03.37.52:936][584]LogModuleManager: Shutting down and abandoning module MeshUtilities (150)
[2018.08.27-03.37.52:936][584]LogModuleManager: Shutting down and abandoning module MeshMergeUtilities (149)
[2018.08.27-03.37.52:936][584]LogModuleManager: Shutting down and abandoning module MeshReductionInterface (148)
[2018.08.27-03.37.52:936][584]LogModuleManager: Shutting down and abandoning module SimplygonSwarm (147)
[2018.08.27-03.37.52:936][584]LogModuleManager: Shutting down and abandoning module ProxyLODMeshReduction (145)
[2018.08.27-03.37.52:936][584]LogModuleManager: Shutting down and abandoning module SimplygonMeshReduction (143)
[2018.08.27-03.37.52:936][584]LogModuleManager: Shutting down and abandoning module QuadricMeshReduction (141)
[2018.08.27-03.37.52:936][584]LogModuleManager: Shutting down and abandoning module MaterialBaking (137)
[2018.08.27-03.37.52:936][584]LogModuleManager: Shutting down and abandoning module DerivedDataCache (132)
[2018.08.27-03.37.53:260][584]LogDerivedDataCache: Shutdown
[2018.08.27-03.37.53:260][584]LogModuleManager: Shutting down and abandoning module XGEController (130)
[2018.08.27-03.37.53:260][584]LogModuleManager: Shutting down and abandoning module TargetPlatform (128)
[2018.08.27-03.37.53:260][584]LogModuleManager: Shutting down and abandoning module VulkanShaderFormat (127)
[2018.08.27-03.37.53:260][584]LogModuleManager: Shutting down and abandoning module ShaderFormatVectorVM (125)
[2018.08.27-03.37.53:260][584]LogModuleManager: Shutting down and abandoning module ShaderFormatOpenGL (123)
[2018.08.27-03.37.53:260][584]LogModuleManager: Shutting down and abandoning module ShaderFormatD3D (121)
[2018.08.27-03.37.53:260][584]LogModuleManager: Shutting down and abandoning module MetalShaderFormat (119)
[2018.08.27-03.37.53:260][584]LogModuleManager: Shutting down and abandoning module TextureFormatUncompressed (117)
[2018.08.27-03.37.53:260][584]LogModuleManager: Shutting down and abandoning module TextureFormatPVR (115)
[2018.08.27-03.37.53:260][584]LogModuleManager: Shutting down and abandoning module TextureFormatDXT (113)
[2018.08.27-03.37.53:260][584]LogModuleManager: Shutting down and abandoning module TextureFormatIntelISPCTexComp (111)
[2018.08.27-03.37.53:260][584]LogModuleManager: Shutting down and abandoning module TextureFormatASTC (109)
[2018.08.27-03.37.53:260][584]LogModuleManager: Shutting down and abandoning module ImageWrapper (108)
[2018.08.27-03.37.53:260][584]LogModuleManager: Shutting down and abandoning module TextureFormatAndroid (105)
[2018.08.27-03.37.53:260][584]LogModuleManager: Shutting down and abandoning module AudioFormatOpus (103)
[2018.08.27-03.37.53:261][584]LogModuleManager: Shutting down and abandoning module AudioFormatOgg (101)
[2018.08.27-03.37.53:261][584]LogModuleManager: Shutting down and abandoning module AudioFormatADPCM (99)
[2018.08.27-03.37.53:261][584]LogModuleManager: Shutting down and abandoning module WindowsTargetPlatform (97)
[2018.08.27-03.37.53:261][584]LogModuleManager: Shutting down and abandoning module WindowsServerTargetPlatform (95)
[2018.08.27-03.37.53:261][584]LogModuleManager: Shutting down and abandoning module WindowsNoEditorTargetPlatform (93)
[2018.08.27-03.37.53:261][584]LogModuleManager: Shutting down and abandoning module WindowsClientTargetPlatform (91)
[2018.08.27-03.37.53:261][584]LogModuleManager: Shutting down and abandoning module InputCore (88)
[2018.08.27-03.37.53:261][584]LogModuleManager: Shutting down and abandoning module Settings (86)
[2018.08.27-03.37.53:261][584]LogModuleManager: Shutting down and abandoning module PhysXCooking (84)
[2018.08.27-03.37.53:261][584]LogModuleManager: Shutting down and abandoning module SteamVR (82)
[2018.08.27-03.37.53:261][584]LogModuleManager: Shutting down and abandoning module OculusHMD (80)
[2018.08.27-03.37.53:261][584]LogModuleManager: Shutting down and abandoning module ExampleDeviceProfileSelector (78)
[2018.08.27-03.37.53:261][584]LogModuleManager: Shutting down and abandoning module LauncherChunkInstaller (76)
[2018.08.27-03.37.53:261][584]LogModuleManager: Shutting down and abandoning module OnlineBlueprintSupport (74)
[2018.08.27-03.37.53:261][584]LogModuleManager: Shutting down and abandoning module OnlineSubsystem (70)
[2018.08.27-03.37.53:261][584]LogOnline: Display: STEAM: OnlineSubsystemSteam::Shutdown()
[2018.08.27-03.37.53:316][584]LogOnline: Display: STEAM: OnlineSubsystemSteam::Shutdown()
[2018.08.27-03.37.53:316][584]LogModuleManager: Shutting down and abandoning module XMPP (65)
[2018.08.27-03.37.53:316][584]LogModuleManager: Shutting down and abandoning module WebSockets (64)
[2018.08.27-03.37.53:323][584]LogModuleManager: Shutting down and abandoning module HTTP (61)
[2018.08.27-03.37.53:340][584]LogModuleManager: Shutting down and abandoning module SSL (60)
[2018.08.27-03.37.53:342][584]LogModuleManager: Shutting down and abandoning module MagicLeapEmulator (56)
[2018.08.27-03.37.53:342][584]LogModuleManager: Shutting down and abandoning module MagicLeapPrivileges (54)
[2018.08.27-03.37.53:342][584]LogModuleManager: Shutting down and abandoning module MagicLeapIdentity (52)
[2018.08.27-03.37.53:342][584]LogModuleManager: Shutting down and abandoning module MagicLeapHelperVulkan (50)
[2018.08.27-03.37.53:342][584]LogModuleManager: Shutting down and abandoning module MagicLeapHelperOpenGL (48)
[2018.08.27-03.37.53:342][584]LogModuleManager: Shutting down and abandoning module MagicLeapSecureStorage (46)
[2018.08.27-03.37.53:342][584]LogModuleManager: Shutting down and abandoning module MagicLeapGestures (44)
[2018.08.27-03.37.53:342][584]LogModuleManager: Shutting down and abandoning module MagicLeapEyeTracker (42)
[2018.08.27-03.37.53:343][584]LogModuleManager: Shutting down and abandoning module MagicLeapController (40)
[2018.08.27-03.37.53:343][584]LogSlate: Slate User Destroyed.  User Index 0, Is Virtual User: 0
[2018.08.27-03.37.53:343][584]LogModuleManager: Shutting down and abandoning module MagicLeap (38)
[2018.08.27-03.37.53:343][584]LogModuleManager: Shutting down and abandoning module AnimationModifiers (36)
[2018.08.27-03.37.53:343][584]LogModuleManager: Shutting down and abandoning module PropertyEditor (35)
[2018.08.27-03.37.53:343][584]LogModuleManager: Shutting down and abandoning module AudioEditor (32)
[2018.08.27-03.37.53:343][584]LogModuleManager: Shutting down and abandoning module TextureCompressor (30)
[2018.08.27-03.37.53:343][584]LogModuleManager: Shutting down and abandoning module ShaderCore (28)
[2018.08.27-03.37.53:343][584]LogModuleManager: Shutting down and abandoning module Landscape (26)
[2018.08.27-03.37.53:343][584]LogModuleManager: Shutting down and abandoning module SlateRHIRenderer (24)
[2018.08.27-03.37.53:344][584]LogModuleManager: Shutting down and abandoning module OpenGLDrv (22)
[2018.08.27-03.37.53:344][584]LogModuleManager: Shutting down and abandoning module D3D11RHI (20)
[2018.08.27-03.37.53:344][584]LogModuleManager: Shutting down and abandoning module AnimGraphRuntime (18)
[2018.08.27-03.37.53:344][584]LogModuleManager: Shutting down and abandoning module Renderer (16)
[2018.08.27-03.37.53:344][584]LogModuleManager: Shutting down and abandoning module Engine (14)
[2018.08.27-03.37.53:344][584]LogModuleManager: Shutting down and abandoning module CoreUObject (12)
[2018.08.27-03.37.53:344][584]LogModuleManager: Shutting down and abandoning module NetworkFile (10)
[2018.08.27-03.37.53:344][584]LogModuleManager: Shutting down and abandoning module CookedIterativeFile (8)
[2018.08.27-03.37.53:344][584]LogModuleManager: Shutting down and abandoning module StreamingFile (6)
[2018.08.27-03.37.53:344][584]LogModuleManager: Shutting down and abandoning module SandboxFile (4)
[2018.08.27-03.37.53:344][584]LogModuleManager: Shutting down and abandoning module PakFile (2)
[2018.08.27-03.37.53:352][584]LogExit: Exiting.
[2018.08.27-03.37.53:364][584]Log file closed, 08/26/18 21:37:53
