Log file open, 08/20/18 19:13:57
LogWindows: Failed to load 'aqProf.dll' (GetLastError=126)
LogWindows: File 'aqProf.dll' does not exist
LogWindows: Failed to load 'VtuneApi.dll' (GetLastError=126)
LogWindows: File 'VtuneApi.dll' does not exist
LogWindows: Failed to load 'VtuneApi32e.dll' (GetLastError=126)
LogWindows: File 'VtuneApi32e.dll' does not exist
LogInit: Display: Running engine for game: OurProject
LogPlatformFile: Not using cached read wrapper
LogTaskGraph: Started task graph with 5 named threads and 14 total threads with 3 sets of task threads.
LogStats: Stats thread started at 0.361995
LogD3D11RHI: Loaded GFSDK_Aftermath_Lib.x64.dll
LogICUInternationalization: Display: ICU TimeZone Detection - Raw Offset: -6:00, Platform Override: ''
LogPluginManager: Mounting plugin Paper2D
LogPluginManager: Mounting plugin AISupport
LogPluginManager: Mounting plugin LightPropagationVolume
LogPluginManager: Mounting plugin CLionSourceCodeAccess
LogPluginManager: Mounting plugin CodeLiteSourceCodeAccess
LogPluginManager: Mounting plugin GitSourceControl
LogPluginManager: Mounting plugin KDevelopSourceCodeAccess
LogPluginManager: Mounting plugin NullSourceCodeAccess
LogPluginManager: Mounting plugin PerforceSourceControl
LogPluginManager: Mounting plugin SubversionSourceControl
LogPluginManager: Mounting plugin UObjectPlugin
LogPluginManager: Mounting plugin VisualStudioCodeSourceCodeAccess
LogPluginManager: Mounting plugin VisualStudioSourceCodeAccess
LogPluginManager: Mounting plugin XCodeSourceCodeAccess
LogPluginManager: Mounting plugin AssetManagerEditor
LogPluginManager: Mounting plugin CryptoKeys
LogPluginManager: Mounting plugin DataValidation
LogPluginManager: Mounting plugin FacialAnimation
LogPluginManager: Mounting plugin GameplayTagsEditor
LogPluginManager: Mounting plugin MacGraphicsSwitching
LogPluginManager: Mounting plugin MeshEditor
LogPluginManager: Mounting plugin MobileLauncherProfileWizard
LogPluginManager: Mounting plugin PluginBrowser
LogPluginManager: Mounting plugin SpeedTreeImporter
LogPluginManager: Mounting plugin DatasmithContent
LogPluginManager: Mounting plugin AlembicImporter
LogPluginManager: Mounting plugin AppleImageUtils
LogPluginManager: Mounting plugin AppleVision
LogPluginManager: Mounting plugin BackChannel
LogPluginManager: Mounting plugin CharacterAI
LogPluginManager: Mounting plugin GeometryCache
LogPluginManager: Mounting plugin HTML5Networking
LogPluginManager: Mounting plugin ProxyLODPlugin
LogPluginManager: Mounting plugin MagicLeap
LogPluginManager: Mounting plugin MagicLeapEmulator
LogPluginManager: Mounting plugin MagicLeapMedia
LogPluginManager: Mounting plugin AndroidMedia
LogPluginManager: Mounting plugin AvfMedia
LogPluginManager: Mounting plugin ImgMedia
LogPluginManager: Mounting plugin LinearTimecode
LogPluginManager: Mounting plugin MediaCompositing
LogPluginManager: Mounting plugin MediaPlayerEditor
LogPluginManager: Mounting plugin WmfMedia
LogPluginManager: Mounting plugin TcpMessaging
LogPluginManager: Mounting plugin UdpMessaging
LogPluginManager: Mounting plugin ActorSequence
LogPluginManager: Mounting plugin LevelSequenceEditor
LogPluginManager: Mounting plugin MatineeToLevelSequence
LogPluginManager: Mounting plugin NetcodeUnitTest
LogPluginManager: Mounting plugin NUTUnrealEngine4
LogPluginManager: Mounting plugin OnlineSubsystemGooglePlay
LogPluginManager: Mounting plugin OnlineSubsystemIOS
LogPluginManager: Mounting plugin OnlineSubsystem
LogPluginManager: Mounting plugin OnlineSubsystemNull
LogPluginManager: Mounting plugin OnlineSubsystemSteam
LogPluginManager: Mounting plugin OnlineSubsystemUtils
LogPluginManager: Mounting plugin LauncherChunkInstaller
LogPluginManager: Mounting plugin AndroidDeviceProfileSelector
LogPluginManager: Mounting plugin AndroidMoviePlayer
LogPluginManager: Mounting plugin AndroidPermission
LogPluginManager: Mounting plugin AppleMoviePlayer
LogPluginManager: Mounting plugin ArchVisCharacter
LogPluginManager: Mounting plugin AudioCapture
LogPluginManager: Mounting plugin CableComponent
LogPluginManager: Mounting plugin CustomMeshComponent
LogPluginManager: Mounting plugin EditableMesh
LogPluginManager: Mounting plugin ExampleDeviceProfileSelector
LogPluginManager: Mounting plugin GoogleCloudMessaging
LogPluginManager: Mounting plugin ImmediatePhysics
LogPluginManager: Mounting plugin IOSDeviceProfileSelector
LogPluginManager: Mounting plugin LinuxDeviceProfileSelector
LogPluginManager: Mounting plugin LocationServicesBPLibrary
LogPluginManager: Mounting plugin MobilePatchingUtils
LogPluginManager: Mounting plugin OculusVR
LogPluginManager: Plugin shader directory ../../../Engine/Plugins/Runtime/Oculus/OculusVR/Shaders found
LogPluginManager: Mapping shader source directory ../../../Engine/Plugins/Runtime/Oculus/OculusVR/Shaders to virtual directory /Plugin/OculusVR
LogPluginManager: Mounting plugin PhysXVehicles
LogPluginManager: Mounting plugin ProceduralMeshComponent
LogPluginManager: Mounting plugin RuntimePhysXCooking
LogPluginManager: Mounting plugin SteamVR
LogPluginManager: Mounting plugin WindowsMoviePlayer
LogStreaming: Display: Took  0.355s to configure plugins.
LogInit: Using libcurl 7.55.1-DEV
LogInit:  - built for x86_64-pc-win32
LogInit:  - supports SSL with OpenSSL/1.0.2h
LogInit:  - supports HTTP deflate (compression) using libz 1.2.8
LogInit:  - other features:
LogInit:      CURL_VERSION_SSL
LogInit:      CURL_VERSION_LIBZ
LogInit:      CURL_VERSION_IPV6
LogInit:      CURL_VERSION_ASYNCHDNS
LogInit:      CURL_VERSION_LARGEFILE
LogInit:      CURL_VERSION_IDN
LogInit:  CurlRequestOptions (configurable via config and command line):
LogInit:  - bVerifyPeer = false  - Libcurl will NOT verify peer certificate
LogInit:  - bUseHttpProxy = false  - Libcurl will NOT use HTTP proxy
LogInit:  - bDontReuseConnections = false  - Libcurl will reuse connections
LogInit:  - CertBundlePath = nullptr  - Libcurl will use whatever was configured at build time.
LogInit:  - MaxHostConnections = 16  - Libcurl will limit the number of connections to a host
LogInit:  - LocalHostAddr = Default
LogInit:  - BufferSize = 65536
LogOnline: Display: STEAM: Loading Steam SDK 1.39
LogOnline: Warning: STEAM: Steam API disabled!
LogOnline: Display: STEAM: OnlineSubsystemSteam::Shutdown()
LogInit: WinSock: version 1.1 (2.2), MaxSocks=32767, MaxUdp=65467
LogInit: Build: ++UE4+Release-4.20-CL-4233996
LogInit: Engine Version: 4.20.1-4233996+++UE4+Release-4.20
LogInit: Compatible Engine Version: 4.20.0-4212847+++UE4+Release-4.20
LogInit: Net CL: 4212847
LogInit: OS: Windows 10 (), CPU: AMD FX-8800P Radeon R7, 12 Compute Cores 4C+8G , GPU: AMD Radeon (TM) R9 360
LogInit: Compiled (64-bit): Jul 26 2018 10:07:30
LogInit: Compiled with Visual C++: 19.13.26129.00
LogInit: Build Configuration: Development
LogInit: Branch Name: ++UE4+Release-4.20
LogInit: Command Line: 
LogInit: Base Directory: C:/Program Files/Epic Games/UE_4.20/Engine/Binaries/Win64/
LogInit: Installed Engine Build: 1
LogDevObjectVersion: Number of dev versions registered: 20
LogDevObjectVersion:   Dev-Blueprints (B0D832E4-1F89-4F0D-ACCF-7EB736FD4AA2): 10
LogDevObjectVersion:   Dev-Build (E1C64328-A22C-4D53-A36C-8E866417BD8C): 0
LogDevObjectVersion:   Dev-Core (375EC13C-06E4-48FB-B500-84F0262A717E): 2
LogDevObjectVersion:   Dev-Editor (E4B068ED-F494-42E9-A231-DA0B2E46BB41): 24
LogDevObjectVersion:   Dev-Framework (CFFC743F-43B0-4480-9391-14DF171D2073): 34
LogDevObjectVersion:   Dev-Mobile (B02B49B5-BB20-44E9-A304-32B752E40360): 2
LogDevObjectVersion:   Dev-Networking (A4E4105C-59A1-49B5-A7C5-40C4547EDFEE): 0
LogDevObjectVersion:   Dev-Online (39C831C9-5AE6-47DC-9A44-9C173E1C8E7C): 0
LogDevObjectVersion:   Dev-Physics (78F01B33-EBEA-4F98-B9B4-84EACCB95AA2): 0
LogDevObjectVersion:   Dev-Platform (6631380F-2D4D-43E0-8009-CF276956A95A): 0
LogDevObjectVersion:   Dev-Rendering (12F88B9F-8875-4AFC-A67C-D90C383ABD29): 26
LogDevObjectVersion:   Dev-Sequencer (7B5AE74C-D270-4C10-A958-57980B212A5A): 9
LogDevObjectVersion:   Dev-VR (D7296918-1DD6-4BDD-9DE2-64A83CC13884): 2
LogDevObjectVersion:   Dev-LoadTimes (C2A15278-BFE7-4AFE-6C17-90FF531DF755): 1
LogDevObjectVersion:   Private-Geometry (6EACA3D4-40EC-4CC1-B786-8BED09428FC5): 3
LogDevObjectVersion:   Dev-AnimPhys (29E575DD-E0A3-4627-9D10-D276232CDCEA): 17
LogDevObjectVersion:   Dev-ReflectionCapture (6B266CEC-1EC7-4B8F-A30B-E4D90942FC07): 1
LogDevObjectVersion:   Dev-Automation (0DF73D61-A23F-47EA-B727-89E90C41499A): 1
LogDevObjectVersion:   FortniteMain (601D1886-AC64-4F84-AA16-D3DE0DEAC7D6): 12
LogDevObjectVersion:   Dev-Enterprise (9DFFBCD6-494F-0158-E221-12823C92A888): 1
LogStreaming: Display: Took  0.013s to delete old logs.
LogInit: Presizing for max 8388607 objects, including 0 objects not considered by GC, pre-allocating 0 bytes for permanent pool.
LogInit: Object subsystem initialized
[2018.08.21-01.13.58:521][  0]LogInit: Selected Device Profile: [Windows]
[2018.08.21-01.13.58:521][  0]LogInit: Applying CVar settings loaded from the selected device profile: [Windows]
[2018.08.21-01.13.58:558][  0]LogHAL: Display: Platform has ~ 16 GB [17113329664 / 17179869184 / 16], which maps to Larger [LargestMinGB=32, LargerMinGB=12, DefaultMinGB=8, SmallerMinGB=6, SmallestMinGB=0)
[2018.08.21-01.13.58:558][  0]LogInit: Setting Device Profile CVar: [[r.Vulkan.UseRealUBs:1]]
[2018.08.21-01.13.58:558][  0]LogInit: Going up to parent DeviceProfile []
[2018.08.21-01.13.58:559][  0]LogInit: Computer: LINK
[2018.08.21-01.13.58:559][  0]LogInit: User: brixo
[2018.08.21-01.13.58:559][  0]LogInit: CPU Page size=4096, Cores=4
[2018.08.21-01.13.58:559][  0]LogInit: High frequency timer resolution =2.046942 MHz
[2018.08.21-01.13.58:560][  0]LogMemory: Memory total: Physical=15.9GB (16GB approx)
[2018.08.21-01.13.58:560][  0]LogMemory: Platform Memory Stats for Windows
[2018.08.21-01.13.58:560][  0]LogMemory: Process Physical Memory: 101.35 MB used, 101.35 MB peak
[2018.08.21-01.13.58:560][  0]LogMemory: Process Virtual Memory: 84.55 MB used, 84.55 MB peak
[2018.08.21-01.13.58:560][  0]LogMemory: Physical Memory: 9062.29 MB used,  7258.26 MB free, 16320.54 MB total
[2018.08.21-01.13.58:560][  0]LogMemory: Virtual Memory: 4626.62 MB used,  7258.26 MB free, 134217728.00 MB total
[2018.08.21-01.13.58:620][  0]LogInit: Using OS detected language (en-US).
[2018.08.21-01.13.58:620][  0]LogInit: Using OS detected locale (en-US).
[2018.08.21-01.13.58:622][  0]LogTextLocalizationManager: No specific localization for 'en-US' exists, so the 'en' localization will be used.
[2018.08.21-01.13.59:575][  0]LogStreaming: Display: Took  0.954s to InitEngineTextLocalization.
[2018.08.21-01.13.59:575][  0]LogInit: Setting process to per monitor DPI aware
[2018.08.21-01.13.59:687][  0]LogSlate: New Slate User Created.  User Index 0, Is Virtual User: 0
[2018.08.21-01.13.59:687][  0]LogSlate: Slate User Registered.  User Index 0, Is Virtual User: 0
[2018.08.21-01.14.00:310][  0]LogHMD: Failed to initialize OpenVR with code 110
[2018.08.21-01.14.00:310][  0]LogD3D11RHI: D3D11 adapters:
[2018.08.21-01.14.00:364][  0]LogD3D11RHI:    0. 'AMD Radeon (TM) R9 360' (Feature Level 11_0)
[2018.08.21-01.14.00:364][  0]LogD3D11RHI:       2025/0/8160 MB DedicatedVideo/DedicatedSystem/SharedSystem, Outputs:2, VendorId:0x1002
[2018.08.21-01.14.00:371][  0]LogD3D11RHI:    1. 'Microsoft Basic Render Driver' (Feature Level 11_0)
[2018.08.21-01.14.00:372][  0]LogD3D11RHI:       0/0/8160 MB DedicatedVideo/DedicatedSystem/SharedSystem, Outputs:0, VendorId:0x1414
[2018.08.21-01.14.00:372][  0]LogD3D11RHI: Chosen D3D11 Adapter: 0
[2018.08.21-01.14.00:391][  0]LogD3D11RHI: Creating new Direct3DDevice
[2018.08.21-01.14.00:391][  0]LogD3D11RHI:     GPU DeviceId: 0x665f (for the marketing name, search the web for "GPU Device Id")
[2018.08.21-01.14.00:391][  0]LogWindows: EnumDisplayDevices:
[2018.08.21-01.14.00:391][  0]LogWindows:    0. 'AMD Radeon (TM) R9 360' (P:1 D:1)
[2018.08.21-01.14.00:392][  0]LogWindows:    1. 'AMD Radeon (TM) R9 360' (P:0 D:1)
[2018.08.21-01.14.00:392][  0]LogWindows:    2. 'AMD Radeon (TM) R9 360' (P:0 D:0)
[2018.08.21-01.14.00:393][  0]LogWindows:    3. 'AMD Radeon (TM) R9 360' (P:0 D:0)
[2018.08.21-01.14.00:393][  0]LogWindows:    4. 'AMD Radeon (TM) R9 360' (P:0 D:0)
[2018.08.21-01.14.00:394][  0]LogWindows:    5. 'AMD Radeon (TM) R9 360' (P:0 D:0)
[2018.08.21-01.14.00:394][  0]LogWindows: DebugString: FoundDriverCount:6 
[2018.08.21-01.14.00:394][  0]LogD3D11RHI:     Adapter Name: AMD Radeon (TM) R9 360
[2018.08.21-01.14.00:394][  0]LogD3D11RHI:   Driver Version: Crimson ReLive 17.7 (internal:22.19.172.769, unified:22.19.172.769)
[2018.08.21-01.14.00:394][  0]LogD3D11RHI:      Driver Date: 6-27-2017
[2018.08.21-01.14.00:394][  0]LogRHI: Texture pool is 1417 MB (70% of 2025 MB)
[2018.08.21-01.14.00:522][  0]LogD3D11RHI: Async texture creation enabled
[2018.08.21-01.14.00:542][  0]LogD3D11RHI: GPU Timing Frequency: 27.000000 (Debug: 2 1)
[2018.08.21-01.14.00:546][  0]LogShaderCompilers: Guid format shader working directory is -31 characters bigger than the processId version (../../../../../../Users/brixo/OneDrive/Documents/GitHub/Heart-Felt/OurProject/Intermediate/Shaders/WorkingDirectory/4288/).
[2018.08.21-01.14.00:547][  0]LogShaderCompilers: Cleaned the shader compiler working directory 'C:/Users/brixo/AppData/Local/Temp/UnrealShaderWorkingDir/70CA1301487EF266558F67A55D81F14B/'.
[2018.08.21-01.14.01:475][  0]LogTemp: Display: Loaded TP AllDesktopTargetPlatform
[2018.08.21-01.14.01:508][  0]LogTemp: Display: Loaded TP MacClientTargetPlatform
[2018.08.21-01.14.01:541][  0]LogTemp: Display: Loaded TP MacNoEditorTargetPlatform
[2018.08.21-01.14.01:570][  0]LogTemp: Display: Loaded TP MacServerTargetPlatform
[2018.08.21-01.14.01:600][  0]LogTemp: Display: Loaded TP MacTargetPlatform
[2018.08.21-01.14.01:628][  0]LogTemp: Display: Loaded TP WindowsClientTargetPlatform
[2018.08.21-01.14.01:658][  0]LogTemp: Display: Loaded TP WindowsNoEditorTargetPlatform
[2018.08.21-01.14.01:687][  0]LogTemp: Display: Loaded TP WindowsServerTargetPlatform
[2018.08.21-01.14.01:702][  0]LogTemp: Display: Loaded TP WindowsTargetPlatform
[2018.08.21-01.14.01:881][  0]LogTemp: Display: Loaded TP AndroidTargetPlatform
[2018.08.21-01.14.01:881][  0]LogTemp: Display: Loaded TP AndroidTargetPlatform
[2018.08.21-01.14.01:881][  0]LogTemp: Display: Loaded TP AndroidTargetPlatform
[2018.08.21-01.14.01:881][  0]LogTemp: Display: Loaded TP AndroidTargetPlatform
[2018.08.21-01.14.01:881][  0]LogTemp: Display: Loaded TP AndroidTargetPlatform
[2018.08.21-01.14.01:881][  0]LogTemp: Display: Loaded TP AndroidTargetPlatform
[2018.08.21-01.14.01:881][  0]LogTemp: Display: Loaded TP AndroidTargetPlatform
[2018.08.21-01.14.01:881][  0]LogTemp: Display: Loaded TP AndroidTargetPlatform
[2018.08.21-01.14.01:881][  0]LogTemp: Display: Loaded TP AndroidTargetPlatform
[2018.08.21-01.14.01:881][  0]LogTemp: Display: Loaded TP AndroidTargetPlatform
[2018.08.21-01.14.01:881][  0]LogTemp: Display: Loaded TP AndroidTargetPlatform
[2018.08.21-01.14.01:881][  0]LogTemp: Display: Loaded TP AndroidTargetPlatform
[2018.08.21-01.14.01:881][  0]LogTemp: Display: Loaded TP AndroidTargetPlatform
[2018.08.21-01.14.01:881][  0]LogTemp: Display: Loaded TP AndroidTargetPlatform
[2018.08.21-01.14.01:882][  0]LogTemp: Display: Loaded TP AndroidTargetPlatform
[2018.08.21-01.14.01:882][  0]LogTemp: Display: Loaded TP AndroidTargetPlatform
[2018.08.21-01.14.01:882][  0]LogTemp: Display: Loaded TP AndroidTargetPlatform
[2018.08.21-01.14.01:882][  0]LogTemp: Display: Loaded TP AndroidTargetPlatform
[2018.08.21-01.14.01:886][  0]LogTemp: Display: Loaded TP HTML5TargetPlatform
[2018.08.21-01.14.01:995][  0]LogTemp: Display: Loaded TP IOSTargetPlatform
[2018.08.21-01.14.01:995][  0]LogTemp: Display: Loaded TP IOSTargetPlatform
[2018.08.21-01.14.02:056][  0]LogTemp: Display: Loaded TP TVOSTargetPlatform
[2018.08.21-01.14.02:056][  0]LogTemp: Display: Loaded TP TVOSTargetPlatform
[2018.08.21-01.14.02:087][  0]LogTemp: Display: Loaded TP LinuxClientTargetPlatform
[2018.08.21-01.14.02:122][  0]LogTemp: Display: Loaded TP LinuxNoEditorTargetPlatform
[2018.08.21-01.14.02:154][  0]LogTemp: Display: Loaded TP LinuxServerTargetPlatform
[2018.08.21-01.14.02:187][  0]LogTemp: Display: Loaded TP LinuxTargetPlatform
[2018.08.21-01.14.02:212][  0]LogTemp: Display: Loaded TP LuminTargetPlatform
[2018.08.21-01.14.02:212][  0]LogTargetPlatformManager: Display: Building Assets For Windows
[2018.08.21-01.14.02:388][  0]LogXGEController: Cannot use XGE Controller as Incredibuild is not installed on this machine.
[2018.08.21-01.14.02:388][  0]LogShaderCompilers: Cannot use XGE Shader Compiler as Incredibuild is not installed on this machine.
[2018.08.21-01.14.02:388][  0]LogShaderCompilers: Display: Using Local Shader Compiler.
[2018.08.21-01.14.05:151][  0]LogDerivedDataCache: Display: Max Cache Size: 512 MB
[2018.08.21-01.14.05:371][  0]LogDerivedDataCache: Loaded boot cache 0.22s 71MB C:/Users/brixo/AppData/Local/UnrealEngine/4.20/DerivedDataCache/Boot.ddc.
[2018.08.21-01.14.05:371][  0]LogDerivedDataCache: Display: Loaded Boot cache: C:/Users/brixo/AppData/Local/UnrealEngine/4.20/DerivedDataCache/Boot.ddc
[2018.08.21-01.14.05:372][  0]LogDerivedDataCache: FDerivedDataBackendGraph:  Pak pak cache file ../../../../../../Users/brixo/OneDrive/Documents/GitHub/Heart-Felt/OurProject/DerivedDataCache/DDC.ddp not found, will not use a pak cache.
[2018.08.21-01.14.05:372][  0]LogDerivedDataCache: Unable to find inner node Pak for hierarchical cache Hierarchy.
[2018.08.21-01.14.05:372][  0]LogDerivedDataCache: FDerivedDataBackendGraph:  CompressedPak pak cache file ../../../../../../Users/brixo/OneDrive/Documents/GitHub/Heart-Felt/OurProject/DerivedDataCache/Compressed.ddp not found, will not use a pak cache.
[2018.08.21-01.14.05:372][  0]LogDerivedDataCache: Unable to find inner node CompressedPak for hierarchical cache Hierarchy.
[2018.08.21-01.14.05:412][  0]LogDerivedDataCache: Display: Pak cache opened for reading ../../../Engine/DerivedDataCache/Compressed.ddp.
[2018.08.21-01.14.05:427][  0]LogDerivedDataCache: Using Local data cache path C:/Users/brixo/AppData/Local/UnrealEngine/Common/DerivedDataCache: Writable
[2018.08.21-01.14.05:427][  0]LogDerivedDataCache: Shared data cache path not found in *engine.ini, will not use an Shared cache.
[2018.08.21-01.14.05:427][  0]LogDerivedDataCache: Unable to find inner node Shared for hierarchical cache Hierarchy.
[2018.08.21-01.14.05:472][  0]LogMaterial: Verifying Global Shaders for PCD3D_SM5
[2018.08.21-01.14.05:475][  0]LogSlate: Using FreeType 2.6.0
[2018.08.21-01.14.05:520][  0]LogSlate: SlateFontServices - WITH_FREETYPE: 1, WITH_HARFBUZZ: 1
[2018.08.21-01.14.06:504][  0]LogAssetRegistry: FAssetRegistry took 0.0439 seconds to start up
[2018.08.21-01.14.07:622][  0]LogInit: Selected Device Profile: [Windows]
[2018.08.21-01.14.08:611][  0]LogSimplygon: Simplygon DLL not present - disabling.
[2018.08.21-01.14.08:689][  0]LogMeshReduction: Using SimplygonSwarm for distributed automatic mesh merging
[2018.08.21-01.14.08:689][  0]LogMeshReduction: Using ProxyLODMeshReduction for automatic mesh merging
[2018.08.21-01.14.08:689][  0]LogMeshReduction: Using QuadricMeshReduction for automatic static mesh reduction
[2018.08.21-01.14.08:689][  0]LogMeshReduction: No automatic skeletal mesh reduction module available
[2018.08.21-01.14.08:798][  0]LogNetVersion: OurProject 1.0.0, NetCL: 4212847, EngineNetVer: 5, GameNetVer: 0 (Checksum: 3951183775)
[2018.08.21-01.14.11:953][  0]LogPackageLocalizationCache: Processed 11 localized package path(s) for 2 prioritized culture(s) in 0.443939 seconds
[2018.08.21-01.14.11:974][  0]LogUObjectArray: 38434 objects as part of root set at end of initial load.
[2018.08.21-01.14.11:974][  0]LogUObjectAllocator: 6701136 out of 0 bytes used by permanent object pool.
[2018.08.21-01.14.11:974][  0]LogUObjectArray: CloseDisregardForGC: 0/0 objects in disregard for GC pool
[2018.08.21-01.14.25:023][  0]LogTcpMessaging: Initializing TcpMessaging bridge
[2018.08.21-01.14.25:070][  0]LogUdpMessaging: Initializing bridge on interface 0.0.0.0:0 to multicast group 230.0.0.1:6666.
[2018.08.21-01.14.26:079][  0]SourceControl: Source control is disabled
[2018.08.21-01.14.26:080][  0]SourceControl: Source control is disabled
[2018.08.21-01.14.26:116][  0]SourceControl: Source control is disabled
[2018.08.21-01.14.26:146][  0]SourceControl: Source control is disabled
[2018.08.21-01.14.27:504][  0]LogAndroidPermission: UAndroidPermissionCallbackProxy::GetInstance
[2018.08.21-01.14.27:923][  0]LogOcInput: OculusInput pre-init called
[2018.08.21-01.14.28:320][  0]LogEngine: Initializing Engine...
[2018.08.21-01.14.28:321][  0]LogHMD: Failed to initialize OpenVR with code 110
[2018.08.21-01.14.28:337][  0]LogStats: UGameplayTagsManager::ConstructGameplayTagTree: ImportINI prefixes -  0.000 s
[2018.08.21-01.14.28:337][  0]LogStats: UGameplayTagsManager::ConstructGameplayTagTree: Construct from data asset -  0.000 s
[2018.08.21-01.14.28:337][  0]LogStats: UGameplayTagsManager::ConstructGameplayTagTree: ImportINI -  0.000 s
[2018.08.21-01.14.28:337][  0]LogStats: UGameplayTagsManager::ConstructGameplayTagTree: GameplayTagTreeChangedEvent.Broadcast -  0.000 s
[2018.08.21-01.14.29:195][  0]LogInit: Initializing FReadOnlyCVARCache
[2018.08.21-01.14.29:370][  0]LogAIModule: Creating AISystem for world Untitled
[2018.08.21-01.14.29:398][  0]LogInit: XAudio2 using 'Headset Earphone (Corsair Gaming H2100 Headset)' : 2 channels at 48 kHz using 16 bits per sample (channel mask 0x3)
[2018.08.21-01.14.29:430][  0]LogInit: FAudioDevice initialized.
[2018.08.21-01.14.29:431][  0]LogNetVersion: Set ProjectVersion to 1.0.0.0. Version Checksum will be recalculated on next use.
[2018.08.21-01.14.29:690][  0]LogDerivedDataCache: Saved boot cache 0.26s 71MB C:/Users/brixo/AppData/Local/UnrealEngine/4.20/DerivedDataCache/Boot.ddc.
[2018.08.21-01.14.29:701][  0]LogInit: Texture streaming: Enabled
[2018.08.21-01.14.29:883][  0]LogEngineSessionManager: EngineSessionManager initialized
[2018.08.21-01.14.30:025][  0]LogInit: Transaction tracking system initialized
[2018.08.21-01.14.30:383][  0]BlueprintLog: New page: Editor Load
[2018.08.21-01.14.31:383][  0]LocalizationService: Localization service is disabled
[2018.08.21-01.14.33:180][  0]LogCook: Display: Max memory allowance for cook 16384mb min free memory 0mb
[2018.08.21-01.14.33:180][  0]LogCook: Display: Mobile HDR setting 1
[2018.08.21-01.14.33:180][  0]LogGameplayTags: Display: UGameplayTagsManager::DoneAddingNativeTags. DelegateIsBound: 0
[2018.08.21-01.14.33:180][  0]LogStats: UGameplayTagsManager::ConstructGameplayTagTree: ImportINI prefixes -  0.000 s
[2018.08.21-01.14.33:180][  0]LogStats: UGameplayTagsManager::ConstructGameplayTagTree: Construct from data asset -  0.000 s
[2018.08.21-01.14.33:181][  0]LogStats: UGameplayTagsManager::ConstructGameplayTagTree: ImportINI -  0.000 s
[2018.08.21-01.14.33:181][  0]LogStats: UGameplayTagsManager::ConstructGameplayTagTree: GameplayTagTreeChangedEvent.Broadcast -  0.000 s
[2018.08.21-01.14.33:931][  0]LogFileCache: Scanning file cache for directory 'C:/Users/brixo/OneDrive/Documents/GitHub/Heart-Felt/OurProject/Content/' took 0.03s
[2018.08.21-01.14.34:658][  0]SourceControl: Source control is disabled
[2018.08.21-01.14.34:658][  0]Cmd: MAP LOAD FILE="../../../../../../Users/brixo/OneDrive/Documents/GitHub/Heart-Felt/OurProject/Content/GameStates/MainMenu/MainMenuMap.umap" TEMPLATE=0 SHOWPROGRESS=1 FEATURELEVEL=3
[2018.08.21-01.14.34:671][  0]LightingResults: New page: Lighting Build
[2018.08.21-01.14.34:706][  0]MapCheck: New page: Map Check
[2018.08.21-01.14.34:706][  0]LightingResults: New page: Lighting Build
[2018.08.21-01.14.35:889][  0]LogBlueprint: Error: [Compiler GameModeSuperClass] Can't connect pins  Item  and  Exiting Controller : Character Controller Super Class Object Reference (by ref) is not compatible with Controller Object Reference.
[2018.08.21-01.14.35:889][  0]LogBlueprint: Error: [Compiler GameModeSuperClass] Can't connect pins  Exiting Controller  and  Item : Controller Object Reference is not compatible with Character Controller Super Class Object Reference (by ref).
[2018.08.21-01.14.36:048][  0]LogBlueprint: Warning: [Compiler GameModeSuperClass] [0042.34] Compile of GameModeSuperClass failed. 2 Fatal Issue(s) 0 Warning(s) [in 272 ms] (/Game/GameStates/SuperClasses/GameModeSuperClass.GameModeSuperClass)
[2018.08.21-01.14.36:489][  0]LogAIModule: Creating AISystem for world MainMenuMap
[2018.08.21-01.14.36:491][  0]LogEditorServer: Finished looking for orphan Actors (0.000 secs)
[2018.08.21-01.14.36:559][  0]Cmd: MAP CHECKDEP NOCLEARLOG
[2018.08.21-01.14.36:757][  0]MapCheck: Map check complete: 0 Error(s), 0 Warning(s), took 198.124ms to complete.
[2018.08.21-01.14.36:757][  0]LogFileHelpers: Loading map 'MainMenuMap' took 2.100
[2018.08.21-01.14.37:077][  0]LogSlate: Updating window title bar state: overlay mode, drag disabled, window buttons hidden, title bar hidden
[2018.08.21-01.14.37:097][  0]LogSlate: Updating window title bar state: overlay mode, drag disabled, window buttons hidden, title bar hidden
[2018.08.21-01.14.37:114][  0]LogSlate: Updating window title bar state: overlay mode, drag disabled, window buttons hidden, title bar hidden
[2018.08.21-01.14.37:130][  0]LogSlate: Updating window title bar state: overlay mode, drag disabled, window buttons hidden, title bar hidden
[2018.08.21-01.14.37:215][  0]LogCollectionManager: Loaded 0 collections in 0.005248 seconds
[2018.08.21-01.14.37:317][  0]LogFileCache: Scanning file cache for directory 'C:/Users/brixo/OneDrive/Documents/GitHub/Heart-Felt/OurProject/Saved/Collections/' took 0.01s
[2018.08.21-01.14.37:318][  0]LogFileCache: Scanning file cache for directory 'C:/Users/brixo/OneDrive/Documents/GitHub/Heart-Felt/OurProject/Content/Developers/brixo/Collections/' took 0.01s
[2018.08.21-01.14.37:318][  0]LogFileCache: Scanning file cache for directory 'C:/Users/brixo/OneDrive/Documents/GitHub/Heart-Felt/OurProject/Content/Collections/' took 0.01s
[2018.08.21-01.14.37:318][  0]LogCollectionManager: Rebuilt the GUID cache for 0 collections in 0.000001 seconds
[2018.08.21-01.14.37:340][  0]LogContentBrowser: Native class hierarchy populated in 0.0220 seconds. Added 2575 classes and 607 folders.
[2018.08.21-01.14.37:422][  0]LogContentBrowser: Native class hierarchy updated for 'WidgetCarousel' in 0.0007 seconds. Added 0 classes and 0 folders.
[2018.08.21-01.14.38:271][  0]LogContentBrowser: Native class hierarchy updated for 'AddContentDialog' in 0.0007 seconds. Added 0 classes and 0 folders.
[2018.08.21-01.14.38:319][  0]LogContentBrowser: Native class hierarchy updated for 'SceneOutliner' in 0.0008 seconds. Added 1 classes and 2 folders.
[2018.08.21-01.14.38:350][  0]LogSlate: Updating window title bar state: overlay mode, drag disabled, window buttons hidden, title bar hidden
[2018.08.21-01.14.38:366][  0]LogSlate: Updating window title bar state: overlay mode, drag disabled, window buttons hidden, title bar hidden
[2018.08.21-01.14.38:382][  0]LogSlate: Updating window title bar state: overlay mode, drag disabled, window buttons hidden, title bar hidden
[2018.08.21-01.14.38:398][  0]LogSlate: Updating window title bar state: overlay mode, drag disabled, window buttons hidden, title bar hidden
[2018.08.21-01.14.38:452][  0]LogContentBrowser: Native class hierarchy updated for 'WorldBrowser' in 0.0008 seconds. Added 2 classes and 3 folders.
[2018.08.21-01.14.38:638][  0]LogSlate: Took 0.013459 seconds to synchronously load lazily loaded font '../../../Engine/Content/Slate/Fonts/Roboto-Regular.ttf' (155K)
[2018.08.21-01.14.38:654][  0]LogSlate: Took 0.013022 seconds to synchronously load lazily loaded font '../../../Engine/Content/Slate/Fonts/Roboto-Bold.ttf' (160K)
[2018.08.21-01.14.38:680][  0]LogSlate: Took 0.015078 seconds to synchronously load lazily loaded font '../../../Engine/Content/Editor/Slate/Fonts/FontAwesome.ttf' (139K)
[2018.08.21-01.14.38:932][  0]LogRenderer: Reallocating scene render targets to support 1260x556 Format 10 NumSamples 1 (Frame:1).
[2018.08.21-01.14.39:244][  0]LogContentBrowser: Native class hierarchy updated for 'HierarchicalLODOutliner' in 0.0008 seconds. Added 0 classes and 0 folders.
[2018.08.21-01.14.39:246][  0]LogLoad: (Engine Initialization) Total time: 45.54 seconds
[2018.08.21-01.14.39:246][  0]LogLoad: (Engine Initialization) Total Blueprint compile time: 0.00 seconds
[2018.08.21-01.14.39:259][  0]LogWindowsTextInputMethodSystem: Display: IME system now deactivated.
[2018.08.21-01.14.39:288][  0]LogContentStreaming: Texture pool size now 3000 MB
[2018.08.21-01.14.39:395][  0]LogSlate: Took 0.011102 seconds to synchronously load lazily loaded font '../../../Engine/Content/Slate/Fonts/Roboto-Light.ttf' (167K)
[2018.08.21-01.14.39:487][  2]LogAssetRegistry: Asset discovery search completed in 33.0063 seconds
[2018.08.21-01.14.39:491][  2]LogCollectionManager: Rebuilt the object cache for 0 collections in 0.000001 seconds (found 0 objects)
[2018.08.21-01.14.39:491][  2]LogCollectionManager: Fixed up redirectors for 0 collections in 0.000197 seconds (updated 0 objects)
[2018.08.21-01.14.40:334][ 67]LogSlate: Took 0.000654 seconds to synchronously load lazily loaded font '../../../Engine/Content/Slate/Fonts/Roboto-Light.ttf' (167K)
[2018.08.21-01.15.44:987][473]LogSlate: FSceneViewport::OnFocusLost() reason 2
[2018.08.21-01.16.07:631][925]MapCheck: New page: Map Check
[2018.08.21-01.16.07:735][925]Cmd: MAP REBUILD ALLVISIBLE
[2018.08.21-01.16.07:736][925]LogEditorServer: Rebuildmap Clear paths rebuilt
[2018.08.21-01.16.08:144][925]TextureStreamingBuild: Display: Build Texture Streaming took 0.013 seconds.
[2018.08.21-01.16.08:224][925]LightingResults: New page: Lighting Build - Aug 20, 2018, 1:16:08 PM
[2018.08.21-01.16.08:741][925]LogSwarmInterface: [OpenConnection] Registering TCP channel ...
[2018.08.21-01.16.09:272][925]LogSwarmInterface: [OpenConnection] Connecting to agent ...
[2018.08.21-01.16.09:495][925]LogSwarmInterface: [TryOpenConnection] Testing the Agent
[2018.08.21-01.16.12:431][925]LogSwarmInterface: [TryOpenConnection] Opening Connection to Agent
[2018.08.21-01.16.12:431][925]LogSwarmInterface: [TryOpenConnection] Local Process ID is 4288
[2018.08.21-01.16.17:640][925]LogStaticLightingSystem: Warning: No importance volume found, so the scene bounding box was used.  You can optimize your scene's quality and lighting build times by adding importance volumes.
[2018.08.21-01.16.17:668][925]LogStaticLightingSystem: Running Lightmass w/ ImmediateImport mode ENABLED
[2018.08.21-01.16.17:669][925]LogStaticLightingSystem: Running Lightmass w/ ImmediateProcess mode ENABLED
[2018.08.21-01.16.17:669][925]LogStaticLightingSystem: Running Lightmass w/ Sorting mode ENABLED
[2018.08.21-01.16.17:669][925]LogStaticLightingSystem: Running Lightmass w/ Mapping paddings ENABLED
[2018.08.21-01.16.17:669][925]LogStaticLightingSystem: Running Lightmass w/ Mapping debug paddings DISABLED
[2018.08.21-01.16.18:136][925]Cmd: MAP CHECK DONTDISPLAYDIALOG
[2018.08.21-01.16.18:136][925]MapCheck: New page: MainMenuMap - Aug 20, 2018, 1:16:18 PM
[2018.08.21-01.16.18:354][925]MapCheck: Map check complete: 0 Error(s), 0 Warning(s), took 217.89ms to complete.
[2018.08.21-01.16.18:404][925]LogEditorBuildUtils: Build time 0:10
[2018.08.21-01.16.18:544][925]LogMaterial: Display: Missing cached shader map for material FLightmassMaterialRenderer WorldGridMaterial, compiling. Is special engine material.
[2018.08.21-01.16.18:703][925]LogShaderCompilers: Display: Shaders left to compile 2
[2018.08.21-01.16.18:703][925]LogMaterial: Display: Missing cached shader map for material FLightmassMaterialRenderer WorldGridMaterial, compiling. Is special engine material.
[2018.08.21-01.16.24:424][927]LogShaderCompilers: Display: Shaders left to compile 2
[2018.08.21-01.16.30:338][940]Job is a success!
[2018.08.21-01.16.31:211][941]LogVolumetricLightmapImport: Imported Volumetric Lightmap in 0.260s
[2018.08.21-01.16.31:215][941]LogVolumetricLightmapImport:      Indirection Texture 16x16x16 = 0.0Mb
[2018.08.21-01.16.31:215][941]LogVolumetricLightmapImport:      BrickData 5x5x5 = 0.0Mb
[2018.08.21-01.16.31:215][941]LogVolumetricLightmapImport:      Bricks at Level
[2018.08.21-01.16.31:215][941]LogVolumetricLightmapImport:          0: 100.0% covering 100.0% of volume
[2018.08.21-01.16.31:215][941]LogVolumetricLightmapImport:          1: 0.0% covering 0.0% of volume
[2018.08.21-01.16.31:215][941]LogVolumetricLightmapImport:          2: 0.0% covering 0.0% of volume
[2018.08.21-01.16.31:533][941]Lightmass on LINK: 3.09 sec total, 548 ms importing, 122 ms setup, 212 ms photons, 2.10 sec processing, 0 ms extra exporting [0/0 mappings]. Threads: 8.24 sec total, 0 ms processing.
[2018.08.21-01.16.31:657][941]LogStaticLightingSystem: Illumination: 23.0 sec (8 ms encoding lightmaps, 23 ms encoding shadowmaps)
[2018.08.21-01.16.31:657][941]LogStaticLightingSystem: Lightmap texture memory:  0.0 MB (0.0 MB streaming, 0.0 MB non-streaming), 0 textures
[2018.08.21-01.16.31:657][941]LogStaticLightingSystem: Shadowmap texture memory: 0.0 MB (0.0 MB streaming, 0.0 MB non-streaming), 0 textures
[2018.08.21-01.16.32:635][941]DumpUnbuiltLightIteractions
[2018.08.21-01.16.32:635][941]Lights with unbuilt interactions: 0
[2018.08.21-01.16.32:635][941]
[2018.08.21-01.16.32:635][941]Primitives with unbuilt interactions: 0
[2018.08.21-01.16.32:733][942]Cmd: MAP CHECK NOTIFYRESULTS
[2018.08.21-01.16.32:735][942]MapCheck: New page: MainMenuMap - Aug 20, 2018, 1:16:32 PM
[2018.08.21-01.16.33:171][942]MapCheck: Map check complete: 0 Error(s), 0 Warning(s), took 437.91ms to complete.
[2018.08.21-01.20.24:694][ 20]LogSlate: FSceneViewport::OnFocusLost() reason 0
[2018.08.21-01.20.36:008][696]LogSavePackage: Moving '../../../../../../Users/brixo/OneDrive/Documents/GitHub/Heart-Felt/OurProject/Saved/MainMenuMapEFB8B5624DCF3745B008DD9C9F69765A.tmp' to '../../../../../../Users/brixo/OneDrive/Documents/GitHub/Heart-Felt/OurProject/Content/GameStates/MainMenu/MainMenuMap.umap'
[2018.08.21-01.20.36:127][696]LogSavePackage: Moving '../../../../../../Users/brixo/OneDrive/Documents/GitHub/Heart-Felt/OurProject/Saved/MainMenuMap_BuiltData258CA16845DF5CA37463238D4F557D85.tmp' to '../../../../../../Users/brixo/OneDrive/Documents/GitHub/Heart-Felt/OurProject/Content/GameStates/MainMenu/MainMenuMap_BuiltData.uasset'
[2018.08.21-01.24.55:583][735]UATHelper: Packaging (Windows (64-bit)): Running AutomationTool...
[2018.08.21-01.24.57:613][874]UATHelper: Packaging (Windows (64-bit)): Parsing command line: -ScriptsForProject=C:/Users/brixo/OneDrive/Documents/GitHub/Heart-Felt/OurProject/OurProject.uproject BuildCookRun -nocompile -nocompileeditor -installed -nop4 -project=C:/Users/brixo/OneDrive/Documents/GitHub/Heart-Felt/OurProject/OurProject.uproject -cook -stage -archive -archivedirectory=C:/Users/brixo/OneDrive/Documents/GitHub/Heart-Felt/OurProject -package -clientconfig=Development -ue4exe=UE4Editor-Cmd.exe -pak -prereqs -nodebuginfo -targetplatform=Win64 -build -utf8output
[2018.08.21-01.25.02:735][245]UATHelper: Packaging (Windows (64-bit)): Setting up ProjectParams for C:\Users\brixo\OneDrive\Documents\GitHub\Heart-Felt\OurProject\OurProject.uproject
[2018.08.21-01.25.19:445][451]UATHelper: Packaging (Windows (64-bit)): ********** BUILD COMMAND STARTED **********
[2018.08.21-01.25.19:682][468]UATHelper: Packaging (Windows (64-bit)): Running: C:\Program Files\Epic Games\UE_4.20\Engine\Binaries\DotNET\UnrealBuildTool.exe OurProject Win64 Development -Project=C:\Users\brixo\OneDrive\Documents\GitHub\Heart-Felt\OurProject\OurProject.uproject  C:\Users\brixo\OneDrive\Documents\GitHub\Heart-Felt\OurProject\OurProject.uproject -NoUBTMakefiles  -remoteini="C:\Users\brixo\OneDrive\Documents\GitHub\Heart-Felt\OurProject" -skipdeploy -noxge -generatemanifest -NoHotReload -log="C:\Users\brixo\AppData\Roaming\Unreal Engine\AutomationTool\Logs\C+Program+Files+Epic+Games+UE_4.20\UBT-OurProject-Win64-Development.txt"
[2018.08.21-01.25.21:801][612]UATHelper: Packaging (Windows (64-bit)):   Using 'git status' to determine working set for adaptive non-unity build.
[2018.08.21-01.25.30:660][236]UATHelper: Packaging (Windows (64-bit)):   Using Visual Studio 2017 14.11.25503 toolchain (C:\Program Files (x86)\Microsoft Visual Studio\2017\Community\VC\Tools\MSVC\14.11.25503) and Windows 10.0.15063.0 SDK (C:\Program Files (x86)\Windows Kits\10).
[2018.08.21-01.27.44:577][582]UATHelper: Packaging (Windows (64-bit)):   Parsing headers for OurProject
[2018.08.21-01.27.44:578][582]UATHelper: Packaging (Windows (64-bit)):     Running UnrealHeaderTool "C:\Users\brixo\OneDrive\Documents\GitHub\Heart-Felt\OurProject\OurProject.uproject" "C:\Users\brixo\OneDrive\Documents\GitHub\Heart-Felt\OurProject\Intermediate\Build\Win64\OurProject\Development\OurProject.uhtmanifest" -LogCmds="loginit warning, logexit warning, logdatabase error" -Unattended -WarningsAsErrors -installed
[2018.08.21-01.28.07:437][650]UATHelper: Packaging (Windows (64-bit)):   Reflection code generated for OurProject in 22.7833182 seconds
[2018.08.21-01.28.14:459][671]UATHelper: Packaging (Windows (64-bit)): Took 174.7487115s to run UnrealBuildTool.exe, ExitCode=0
[2018.08.21-01.28.14:795][672]UATHelper: Packaging (Windows (64-bit)): Running: C:\Program Files\Epic Games\UE_4.20\Engine\Binaries\DotNET\UnrealBuildTool.exe OurProject Win64 Development -Project=C:\Users\brixo\OneDrive\Documents\GitHub\Heart-Felt\OurProject\OurProject.uproject  C:\Users\brixo\OneDrive\Documents\GitHub\Heart-Felt\OurProject\OurProject.uproject -NoUBTMakefiles  -remoteini="C:\Users\brixo\OneDrive\Documents\GitHub\Heart-Felt\OurProject" -skipdeploy -noxge -NoHotReload -ignorejunk -log="C:\Users\brixo\AppData\Roaming\Unreal Engine\AutomationTool\Logs\C+Program+Files+Epic+Games+UE_4.20\UBT-OurProject-Win64-Development_2.txt"
[2018.08.21-01.28.15:474][674]UATHelper: Packaging (Windows (64-bit)):   Using 'git status' to determine working set for adaptive non-unity build.
[2018.08.21-01.28.17:491][680]UATHelper: Packaging (Windows (64-bit)):   Using Visual Studio 2017 14.11.25503 toolchain (C:\Program Files (x86)\Microsoft Visual Studio\2017\Community\VC\Tools\MSVC\14.11.25503) and Windows 10.0.15063.0 SDK (C:\Program Files (x86)\Windows Kits\10).
[2018.08.21-01.28.28:921][711]UATHelper: Packaging (Windows (64-bit)):   Building 3 actions with 4 processes...
[2018.08.21-01.28.30:914][717]UATHelper: Packaging (Windows (64-bit)):     PCH.OurProject.cpp
[2018.08.21-01.28.30:915][717]UATHelper: Packaging (Windows (64-bit)):     c:\program files\epic games\ue_4.20\engine\source\runtime\core\public\Windows/WindowsPlatformCompilerSetup.h(21): error C2338: Visual Studio 2017 version 15.6 is required to compile on Windows. Please install updates through the Visual Studio installer.
[2018.08.21-01.28.30:915][717]UATHelper: Packaging (Windows (64-bit)):   ERROR: UBT ERROR: Failed to produce item: C:\Users\brixo\OneDrive\Documents\GitHub\Heart-Felt\OurProject\Binaries\Win64\OurProject.exe
[2018.08.21-01.28.30:915][717]UATHelper: Packaging (Windows (64-bit)):          (see C:\Users\brixo\AppData\Roaming\Unreal Engine\AutomationTool\Logs\C+Program+Files+Epic+Games+UE_4.20\UBT-OurProject-Win64-Development_2.txt for full exception trace)
[2018.08.21-01.28.30:915][717]UATHelper: Packaging (Windows (64-bit)):   Total build time: 15.68 seconds (Parallel executor: 0.00 seconds)
[2018.08.21-01.28.30:915][717]UATHelper: Packaging (Windows (64-bit)): Took 16.3923961s to run UnrealBuildTool.exe, ExitCode=5
[2018.08.21-01.28.30:915][717]UATHelper: Packaging (Windows (64-bit)): ERROR: UnrealBuildTool failed. See log for more details. (C:\Users\brixo\AppData\Roaming\Unreal Engine\AutomationTool\Logs\C+Program+Files+Epic+Games+UE_4.20\UBT-OurProject-Win64-Development_2.txt)
[2018.08.21-01.28.30:915][717]UATHelper: Packaging (Windows (64-bit)):        (see C:\Users\brixo\AppData\Roaming\Unreal Engine\AutomationTool\Logs\C+Program+Files+Epic+Games+UE_4.20\Log.txt for full exception trace)
[2018.08.21-01.28.30:915][717]PackagingResults: Error: UBT ERROR: Failed to produce item: C:\Users\brixo\OneDrive\Documents\GitHub\Heart-Felt\OurProject\Binaries\Win64\OurProject.exe
[2018.08.21-01.28.30:915][717]PackagingResults: Error: UnrealBuildTool failed. See log for more details. (C:\Users\brixo\AppData\Roaming\Unreal Engine\AutomationTool\Logs\C+Program+Files+Epic+Games+UE_4.20\UBT-OurProject-Win64-Development_2.txt)
[2018.08.21-01.28.31:247][718]UATHelper: Packaging (Windows (64-bit)): AutomationTool exiting with ExitCode=5 (5)
[2018.08.21-01.28.31:248][718]UATHelper: Packaging (Windows (64-bit)): BUILD FAILED
[2018.08.21-01.28.31:248][718]PackagingResults: Error: Unknown Error
[2018.08.21-01.35.12:085][107]LogSlate: Took 0.132296 seconds to synchronously load lazily loaded font '../../../Engine/Content/Slate/Fonts/DroidSansMono.ttf' (77K)
[2018.08.21-01.36.22:769][136]LogSlate: Window 'Output Log' being destroyed
[2018.08.21-01.36.22:783][136]LogSlate: Window 'Output Log' being destroyed
[2018.08.21-01.36.32:217][674]UATHelper: Packaging (Windows (32-bit)): Running AutomationTool...
[2018.08.21-01.36.32:521][696]UATHelper: Packaging (Windows (32-bit)): Parsing command line: -ScriptsForProject=C:/Users/brixo/OneDrive/Documents/GitHub/Heart-Felt/OurProject/OurProject.uproject BuildCookRun -nocompile -nocompileeditor -installed -nop4 -project=C:/Users/brixo/OneDrive/Documents/GitHub/Heart-Felt/OurProject/OurProject.uproject -cook -stage -archive -archivedirectory=C:/Users/brixo/OneDrive/Documents/GitHub/Heart-Felt/OurProject -package -clientconfig=Development -ue4exe=UE4Editor-Cmd.exe -pak -prereqs -nodebuginfo -targetplatform=Win32 -build -utf8output
[2018.08.21-01.36.33:682][783]UATHelper: Packaging (Windows (32-bit)): Setting up ProjectParams for C:\Users\brixo\OneDrive\Documents\GitHub\Heart-Felt\OurProject\OurProject.uproject
[2018.08.21-01.36.36:842][ 36]UATHelper: Packaging (Windows (32-bit)): ********** BUILD COMMAND STARTED **********
[2018.08.21-01.36.36:928][ 43]UATHelper: Packaging (Windows (32-bit)): Running: C:\Program Files\Epic Games\UE_4.20\Engine\Binaries\DotNET\UnrealBuildTool.exe OurProject Win32 Development -Project=C:\Users\brixo\OneDrive\Documents\GitHub\Heart-Felt\OurProject\OurProject.uproject  C:\Users\brixo\OneDrive\Documents\GitHub\Heart-Felt\OurProject\OurProject.uproject -NoUBTMakefiles  -remoteini="C:\Users\brixo\OneDrive\Documents\GitHub\Heart-Felt\OurProject" -skipdeploy -noxge -generatemanifest -NoHotReload -log="C:\Users\brixo\AppData\Roaming\Unreal Engine\AutomationTool\Logs\C+Program+Files+Epic+Games+UE_4.20\UBT-OurProject-Win32-Development.txt"
[2018.08.21-01.36.37:857][119]UATHelper: Packaging (Windows (32-bit)):   Using 'git status' to determine working set for adaptive non-unity build.
[2018.08.21-01.36.41:236][396]UATHelper: Packaging (Windows (32-bit)):   Using Visual Studio 2017 14.11.25503 toolchain (C:\Program Files (x86)\Microsoft Visual Studio\2017\Community\VC\Tools\MSVC\14.11.25503) and Windows 10.0.15063.0 SDK (C:\Program Files (x86)\Windows Kits\10).
[2018.08.21-01.36.51:024][212]UATHelper: Packaging (Windows (32-bit)):   Parsing headers for OurProject
[2018.08.21-01.36.51:130][221]UATHelper: Packaging (Windows (32-bit)):     Running UnrealHeaderTool "C:\Users\brixo\OneDrive\Documents\GitHub\Heart-Felt\OurProject\OurProject.uproject" "C:\Users\brixo\OneDrive\Documents\GitHub\Heart-Felt\OurProject\Intermediate\Build\Win32\OurProject\Development\OurProject.uhtmanifest" -LogCmds="loginit warning, logexit warning, logdatabase error" -Unattended -WarningsAsErrors -installed
[2018.08.21-01.37.19:807][599]UATHelper: Packaging (Windows (32-bit)):   Reflection code generated for OurProject in 28.6682275 seconds
[2018.08.21-01.37.25:223][ 60]UATHelper: Packaging (Windows (32-bit)): Took 48.2873232s to run UnrealBuildTool.exe, ExitCode=0
[2018.08.21-01.37.25:330][ 69]UATHelper: Packaging (Windows (32-bit)): Running: C:\Program Files\Epic Games\UE_4.20\Engine\Binaries\DotNET\UnrealBuildTool.exe OurProject Win32 Development -Project=C:\Users\brixo\OneDrive\Documents\GitHub\Heart-Felt\OurProject\OurProject.uproject  C:\Users\brixo\OneDrive\Documents\GitHub\Heart-Felt\OurProject\OurProject.uproject -NoUBTMakefiles  -remoteini="C:\Users\brixo\OneDrive\Documents\GitHub\Heart-Felt\OurProject" -skipdeploy -noxge -NoHotReload -ignorejunk -log="C:\Users\brixo\AppData\Roaming\Unreal Engine\AutomationTool\Logs\C+Program+Files+Epic+Games+UE_4.20\UBT-OurProject-Win32-Development_2.txt"
[2018.08.21-01.37.26:234][143]UATHelper: Packaging (Windows (32-bit)):   Using 'git status' to determine working set for adaptive non-unity build.
[2018.08.21-01.37.29:043][374]UATHelper: Packaging (Windows (32-bit)):   Using Visual Studio 2017 14.11.25503 toolchain (C:\Program Files (x86)\Microsoft Visual Studio\2017\Community\VC\Tools\MSVC\14.11.25503) and Windows 10.0.15063.0 SDK (C:\Program Files (x86)\Windows Kits\10).
[2018.08.21-01.37.39:827][279]UATHelper: Packaging (Windows (32-bit)):   Building 3 actions with 4 processes...
[2018.08.21-01.37.40:968][375]UATHelper: Packaging (Windows (32-bit)):     PCH.OurProject.cpp
[2018.08.21-01.37.40:968][375]UATHelper: Packaging (Windows (32-bit)):     c:\program files\epic games\ue_4.20\engine\source\runtime\core\public\Windows/WindowsPlatformCompilerSetup.h(21): error C2338: Visual Studio 2017 version 15.6 is required to compile on Windows. Please install updates through the Visual Studio installer.
[2018.08.21-01.37.40:995][377]UATHelper: Packaging (Windows (32-bit)):   ERROR: UBT ERROR: Failed to produce item: C:\Users\brixo\OneDrive\Documents\GitHub\Heart-Felt\OurProject\Binaries\Win32\OurProject.exe
[2018.08.21-01.37.40:995][377]UATHelper: Packaging (Windows (32-bit)):          (see C:\Users\brixo\AppData\Roaming\Unreal Engine\AutomationTool\Logs\C+Program+Files+Epic+Games+UE_4.20\UBT-OurProject-Win32-Development_2.txt for full exception trace)
[2018.08.21-01.37.40:995][377]PackagingResults: Error: UBT ERROR: Failed to produce item: C:\Users\brixo\OneDrive\Documents\GitHub\Heart-Felt\OurProject\Binaries\Win32\OurProject.exe
[2018.08.21-01.37.41:053][382]UATHelper: Packaging (Windows (32-bit)):   Total build time: 14.85 seconds (Parallel executor: 0.00 seconds)
[2018.08.21-01.37.41:139][389]UATHelper: Packaging (Windows (32-bit)): Took 15.8050302s to run UnrealBuildTool.exe, ExitCode=5
[2018.08.21-01.37.41:152][390]UATHelper: Packaging (Windows (32-bit)): ERROR: UnrealBuildTool failed. See log for more details. (C:\Users\brixo\AppData\Roaming\Unreal Engine\AutomationTool\Logs\C+Program+Files+Epic+Games+UE_4.20\UBT-OurProject-Win32-Development_2.txt)
[2018.08.21-01.37.41:152][390]UATHelper: Packaging (Windows (32-bit)):        (see C:\Users\brixo\AppData\Roaming\Unreal Engine\AutomationTool\Logs\C+Program+Files+Epic+Games+UE_4.20\Log.txt for full exception trace)
[2018.08.21-01.37.41:152][390]PackagingResults: Error: UnrealBuildTool failed. See log for more details. (C:\Users\brixo\AppData\Roaming\Unreal Engine\AutomationTool\Logs\C+Program+Files+Epic+Games+UE_4.20\UBT-OurProject-Win32-Development_2.txt)
[2018.08.21-01.37.41:190][393]UATHelper: Packaging (Windows (32-bit)): AutomationTool exiting with ExitCode=5 (5)
[2018.08.21-01.37.41:255][398]UATHelper: Packaging (Windows (32-bit)): BUILD FAILED
[2018.08.21-01.37.41:255][398]PackagingResults: Error: Unknown Error
[2018.08.21-01.40.39:391][226]LogAssetEditorManager: Opening Asset editor for Blueprint /Game/GameStates/SuperClasses/GameModeSuperClass.GameModeSuperClass
[2018.08.21-01.40.40:730][226]LogContentBrowser: Native class hierarchy updated for 'BlueprintGraph' in 0.0012 seconds. Added 116 classes and 0 folders.
[2018.08.21-01.40.42:522][226]LogSlate: Took 0.011013 seconds to synchronously load lazily loaded font '../../../Engine/Content/Slate/Fonts/Roboto-BoldCondensed.ttf' (158K)
[2018.08.21-01.40.42:842][227]LogSlate: Took 0.012269 seconds to synchronously load lazily loaded font '../../../Engine/Content/Slate/Fonts/Roboto-Italic.ttf' (157K)
[2018.08.21-01.40.45:539][345]LogSlate: Window 'GameModeSuperClass' being destroyed
[2018.08.21-01.40.48:321][483]BlueprintLog: New page: Compile GameModeSuperClass
[2018.08.21-01.40.48:446][483]LogBlueprint: Error: [Compiler GameModeSuperClass] Can't connect pins  Item  and  Exiting Controller : Character Controller Super Class Object Reference (by ref) is not compatible with Controller Object Reference.
[2018.08.21-01.40.48:447][483]LogBlueprint: Error: [Compiler GameModeSuperClass] Can't connect pins  Exiting Controller  and  Item : Controller Object Reference is not compatible with Character Controller Super Class Object Reference (by ref).
[2018.08.21-01.40.48:788][483]LogBlueprint: Warning: [Compiler GameModeSuperClass] [1615.08] Compile of GameModeSuperClass failed. 2 Fatal Issue(s) 0 Warning(s) [in 466 ms] (/Game/GameStates/SuperClasses/GameModeSuperClass.GameModeSuperClass)
[2018.08.21-01.41.58:761][635]BlueprintLog: New page: Compile GameModeSuperClass
[2018.08.21-01.42.00:669][704]LogSavePackage: Moving '../../../../../../Users/brixo/OneDrive/Documents/GitHub/Heart-Felt/OurProject/Saved/GameModeSuperClass874089994EA667C94EAA04A2E1C67032.tmp' to '../../../../../../Users/brixo/OneDrive/Documents/GitHub/Heart-Felt/OurProject/Content/GameStates/SuperClasses/GameModeSuperClass.uasset'
[2018.08.21-01.42.22:025][804]UATHelper: Packaging (Windows (64-bit)): Running AutomationTool...
[2018.08.21-01.42.22:423][830]UATHelper: Packaging (Windows (64-bit)): Parsing command line: -ScriptsForProject=C:/Users/brixo/OneDrive/Documents/GitHub/Heart-Felt/OurProject/OurProject.uproject BuildCookRun -nocompile -nocompileeditor -installed -nop4 -project=C:/Users/brixo/OneDrive/Documents/GitHub/Heart-Felt/OurProject/OurProject.uproject -cook -stage -archive -archivedirectory=C:/Users/brixo/OneDrive/Documents/GitHub/Heart-Felt/OurProject -package -clientconfig=Development -ue4exe=UE4Editor-Cmd.exe -pak -prereqs -nodebuginfo -targetplatform=Win64 -build -utf8output
[2018.08.21-01.42.23:911][885]UATHelper: Packaging (Windows (64-bit)): Setting up ProjectParams for C:\Users\brixo\OneDrive\Documents\GitHub\Heart-Felt\OurProject\OurProject.uproject
[2018.08.21-01.42.26:991][894]UATHelper: Packaging (Windows (64-bit)): ********** BUILD COMMAND STARTED **********
[2018.08.21-01.42.27:396][895]UATHelper: Packaging (Windows (64-bit)): Running: C:\Program Files\Epic Games\UE_4.20\Engine\Binaries\DotNET\UnrealBuildTool.exe OurProject Win64 Development -Project=C:\Users\brixo\OneDrive\Documents\GitHub\Heart-Felt\OurProject\OurProject.uproject  C:\Users\brixo\OneDrive\Documents\GitHub\Heart-Felt\OurProject\OurProject.uproject -NoUBTMakefiles  -remoteini="C:\Users\brixo\OneDrive\Documents\GitHub\Heart-Felt\OurProject" -skipdeploy -noxge -generatemanifest -NoHotReload -log="C:\Users\brixo\AppData\Roaming\Unreal Engine\AutomationTool\Logs\C+Program+Files+Epic+Games+UE_4.20\UBT-OurProject-Win64-Development.txt"
[2018.08.21-01.42.28:659][898]UATHelper: Packaging (Windows (64-bit)):   Using 'git status' to determine working set for adaptive non-unity build.
[2018.08.21-01.42.33:896][913]UATHelper: Packaging (Windows (64-bit)):   Using Visual Studio 2017 14.11.25503 toolchain (C:\Program Files (x86)\Microsoft Visual Studio\2017\Community\VC\Tools\MSVC\14.11.25503) and Windows 10.0.15063.0 SDK (C:\Program Files (x86)\Windows Kits\10).
[2018.08.21-01.42.44:628][945]UATHelper: Packaging (Windows (64-bit)): Took 17.2077685s to run UnrealBuildTool.exe, ExitCode=0
[2018.08.21-01.42.44:629][945]UATHelper: Packaging (Windows (64-bit)): Running: C:\Program Files\Epic Games\UE_4.20\Engine\Binaries\DotNET\UnrealBuildTool.exe OurProject Win64 Development -Project=C:\Users\brixo\OneDrive\Documents\GitHub\Heart-Felt\OurProject\OurProject.uproject  C:\Users\brixo\OneDrive\Documents\GitHub\Heart-Felt\OurProject\OurProject.uproject -NoUBTMakefiles  -remoteini="C:\Users\brixo\OneDrive\Documents\GitHub\Heart-Felt\OurProject" -skipdeploy -noxge -NoHotReload -ignorejunk -log="C:\Users\brixo\AppData\Roaming\Unreal Engine\AutomationTool\Logs\C+Program+Files+Epic+Games+UE_4.20\UBT-OurProject-Win64-Development_2.txt"
[2018.08.21-01.42.45:292][947]UATHelper: Packaging (Windows (64-bit)):   Using 'git status' to determine working set for adaptive non-unity build.
[2018.08.21-01.42.47:644][954]UATHelper: Packaging (Windows (64-bit)):   Using Visual Studio 2017 14.11.25503 toolchain (C:\Program Files (x86)\Microsoft Visual Studio\2017\Community\VC\Tools\MSVC\14.11.25503) and Windows 10.0.15063.0 SDK (C:\Program Files (x86)\Windows Kits\10).
[2018.08.21-01.42.56:688][981]UATHelper: Packaging (Windows (64-bit)):   Building 3 actions with 4 processes...
[2018.08.21-01.42.57:027][982]UATHelper: Packaging (Windows (64-bit)):     PCH.OurProject.cpp
[2018.08.21-01.42.57:028][982]UATHelper: Packaging (Windows (64-bit)):     c:\program files\epic games\ue_4.20\engine\source\runtime\core\public\Windows/WindowsPlatformCompilerSetup.h(21): error C2338: Visual Studio 2017 version 15.6 is required to compile on Windows. Please install updates through the Visual Studio installer.
[2018.08.21-01.42.57:029][982]UATHelper: Packaging (Windows (64-bit)):   ERROR: UBT ERROR: Failed to produce item: C:\Users\brixo\OneDrive\Documents\GitHub\Heart-Felt\OurProject\Binaries\Win64\OurProject.exe
[2018.08.21-01.42.57:030][982]UATHelper: Packaging (Windows (64-bit)):          (see C:\Users\brixo\AppData\Roaming\Unreal Engine\AutomationTool\Logs\C+Program+Files+Epic+Games+UE_4.20\UBT-OurProject-Win64-Development_2.txt for full exception trace)
[2018.08.21-01.42.57:031][982]UATHelper: Packaging (Windows (64-bit)):   Total build time: 11.87 seconds (Parallel executor: 0.00 seconds)
[2018.08.21-01.42.57:033][982]UATHelper: Packaging (Windows (64-bit)): Took 12.572175s to run UnrealBuildTool.exe, ExitCode=5
[2018.08.21-01.42.57:035][982]UATHelper: Packaging (Windows (64-bit)): ERROR: UnrealBuildTool failed. See log for more details. (C:\Users\brixo\AppData\Roaming\Unreal Engine\AutomationTool\Logs\C+Program+Files+Epic+Games+UE_4.20\UBT-OurProject-Win64-Development_2.txt)
[2018.08.21-01.42.57:036][982]UATHelper: Packaging (Windows (64-bit)):        (see C:\Users\brixo\AppData\Roaming\Unreal Engine\AutomationTool\Logs\C+Program+Files+Epic+Games+UE_4.20\Log.txt for full exception trace)
[2018.08.21-01.42.57:036][982]UATHelper: Packaging (Windows (64-bit)): AutomationTool exiting with ExitCode=5 (5)
[2018.08.21-01.42.57:037][982]PackagingResults: Error: UBT ERROR: Failed to produce item: C:\Users\brixo\OneDrive\Documents\GitHub\Heart-Felt\OurProject\Binaries\Win64\OurProject.exe
[2018.08.21-01.42.57:037][982]UATHelper: Packaging (Windows (64-bit)): BUILD FAILED
[2018.08.21-01.42.57:037][982]PackagingResults: Error: UnrealBuildTool failed. See log for more details. (C:\Users\brixo\AppData\Roaming\Unreal Engine\AutomationTool\Logs\C+Program+Files+Epic+Games+UE_4.20\UBT-OurProject-Win64-Development_2.txt)
[2018.08.21-01.42.57:357][983]PackagingResults: Error: Unknown Error
[2018.08.21-01.49.11:572][304]LogSlate: Window 'Output Log' being destroyed
[2018.08.21-01.49.40:837][449]LogAssetEditorManager: Opening Asset editor for Blueprint /Game/GameStates/SuperClasses/GameModeSuperClass.GameModeSuperClass
[2018.08.21-01.49.47:078][758]BlueprintLog: New page: Compile GameModeSuperClass
[2018.08.21-01.49.54:481][178]LogAssetEditorManager: Opening Asset editor for Blueprint /Game/GameStates/SuperClasses/CharacterControllerSuperClass.CharacterControllerSuperClass
[2018.08.21-01.49.58:232][305]LogSlate: Window 'CharacterControllerSuperClass' being destroyed
[2018.08.21-01.50.11:331][968]BlueprintLog: New page: Compile CharacterControllerSuperClass
[2018.08.21-01.50.31:367][921]LogAssetEditorManager: Opening Asset editor for Blueprint /Game/GameStates/SuperClasses/GameModeSuperClass.GameModeSuperClass
[2018.08.21-01.50.32:896][961]BlueprintLog: New page: Compile GameModeSuperClass
[2018.08.21-01.51.16:223][567]LogSlate: Took 0.011440 seconds to synchronously load lazily loaded font '../../../Engine/Content/Slate/Fonts/Roboto-BoldCondensedItalic.ttf' (160K)
[2018.08.21-01.51.27:900][140]BlueprintLog: New page: Compile GameModeSuperClass
[2018.08.21-01.51.29:199][167]LogSavePackage: Moving '../../../../../../Users/brixo/OneDrive/Documents/GitHub/Heart-Felt/OurProject/Saved/GameModeSuperClass1297CD4F4F7F151B9C9B10B38FF78E0D.tmp' to '../../../../../../Users/brixo/OneDrive/Documents/GitHub/Heart-Felt/OurProject/Content/GameStates/SuperClasses/GameModeSuperClass.uasset'
[2018.08.21-01.53.08:902][308]Cmd: r.AOClearHistory
[2018.08.21-01.53.08:928][308]r.AOClearHistory = "0"      LastSetBy: Constructor
[2018.08.21-01.53.44:282][ 70]LogSlate: Window 'Output Log' being destroyed
[2018.08.21-01.53.52:344][482]LogSlate: Window 'Output Log' being destroyed
[2018.08.21-01.54.12:110][556]LogSlate: Window 'Output Log' being destroyed
[2018.08.21-01.54.49:214][409]LogSlate: Window 'Output Log' being destroyed
[2018.08.21-01.54.49:224][409]LogSlate: Window 'Output Log' being destroyed
[2018.08.21-01.55.11:747][727]LogAssetEditorManager: Opening Asset editor for Blueprint /Game/GameStates/SuperClasses/CharacterControllerSuperClass.CharacterControllerSuperClass
[2018.08.21-01.55.14:379][817]LogSavePackage: Moving '../../../../../../Users/brixo/OneDrive/Documents/GitHub/Heart-Felt/OurProject/Saved/CharacterControllerSuperClassD38AF1E04F9E6D1A69B3C996AC60B05D.tmp' to '../../../../../../Users/brixo/OneDrive/Documents/GitHub/Heart-Felt/OurProject/Content/GameStates/SuperClasses/CharacterControllerSuperClass.uasset'
[2018.08.21-01.55.15:857][889]LogActorComponent: UnregisterComponent: (/Engine/Transient.EditorFloorComp) Not registered. Aborting.
[2018.08.21-01.55.24:751][467]LogSavePackage: Moving '../../../../../../Users/brixo/OneDrive/Documents/GitHub/Heart-Felt/OurProject/Saved/MultiplayerGameMode101CF876E4B84A9E30673BE8BAE5F4C9F.tmp' to '../../../../../../Users/brixo/OneDrive/Documents/GitHub/Heart-Felt/OurProject/Content/GameStates/MultiplayerMatch/MultiplayerGameMode1.uasset'
[2018.08.21-01.55.24:894][467]LogSavePackage: Moving '../../../../../../Users/brixo/OneDrive/Documents/GitHub/Heart-Felt/OurProject/Saved/LobbyGameModeAF9524654D4776F1BFB79FBEA4795F16.tmp' to '../../../../../../Users/brixo/OneDrive/Documents/GitHub/Heart-Felt/OurProject/Content/GameStates/Lobby/LobbyGameMode.uasset'
[2018.08.21-01.55.26:908][474]UATHelper: Packaging (Windows (64-bit)): Running AutomationTool...
[2018.08.21-01.55.27:283][502]UATHelper: Packaging (Windows (64-bit)): Parsing command line: -ScriptsForProject=C:/Users/brixo/OneDrive/Documents/GitHub/Heart-Felt/OurProject/OurProject.uproject BuildCookRun -nocompile -nocompileeditor -installed -nop4 -project=C:/Users/brixo/OneDrive/Documents/GitHub/Heart-Felt/OurProject/OurProject.uproject -cook -stage -archive -archivedirectory=C:/Users/brixo/OneDrive/Documents/GitHub/Heart-Felt/OurProject -package -clientconfig=Development -ue4exe=UE4Editor-Cmd.exe -pak -prereqs -nodebuginfo -targetplatform=Win64 -build -utf8output
[2018.08.21-01.55.28:460][592]UATHelper: Packaging (Windows (64-bit)): Setting up ProjectParams for C:\Users\brixo\OneDrive\Documents\GitHub\Heart-Felt\OurProject\OurProject.uproject
[2018.08.21-01.55.31:795][855]UATHelper: Packaging (Windows (64-bit)): ********** BUILD COMMAND STARTED **********
[2018.08.21-01.55.31:883][862]UATHelper: Packaging (Windows (64-bit)): Running: C:\Program Files\Epic Games\UE_4.20\Engine\Binaries\DotNET\UnrealBuildTool.exe OurProject Win64 Development -Project=C:\Users\brixo\OneDrive\Documents\GitHub\Heart-Felt\OurProject\OurProject.uproject  C:\Users\brixo\OneDrive\Documents\GitHub\Heart-Felt\OurProject\OurProject.uproject -NoUBTMakefiles  -remoteini="C:\Users\brixo\OneDrive\Documents\GitHub\Heart-Felt\OurProject" -skipdeploy -noxge -generatemanifest -NoHotReload -log="C:\Users\brixo\AppData\Roaming\Unreal Engine\AutomationTool\Logs\C+Program+Files+Epic+Games+UE_4.20\UBT-OurProject-Win64-Development.txt"
[2018.08.21-01.55.33:108][935]UATHelper: Packaging (Windows (64-bit)):   Using 'git status' to determine working set for adaptive non-unity build.
[2018.08.21-01.55.37:549][220]UATHelper: Packaging (Windows (64-bit)):   Using Visual Studio 2017 14.11.25503 toolchain (C:\Program Files (x86)\Microsoft Visual Studio\2017\Community\VC\Tools\MSVC\14.11.25503) and Windows 10.0.15063.0 SDK (C:\Program Files (x86)\Windows Kits\10).
[2018.08.21-01.55.51:336][141]UATHelper: Packaging (Windows (64-bit)): Took 19.4552323s to run UnrealBuildTool.exe, ExitCode=0
[2018.08.21-01.55.51:467][150]UATHelper: Packaging (Windows (64-bit)): Running: C:\Program Files\Epic Games\UE_4.20\Engine\Binaries\DotNET\UnrealBuildTool.exe OurProject Win64 Development -Project=C:\Users\brixo\OneDrive\Documents\GitHub\Heart-Felt\OurProject\OurProject.uproject  C:\Users\brixo\OneDrive\Documents\GitHub\Heart-Felt\OurProject\OurProject.uproject -NoUBTMakefiles  -remoteini="C:\Users\brixo\OneDrive\Documents\GitHub\Heart-Felt\OurProject" -skipdeploy -noxge -NoHotReload -ignorejunk -log="C:\Users\brixo\AppData\Roaming\Unreal Engine\AutomationTool\Logs\C+Program+Files+Epic+Games+UE_4.20\UBT-OurProject-Win64-Development_2.txt"
[2018.08.21-01.55.52:677][229]UATHelper: Packaging (Windows (64-bit)):   Using 'git status' to determine working set for adaptive non-unity build.
[2018.08.21-01.55.56:158][456]UATHelper: Packaging (Windows (64-bit)):   Using Visual Studio 2017 14.11.25503 toolchain (C:\Program Files (x86)\Microsoft Visual Studio\2017\Community\VC\Tools\MSVC\14.11.25503) and Windows 10.0.15063.0 SDK (C:\Program Files (x86)\Windows Kits\10).
[2018.08.21-01.56.10:213][385]UATHelper: Packaging (Windows (64-bit)):   Building 3 actions with 4 processes...
[2018.08.21-01.56.10:804][424]UATHelper: Packaging (Windows (64-bit)):     PCH.OurProject.cpp
[2018.08.21-01.56.10:805][424]UATHelper: Packaging (Windows (64-bit)):     c:\program files\epic games\ue_4.20\engine\source\runtime\core\public\Windows/WindowsPlatformCompilerSetup.h(21): error C2338: Visual Studio 2017 version 15.6 is required to compile on Windows. Please install updates through the Visual Studio installer.
[2018.08.21-01.56.10:822][425]UATHelper: Packaging (Windows (64-bit)):   ERROR: UBT ERROR: Failed to produce item: C:\Users\brixo\OneDrive\Documents\GitHub\Heart-Felt\OurProject\Binaries\Win64\OurProject.exe
[2018.08.21-01.56.10:822][425]UATHelper: Packaging (Windows (64-bit)):          (see C:\Users\brixo\AppData\Roaming\Unreal Engine\AutomationTool\Logs\C+Program+Files+Epic+Games+UE_4.20\UBT-OurProject-Win64-Development_2.txt for full exception trace)
[2018.08.21-01.56.10:823][425]PackagingResults: Error: UBT ERROR: Failed to produce item: C:\Users\brixo\OneDrive\Documents\GitHub\Heart-Felt\OurProject\Binaries\Win64\OurProject.exe
[2018.08.21-01.56.10:854][427]UATHelper: Packaging (Windows (64-bit)):   Total build time: 18.22 seconds (Parallel executor: 0.00 seconds)
[2018.08.21-01.56.10:944][433]UATHelper: Packaging (Windows (64-bit)): Took 19.4833532s to run UnrealBuildTool.exe, ExitCode=5
[2018.08.21-01.56.10:961][434]UATHelper: Packaging (Windows (64-bit)): ERROR: UnrealBuildTool failed. See log for more details. (C:\Users\brixo\AppData\Roaming\Unreal Engine\AutomationTool\Logs\C+Program+Files+Epic+Games+UE_4.20\UBT-OurProject-Win64-Development_2.txt)
[2018.08.21-01.56.10:962][434]UATHelper: Packaging (Windows (64-bit)):        (see C:\Users\brixo\AppData\Roaming\Unreal Engine\AutomationTool\Logs\C+Program+Files+Epic+Games+UE_4.20\Log.txt for full exception trace)
[2018.08.21-01.56.10:962][434]PackagingResults: Error: UnrealBuildTool failed. See log for more details. (C:\Users\brixo\AppData\Roaming\Unreal Engine\AutomationTool\Logs\C+Program+Files+Epic+Games+UE_4.20\UBT-OurProject-Win64-Development_2.txt)
[2018.08.21-01.56.11:009][437]UATHelper: Packaging (Windows (64-bit)): AutomationTool exiting with ExitCode=5 (5)
[2018.08.21-01.56.11:077][441]UATHelper: Packaging (Windows (64-bit)): BUILD FAILED
[2018.08.21-01.56.11:111][443]PackagingResults: Error: Unknown Error
[2018.08.21-02.00.05:738][927]LogSlate: Window 'Output Log' being destroyed
[2018.08.21-02.00.05:752][927]LogSlate: Window 'Output Log' being destroyed
[2018.08.21-02.00.12:645][388]LogSlate: Window 'OurProject - Unreal Editor' being destroyed
[2018.08.21-02.00.13:261][389]Cmd: QUIT_EDITOR
[2018.08.21-02.00.13:722][389]LogWindowsTextInputMethodSystem: Display: IME system now deactivated.
[2018.08.21-02.00.13:786][389]LogExit: Preparing to exit.
[2018.08.21-02.00.16:490][389]LogExit: Editor shut down
[2018.08.21-02.00.16:492][389]LogExit: Transaction tracking system shut down
[2018.08.21-02.00.19:988][389]LogExit: Object subsystem successfully closed.
[2018.08.21-02.00.20:056][389]LogShaderCompilers: Display: Shaders left to compile 0
[2018.08.21-02.00.20:072][389]LogD3D11RHI: Shutdown
[2018.08.21-02.00.20:072][389]LogD3D11RHI: CleanupD3DDevice
[2018.08.21-02.00.20:082][389]LogD3D11RHI: ~FD3D11DynamicRHI
[2018.08.21-02.00.20:517][389]LogModuleManager: Shutting down and abandoning module BlueprintGraph (620)
[2018.08.21-02.00.20:518][389]LogModuleManager: Shutting down and abandoning module UATHelper (618)
[2018.08.21-02.00.20:518][389]LogModuleManager: Shutting down and abandoning module HierarchicalLODUtilities (616)
[2018.08.21-02.00.20:518][389]LogModuleManager: Shutting down and abandoning module HierarchicalLODOutliner (614)
[2018.08.21-02.00.20:518][389]LogModuleManager: Shutting down and abandoning module WorldBrowser (612)
[2018.08.21-02.00.20:518][389]LogModuleManager: Shutting down and abandoning module SceneOutliner (610)
[2018.08.21-02.00.20:518][389]LogModuleManager: Shutting down and abandoning module AddContentDialog (608)
[2018.08.21-02.00.20:523][389]LogModuleManager: Shutting down and abandoning module WidgetCarousel (607)
[2018.08.21-02.00.20:524][389]LogModuleManager: Shutting down and abandoning module EditorWidgets (604)
[2018.08.21-02.00.20:524][389]LogModuleManager: Shutting down and abandoning module CollectionManager (602)
[2018.08.21-02.00.20:528][389]LogModuleManager: Shutting down and abandoning module StatsViewer (600)
[2018.08.21-02.00.20:528][389]LogModuleManager: Shutting down and abandoning module FoliageEdit (598)
[2018.08.21-02.00.20:528][389]LogModuleManager: Shutting down and abandoning module LandscapeEditor (596)
[2018.08.21-02.00.20:528][389]LogModuleManager: Shutting down and abandoning module MeshPaintMode (594)
[2018.08.21-02.00.20:529][389]LogModuleManager: Shutting down and abandoning module SceneDepthPickerMode (592)
[2018.08.21-02.00.20:529][389]LogModuleManager: Shutting down and abandoning module ActorPickerMode (590)
[2018.08.21-02.00.20:529][389]LogModuleManager: Shutting down and abandoning module GeometryMode (588)
[2018.08.21-02.00.20:529][389]LogModuleManager: Shutting down and abandoning module TextureAlignMode (586)
[2018.08.21-02.00.20:529][389]LogModuleManager: Shutting down and abandoning module BspMode (584)
[2018.08.21-02.00.20:529][389]LogModuleManager: Shutting down and abandoning module PIEPreviewDeviceProfileSelector (582)
[2018.08.21-02.00.20:529][389]LogModuleManager: Shutting down and abandoning module SequenceRecorderSections (580)
[2018.08.21-02.00.20:529][389]LogModuleManager: Shutting down and abandoning module AutomationWorker (578)
[2018.08.21-02.00.20:529][389]LogModuleManager: Shutting down and abandoning module AudioCaptureEditor (576)
[2018.08.21-02.00.20:529][389]LogModuleManager: Shutting down and abandoning module SequenceRecorder (575)
[2018.08.21-02.00.20:529][389]LogModuleManager: Shutting down and abandoning module MatineeToLevelSequence (572)
[2018.08.21-02.00.20:529][389]LogModuleManager: Shutting down and abandoning module LevelSequenceEditor (570)
[2018.08.21-02.00.20:529][389]LogModuleManager: Shutting down and abandoning module PlacementMode (569)
[2018.08.21-02.00.20:529][389]LogModuleManager: Shutting down and abandoning module MaterialEditor (568)
[2018.08.21-02.00.20:529][389]LogModuleManager: Shutting down and abandoning module WmfMediaFactory (564)
[2018.08.21-02.00.20:530][389]LogModuleManager: Shutting down and abandoning module WmfMediaEditor (562)
[2018.08.21-02.00.20:530][389]LogModuleManager: Shutting down and abandoning module MediaPlayerEditor (560)
[2018.08.21-02.00.20:530][389]LogModuleManager: Shutting down and abandoning module OpenExrWrapper (558)
[2018.08.21-02.00.20:530][389]LogModuleManager: Shutting down and abandoning module ImgMediaFactory (556)
[2018.08.21-02.00.20:530][389]LogModuleManager: Shutting down and abandoning module ImgMediaEditor (554)
[2018.08.21-02.00.20:530][389]LogModuleManager: Shutting down and abandoning module AvfMediaFactory (552)
[2018.08.21-02.00.20:530][389]LogModuleManager: Shutting down and abandoning module AvfMediaEditor (550)
[2018.08.21-02.00.20:530][389]LogModuleManager: Shutting down and abandoning module AndroidMediaFactory (548)
[2018.08.21-02.00.20:530][389]LogModuleManager: Shutting down and abandoning module AndroidMediaEditor (546)
[2018.08.21-02.00.20:530][389]LogModuleManager: Shutting down and abandoning module MagicLeapCameraPreviewFactory (544)
[2018.08.21-02.00.20:530][389]LogModuleManager: Shutting down and abandoning module MagicLeapMediaFactory (542)
[2018.08.21-02.00.20:530][389]LogModuleManager: Shutting down and abandoning module MagicLeapMediaEditor (540)
[2018.08.21-02.00.20:530][389]LogModuleManager: Shutting down and abandoning module CharacterAI (538)
[2018.08.21-02.00.20:530][389]LogModuleManager: Shutting down and abandoning module SmartSnapping (536)
[2018.08.21-02.00.20:530][389]LogModuleManager: Shutting down and abandoning module SessionServices (534)
[2018.08.21-02.00.20:530][389]LogModuleManager: Shutting down and abandoning module ViewportSnapping (532)
[2018.08.21-02.00.20:530][389]LogModuleManager: Shutting down and abandoning module ViewportInteraction (530)
[2018.08.21-02.00.20:530][389]LogModuleManager: Shutting down and abandoning module ClothPainter (528)
[2018.08.21-02.00.20:530][389]LogModuleManager: Shutting down and abandoning module SkeletalMeshEditor (527)
[2018.08.21-02.00.20:530][389]LogModuleManager: Shutting down and abandoning module LogVisualizer (524)
[2018.08.21-02.00.20:531][389]LogModuleManager: Shutting down and abandoning module IntroTutorials (522)
[2018.08.21-02.00.20:531][389]LogModuleManager: Shutting down and abandoning module GameProjectGeneration (521)
[2018.08.21-02.00.20:531][389]LogModuleManager: Shutting down and abandoning module LuminPlatformEditor (518)
[2018.08.21-02.00.20:531][389]LogModuleManager: Shutting down and abandoning module IOSPlatformEditor (516)
[2018.08.21-02.00.20:531][389]LogModuleManager: Shutting down and abandoning module HTML5PlatformEditor (514)
[2018.08.21-02.00.20:531][389]LogModuleManager: Shutting down and abandoning module AndroidPlatformEditor (512)
[2018.08.21-02.00.20:531][389]LogModuleManager: Shutting down and abandoning module AndroidDeviceDetection (511)
[2018.08.21-02.00.20:981][389]LogModuleManager: Shutting down and abandoning module WindowsPlatformEditor (508)
[2018.08.21-02.00.20:981][389]LogModuleManager: Shutting down and abandoning module LuminRuntimeSettings (506)
[2018.08.21-02.00.20:981][389]LogModuleManager: Shutting down and abandoning module IOSRuntimeSettings (504)
[2018.08.21-02.00.20:981][389]LogModuleManager: Shutting down and abandoning module AndroidRuntimeSettings (502)
[2018.08.21-02.00.20:981][389]LogModuleManager: Shutting down and abandoning module InputBindingEditor (500)
[2018.08.21-02.00.20:981][389]LogModuleManager: Shutting down and abandoning module MergeActors (498)
[2018.08.21-02.00.20:982][389]LogModuleManager: Shutting down and abandoning module LocalizationDashboard (496)
[2018.08.21-02.00.20:995][389]LogModuleManager: Shutting down and abandoning module LocalizationService (495)
[2018.08.21-02.00.20:995][389]LogModuleManager: Shutting down and abandoning module HardwareTargeting (492)
[2018.08.21-02.00.21:005][389]LogModuleManager: Shutting down and abandoning module DeviceProfileEditor (490)
[2018.08.21-02.00.21:006][389]LogModuleManager: Shutting down and abandoning module UndoHistory (488)
[2018.08.21-02.00.21:006][389]LogModuleManager: Shutting down and abandoning module XmlParser (486)
[2018.08.21-02.00.21:008][389]LogModuleManager: Shutting down and abandoning module Blutility (484)
[2018.08.21-02.00.21:008][389]LogModuleManager: Shutting down and abandoning module ProjectSettingsViewer (482)
[2018.08.21-02.00.21:008][389]LogModuleManager: Shutting down and abandoning module ProjectTargetPlatformEditor (481)
[2018.08.21-02.00.21:009][389]LogModuleManager: Shutting down and abandoning module EditorSettingsViewer (478)
[2018.08.21-02.00.21:009][389]LogModuleManager: Shutting down and abandoning module SettingsEditor (476)
[2018.08.21-02.00.21:009][389]LogModuleManager: Shutting down and abandoning module ProjectLauncher (474)
[2018.08.21-02.00.21:009][389]LogModuleManager: Shutting down and abandoning module SessionFrontend (472)
[2018.08.21-02.00.21:009][389]LogModuleManager: Shutting down and abandoning module ProfilerClient (470)
[2018.08.21-02.00.21:009][389]LogModuleManager: Shutting down and abandoning module DeviceManager (468)
[2018.08.21-02.00.21:009][389]LogModuleManager: Shutting down and abandoning module TargetDeviceServices (467)
[2018.08.21-02.00.21:081][389]LogModuleManager: Shutting down and abandoning module AutomationController (464)
[2018.08.21-02.00.21:081][389]LogModuleManager: Shutting down and abandoning module AutomationWindow (462)
[2018.08.21-02.00.21:081][389]LogModuleManager: Shutting down and abandoning module Layers (460)
[2018.08.21-02.00.21:081][389]LogModuleManager: Shutting down and abandoning module ComponentVisualizers (458)
[2018.08.21-02.00.21:081][389]LogModuleManager: Shutting down and abandoning module DetailCustomizations (456)
[2018.08.21-02.00.21:082][389]LogModuleManager: Shutting down and abandoning module PackagesDialog (454)
[2018.08.21-02.00.21:082][389]LogModuleManager: Shutting down and abandoning module Persona (452)
[2018.08.21-02.00.21:082][389]LogModuleManager: Shutting down and abandoning module AdvancedPreviewScene (451)
[2018.08.21-02.00.21:082][389]LogModuleManager: Shutting down and abandoning module AnimGraph (449)
[2018.08.21-02.00.21:082][389]LogModuleManager: Shutting down and abandoning module Kismet (446)
[2018.08.21-02.00.21:127][389]LogModuleManager: Shutting down and abandoning module GraphEditor (444)
[2018.08.21-02.00.21:128][389]LogModuleManager: Shutting down and abandoning module ClassViewer (442)
[2018.08.21-02.00.21:128][389]LogModuleManager: Shutting down and abandoning module Toolbox (440)
[2018.08.21-02.00.21:128][389]LogModuleManager: Shutting down and abandoning module ModuleUI (438)
[2018.08.21-02.00.21:128][389]LogModuleManager: Shutting down and abandoning module MovieSceneTools (436)
[2018.08.21-02.00.21:128][389]LogModuleManager: Shutting down and abandoning module OutputLog (434)
[2018.08.21-02.00.21:128][389]LogModuleManager: Shutting down and abandoning module GammaUI (432)
[2018.08.21-02.00.21:128][389]LogModuleManager: Shutting down and abandoning module Documentation (430)
[2018.08.21-02.00.21:128][389]LogModuleManager: Shutting down and abandoning module MovieSceneTracks (428)
[2018.08.21-02.00.21:128][389]LogModuleManager: Shutting down and abandoning module MovieScene (426)
[2018.08.21-02.00.21:129][389]LogModuleManager: Shutting down and abandoning module StreamingPauseRendering (424)
[2018.08.21-02.00.21:129][389]LogModuleManager: Shutting down and abandoning module LauncherPlatform (422)
[2018.08.21-02.00.21:129][389]LogModuleManager: Shutting down and abandoning module AnalyticsET (420)
[2018.08.21-02.00.21:129][389]LogModuleManager: Shutting down and abandoning module PortalServices (418)
[2018.08.21-02.00.21:129][389]LogModuleManager: Shutting down and abandoning module PortalRpc (416)
[2018.08.21-02.00.21:129][389]LogModuleManager: Shutting down and abandoning module MessagingRpc (414)
[2018.08.21-02.00.21:129][389]LogModuleManager: Shutting down and abandoning module AIModule (412)
[2018.08.21-02.00.21:129][389]LogModuleManager: Shutting down and abandoning module GameplayDebugger (411)
[2018.08.21-02.00.21:129][389]LogModuleManager: Shutting down and abandoning module AITestSuite (409)
[2018.08.21-02.00.21:129][389]LogModuleManager: Shutting down and abandoning module NavigationSystem (407)
[2018.08.21-02.00.21:129][389]LogModuleManager: Shutting down and abandoning module DesktopPlatform (404)
[2018.08.21-02.00.21:129][389]LogModuleManager: Shutting down and abandoning module ProfilerService (402)
[2018.08.21-02.00.21:161][389]LogModuleManager: Shutting down and abandoning module TaskGraph (400)
[2018.08.21-02.00.21:162][389]LogModuleManager: Shutting down and abandoning module SteamVRController (398)
[2018.08.21-02.00.21:164][389]LogModuleManager: Shutting down and abandoning module ProceduralMeshComponentEditor (396)
[2018.08.21-02.00.21:165][389]LogModuleManager: Shutting down and abandoning module ProceduralMeshComponent (394)
[2018.08.21-02.00.21:165][389]LogModuleManager: Shutting down and abandoning module OculusInput (392)
[2018.08.21-02.00.21:165][389]LogModuleManager: Shutting down and abandoning module MobilePatchingUtils (390)
[2018.08.21-02.00.21:165][389]LogModuleManager: Shutting down and abandoning module EditableMesh (388)
[2018.08.21-02.00.21:165][389]LogModuleManager: Shutting down and abandoning module CustomMeshComponent (386)
[2018.08.21-02.00.21:165][389]LogModuleManager: Shutting down and abandoning module CableComponent (384)
[2018.08.21-02.00.21:165][389]LogModuleManager: Shutting down and abandoning module AudioCapture (382)
[2018.08.21-02.00.21:165][389]LogModuleManager: Shutting down and abandoning module ArchVisCharacter (380)
[2018.08.21-02.00.21:165][389]LogModuleManager: Shutting down and abandoning module AndroidPermission (378)
[2018.08.21-02.00.21:165][389]LogModuleManager: Shutting down and abandoning module NUTUnrealEngine4 (376)
[2018.08.21-02.00.21:165][389]LogModuleManager: Shutting down and abandoning module NetcodeUnitTest (374)
[2018.08.21-02.00.21:165][389]LogModuleManager: Shutting down and abandoning module MediaCompositingEditor (372)
[2018.08.21-02.00.21:165][389]LogModuleManager: Shutting down and abandoning module MediaCompositing (370)
[2018.08.21-02.00.21:165][389]LogModuleManager: Shutting down and abandoning module LinearTimecode (368)
[2018.08.21-02.00.21:165][389]LogModuleManager: Shutting down and abandoning module ImgMedia (366)
[2018.08.21-02.00.21:184][389]LogModuleManager: Shutting down and abandoning module HTML5Networking (364)
[2018.08.21-02.00.21:186][389]LogModuleManager: Shutting down and abandoning module GeometryCacheTracks (362)
[2018.08.21-02.00.21:186][389]LogModuleManager: Shutting down and abandoning module GeometryCacheSequencer (360)
[2018.08.21-02.00.21:187][389]LogModuleManager: Shutting down and abandoning module BackChannel (358)
[2018.08.21-02.00.21:189][389]LogModuleManager: Shutting down and abandoning module AppleVision (356)
[2018.08.21-02.00.21:189][389]LogModuleManager: Shutting down and abandoning module AppleImageUtils (354)
[2018.08.21-02.00.21:189][389]LogModuleManager: Shutting down and abandoning module AlembicImporter (352)
[2018.08.21-02.00.21:189][389]LogModuleManager: Shutting down and abandoning module AlembicLibrary (351)
[2018.08.21-02.00.21:189][389]LogModuleManager: Shutting down and abandoning module GeometryCache (350)
[2018.08.21-02.00.21:189][389]LogModuleManager: Shutting down and abandoning module GeometryCacheEd (349)
[2018.08.21-02.00.21:189][389]LogModuleManager: Shutting down and abandoning module DatasmithContentEditor (344)
[2018.08.21-02.00.21:189][389]LogModuleManager: Shutting down and abandoning module DatasmithContent (342)
[2018.08.21-02.00.21:192][389]LogModuleManager: Shutting down and abandoning module SpeedTreeImporter (340)
[2018.08.21-02.00.21:192][389]LogModuleManager: Shutting down and abandoning module PluginBrowser (338)
[2018.08.21-02.00.21:193][389]LogModuleManager: Shutting down and abandoning module MobileLauncherProfileWizard (336)
[2018.08.21-02.00.21:193][389]LogModuleManager: Shutting down and abandoning module PolygonModeling (334)
[2018.08.21-02.00.21:193][389]LogModuleManager: Shutting down and abandoning module MeshEditor (332)
[2018.08.21-02.00.21:196][389]LogModuleManager: Shutting down and abandoning module CryptoKeysOpenSSL (330)
[2018.08.21-02.00.21:196][389]LogModuleManager: Shutting down and abandoning module CryptoKeys (328)
[2018.08.21-02.00.21:196][389]LogModuleManager: Shutting down and abandoning module VisualStudioSourceCodeAccess (326)
[2018.08.21-02.00.21:196][389]LogModuleManager: Shutting down and abandoning module VisualStudioCodeSourceCodeAccess (324)
[2018.08.21-02.00.21:196][389]LogModuleManager: Shutting down and abandoning module UObjectPlugin (322)
[2018.08.21-02.00.21:196][389]LogModuleManager: Shutting down and abandoning module SubversionSourceControl (320)
[2018.08.21-02.00.21:196][389]LogModuleManager: Shutting down and abandoning module PerforceSourceControl (318)
[2018.08.21-02.00.21:196][389]LogModuleManager: Shutting down and abandoning module GitSourceControl (316)
[2018.08.21-02.00.21:196][389]LogModuleManager: Shutting down and abandoning module SourceControl (315)
[2018.08.21-02.00.21:196][389]LogModuleManager: Shutting down and abandoning module CLionSourceCodeAccess (312)
[2018.08.21-02.00.21:196][389]LogModuleManager: Shutting down and abandoning module LightPropagationVolumeEditor (310)
[2018.08.21-02.00.21:196][389]LogModuleManager: Shutting down and abandoning module PaperTiledImporter (308)
[2018.08.21-02.00.21:196][389]LogModuleManager: Shutting down and abandoning module PaperSpriteSheetImporter (306)
[2018.08.21-02.00.21:196][389]LogModuleManager: Shutting down and abandoning module Paper2DEditor (304)
[2018.08.21-02.00.21:197][389]LogModuleManager: Shutting down and abandoning module MeshPaint (303)
[2018.08.21-02.00.21:199][389]LogModuleManager: Shutting down and abandoning module RuntimePhysXCooking (300)
[2018.08.21-02.00.21:199][389]LogModuleManager: Shutting down and abandoning module PhysXVehiclesEditor (298)
[2018.08.21-02.00.21:199][389]LogModuleManager: Shutting down and abandoning module PhysXVehicles (296)
[2018.08.21-02.00.21:199][389]LogModuleManager: Shutting down and abandoning module OculusEditor (294)
[2018.08.21-02.00.21:199][389]LogModuleManager: Shutting down and abandoning module LocationServicesBPLibrary (292)
[2018.08.21-02.00.21:199][389]LogModuleManager: Shutting down and abandoning module ImmediatePhysicsEditor (290)
[2018.08.21-02.00.21:199][389]LogModuleManager: Shutting down and abandoning module ImmediatePhysics (288)
[2018.08.21-02.00.21:199][389]LogModuleManager: Shutting down and abandoning module ActorSequence (286)
[2018.08.21-02.00.21:199][389]LogModuleManager: Shutting down and abandoning module UdpMessaging (284)
[2018.08.21-02.00.21:300][389]LogModuleManager: Shutting down and abandoning module TcpMessaging (282)
[2018.08.21-02.00.21:401][389]LogModuleManager: Shutting down and abandoning module MagicLeapAudio (280)
[2018.08.21-02.00.21:401][389]LogModuleManager: Shutting down and abandoning module GameplayTagsEditor (278)
[2018.08.21-02.00.21:401][389]LogModuleManager: Shutting down and abandoning module FacialAnimationEditor (276)
[2018.08.21-02.00.21:401][389]LogModuleManager: Shutting down and abandoning module FacialAnimation (274)
[2018.08.21-02.00.21:401][389]LogModuleManager: Shutting down and abandoning module DataValidation (272)
[2018.08.21-02.00.21:401][389]LogModuleManager: Shutting down and abandoning module AssetManagerEditor (270)
[2018.08.21-02.00.21:401][389]LogModuleManager: Shutting down and abandoning module LevelEditor (269)
[2018.08.21-02.00.21:410][389]LogModuleManager: Shutting down and abandoning module PixelInspectorModule (268)
[2018.08.21-02.00.21:411][389]LogModuleManager: Shutting down and abandoning module CommonMenuExtensions (266)
[2018.08.21-02.00.21:411][389]LogModuleManager: Shutting down and abandoning module MainFrame (264)
[2018.08.21-02.00.21:411][389]LogModuleManager: Shutting down and abandoning module HotReload (263)
[2018.08.21-02.00.21:412][389]LogModuleManager: Shutting down and abandoning module ContentBrowser (259)
[2018.08.21-02.00.21:416][389]LogModuleManager: Shutting down and abandoning module TreeMap (257)
[2018.08.21-02.00.21:416][389]LogModuleManager: Shutting down and abandoning module LightPropagationVolumeRuntime (254)
[2018.08.21-02.00.21:416][389]LogModuleManager: Shutting down and abandoning module AISupportModule (252)
[2018.08.21-02.00.21:416][389]LogModuleManager: Shutting down and abandoning module Paper2D (250)
[2018.08.21-02.00.21:416][389]LogModuleManager: Shutting down and abandoning module WindowsMoviePlayer (248)
[2018.08.21-02.00.21:416][389]LogModuleManager: Shutting down and abandoning module WmfMedia (246)
[2018.08.21-02.00.21:435][389]LogModuleManager: Shutting down and abandoning module Media (245)
[2018.08.21-02.00.21:444][389]LogModuleManager: Shutting down and abandoning module PacketHandler (242)
[2018.08.21-02.00.21:444][389]LogModuleManager: Shutting down and abandoning module ClothingSystemEditor (240)
[2018.08.21-02.00.21:444][389]LogModuleManager: Shutting down and abandoning module ClothingSystemRuntime (238)
[2018.08.21-02.00.21:445][389]LogModuleManager: Shutting down and abandoning module MediaAssets (236)
[2018.08.21-02.00.21:445][389]LogModuleManager: Shutting down and abandoning module Overlay (234)
[2018.08.21-02.00.21:445][389]LogModuleManager: Shutting down and abandoning module OverlayEditor (233)
[2018.08.21-02.00.21:445][389]LogModuleManager: Shutting down and abandoning module VREditor (230)
[2018.08.21-02.00.21:445][389]LogModuleManager: Shutting down and abandoning module StringTableEditor (228)
[2018.08.21-02.00.21:445][389]LogModuleManager: Shutting down and abandoning module GameplayTasksEditor (226)
[2018.08.21-02.00.21:445][389]LogModuleManager: Shutting down and abandoning module BehaviorTreeEditor (224)
[2018.08.21-02.00.21:445][389]LogModuleManager: Shutting down and abandoning module FunctionalTesting (222)
[2018.08.21-02.00.21:445][389]LogModuleManager: Shutting down and abandoning module CollisionAnalyzer (220)
[2018.08.21-02.00.21:445][389]LogModuleManager: Shutting down and abandoning module WorkspaceMenuStructure (219)
[2018.08.21-02.00.21:445][389]LogModuleManager: Shutting down and abandoning module UMG (216)
[2018.08.21-02.00.21:445][389]LogModuleManager: Shutting down and abandoning module UMGEditor (215)
[2018.08.21-02.00.21:445][389]LogModuleManager: Shutting down and abandoning module Sequencer (214)
[2018.08.21-02.00.21:445][389]LogModuleManager: Shutting down and abandoning module MessageLog (211)
[2018.08.21-02.00.21:445][389]LogModuleManager: Shutting down and abandoning module SlateReflector (206)
[2018.08.21-02.00.21:446][389]LogModuleManager: Shutting down and abandoning module Slate (204)
[2018.08.21-02.00.21:446][389]LogModuleManager: Shutting down and abandoning module EditorStyle (202)
[2018.08.21-02.00.21:449][389]LogModuleManager: Shutting down and abandoning module MRMesh (200)
[2018.08.21-02.00.21:449][389]LogModuleManager: Shutting down and abandoning module SourceCodeAccess (198)
[2018.08.21-02.00.21:449][389]LogModuleManager: Shutting down and abandoning module HeadMountedDisplay (196)
[2018.08.21-02.00.21:450][389]LogModuleManager: Shutting down and abandoning module XAudio2 (194)
[2018.08.21-02.00.21:450][389]LogModuleManager: Shutting down and abandoning module Networking (192)
[2018.08.21-02.00.21:450][389]LogModuleManager: Shutting down and abandoning module Core (190)
[2018.08.21-02.00.21:450][389]LogModuleManager: Shutting down and abandoning module LevelSequence (188)
[2018.08.21-02.00.21:450][389]LogModuleManager: Shutting down and abandoning module KismetCompiler (186)
[2018.08.21-02.00.21:450][389]LogModuleManager: Shutting down and abandoning module MeshUtilities (184)
[2018.08.21-02.00.21:450][389]LogModuleManager: Shutting down and abandoning module MeshMergeUtilities (183)
[2018.08.21-02.00.21:450][389]LogModuleManager: Shutting down and abandoning module MeshReductionInterface (182)
[2018.08.21-02.00.21:450][389]LogModuleManager: Shutting down and abandoning module SimplygonSwarm (181)
[2018.08.21-02.00.21:450][389]LogModuleManager: Shutting down and abandoning module ProxyLODMeshReduction (179)
[2018.08.21-02.00.21:450][389]LogModuleManager: Shutting down and abandoning module SimplygonMeshReduction (177)
[2018.08.21-02.00.21:450][389]LogModuleManager: Shutting down and abandoning module QuadricMeshReduction (175)
[2018.08.21-02.00.21:450][389]LogModuleManager: Shutting down and abandoning module MaterialBaking (171)
[2018.08.21-02.00.21:450][389]LogModuleManager: Shutting down and abandoning module DirectoryWatcher (167)
[2018.08.21-02.00.21:451][389]LogModuleManager: Shutting down and abandoning module DerivedDataCache (164)
[2018.08.21-02.00.21:481][389]LogDerivedDataCache: Shutdown
[2018.08.21-02.00.21:481][389]LogModuleManager: Shutting down and abandoning module XGEController (162)
[2018.08.21-02.00.21:481][389]LogModuleManager: Shutting down and abandoning module TargetPlatform (160)
[2018.08.21-02.00.21:481][389]LogModuleManager: Shutting down and abandoning module VulkanShaderFormat (159)
[2018.08.21-02.00.21:481][389]LogModuleManager: Shutting down and abandoning module ShaderFormatVectorVM (157)
[2018.08.21-02.00.21:481][389]LogModuleManager: Shutting down and abandoning module ShaderFormatOpenGL (155)
[2018.08.21-02.00.21:481][389]LogModuleManager: Shutting down and abandoning module ShaderFormatD3D (153)
[2018.08.21-02.00.21:481][389]LogModuleManager: Shutting down and abandoning module MetalShaderFormat (151)
[2018.08.21-02.00.21:481][389]LogModuleManager: Shutting down and abandoning module TextureFormatUncompressed (149)
[2018.08.21-02.00.21:481][389]LogModuleManager: Shutting down and abandoning module TextureFormatPVR (147)
[2018.08.21-02.00.21:481][389]LogModuleManager: Shutting down and abandoning module TextureFormatDXT (145)
[2018.08.21-02.00.21:481][389]LogModuleManager: Shutting down and abandoning module TextureFormatIntelISPCTexComp (143)
[2018.08.21-02.00.21:482][389]LogModuleManager: Shutting down and abandoning module TextureFormatASTC (141)
[2018.08.21-02.00.21:482][389]LogModuleManager: Shutting down and abandoning module ImageWrapper (140)
[2018.08.21-02.00.21:482][389]LogModuleManager: Shutting down and abandoning module TextureFormatAndroid (137)
[2018.08.21-02.00.21:482][389]LogModuleManager: Shutting down and abandoning module AudioFormatOpus (135)
[2018.08.21-02.00.21:482][389]LogModuleManager: Shutting down and abandoning module AudioFormatOgg (133)
[2018.08.21-02.00.21:482][389]LogModuleManager: Shutting down and abandoning module AudioFormatADPCM (131)
[2018.08.21-02.00.21:482][389]LogModuleManager: Shutting down and abandoning module LuminTargetPlatform (129)
[2018.08.21-02.00.21:482][389]LogModuleManager: Shutting down and abandoning module LinuxTargetPlatform (127)
[2018.08.21-02.00.21:482][389]LogModuleManager: Shutting down and abandoning module LinuxServerTargetPlatform (125)
[2018.08.21-02.00.21:482][389]LogModuleManager: Shutting down and abandoning module LinuxNoEditorTargetPlatform (123)
[2018.08.21-02.00.21:482][389]LogModuleManager: Shutting down and abandoning module LinuxClientTargetPlatform (121)
[2018.08.21-02.00.21:482][389]LogModuleManager: Shutting down and abandoning module TVOSTargetPlatform (119)
[2018.08.21-02.00.21:510][389]LogModuleManager: Shutting down and abandoning module Messaging (117)
[2018.08.21-02.00.21:510][389]LogModuleManager: Shutting down and abandoning module IOSTargetPlatform (115)
[2018.08.21-02.00.21:529][389]LogModuleManager: Shutting down and abandoning module HTML5TargetPlatform (113)
[2018.08.21-02.00.21:529][389]LogModuleManager: Shutting down and abandoning module AndroidTargetPlatform (111)
[2018.08.21-02.00.21:649][389]LogModuleManager: Shutting down and abandoning module WindowsTargetPlatform (109)
[2018.08.21-02.00.21:649][389]LogModuleManager: Shutting down and abandoning module WindowsServerTargetPlatform (107)
[2018.08.21-02.00.21:649][389]LogModuleManager: Shutting down and abandoning module WindowsNoEditorTargetPlatform (105)
[2018.08.21-02.00.21:649][389]LogModuleManager: Shutting down and abandoning module WindowsClientTargetPlatform (103)
[2018.08.21-02.00.21:649][389]LogModuleManager: Shutting down and abandoning module MacTargetPlatform (101)
[2018.08.21-02.00.21:649][389]LogModuleManager: Shutting down and abandoning module MacServerTargetPlatform (99)
[2018.08.21-02.00.21:649][389]LogModuleManager: Shutting down and abandoning module MacNoEditorTargetPlatform (97)
[2018.08.21-02.00.21:650][389]LogModuleManager: Shutting down and abandoning module MacClientTargetPlatform (95)
[2018.08.21-02.00.21:650][389]LogModuleManager: Shutting down and abandoning module AllDesktopTargetPlatform (93)
[2018.08.21-02.00.21:650][389]LogModuleManager: Shutting down and abandoning module InputCore (90)
[2018.08.21-02.00.21:650][389]LogModuleManager: Shutting down and abandoning module Settings (88)
[2018.08.21-02.00.21:650][389]LogModuleManager: Shutting down and abandoning module PhysXCooking (86)
[2018.08.21-02.00.21:650][389]LogModuleManager: Shutting down and abandoning module SteamVR (84)
[2018.08.21-02.00.21:650][389]LogModuleManager: Shutting down and abandoning module OculusHMD (82)
[2018.08.21-02.00.21:650][389]LogModuleManager: Shutting down and abandoning module ExampleDeviceProfileSelector (80)
[2018.08.21-02.00.21:650][389]LogModuleManager: Shutting down and abandoning module LauncherChunkInstaller (78)
[2018.08.21-02.00.21:651][389]LogModuleManager: Shutting down and abandoning module OnlineBlueprintSupport (76)
[2018.08.21-02.00.21:651][389]LogModuleManager: Shutting down and abandoning module OnlineSubsystem (72)
[2018.08.21-02.00.21:656][389]LogModuleManager: Shutting down and abandoning module XMPP (65)
[2018.08.21-02.00.21:657][389]LogModuleManager: Shutting down and abandoning module WebSockets (64)
[2018.08.21-02.00.21:696][389]LogModuleManager: Shutting down and abandoning module HTTP (61)
[2018.08.21-02.00.21:696][389]LogHttp: Display: Http module shutting down, but needs to wait on 1 outstanding Http requests:
[2018.08.21-02.00.21:696][389]LogHttp: Display: 	verb=[POST] url=[https://datarouter.ol.epicgames.com/datarouter/api/v1/public/data?SessionID=%7B3C0793EA-4D3A-D7E1-2B83-A0B3C9A742FE%7D&AppID=UEEditor.Rocket.Release&AppVersion=4.20.1-4233996%2B%2B%2BUE4%2BRelease-4.20&UserID=bf60ee4f4483664cc9b427bdae8adf3f%7C215f6abc9e034017a9260fcb5f719f6a%7C03c4eb9d-5525-4d78-a36a-642ff74d7f12&AppEnvironment=datacollector-binary&UploadType=eteventstream] status=Processing
[2018.08.21-02.00.21:725][389]LogModuleManager: Shutting down and abandoning module SSL (60)
[2018.08.21-02.00.21:728][389]LogModuleManager: Shutting down and abandoning module MagicLeapEmulator (56)
[2018.08.21-02.00.21:728][389]LogModuleManager: Shutting down and abandoning module MagicLeapPrivileges (54)
[2018.08.21-02.00.21:728][389]LogModuleManager: Shutting down and abandoning module MagicLeapIdentity (52)
[2018.08.21-02.00.21:728][389]LogModuleManager: Shutting down and abandoning module MagicLeapHelperVulkan (50)
[2018.08.21-02.00.21:728][389]LogModuleManager: Shutting down and abandoning module MagicLeapHelperOpenGL (48)
[2018.08.21-02.00.21:729][389]LogModuleManager: Shutting down and abandoning module MagicLeapSecureStorage (46)
[2018.08.21-02.00.21:729][389]LogModuleManager: Shutting down and abandoning module MagicLeapGestures (44)
[2018.08.21-02.00.21:729][389]LogModuleManager: Shutting down and abandoning module MagicLeapEyeTracker (42)
[2018.08.21-02.00.21:729][389]LogModuleManager: Shutting down and abandoning module MagicLeapController (40)
[2018.08.21-02.00.21:729][389]LogSlate: Slate User Destroyed.  User Index 0, Is Virtual User: 0
[2018.08.21-02.00.21:729][389]LogModuleManager: Shutting down and abandoning module MagicLeap (38)
[2018.08.21-02.00.21:730][389]LogModuleManager: Shutting down and abandoning module AnimationModifiers (36)
[2018.08.21-02.00.21:730][389]LogModuleManager: Shutting down and abandoning module PropertyEditor (35)
[2018.08.21-02.00.21:730][389]LogModuleManager: Shutting down and abandoning module AudioEditor (32)
[2018.08.21-02.00.21:730][389]LogModuleManager: Shutting down and abandoning module TextureCompressor (30)
[2018.08.21-02.00.21:730][389]LogModuleManager: Shutting down and abandoning module ShaderCore (28)
[2018.08.21-02.00.21:730][389]LogModuleManager: Shutting down and abandoning module Landscape (26)
[2018.08.21-02.00.21:730][389]LogModuleManager: Shutting down and abandoning module SlateRHIRenderer (24)
[2018.08.21-02.00.21:732][389]LogModuleManager: Shutting down and abandoning module OpenGLDrv (22)
[2018.08.21-02.00.21:732][389]LogModuleManager: Shutting down and abandoning module D3D11RHI (20)
[2018.08.21-02.00.21:732][389]LogModuleManager: Shutting down and abandoning module AnimGraphRuntime (18)
[2018.08.21-02.00.21:732][389]LogModuleManager: Shutting down and abandoning module Renderer (16)
[2018.08.21-02.00.21:732][389]LogModuleManager: Shutting down and abandoning module Engine (14)
[2018.08.21-02.00.21:732][389]LogModuleManager: Shutting down and abandoning module CoreUObject (12)
[2018.08.21-02.00.21:732][389]LogModuleManager: Shutting down and abandoning module NetworkFile (10)
[2018.08.21-02.00.21:732][389]LogModuleManager: Shutting down and abandoning module CookedIterativeFile (8)
[2018.08.21-02.00.21:732][389]LogModuleManager: Shutting down and abandoning module StreamingFile (6)
[2018.08.21-02.00.21:732][389]LogModuleManager: Shutting down and abandoning module SandboxFile (4)
[2018.08.21-02.00.21:732][389]LogModuleManager: Shutting down and abandoning module PakFile (2)
[2018.08.21-02.00.21:750][389]LogExit: Exiting.
[2018.08.21-02.00.21:812][389]Log file closed, 08/20/18 20:00:21
