Log file open, 08/18/18 11:07:45
LogWindows: Failed to load 'aqProf.dll' (GetLastError=126)
LogWindows: File 'aqProf.dll' does not exist
LogWindows: Failed to load 'VtuneApi.dll' (GetLastError=126)
LogWindows: File 'VtuneApi.dll' does not exist
LogWindows: Failed to load 'VtuneApi32e.dll' (GetLastError=126)
LogWindows: File 'VtuneApi32e.dll' does not exist
LogInit: Display: Running engine for game: OurProject
LogPlatformFile: Not using cached read wrapper
LogTaskGraph: Started task graph with 5 named threads and 14 total threads with 3 sets of task threads.
LogStats: Stats thread started at 0.345579
LogD3D11RHI: Loaded GFSDK_Aftermath_Lib.x64.dll
LogICUInternationalization: Display: ICU TimeZone Detection - Raw Offset: -6:00, Platform Override: ''
LogPluginManager: Mounting plugin Paper2D
LogPluginManager: Mounting plugin AISupport
LogPluginManager: Mounting plugin LightPropagationVolume
LogPluginManager: Mounting plugin CLionSourceCodeAccess
LogPluginManager: Mounting plugin CodeLiteSourceCodeAccess
LogPluginManager: Mounting plugin GitSourceControl
LogPluginManager: Mounting plugin KDevelopSourceCodeAccess
LogPluginManager: Mounting plugin NullSourceCodeAccess
LogPluginManager: Mounting plugin PerforceSourceControl
LogPluginManager: Mounting plugin SubversionSourceControl
LogPluginManager: Mounting plugin UObjectPlugin
LogPluginManager: Mounting plugin VisualStudioCodeSourceCodeAccess
LogPluginManager: Mounting plugin VisualStudioSourceCodeAccess
LogPluginManager: Mounting plugin XCodeSourceCodeAccess
LogPluginManager: Mounting plugin AssetManagerEditor
LogPluginManager: Mounting plugin CryptoKeys
LogPluginManager: Mounting plugin DataValidation
LogPluginManager: Mounting plugin FacialAnimation
LogPluginManager: Mounting plugin GameplayTagsEditor
LogPluginManager: Mounting plugin MacGraphicsSwitching
LogPluginManager: Mounting plugin MeshEditor
LogPluginManager: Mounting plugin MobileLauncherProfileWizard
LogPluginManager: Mounting plugin PluginBrowser
LogPluginManager: Mounting plugin SpeedTreeImporter
LogPluginManager: Mounting plugin DatasmithContent
LogPluginManager: Mounting plugin AlembicImporter
LogPluginManager: Mounting plugin AppleImageUtils
LogPluginManager: Mounting plugin AppleVision
LogPluginManager: Mounting plugin BackChannel
LogPluginManager: Mounting plugin CharacterAI
LogPluginManager: Mounting plugin GeometryCache
LogPluginManager: Mounting plugin HTML5Networking
LogPluginManager: Mounting plugin ProxyLODPlugin
LogPluginManager: Mounting plugin MagicLeap
LogPluginManager: Mounting plugin MagicLeapEmulator
LogPluginManager: Mounting plugin MagicLeapMedia
LogPluginManager: Mounting plugin AndroidMedia
LogPluginManager: Mounting plugin AvfMedia
LogPluginManager: Mounting plugin ImgMedia
LogPluginManager: Mounting plugin LinearTimecode
LogPluginManager: Mounting plugin MediaCompositing
LogPluginManager: Mounting plugin MediaPlayerEditor
LogPluginManager: Mounting plugin WmfMedia
LogPluginManager: Mounting plugin TcpMessaging
LogPluginManager: Mounting plugin UdpMessaging
LogPluginManager: Mounting plugin ActorSequence
LogPluginManager: Mounting plugin LevelSequenceEditor
LogPluginManager: Mounting plugin MatineeToLevelSequence
LogPluginManager: Mounting plugin NetcodeUnitTest
LogPluginManager: Mounting plugin NUTUnrealEngine4
LogPluginManager: Mounting plugin OnlineSubsystemGooglePlay
LogPluginManager: Mounting plugin OnlineSubsystemIOS
LogPluginManager: Mounting plugin OnlineSubsystem
LogPluginManager: Mounting plugin OnlineSubsystemNull
LogPluginManager: Mounting plugin OnlineSubsystemUtils
LogPluginManager: Mounting plugin LauncherChunkInstaller
LogPluginManager: Mounting plugin AndroidDeviceProfileSelector
LogPluginManager: Mounting plugin AndroidMoviePlayer
LogPluginManager: Mounting plugin AndroidPermission
LogPluginManager: Mounting plugin AppleMoviePlayer
LogPluginManager: Mounting plugin ArchVisCharacter
LogPluginManager: Mounting plugin AudioCapture
LogPluginManager: Mounting plugin CableComponent
LogPluginManager: Mounting plugin CustomMeshComponent
LogPluginManager: Mounting plugin EditableMesh
LogPluginManager: Mounting plugin ExampleDeviceProfileSelector
LogPluginManager: Mounting plugin GoogleCloudMessaging
LogPluginManager: Mounting plugin ImmediatePhysics
LogPluginManager: Mounting plugin IOSDeviceProfileSelector
LogPluginManager: Mounting plugin LinuxDeviceProfileSelector
LogPluginManager: Mounting plugin LocationServicesBPLibrary
LogPluginManager: Mounting plugin MobilePatchingUtils
LogPluginManager: Mounting plugin OculusVR
LogPluginManager: Plugin shader directory ../../../Engine/Plugins/Runtime/Oculus/OculusVR/Shaders found
LogPluginManager: Mapping shader source directory ../../../Engine/Plugins/Runtime/Oculus/OculusVR/Shaders to virtual directory /Plugin/OculusVR
LogPluginManager: Mounting plugin PhysXVehicles
LogPluginManager: Mounting plugin ProceduralMeshComponent
LogPluginManager: Mounting plugin RuntimePhysXCooking
LogPluginManager: Mounting plugin SteamVR
LogPluginManager: Mounting plugin WindowsMoviePlayer
LogStreaming: Display: Took  1.462s to configure plugins.
LogInit: Using libcurl 7.55.1-DEV
LogInit:  - built for x86_64-pc-win32
LogInit:  - supports SSL with OpenSSL/1.0.2h
LogInit:  - supports HTTP deflate (compression) using libz 1.2.8
LogInit:  - other features:
LogInit:      CURL_VERSION_SSL
LogInit:      CURL_VERSION_LIBZ
LogInit:      CURL_VERSION_IPV6
LogInit:      CURL_VERSION_ASYNCHDNS
LogInit:      CURL_VERSION_LARGEFILE
LogInit:      CURL_VERSION_IDN
LogInit:  CurlRequestOptions (configurable via config and command line):
LogInit:  - bVerifyPeer = false  - Libcurl will NOT verify peer certificate
LogInit:  - bUseHttpProxy = false  - Libcurl will NOT use HTTP proxy
LogInit:  - bDontReuseConnections = false  - Libcurl will reuse connections
LogInit:  - CertBundlePath = nullptr  - Libcurl will use whatever was configured at build time.
LogInit:  - MaxHostConnections = 16  - Libcurl will limit the number of connections to a host
LogInit:  - LocalHostAddr = Default
LogInit:  - BufferSize = 65536
LogInit: WinSock: version 1.1 (2.2), MaxSocks=32767, MaxUdp=65467
LogInit: Build: ++UE4+Release-4.20-CL-4233996
LogInit: Engine Version: 4.20.1-4233996+++UE4+Release-4.20
LogInit: Compatible Engine Version: 4.20.0-4212847+++UE4+Release-4.20
LogInit: Net CL: 4212847
LogInit: OS: Windows 10 (), CPU: AMD FX-8800P Radeon R7, 12 Compute Cores 4C+8G , GPU: AMD Radeon (TM) R9 360
LogInit: Compiled (64-bit): Jul 26 2018 10:07:30
LogInit: Compiled with Visual C++: 19.13.26129.00
LogInit: Build Configuration: Development
LogInit: Branch Name: ++UE4+Release-4.20
LogInit: Command Line: 
LogInit: Base Directory: C:/Program Files/Epic Games/UE_4.20/Engine/Binaries/Win64/
LogInit: Installed Engine Build: 1
LogDevObjectVersion: Number of dev versions registered: 20
LogDevObjectVersion:   Dev-Blueprints (B0D832E4-1F89-4F0D-ACCF-7EB736FD4AA2): 10
LogDevObjectVersion:   Dev-Build (E1C64328-A22C-4D53-A36C-8E866417BD8C): 0
LogDevObjectVersion:   Dev-Core (375EC13C-06E4-48FB-B500-84F0262A717E): 2
LogDevObjectVersion:   Dev-Editor (E4B068ED-F494-42E9-A231-DA0B2E46BB41): 24
LogDevObjectVersion:   Dev-Framework (CFFC743F-43B0-4480-9391-14DF171D2073): 34
LogDevObjectVersion:   Dev-Mobile (B02B49B5-BB20-44E9-A304-32B752E40360): 2
LogDevObjectVersion:   Dev-Networking (A4E4105C-59A1-49B5-A7C5-40C4547EDFEE): 0
LogDevObjectVersion:   Dev-Online (39C831C9-5AE6-47DC-9A44-9C173E1C8E7C): 0
LogDevObjectVersion:   Dev-Physics (78F01B33-EBEA-4F98-B9B4-84EACCB95AA2): 0
LogDevObjectVersion:   Dev-Platform (6631380F-2D4D-43E0-8009-CF276956A95A): 0
LogDevObjectVersion:   Dev-Rendering (12F88B9F-8875-4AFC-A67C-D90C383ABD29): 26
LogDevObjectVersion:   Dev-Sequencer (7B5AE74C-D270-4C10-A958-57980B212A5A): 9
LogDevObjectVersion:   Dev-VR (D7296918-1DD6-4BDD-9DE2-64A83CC13884): 2
LogDevObjectVersion:   Dev-LoadTimes (C2A15278-BFE7-4AFE-6C17-90FF531DF755): 1
LogDevObjectVersion:   Private-Geometry (6EACA3D4-40EC-4CC1-B786-8BED09428FC5): 3
LogDevObjectVersion:   Dev-AnimPhys (29E575DD-E0A3-4627-9D10-D276232CDCEA): 17
LogDevObjectVersion:   Dev-ReflectionCapture (6B266CEC-1EC7-4B8F-A30B-E4D90942FC07): 1
LogDevObjectVersion:   Dev-Automation (0DF73D61-A23F-47EA-B727-89E90C41499A): 1
LogDevObjectVersion:   FortniteMain (601D1886-AC64-4F84-AA16-D3DE0DEAC7D6): 12
LogDevObjectVersion:   Dev-Enterprise (9DFFBCD6-494F-0158-E221-12823C92A888): 1
LogStreaming: Display: Took  0.217s to delete old logs.
LogInit: Presizing for max 8388607 objects, including 0 objects not considered by GC, pre-allocating 0 bytes for permanent pool.
LogInit: Object subsystem initialized
[2018.08.18-17.07.47:019][  0]LogInit: Selected Device Profile: [Windows]
[2018.08.18-17.07.47:019][  0]LogInit: Applying CVar settings loaded from the selected device profile: [Windows]
[2018.08.18-17.07.47:076][  0]LogHAL: Display: Platform has ~ 16 GB [17113329664 / 17179869184 / 16], which maps to Larger [LargestMinGB=32, LargerMinGB=12, DefaultMinGB=8, SmallerMinGB=6, SmallestMinGB=0)
[2018.08.18-17.07.47:076][  0]LogInit: Setting Device Profile CVar: [[r.Vulkan.UseRealUBs:1]]
[2018.08.18-17.07.47:076][  0]LogInit: Going up to parent DeviceProfile []
[2018.08.18-17.07.47:077][  0]LogInit: Computer: LINK
[2018.08.18-17.07.47:078][  0]LogInit: User: brixo
[2018.08.18-17.07.47:078][  0]LogInit: CPU Page size=4096, Cores=4
[2018.08.18-17.07.47:078][  0]LogInit: High frequency timer resolution =2.046942 MHz
[2018.08.18-17.07.47:078][  0]LogMemory: Memory total: Physical=15.9GB (16GB approx)
[2018.08.18-17.07.47:078][  0]LogMemory: Platform Memory Stats for Windows
[2018.08.18-17.07.47:078][  0]LogMemory: Process Physical Memory: 100.77 MB used, 100.77 MB peak
[2018.08.18-17.07.47:078][  0]LogMemory: Process Virtual Memory: 84.66 MB used, 84.66 MB peak
[2018.08.18-17.07.47:078][  0]LogMemory: Physical Memory: 7573.27 MB used,  8747.27 MB free, 16320.54 MB total
[2018.08.18-17.07.47:078][  0]LogMemory: Virtual Memory: 4625.35 MB used,  8747.27 MB free, 134217728.00 MB total
[2018.08.18-17.07.47:131][  0]LogInit: Using OS detected language (en-US).
[2018.08.18-17.07.47:131][  0]LogInit: Using OS detected locale (en-US).
[2018.08.18-17.07.47:133][  0]LogTextLocalizationManager: No specific localization for 'en-US' exists, so the 'en' localization will be used.
[2018.08.18-17.07.48:001][  0]LogStreaming: Display: Took  0.870s to InitEngineTextLocalization.
[2018.08.18-17.07.48:001][  0]LogInit: Setting process to per monitor DPI aware
[2018.08.18-17.07.48:071][  0]LogSlate: New Slate User Created.  User Index 0, Is Virtual User: 0
[2018.08.18-17.07.48:071][  0]LogSlate: Slate User Registered.  User Index 0, Is Virtual User: 0
[2018.08.18-17.07.48:579][  0]LogHMD: Failed to initialize OpenVR with code 110
[2018.08.18-17.07.48:579][  0]LogD3D11RHI: D3D11 adapters:
[2018.08.18-17.07.48:668][  0]LogD3D11RHI:    0. 'AMD Radeon (TM) R9 360' (Feature Level 11_0)
[2018.08.18-17.07.48:668][  0]LogD3D11RHI:       2025/0/8160 MB DedicatedVideo/DedicatedSystem/SharedSystem, Outputs:2, VendorId:0x1002
[2018.08.18-17.07.48:681][  0]LogD3D11RHI:    1. 'Microsoft Basic Render Driver' (Feature Level 11_0)
[2018.08.18-17.07.48:681][  0]LogD3D11RHI:       0/0/8160 MB DedicatedVideo/DedicatedSystem/SharedSystem, Outputs:0, VendorId:0x1414
[2018.08.18-17.07.48:681][  0]LogD3D11RHI: Chosen D3D11 Adapter: 0
[2018.08.18-17.07.48:704][  0]LogD3D11RHI: Creating new Direct3DDevice
[2018.08.18-17.07.48:704][  0]LogD3D11RHI:     GPU DeviceId: 0x665f (for the marketing name, search the web for "GPU Device Id")
[2018.08.18-17.07.48:704][  0]LogWindows: EnumDisplayDevices:
[2018.08.18-17.07.48:704][  0]LogWindows:    0. 'AMD Radeon (TM) R9 360' (P:1 D:1)
[2018.08.18-17.07.48:705][  0]LogWindows:    1. 'AMD Radeon (TM) R9 360' (P:0 D:1)
[2018.08.18-17.07.48:706][  0]LogWindows:    2. 'AMD Radeon (TM) R9 360' (P:0 D:0)
[2018.08.18-17.07.48:707][  0]LogWindows:    3. 'AMD Radeon (TM) R9 360' (P:0 D:0)
[2018.08.18-17.07.48:707][  0]LogWindows:    4. 'AMD Radeon (TM) R9 360' (P:0 D:0)
[2018.08.18-17.07.48:708][  0]LogWindows:    5. 'AMD Radeon (TM) R9 360' (P:0 D:0)
[2018.08.18-17.07.48:709][  0]LogWindows: DebugString: FoundDriverCount:6 
[2018.08.18-17.07.48:709][  0]LogD3D11RHI:     Adapter Name: AMD Radeon (TM) R9 360
[2018.08.18-17.07.48:709][  0]LogD3D11RHI:   Driver Version: Crimson ReLive 17.7 (internal:22.19.172.769, unified:22.19.172.769)
[2018.08.18-17.07.48:709][  0]LogD3D11RHI:      Driver Date: 6-27-2017
[2018.08.18-17.07.48:709][  0]LogRHI: Texture pool is 1417 MB (70% of 2025 MB)
[2018.08.18-17.07.49:035][  0]LogD3D11RHI: Async texture creation enabled
[2018.08.18-17.07.49:056][  0]LogD3D11RHI: GPU Timing Frequency: 27.000000 (Debug: 2 1)
[2018.08.18-17.07.49:060][  0]LogShaderCompilers: Guid format shader working directory is -31 characters bigger than the processId version (../../../../../../Users/brixo/OneDrive/Documents/GitHub/Heart-Felt/OurProject/Intermediate/Shaders/WorkingDirectory/1324/).
[2018.08.18-17.07.49:061][  0]LogShaderCompilers: Cleaned the shader compiler working directory 'C:/Users/brixo/AppData/Local/Temp/UnrealShaderWorkingDir/BF18D143443D90B186B46CAC8DA0D744/'.
[2018.08.18-17.07.49:904][  0]LogTemp: Display: Loaded TP AllDesktopTargetPlatform
[2018.08.18-17.07.49:940][  0]LogTemp: Display: Loaded TP MacClientTargetPlatform
[2018.08.18-17.07.49:975][  0]LogTemp: Display: Loaded TP MacNoEditorTargetPlatform
[2018.08.18-17.07.50:011][  0]LogTemp: Display: Loaded TP MacServerTargetPlatform
[2018.08.18-17.07.50:051][  0]LogTemp: Display: Loaded TP MacTargetPlatform
[2018.08.18-17.07.50:087][  0]LogTemp: Display: Loaded TP WindowsClientTargetPlatform
[2018.08.18-17.07.50:120][  0]LogTemp: Display: Loaded TP WindowsNoEditorTargetPlatform
[2018.08.18-17.07.50:149][  0]LogTemp: Display: Loaded TP WindowsServerTargetPlatform
[2018.08.18-17.07.50:163][  0]LogTemp: Display: Loaded TP WindowsTargetPlatform
[2018.08.18-17.07.50:335][  0]LogTemp: Display: Loaded TP AndroidTargetPlatform
[2018.08.18-17.07.50:335][  0]LogTemp: Display: Loaded TP AndroidTargetPlatform
[2018.08.18-17.07.50:335][  0]LogTemp: Display: Loaded TP AndroidTargetPlatform
[2018.08.18-17.07.50:335][  0]LogTemp: Display: Loaded TP AndroidTargetPlatform
[2018.08.18-17.07.50:335][  0]LogTemp: Display: Loaded TP AndroidTargetPlatform
[2018.08.18-17.07.50:336][  0]LogTemp: Display: Loaded TP AndroidTargetPlatform
[2018.08.18-17.07.50:336][  0]LogTemp: Display: Loaded TP AndroidTargetPlatform
[2018.08.18-17.07.50:336][  0]LogTemp: Display: Loaded TP AndroidTargetPlatform
[2018.08.18-17.07.50:336][  0]LogTemp: Display: Loaded TP AndroidTargetPlatform
[2018.08.18-17.07.50:336][  0]LogTemp: Display: Loaded TP AndroidTargetPlatform
[2018.08.18-17.07.50:336][  0]LogTemp: Display: Loaded TP AndroidTargetPlatform
[2018.08.18-17.07.50:336][  0]LogTemp: Display: Loaded TP AndroidTargetPlatform
[2018.08.18-17.07.50:336][  0]LogTemp: Display: Loaded TP AndroidTargetPlatform
[2018.08.18-17.07.50:336][  0]LogTemp: Display: Loaded TP AndroidTargetPlatform
[2018.08.18-17.07.50:336][  0]LogTemp: Display: Loaded TP AndroidTargetPlatform
[2018.08.18-17.07.50:336][  0]LogTemp: Display: Loaded TP AndroidTargetPlatform
[2018.08.18-17.07.50:336][  0]LogTemp: Display: Loaded TP AndroidTargetPlatform
[2018.08.18-17.07.50:336][  0]LogTemp: Display: Loaded TP AndroidTargetPlatform
[2018.08.18-17.07.50:339][  0]LogTemp: Display: Loaded TP HTML5TargetPlatform
[2018.08.18-17.07.50:435][  0]LogTemp: Display: Loaded TP IOSTargetPlatform
[2018.08.18-17.07.50:435][  0]LogTemp: Display: Loaded TP IOSTargetPlatform
[2018.08.18-17.07.50:483][  0]LogTemp: Display: Loaded TP TVOSTargetPlatform
[2018.08.18-17.07.50:484][  0]LogTemp: Display: Loaded TP TVOSTargetPlatform
[2018.08.18-17.07.50:509][  0]LogTemp: Display: Loaded TP LinuxClientTargetPlatform
[2018.08.18-17.07.50:539][  0]LogTemp: Display: Loaded TP LinuxNoEditorTargetPlatform
[2018.08.18-17.07.50:565][  0]LogTemp: Display: Loaded TP LinuxServerTargetPlatform
[2018.08.18-17.07.50:597][  0]LogTemp: Display: Loaded TP LinuxTargetPlatform
[2018.08.18-17.07.50:617][  0]LogTemp: Display: Loaded TP LuminTargetPlatform
[2018.08.18-17.07.50:618][  0]LogTargetPlatformManager: Display: Building Assets For Windows
[2018.08.18-17.07.50:773][  0]LogXGEController: Cannot use XGE Controller as Incredibuild is not installed on this machine.
[2018.08.18-17.07.50:773][  0]LogShaderCompilers: Cannot use XGE Shader Compiler as Incredibuild is not installed on this machine.
[2018.08.18-17.07.50:773][  0]LogShaderCompilers: Display: Using Local Shader Compiler.
[2018.08.18-17.07.53:277][  0]LogDerivedDataCache: Display: Max Cache Size: 512 MB
[2018.08.18-17.07.53:513][  0]LogDerivedDataCache: Loaded boot cache 0.24s 71MB C:/Users/brixo/AppData/Local/UnrealEngine/4.20/DerivedDataCache/Boot.ddc.
[2018.08.18-17.07.53:513][  0]LogDerivedDataCache: Display: Loaded Boot cache: C:/Users/brixo/AppData/Local/UnrealEngine/4.20/DerivedDataCache/Boot.ddc
[2018.08.18-17.07.53:513][  0]LogDerivedDataCache: FDerivedDataBackendGraph:  Pak pak cache file ../../../../../../Users/brixo/OneDrive/Documents/GitHub/Heart-Felt/OurProject/DerivedDataCache/DDC.ddp not found, will not use a pak cache.
[2018.08.18-17.07.53:513][  0]LogDerivedDataCache: Unable to find inner node Pak for hierarchical cache Hierarchy.
[2018.08.18-17.07.53:514][  0]LogDerivedDataCache: FDerivedDataBackendGraph:  CompressedPak pak cache file ../../../../../../Users/brixo/OneDrive/Documents/GitHub/Heart-Felt/OurProject/DerivedDataCache/Compressed.ddp not found, will not use a pak cache.
[2018.08.18-17.07.53:514][  0]LogDerivedDataCache: Unable to find inner node CompressedPak for hierarchical cache Hierarchy.
[2018.08.18-17.07.53:537][  0]LogDerivedDataCache: Display: Pak cache opened for reading ../../../Engine/DerivedDataCache/Compressed.ddp.
[2018.08.18-17.07.53:552][  0]LogDerivedDataCache: Using Local data cache path C:/Users/brixo/AppData/Local/UnrealEngine/Common/DerivedDataCache: Writable
[2018.08.18-17.07.53:552][  0]LogDerivedDataCache: Shared data cache path not found in *engine.ini, will not use an Shared cache.
[2018.08.18-17.07.53:552][  0]LogDerivedDataCache: Unable to find inner node Shared for hierarchical cache Hierarchy.
[2018.08.18-17.07.53:595][  0]LogMaterial: Verifying Global Shaders for PCD3D_SM5
[2018.08.18-17.07.53:597][  0]LogSlate: Using FreeType 2.6.0
[2018.08.18-17.07.53:599][  0]LogSlate: SlateFontServices - WITH_FREETYPE: 1, WITH_HARFBUZZ: 1
[2018.08.18-17.07.53:767][  0]LogAssetRegistry: FAssetRegistry took 0.0342 seconds to start up
[2018.08.18-17.07.54:631][  0]LogInit: Selected Device Profile: [Windows]
[2018.08.18-17.07.54:924][  0]LogSimplygon: Simplygon DLL not present - disabling.
[2018.08.18-17.07.54:934][  0]LogMeshReduction: Using SimplygonSwarm for distributed automatic mesh merging
[2018.08.18-17.07.54:934][  0]LogMeshReduction: Using ProxyLODMeshReduction for automatic mesh merging
[2018.08.18-17.07.54:934][  0]LogMeshReduction: Using QuadricMeshReduction for automatic static mesh reduction
[2018.08.18-17.07.54:934][  0]LogMeshReduction: No automatic skeletal mesh reduction module available
[2018.08.18-17.07.54:985][  0]LogNetVersion: OurProject 1.0.0, NetCL: 4212847, EngineNetVer: 5, GameNetVer: 0 (Checksum: 3951183775)
[2018.08.18-17.07.57:262][  0]LogPackageLocalizationCache: Processed 11 localized package path(s) for 2 prioritized culture(s) in 1.186377 seconds
[2018.08.18-17.07.57:283][  0]LogUObjectArray: 38425 objects as part of root set at end of initial load.
[2018.08.18-17.07.57:283][  0]LogUObjectAllocator: 6690864 out of 0 bytes used by permanent object pool.
[2018.08.18-17.07.57:283][  0]LogUObjectArray: CloseDisregardForGC: 0/0 objects in disregard for GC pool
[2018.08.18-17.07.59:677][  0]LogTcpMessaging: Initializing TcpMessaging bridge
[2018.08.18-17.07.59:696][  0]LogUdpMessaging: Initializing bridge on interface 0.0.0.0:0 to multicast group 230.0.0.1:6666.
[2018.08.18-17.08.00:056][  0]SourceControl: Source control is disabled
[2018.08.18-17.08.00:056][  0]SourceControl: Source control is disabled
[2018.08.18-17.08.00:061][  0]SourceControl: Source control is disabled
[2018.08.18-17.08.00:065][  0]SourceControl: Source control is disabled
[2018.08.18-17.08.00:450][  0]LogAndroidPermission: UAndroidPermissionCallbackProxy::GetInstance
[2018.08.18-17.08.00:676][  0]LogOcInput: OculusInput pre-init called
[2018.08.18-17.08.00:816][  0]LogEngine: Initializing Engine...
[2018.08.18-17.08.00:817][  0]LogHMD: Failed to initialize OpenVR with code 110
[2018.08.18-17.08.00:820][  0]LogStats: UGameplayTagsManager::ConstructGameplayTagTree: ImportINI prefixes -  0.000 s
[2018.08.18-17.08.00:820][  0]LogStats: UGameplayTagsManager::ConstructGameplayTagTree: Construct from data asset -  0.000 s
[2018.08.18-17.08.00:820][  0]LogStats: UGameplayTagsManager::ConstructGameplayTagTree: ImportINI -  0.000 s
[2018.08.18-17.08.00:821][  0]LogStats: UGameplayTagsManager::ConstructGameplayTagTree: GameplayTagTreeChangedEvent.Broadcast -  0.000 s
[2018.08.18-17.08.01:473][  0]LogInit: Initializing FReadOnlyCVARCache
[2018.08.18-17.08.01:587][  0]LogAIModule: Creating AISystem for world Untitled
[2018.08.18-17.08.01:647][  0]LogInit: XAudio2 using 'Headset Earphone (Corsair Gaming H2100 Headset)' : 2 channels at 48 kHz using 16 bits per sample (channel mask 0x3)
[2018.08.18-17.08.01:828][  0]LogInit: FAudioDevice initialized.
[2018.08.18-17.08.01:829][  0]LogNetVersion: Set ProjectVersion to 1.0.0.0. Version Checksum will be recalculated on next use.
[2018.08.18-17.08.02:582][  0]LogDerivedDataCache: Saved boot cache 0.75s 71MB C:/Users/brixo/AppData/Local/UnrealEngine/4.20/DerivedDataCache/Boot.ddc.
[2018.08.18-17.08.02:604][  0]LogInit: Texture streaming: Enabled
[2018.08.18-17.08.02:661][  0]LogEngineSessionManager: EngineSessionManager initialized
[2018.08.18-17.08.02:703][  0]LogInit: Transaction tracking system initialized
[2018.08.18-17.08.02:764][  0]BlueprintLog: New page: Editor Load
[2018.08.18-17.08.03:163][  0]LocalizationService: Localization service is disabled
[2018.08.18-17.08.04:747][  0]LogCook: Display: Max memory allowance for cook 16384mb min free memory 0mb
[2018.08.18-17.08.04:748][  0]LogCook: Display: Mobile HDR setting 1
[2018.08.18-17.08.04:748][  0]LogGameplayTags: Display: UGameplayTagsManager::DoneAddingNativeTags. DelegateIsBound: 0
[2018.08.18-17.08.04:748][  0]LogStats: UGameplayTagsManager::ConstructGameplayTagTree: ImportINI prefixes -  0.000 s
[2018.08.18-17.08.04:748][  0]LogStats: UGameplayTagsManager::ConstructGameplayTagTree: Construct from data asset -  0.000 s
[2018.08.18-17.08.04:749][  0]LogStats: UGameplayTagsManager::ConstructGameplayTagTree: ImportINI -  0.001 s
[2018.08.18-17.08.04:749][  0]LogStats: UGameplayTagsManager::ConstructGameplayTagTree: GameplayTagTreeChangedEvent.Broadcast -  0.000 s
[2018.08.18-17.08.04:760][  0]LogFileCache: Scanning file cache for directory 'C:/Users/brixo/OneDrive/Documents/GitHub/Heart-Felt/OurProject/Content/' took 0.69s
[2018.08.18-17.08.05:106][  0]SourceControl: Source control is disabled
[2018.08.18-17.08.05:107][  0]Cmd: MAP LOAD FILE="../../../../../../Users/brixo/OneDrive/Documents/GitHub/Heart-Felt/OurProject/Content/GameStates/MainMenu/MainMenuMap.umap" TEMPLATE=0 SHOWPROGRESS=1 FEATURELEVEL=3
[2018.08.18-17.08.05:628][  0]LightingResults: New page: Lighting Build
[2018.08.18-17.08.05:637][  0]MapCheck: New page: Map Check
[2018.08.18-17.08.05:637][  0]LightingResults: New page: Lighting Build
[2018.08.18-17.08.08:362][  0]LogAIModule: Creating AISystem for world MainMenuMap
[2018.08.18-17.08.08:365][  0]LogEditorServer: Finished looking for orphan Actors (0.000 secs)
[2018.08.18-17.08.08:439][  0]Cmd: MAP CHECKDEP NOCLEARLOG
[2018.08.18-17.08.08:676][  0]MapCheck: Map check complete: 0 Error(s), 0 Warning(s), took 236.89ms to complete.
[2018.08.18-17.08.08:676][  0]LogFileHelpers: Loading map 'MainMenuMap' took 3.569
[2018.08.18-17.08.09:316][  0]LogSlate: Updating window title bar state: overlay mode, drag disabled, window buttons hidden, title bar hidden
[2018.08.18-17.08.09:338][  0]LogSlate: Updating window title bar state: overlay mode, drag disabled, window buttons hidden, title bar hidden
[2018.08.18-17.08.09:362][  0]LogSlate: Updating window title bar state: overlay mode, drag disabled, window buttons hidden, title bar hidden
[2018.08.18-17.08.09:386][  0]LogSlate: Updating window title bar state: overlay mode, drag disabled, window buttons hidden, title bar hidden
[2018.08.18-17.08.09:483][  0]LogCollectionManager: Loaded 0 collections in 0.004948 seconds
[2018.08.18-17.08.09:572][  0]LogFileCache: Scanning file cache for directory 'C:/Users/brixo/OneDrive/Documents/GitHub/Heart-Felt/OurProject/Saved/Collections/' took 0.01s
[2018.08.18-17.08.09:572][  0]LogFileCache: Scanning file cache for directory 'C:/Users/brixo/OneDrive/Documents/GitHub/Heart-Felt/OurProject/Content/Developers/brixo/Collections/' took 0.01s
[2018.08.18-17.08.09:572][  0]LogFileCache: Scanning file cache for directory 'C:/Users/brixo/OneDrive/Documents/GitHub/Heart-Felt/OurProject/Content/Collections/' took 0.01s
[2018.08.18-17.08.09:572][  0]LogCollectionManager: Rebuilt the GUID cache for 0 collections in 0.000001 seconds
[2018.08.18-17.08.09:597][  0]LogContentBrowser: Native class hierarchy populated in 0.0252 seconds. Added 2572 classes and 603 folders.
[2018.08.18-17.08.09:638][  0]LogContentBrowser: Native class hierarchy updated for 'WidgetCarousel' in 0.0007 seconds. Added 0 classes and 0 folders.
[2018.08.18-17.08.16:932][  0]LogContentBrowser: Native class hierarchy updated for 'AddContentDialog' in 0.0007 seconds. Added 0 classes and 0 folders.
[2018.08.18-17.08.17:000][  0]LogContentBrowser: Native class hierarchy updated for 'SceneOutliner' in 0.0007 seconds. Added 1 classes and 2 folders.
[2018.08.18-17.08.17:072][  0]LogSlate: Updating window title bar state: overlay mode, drag disabled, window buttons hidden, title bar hidden
[2018.08.18-17.08.17:090][  0]LogSlate: Updating window title bar state: overlay mode, drag disabled, window buttons hidden, title bar hidden
[2018.08.18-17.08.17:108][  0]LogSlate: Updating window title bar state: overlay mode, drag disabled, window buttons hidden, title bar hidden
[2018.08.18-17.08.17:124][  0]LogSlate: Updating window title bar state: overlay mode, drag disabled, window buttons hidden, title bar hidden
[2018.08.18-17.08.17:645][  0]LogContentBrowser: Native class hierarchy updated for 'WorldBrowser' in 0.0007 seconds. Added 2 classes and 3 folders.
[2018.08.18-17.08.18:333][  0]LogSlate: Took 0.000776 seconds to synchronously load lazily loaded font '../../../Engine/Content/Slate/Fonts/Roboto-Regular.ttf' (155K)
[2018.08.18-17.08.18:337][  0]LogSlate: Took 0.000786 seconds to synchronously load lazily loaded font '../../../Engine/Content/Slate/Fonts/Roboto-Bold.ttf' (160K)
[2018.08.18-17.08.18:430][  0]LogSlate: Took 0.058329 seconds to synchronously load lazily loaded font '../../../Engine/Content/Editor/Slate/Fonts/FontAwesome.ttf' (139K)
[2018.08.18-17.08.18:849][  0]LogRenderer: Reallocating scene render targets to support 1260x556 Format 10 NumSamples 1 (Frame:1).
[2018.08.18-17.08.19:726][  0]LogContentBrowser: Native class hierarchy updated for 'HierarchicalLODOutliner' in 0.0007 seconds. Added 0 classes and 0 folders.
[2018.08.18-17.08.19:726][  0]LogLoad: (Engine Initialization) Total time: 39.68 seconds
[2018.08.18-17.08.19:726][  0]LogLoad: (Engine Initialization) Total Blueprint compile time: 0.00 seconds
[2018.08.18-17.08.19:768][  0]LogContentStreaming: Texture pool size now 3000 MB
[2018.08.18-17.08.21:260][  4]LogAssetRegistry: Asset discovery search completed in 27.5167 seconds
[2018.08.18-17.08.21:268][  4]LogCollectionManager: Rebuilt the object cache for 0 collections in 0.000001 seconds (found 0 objects)
[2018.08.18-17.08.21:268][  4]LogCollectionManager: Fixed up redirectors for 0 collections in 0.000242 seconds (updated 0 objects)
[2018.08.18-17.08.25:065][ 15]LogSlate: Took 0.054994 seconds to synchronously load lazily loaded font '../../../Engine/Content/Slate/Fonts/Roboto-Light.ttf' (167K)
[2018.08.18-17.28.20:644][710]LogSlate: FSceneViewport::OnFocusLost() reason 2
[2018.08.18-17.28.21:340][751]LogSlate: FSceneViewport::OnFocusLost() reason 2
[2018.08.18-17.28.28:500][896]LogSlate: Only BGRA pngs, bmps or icos are supported in by External Image Picker
[2018.08.18-17.28.28:832][896]LogSlate: FSceneViewport::OnFocusLost() reason 2
[2018.08.18-17.28.29:397][898]LogTemp: Executing iPhonePackager certificates Engine -bundlename com.YourCompany.OurProject
[2018.08.18-17.28.29:398][898]LogTemp: CWD: C:\Program Files\Epic Games\UE_4.20\Engine\Binaries\DotNET\IOS
[2018.08.18-17.28.29:398][898]LogTemp: Initial Dir: C:\Program Files\Epic Games\UE_4.20
[2018.08.18-17.28.29:398][898]LogTemp: Env CWD: C:\Program Files\Epic Games\UE_4.20\Engine\Binaries\DotNET\IOS
[2018.08.18-17.28.29:398][898]LogTemp: BranchPath = LINK/C/Program Files/Epic Games/UE_4.20/Engine/Binaries --- GameBranchPath = LINK/C/Program Files/Epic Games/UE_4.20/Engine/Binaries
[2018.08.18-17.28.29:723][899]LogTemp: IPP ERROR: Could not find provision directory 'C:\Users\brixo\AppData\Local/Apple Computer/MobileDevice/Provisioning Profiles/'.
[2018.08.18-17.28.50:634][231]LogDirectoryWatcher: Warning: Failed to begin reading directory changes for ../../../../../../Users/brixo/OneDrive/Documents/GitHub/Heart-Felt/OurProject/Plugins/. Error: The system cannot find the file specified. (0x00000002)
[2018.08.18-17.30.51:492][226]Cmd: CLOSE_SLATE_MAINFRAME
[2018.08.18-17.30.51:938][226]LogSlate: Window 'Plugins' being destroyed
[2018.08.18-17.30.51:948][226]LogDirectoryWatcher: A directory notification for '../../../Engine/Plugins/' was aborted.
[2018.08.18-17.30.51:952][226]LogSlate: Window 'OurProject - Unreal Editor' being destroyed
[2018.08.18-17.30.51:956][226]LogWindowsTextInputMethodSystem: Display: IME system now deactivated.
[2018.08.18-17.30.52:759][227]Cmd: QUIT_EDITOR
[2018.08.18-17.30.52:910][227]LogExit: Preparing to exit.
